2025-09-08 22:58:33,233 - INFO - THRESHOLD OTIMIZADO: 0.500
2025-09-08 22:58:33,235 - INFO - F1-SCORE VALIDAÇÃO: 1.000
2025-09-08 22:58:33,237 - INFO - PROBABILIDADES MÉDIAS: Alta=0.169, Baixa=0.831
2025-09-08 22:58:33,238 - INFO - ============================================================
2025-09-08 22:58:33,239 - INFO - INICIANDO BACKTESTING
2025-09-08 22:58:33,241 - INFO - ============================================================
2025-09-08 22:58:33,242 - INFO - Tamanho test_df: 251
2025-09-08 22:58:33,243 - INFO - Tamanho predictions: 251
2025-09-08 22:58:33,243 - INFO - Capital inicial: R$ 100,000.00
2025-09-08 22:58:33,245 - INFO - Custo de transação: 0.100%
2025-09-08 22:58:33,246 - INFO - DISTRIBUIÇÃO DAS PREDIÇÕES:
2025-09-08 22:58:33,247 - INFO -   - Total: 251
2025-09-08 22:58:33,248 - INFO -   - Predições de alta (1): 25
2025-09-08 22:58:33,248 - INFO -   - Predições de baixa (0): 226
2025-09-08 22:58:33,250 - INFO -   - Percentual de alta: 10.0%
2025-09-08 22:58:33,250 - INFO - EXECUÇÃO DOS TRADES:
2025-09-08 22:58:33,252 - INFO - PROGRESSO: Data 2024-01-02 | Pred: 0 | Cash: R$ 100,000.00 | Ações: 0
2025-09-08 22:58:33,280 - INFO - PROGRESSO: Data 2024-03-14 | Pred: 0 | Cash: R$ 100,000.00 | Ações: 0
2025-09-08 22:58:33,300 - INFO - PROGRESSO: Data 2024-05-27 | Pred: 1 | Cash: R$ 100,000.00 | Ações: 0
2025-09-08 22:58:33,302 - INFO - COMPRA: 2024-05-27 | Preço: R$ 10.99 | Ações: 9090 | Custo: R$ 100000.00
2025-09-08 22:58:33,302 - INFO - VENDA: 2024-05-29 | Preço: R$ 10.72 | Ações: 9090 | Valor líquido: R$ 97349.56
2025-09-08 22:58:33,304 - INFO - COMPRA: 2024-06-03 | Preço: R$ 10.75 | Ações: 9048 | Custo: R$ 97349.56
2025-09-08 22:58:33,306 - INFO - VENDA: 2024-06-05 | Preço: R$ 10.77 | Ações: 9048 | Valor líquido: R$ 97323.29
2025-09-08 22:58:33,309 - INFO - COMPRA: 2024-06-12 | Preço: R$ 10.49 | Ações: 9271 | Custo: R$ 97323.29
2025-09-08 22:58:33,311 - INFO - VENDA: 2024-06-14 | Preço: R$ 10.46 | Ações: 9271 | Valor líquido: R$ 96870.28
2025-09-08 22:58:33,311 - INFO - COMPRA: 2024-06-18 | Preço: R$ 10.47 | Ações: 9244 | Custo: R$ 96870.28
2025-09-08 22:58:33,313 - INFO - VENDA: 2024-06-21 | Preço: R$ 10.50 | Ações: 9244 | Valor líquido: R$ 96934.54
2025-09-08 22:58:33,313 - INFO - COMPRA: 2024-06-24 | Preço: R$ 10.53 | Ações: 9193 | Custo: R$ 96934.54
2025-09-08 22:58:33,313 - INFO - COMPRA: 2024-06-25 | Preço: R$ 10.59 | Ações: 0 | Custo: R$ 0.00
2025-09-08 22:58:33,317 - INFO - COMPRA: 2024-06-26 | Preço: R$ 10.65 | Ações: 0 | Custo: R$ 0.00
2025-09-08 22:58:33,317 - INFO - VENDA: 2024-06-27 | Preço: R$ 10.66 | Ações: 9193 | Valor líquido: R$ 97937.32
2025-09-08 22:58:33,319 - INFO - COMPRA: 2024-07-02 | Preço: R$ 10.66 | Ações: 9175 | Custo: R$ 97937.32
2025-09-08 22:58:33,321 - INFO - VENDA: 2024-07-03 | Preço: R$ 10.59 | Ações: 9175 | Valor líquido: R$ 97059.32
2025-09-08 22:58:33,323 - INFO - COMPRA: 2024-07-05 | Preço: R$ 10.53 | Ações: 9205 | Custo: R$ 97059.32
2025-09-08 22:58:33,325 - INFO - VENDA: 2024-07-08 | Preço: R$ 10.47 | Ações: 9205 | Valor líquido: R$ 96266.41
2025-09-08 22:58:33,327 - WARNING - COMPRA REJEITADA: Cash insuficiente (R$ 96266.41 < R$ 96266.41)
2025-09-08 22:58:33,327 - INFO - COMPRA: 2024-07-15 | Preço: R$ 10.83 | Ações: 8879 | Custo: R$ 96266.41
2025-09-08 22:58:33,327 - INFO - VENDA: 2024-07-16 | Preço: R$ 10.89 | Ações: 8879 | Valor líquido: R$ 96569.30
2025-09-08 22:58:33,327 - WARNING - COMPRA REJEITADA: Cash insuficiente (R$ 96569.30 < R$ 96569.30)
2025-09-08 22:58:33,327 - INFO - COMPRA: 2024-08-01 | Preço: R$ 10.92 | Ações: 8831 | Custo: R$ 96569.30
2025-09-08 22:58:33,327 - INFO - VENDA: 2024-08-02 | Preço: R$ 11.05 | Ações: 8831 | Valor líquido: R$ 97443.55
2025-09-08 22:58:33,327 - INFO - PROGRESSO: Data 2024-08-06 | Pred: 0 | Cash: R$ 97,443.55 | Ações: 0
2025-09-08 22:58:33,329 - INFO - PROGRESSO: Data 2024-10-15 | Pred: 0 | Cash: R$ 97,443.55 | Ações: 0
2025-09-08 22:58:33,329 - WARNING - COMPRA REJEITADA: Cash insuficiente (R$ 97443.55 < R$ 97443.55)
2025-09-08 22:58:33,331 - INFO - COMPRA: 2024-10-17 | Preço: R$ 11.97 | Ações: 8135 | Custo: R$ 97443.55
2025-09-08 22:58:33,331 - INFO - VENDA: 2024-10-18 | Preço: R$ 11.99 | Ações: 8135 | Valor líquido: R$ 97400.11
2025-09-08 22:58:33,331 - INFO - COMPRA: 2024-10-23 | Preço: R$ 11.86 | Ações: 8201 | Custo: R$ 97400.11
2025-09-08 22:58:33,331 - INFO - VENDA: 2024-10-25 | Preço: R$ 11.86 | Ações: 8201 | Valor líquido: R$ 97205.50
2025-09-08 22:58:33,331 - INFO - COMPRA: 2024-11-08 | Preço: R$ 11.47 | Ações: 8464 | Custo: R$ 97205.50
2025-09-08 22:58:33,331 - INFO - VENDA: 2024-11-11 | Preço: R$ 11.64 | Ações: 8464 | Valor líquido: R$ 98427.51
2025-09-08 22:58:33,331 - INFO - COMPRA: 2024-11-26 | Preço: R$ 11.73 | Ações: 8380 | Custo: R$ 98427.51
2025-09-08 22:58:33,331 - INFO - VENDA: 2024-11-27 | Preço: R$ 11.68 | Ações: 8380 | Valor líquido: R$ 97763.46
2025-09-08 22:58:33,333 - INFO - COMPRA: 2024-12-19 | Preço: R$ 11.89 | Ações: 8212 | Custo: R$ 97763.46
2025-09-08 22:58:33,333 - INFO - VENDA: 2024-12-20 | Preço: R$ 12.01 | Ações: 8212 | Valor líquido: R$ 98515.43
2025-09-08 22:58:33,333 - INFO - RESUMO FINAL DO BACKTESTING:
2025-09-08 22:58:33,333 - INFO -   Total de trades: 30
2025-09-08 22:58:33,333 - INFO -   Compras realizadas: 16
2025-09-08 22:58:33,333 - INFO -   Vendas realizadas: 14
2025-09-08 22:58:33,333 - INFO -   Capital inicial: R$ 100,000.00
2025-09-08 22:58:33,333 - INFO -   Capital final: R$ 98,515.43
2025-09-08 22:58:33,333 - INFO -   Cash final: R$ 98,515.43
2025-09-08 22:58:33,333 - INFO -   Ações finais: 0
2025-09-08 22:58:33,333 - INFO -   Retorno total: -1.48%
