2025-09-01 22:34:29,865 - INFO - ============================================================
2025-09-01 22:34:29,865 - INFO - INICIANDO BACKTESTING
2025-09-01 22:34:29,865 - INFO - ============================================================
2025-09-01 22:34:29,865 - INFO - Tamanho test_df: 251
2025-09-01 22:34:29,866 - INFO - Tamanho predictions: 251
2025-09-01 22:34:29,866 - INFO - Capital inicial: R$ 100,000.00
2025-09-01 22:34:29,866 - INFO - Custo de transação: 0.100%
2025-09-01 22:34:29,866 - INFO - DISTRIBUIÇÃO DAS PREDIÇÕES:
2025-09-01 22:34:29,866 - INFO -   - Total: 251
2025-09-01 22:34:29,866 - INFO -   - Predições de alta (1): 0
2025-09-01 22:34:29,867 - INFO -   - Predições de baixa (0): 251
2025-09-01 22:34:29,867 - INFO -   - Percentual de alta: 0.0%
2025-09-01 22:34:29,867 - INFO - EXECUÇÃO DOS TRADES:
2025-09-01 22:34:29,867 - INFO - PROGRESSO: Data 2024-01-02 | Pred: 0 | Cash: R$ 100,000.00 | Ações: 0
2025-09-01 22:34:29,870 - INFO - PROGRESSO: Data 2024-03-14 | Pred: 0 | Cash: R$ 100,000.00 | Ações: 0
2025-09-01 22:34:29,872 - INFO - PROGRESSO: Data 2024-05-27 | Pred: 0 | Cash: R$ 100,000.00 | Ações: 0
2025-09-01 22:34:29,875 - INFO - PROGRESSO: Data 2024-08-06 | Pred: 0 | Cash: R$ 100,000.00 | Ações: 0
2025-09-01 22:34:29,878 - INFO - PROGRESSO: Data 2024-10-15 | Pred: 0 | Cash: R$ 100,000.00 | Ações: 0
2025-09-01 22:34:29,881 - INFO - RESUMO FINAL DO BACKTESTING:
2025-09-01 22:34:29,881 - INFO -   Total de trades: 0
2025-09-01 22:34:29,881 - INFO -   Compras realizadas: 0
2025-09-01 22:34:29,882 - INFO -   Vendas realizadas: 0
2025-09-01 22:34:29,882 - INFO -   Capital inicial: R$ 100,000.00
2025-09-01 22:34:29,882 - INFO -   Capital final: R$ 100,000.00
2025-09-01 22:34:29,882 - INFO -   Cash final: R$ 100,000.00
2025-09-01 22:34:29,882 - INFO -   Ações finais: 0
2025-09-01 22:34:29,882 - INFO -   Retorno total: +0.00%
2025-09-01 22:34:29,882 - WARNING - AVISO: Nenhum trade foi executado!
2025-09-01 22:34:29,882 - WARNING -   - Verificar se há predições de alta (1) nas predições
2025-09-01 22:34:29,882 - WARNING -   - Verificar se há predições de baixa (0) quando há ações
2025-09-01 22:34:29,882 - WARNING -   - Verificar se os dados têm variação suficiente
