2025-09-10 11:02:32,436 - INFO - THRESHOLDS FINANCEIROS: buy=0.70 sell=0.25 hold_min_days=3
2025-09-10 11:02:32,437 - INFO - PROBABILIDADE MÉDIA: 0.518
2025-09-10 11:02:32,437 - INFO - ============================================================
2025-09-10 11:02:32,437 - INFO - INICIANDO BACKTESTING
2025-09-10 11:02:32,438 - INFO - ============================================================
2025-09-10 11:02:32,438 - INFO - Tamanho test_df: 251
2025-09-10 11:02:32,438 - INFO - Tamanho predictions: 251
2025-09-10 11:02:32,438 - INFO - Capital inicial: R$ 100,000.00
2025-09-10 11:02:32,441 - INFO - Custo de transação: 0.100%
2025-09-10 11:02:32,441 - INFO - DISTRIBUIÇÃO DAS PREDIÇÕES:
2025-09-10 11:02:32,442 - INFO -   - Total: 251
2025-09-10 11:02:32,442 - INFO -   - Predições de alta (1): 130
2025-09-10 11:02:32,442 - INFO -   - Predições de baixa (0): 121
2025-09-10 11:02:32,442 - INFO -   - Percentual de alta: 51.8%
2025-09-10 11:02:32,442 - INFO - EXECUÇÃO DOS TRADES:
2025-09-10 11:02:32,442 - INFO - PROGRESSO: Data 2024-01-02 | Pred: 0 | Cash: R$ 100,000.00 | Ações: 0
2025-09-10 11:02:32,450 - INFO - COMPRA: 2024-03-01 | Preço: R$ 11.59 | Ações: 8623 | Custo: R$ 100000.00
2025-09-10 11:02:32,450 - INFO - VENDA: 2024-03-11 | Preço: R$ 11.94 | Ações: 8623 | Valor líquido: R$ 102846.31
2025-09-10 11:02:32,450 - INFO - PROGRESSO: Data 2024-03-14 | Pred: 0 | Cash: R$ 102,846.31 | Ações: 0
2025-09-10 11:02:32,452 - INFO - COMPRA: 2024-03-18 | Preço: R$ 11.75 | Ações: 8742 | Custo: R$ 102846.31
2025-09-10 11:02:32,453 - INFO - VENDA: 2024-04-03 | Preço: R$ 11.60 | Ações: 8742 | Valor líquido: R$ 101340.55
2025-09-10 11:02:32,453 - INFO - COMPRA: 2024-04-09 | Preço: R$ 11.42 | Ações: 8867 | Custo: R$ 101340.55
2025-09-10 11:02:32,455 - INFO - VENDA: 2024-04-24 | Preço: R$ 11.22 | Ações: 8867 | Valor líquido: R$ 99407.10
2025-09-10 11:02:32,457 - INFO - COMPRA: 2024-05-09 | Preço: R$ 11.21 | Ações: 8856 | Custo: R$ 99407.10
2025-09-10 11:02:32,459 - INFO - PROGRESSO: Data 2024-05-27 | Pred: 1 | Cash: R$ 0.00 | Ações: 8856
2025-09-10 11:02:32,459 - INFO - VENDA: 2024-06-04 | Preço: R$ 10.88 | Ações: 8856 | Valor líquido: R$ 96244.58
2025-09-10 11:02:32,462 - INFO - COMPRA: 2024-07-12 | Preço: R$ 10.85 | Ações: 8861 | Custo: R$ 96244.58
2025-09-10 11:02:32,464 - INFO - VENDA: 2024-07-29 | Preço: R$ 10.97 | Ações: 8861 | Valor líquido: R$ 97123.19
2025-09-10 11:02:32,464 - INFO - COMPRA: 2024-08-02 | Preço: R$ 11.01 | Ações: 8814 | Custo: R$ 97123.19
2025-09-10 11:02:32,466 - INFO - PROGRESSO: Data 2024-08-06 | Pred: 1 | Cash: R$ 0.00 | Ações: 8814
2025-09-10 11:02:32,466 - INFO - VENDA: 2024-08-16 | Preço: R$ 12.13 | Ações: 8814 | Valor líquido: R$ 106843.28
2025-09-10 11:02:32,468 - INFO - COMPRA: 2024-08-22 | Preço: R$ 12.15 | Ações: 8783 | Custo: R$ 106843.28
2025-09-10 11:02:32,468 - INFO - VENDA: 2024-08-28 | Preço: R$ 12.03 | Ações: 8783 | Valor líquido: R$ 105568.41
2025-09-10 11:02:32,470 - INFO - COMPRA: 2024-09-09 | Preço: R$ 12.11 | Ações: 8711 | Custo: R$ 105568.41
2025-09-10 11:02:32,470 - INFO - VENDA: 2024-09-18 | Preço: R$ 12.10 | Ações: 8711 | Valor líquido: R$ 105276.51
2025-09-10 11:02:32,472 - INFO - COMPRA: 2024-09-25 | Preço: R$ 11.87 | Ações: 8857 | Custo: R$ 105276.51
2025-09-10 11:02:32,472 - INFO - VENDA: 2024-10-03 | Preço: R$ 12.34 | Ações: 8857 | Valor líquido: R$ 109183.18
2025-09-10 11:02:32,472 - INFO - COMPRA: 2024-10-09 | Preço: R$ 12.14 | Ações: 8982 | Custo: R$ 109183.18
2025-09-10 11:02:32,472 - INFO - COMPRA: 2024-10-10 | Preço: R$ 12.18 | Ações: 0 | Custo: R$ 0.00
2025-09-10 11:02:32,474 - INFO - COMPRA: 2024-10-11 | Preço: R$ 11.97 | Ações: 0 | Custo: R$ 0.00
2025-09-10 11:02:32,474 - INFO - COMPRA: 2024-10-14 | Preço: R$ 12.03 | Ações: 0 | Custo: R$ 0.00
2025-09-10 11:02:32,474 - INFO - PROGRESSO: Data 2024-10-15 | Pred: 1 | Cash: R$ 0.00 | Ações: 8982
2025-09-10 11:02:32,474 - INFO - COMPRA: 2024-10-15 | Preço: R$ 11.99 | Ações: 0 | Custo: R$ 0.00
2025-09-10 11:02:32,476 - INFO - VENDA: 2024-10-16 | Preço: R$ 11.89 | Ações: 8982 | Valor líquido: R$ 106710.57
2025-09-10 11:02:32,476 - INFO - COMPRA: 2024-10-22 | Preço: R$ 11.86 | Ações: 8992 | Custo: R$ 106710.57
2025-09-10 11:02:32,481 - INFO - VENDA: 2024-12-05 | Preço: R$ 13.31 | Ações: 8992 | Valor líquido: R$ 119537.86
2025-09-10 11:02:32,481 - INFO - COMPRA: 2024-12-11 | Preço: R$ 12.56 | Ações: 9506 | Custo: R$ 119537.86
2025-09-10 11:02:32,483 - INFO - RESUMO FINAL DO BACKTESTING:
2025-09-10 11:02:32,483 - INFO -   Total de trades: 27
2025-09-10 11:02:32,483 - INFO -   Compras realizadas: 16
2025-09-10 11:02:32,483 - INFO -   Vendas realizadas: 11
2025-09-10 11:02:32,483 - INFO -   Capital inicial: R$ 100,000.00
2025-09-10 11:02:32,483 - INFO -   Capital final: R$ 109,573.70
2025-09-10 11:02:32,483 - INFO -   Cash final: R$ 0.00
2025-09-10 11:02:32,483 - INFO -   Ações finais: 9506
2025-09-10 11:02:32,483 - INFO -   Retorno total: +9.57%
