2025-09-01 23:24:01,895 - INFO - THRESHOLD OTIMIZADO: 0.500
2025-09-01 23:24:01,895 - INFO - F1-SCORE VALIDAÇÃO: 0.234
2025-09-01 23:24:01,895 - INFO - PROBABILIDADES MÉDIAS: Alta=0.222, Baixa=0.778
2025-09-01 23:24:01,895 - INFO - ============================================================
2025-09-01 23:24:01,895 - INFO - INICIANDO BACKTESTING
2025-09-01 23:24:01,896 - INFO - ============================================================
2025-09-01 23:24:01,896 - INFO - Tamanho test_df: 251
2025-09-01 23:24:01,896 - INFO - Tamanho predictions: 251
2025-09-01 23:24:01,896 - INFO - Capital inicial: R$ 100,000.00
2025-09-01 23:24:01,899 - INFO - Custo de transação: 0.100%
2025-09-01 23:24:01,899 - INFO - DISTRIBUIÇÃO DAS PREDIÇÕES:
2025-09-01 23:24:01,900 - INFO -   - Total: 251
2025-09-01 23:24:01,900 - INFO -   - Predições de alta (1): 0
2025-09-01 23:24:01,900 - INFO -   - Predições de baixa (0): 251
2025-09-01 23:24:01,900 - INFO -   - Percentual de alta: 0.0%
2025-09-01 23:24:01,900 - INFO - EXECUÇÃO DOS TRADES:
2025-09-01 23:24:01,901 - INFO - PROGRESSO: Data 2024-01-02 | Pred: 0 | Cash: R$ 100,000.00 | Ações: 0
2025-09-01 23:24:01,904 - INFO - PROGRESSO: Data 2024-03-14 | Pred: 0 | Cash: R$ 100,000.00 | Ações: 0
2025-09-01 23:24:01,908 - INFO - PROGRESSO: Data 2024-05-27 | Pred: 0 | Cash: R$ 100,000.00 | Ações: 0
2025-09-01 23:24:01,911 - INFO - PROGRESSO: Data 2024-08-06 | Pred: 0 | Cash: R$ 100,000.00 | Ações: 0
2025-09-01 23:24:01,915 - INFO - PROGRESSO: Data 2024-10-15 | Pred: 0 | Cash: R$ 100,000.00 | Ações: 0
2025-09-01 23:24:01,917 - INFO - RESUMO FINAL DO BACKTESTING:
2025-09-01 23:24:01,917 - INFO -   Total de trades: 0
2025-09-01 23:24:01,917 - INFO -   Compras realizadas: 0
2025-09-01 23:24:01,917 - INFO -   Vendas realizadas: 0
2025-09-01 23:24:01,917 - INFO -   Capital inicial: R$ 100,000.00
2025-09-01 23:24:01,917 - INFO -   Capital final: R$ 100,000.00
2025-09-01 23:24:01,917 - INFO -   Cash final: R$ 100,000.00
2025-09-01 23:24:01,917 - INFO -   Ações finais: 0
2025-09-01 23:24:01,919 - INFO -   Retorno total: +0.00%
2025-09-01 23:24:01,919 - WARNING - AVISO: Nenhum trade foi executado!
2025-09-01 23:24:01,919 - WARNING -   - Verificar se há predições de alta (1) nas predições
2025-09-01 23:24:01,919 - WARNING -   - Verificar se há predições de baixa (0) quando há ações
2025-09-01 23:24:01,919 - WARNING -   - Verificar se os dados têm variação suficiente
