2025-09-01 22:36:36,469 - INFO - ============================================================
2025-09-01 22:36:36,469 - INFO - INICIANDO BACKTESTING
2025-09-01 22:36:36,469 - INFO - ============================================================
2025-09-01 22:36:36,469 - INFO - Tamanho test_df: 251
2025-09-01 22:36:36,469 - INFO - Tamanho predictions: 251
2025-09-01 22:36:36,469 - INFO - Capital inicial: R$ 100,000.00
2025-09-01 22:36:36,469 - INFO - Custo de transação: 0.100%
2025-09-01 22:36:36,469 - INFO - DISTRIBUIÇÃO DAS PREDIÇÕES:
2025-09-01 22:36:36,469 - INFO -   - Total: 251
2025-09-01 22:36:36,472 - INFO -   - Predições de alta (1): 0
2025-09-01 22:36:36,472 - INFO -   - Predições de baixa (0): 251
2025-09-01 22:36:36,472 - INFO -   - Percentual de alta: 0.0%
2025-09-01 22:36:36,472 - INFO - EXECUÇÃO DOS TRADES:
2025-09-01 22:36:36,472 - INFO - PROGRESSO: Data 2024-01-02 | Pred: 0 | Cash: R$ 100,000.00 | Ações: 0
2025-09-01 22:36:36,474 - INFO - PROGRESSO: Data 2024-03-14 | Pred: 0 | Cash: R$ 100,000.00 | Ações: 0
2025-09-01 22:36:36,478 - INFO - PROGRESSO: Data 2024-05-27 | Pred: 0 | Cash: R$ 100,000.00 | Ações: 0
2025-09-01 22:36:36,479 - INFO - PROGRESSO: Data 2024-08-06 | Pred: 0 | Cash: R$ 100,000.00 | Ações: 0
2025-09-01 22:36:36,482 - INFO - PROGRESSO: Data 2024-10-15 | Pred: 0 | Cash: R$ 100,000.00 | Ações: 0
2025-09-01 22:36:36,483 - INFO - RESUMO FINAL DO BACKTESTING:
2025-09-01 22:36:36,483 - INFO -   Total de trades: 0
2025-09-01 22:36:36,483 - INFO -   Compras realizadas: 0
2025-09-01 22:36:36,483 - INFO -   Vendas realizadas: 0
2025-09-01 22:36:36,483 - INFO -   Capital inicial: R$ 100,000.00
2025-09-01 22:36:36,483 - INFO -   Capital final: R$ 100,000.00
2025-09-01 22:36:36,483 - INFO -   Cash final: R$ 100,000.00
2025-09-01 22:36:36,483 - INFO -   Ações finais: 0
2025-09-01 22:36:36,483 - INFO -   Retorno total: +0.00%
2025-09-01 22:36:36,483 - WARNING - AVISO: Nenhum trade foi executado!
2025-09-01 22:36:36,483 - WARNING -   - Verificar se há predições de alta (1) nas predições
2025-09-01 22:36:36,483 - WARNING -   - Verificar se há predições de baixa (0) quando há ações
2025-09-01 22:36:36,483 - WARNING -   - Verificar se os dados têm variação suficiente
