2025-09-17 19:00:46,201 - INFO - THRESHOLDS FINANCEIROS: buy=0.73 sell=0.45 hold_min_days=3
2025-09-17 19:00:46,201 - INFO - PROBABILIDADE MÉDIA: 0.495
2025-09-17 19:00:46,202 - INFO - ============================================================
2025-09-17 19:00:46,202 - INFO - INICIANDO BACKTESTING REALISTA
2025-09-17 19:00:46,202 - INFO - ============================================================
2025-09-17 19:00:46,202 - INFO - Tamanho test_df: 251
2025-09-17 19:00:46,202 - INFO - Tamanho predictions: 251
2025-09-17 19:00:46,202 - INFO - Tamanho probabilities: 251
2025-09-17 19:00:46,205 - INFO - Capital inicial: R$ 100,000.00
2025-09-17 19:00:46,205 - INFO - Custo de transação: 0.100%
2025-09-17 19:00:46,212 - INFO - CDI real carregado: 253 dias disponíveis
2025-09-17 19:00:46,212 - INFO - Slippage Dinâmico: 0.2-2.0 bps | Lote: 100 | CDI: Real
2025-09-17 19:00:46,218 - INFO - DISTRIBUIÇÃO DAS PREDIÇÕES:
2025-09-17 19:00:46,218 - INFO -   - Total: 251
2025-09-17 19:00:46,219 - INFO -   - Predições de alta (1): 86
2025-09-17 19:00:46,219 - INFO -   - Predições de baixa (0): 165
2025-09-17 19:00:46,219 - INFO -   - Percentual de alta: 34.3%
2025-09-17 19:00:46,219 - INFO - EXECUÇÃO DOS TRADES:
2025-09-17 19:00:46,220 - INFO - PROGRESSO: Data 2024-01-02 | Pred: 0 | Cash: R$ 100,000.00 | Ações: 0
2025-09-17 19:00:46,228 - INFO - COMPRA: 2024-02-26 | Preço base: R$ 12.20 | Preço exec c/ slippage: R$ 12.20 | Ações: 7900 | Custo: R$ 96480.15 | Prob: 0.882 | Fração: 95.5%
2025-09-17 19:00:46,229 - INFO - COMPRA: 2024-02-27 | Preço base: R$ 12.35 | Preço exec c/ slippage: R$ 12.35 | Ações: 300 | Custo: R$ 3708.48 | Prob: 0.876 | Fração: 95.2%
2025-09-17 19:00:46,229 - INFO - COMPRA: 2024-02-28 | Preço base: R$ 12.02 | Preço exec c/ slippage: R$ 12.02 | Ações: 100 | Custo: R$ 1203.55 | Prob: 0.908 | Fração: 96.5%
2025-09-17 19:00:46,230 - WARNING - COMPRA REJEITADA: Quantidade calculada = 0 (prob: 0.105, fração: 20.6%)
2025-09-17 19:00:46,231 - INFO - VENDA: 2024-03-01 | Preço base: R$ 11.59 | Preço exec c/ slippage: R$ 11.58 | Ações: 8300 | Valor líquido: R$ 96055.92 | Slippage: 0.7 bps
2025-09-17 19:00:46,233 - INFO - COMPRA: 2024-03-08 | Preço base: R$ 11.88 | Preço exec c/ slippage: R$ 11.88 | Ações: 6900 | Custo: R$ 82082.01 | Prob: 0.755 | Fração: 86.0%
2025-09-17 19:00:46,233 - INFO - COMPRA: 2024-03-11 | Preço base: R$ 11.94 | Preço exec c/ slippage: R$ 11.94 | Ações: 700 | Custo: R$ 8366.22 | Prob: 0.607 | Fração: 61.4%
2025-09-17 19:00:46,234 - INFO - COMPRA: 2024-03-12 | Preço base: R$ 11.93 | Preço exec c/ slippage: R$ 11.93 | Ações: 300 | Custo: R$ 3582.72 | Prob: 0.658 | Fração: 71.2%
2025-09-17 19:00:46,235 - WARNING - COMPRA REJEITADA: Quantidade calculada = 0 (prob: 0.315, fração: 24.4%)
2025-09-17 19:00:46,235 - INFO - PROGRESSO: Data 2024-03-14 | Pred: 1 | Cash: R$ 2,452.46 | Ações: 7900
2025-09-17 19:00:46,236 - WARNING - COMPRA REJEITADA: Quantidade calculada = 0 (prob: 0.500, fração: 41.6%)
2025-09-17 19:00:46,236 - INFO - VENDA: 2024-03-15 | Preço base: R$ 11.77 | Preço exec c/ slippage: R$ 11.77 | Ações: 7900 | Valor líquido: R$ 92895.41 | Slippage: 0.7 bps
2025-09-17 19:00:46,239 - INFO - COMPRA: 2024-04-03 | Preço base: R$ 11.60 | Preço exec c/ slippage: R$ 11.60 | Ações: 7700 | Custo: R$ 89446.88 | Prob: 0.849 | Fração: 93.9%
2025-09-17 19:00:46,240 - INFO - COMPRA: 2024-04-04 | Preço base: R$ 11.65 | Preço exec c/ slippage: R$ 11.65 | Ações: 300 | Custo: R$ 3498.88 | Prob: 0.622 | Fração: 64.5%
2025-09-17 19:00:46,241 - WARNING - COMPRA REJEITADA: Quantidade calculada = 0 (prob: 0.101, fração: 20.5%)
2025-09-17 19:00:46,241 - WARNING - COMPRA REJEITADA: Quantidade calculada = 0 (prob: 0.314, fração: 24.3%)
2025-09-17 19:00:46,242 - INFO - COMPRA: 2024-04-09 | Preço base: R$ 11.42 | Preço exec c/ slippage: R$ 11.42 | Ações: 200 | Custo: R$ 2286.01 | Prob: 0.762 | Fração: 86.7%
2025-09-17 19:00:46,243 - INFO - VENDA: 2024-04-10 | Preço base: R$ 11.26 | Preço exec c/ slippage: R$ 11.26 | Ações: 8200 | Valor líquido: R$ 92230.76 | Slippage: 0.7 bps
2025-09-17 19:00:46,247 - INFO - COMPRA: 2024-05-02 | Preço base: R$ 11.60 | Preço exec c/ slippage: R$ 11.60 | Ações: 7800 | Custo: R$ 90608.54 | Prob: 0.933 | Fração: 97.2%
2025-09-17 19:00:46,248 - INFO - COMPRA: 2024-05-03 | Preço base: R$ 11.53 | Preço exec c/ slippage: R$ 11.53 | Ações: 200 | Custo: R$ 2308.37 | Prob: 0.749 | Fração: 85.3%
2025-09-17 19:00:46,248 - WARNING - COMPRA REJEITADA: Quantidade calculada = 0 (prob: 0.775, fração: 88.2%)
2025-09-17 19:00:46,249 - WARNING - COMPRA REJEITADA: Quantidade calculada = 0 (prob: 0.733, fração: 83.3%)
2025-09-17 19:00:46,250 - INFO - VENDA: 2024-05-08 | Preço base: R$ 11.15 | Preço exec c/ slippage: R$ 11.15 | Ações: 8000 | Valor líquido: R$ 89088.87 | Slippage: 0.7 bps
2025-09-17 19:00:46,252 - INFO - COMPRA: 2024-05-15 | Preço base: R$ 11.59 | Preço exec c/ slippage: R$ 11.59 | Ações: 6700 | Custo: R$ 77705.57 | Prob: 0.770 | Fração: 87.7%
2025-09-17 19:00:46,254 - INFO - COMPRA: 2024-05-16 | Preço base: R$ 11.54 | Preço exec c/ slippage: R$ 11.54 | Ações: 800 | Custo: R$ 9240.95 | Prob: 0.751 | Fração: 85.6%
2025-09-17 19:00:46,255 - INFO - COMPRA: 2024-05-17 | Preço base: R$ 11.47 | Preço exec c/ slippage: R$ 11.47 | Ações: 200 | Custo: R$ 2297.19 | Prob: 0.825 | Fração: 92.4%
2025-09-17 19:00:46,256 - WARNING - COMPRA REJEITADA: Quantidade calculada = 0 (prob: 0.305, fração: 24.0%)
2025-09-17 19:00:46,257 - WARNING - COMPRA REJEITADA: Quantidade calculada = 0 (prob: 0.753, fração: 85.7%)
2025-09-17 19:00:46,258 - INFO - VENDA: 2024-05-22 | Preço base: R$ 11.09 | Preço exec c/ slippage: R$ 11.09 | Ações: 7700 | Valor líquido: R$ 85318.58 | Slippage: 0.7 bps
2025-09-17 19:00:46,259 - INFO - PROGRESSO: Data 2024-05-27 | Pred: 0 | Cash: R$ 85,915.31 | Ações: 0
2025-09-17 19:00:46,261 - INFO - COMPRA: 2024-06-06 | Preço base: R$ 10.90 | Preço exec c/ slippage: R$ 10.90 | Ações: 7400 | Custo: R$ 80722.87 | Prob: 0.863 | Fração: 94.6%
2025-09-17 19:00:46,262 - INFO - COMPRA: 2024-06-07 | Preço base: R$ 10.72 | Preço exec c/ slippage: R$ 10.72 | Ações: 100 | Custo: R$ 1073.14 | Prob: 0.375 | Fração: 27.6%
2025-09-17 19:00:46,263 - WARNING - COMPRA REJEITADA: Quantidade calculada = 0 (prob: 0.315, fração: 24.4%)
2025-09-17 19:00:46,263 - INFO - COMPRA: 2024-06-11 | Preço base: R$ 10.65 | Preço exec c/ slippage: R$ 10.66 | Ações: 100 | Custo: R$ 1066.62 | Prob: 0.473 | Fração: 37.5%
2025-09-17 19:00:46,264 - INFO - VENDA: 2024-06-12 | Preço base: R$ 10.39 | Preço exec c/ slippage: R$ 10.39 | Ações: 7600 | Valor líquido: R$ 78912.06 | Slippage: 0.7 bps
2025-09-17 19:00:46,270 - INFO - COMPRA: 2024-07-10 | Preço base: R$ 10.65 | Preço exec c/ slippage: R$ 10.66 | Ações: 6700 | Custo: R$ 71464.16 | Prob: 0.760 | Fração: 86.6%
2025-09-17 19:00:46,270 - INFO - COMPRA: 2024-07-11 | Preço base: R$ 10.71 | Preço exec c/ slippage: R$ 10.71 | Ações: 700 | Custo: R$ 7505.47 | Prob: 0.650 | Fração: 69.9%
2025-09-17 19:00:46,271 - INFO - COMPRA: 2024-07-12 | Preço base: R$ 10.85 | Preço exec c/ slippage: R$ 10.85 | Ações: 300 | Custo: R$ 3258.54 | Prob: 0.878 | Fração: 95.3%
2025-09-17 19:00:46,272 - WARNING - COMPRA REJEITADA: Quantidade calculada = 0 (prob: 0.735, fração: 83.6%)
2025-09-17 19:00:46,272 - WARNING - COMPRA REJEITADA: Quantidade calculada = 0 (prob: 0.715, fração: 80.7%)
2025-09-17 19:00:46,273 - WARNING - COMPRA REJEITADA: Quantidade calculada = 0 (prob: 0.811, fração: 91.4%)
2025-09-17 19:00:46,274 - INFO - VENDA: 2024-07-18 | Preço base: R$ 10.84 | Preço exec c/ slippage: R$ 10.84 | Ações: 7700 | Valor líquido: R$ 83386.02 | Slippage: 0.7 bps
2025-09-17 19:00:46,275 - INFO - COMPRA: 2024-07-25 | Preço base: R$ 11.00 | Preço exec c/ slippage: R$ 11.00 | Ações: 6400 | Custo: R$ 70470.20 | Prob: 0.743 | Fração: 84.6%
2025-09-17 19:00:46,276 - INFO - COMPRA: 2024-07-26 | Preço base: R$ 11.05 | Preço exec c/ slippage: R$ 11.05 | Ações: 900 | Custo: R$ 9951.73 | Prob: 0.676 | Fração: 74.6%
2025-09-17 19:00:46,277 - INFO - COMPRA: 2024-07-29 | Preço base: R$ 10.97 | Preço exec c/ slippage: R$ 10.97 | Ações: 100 | Custo: R$ 1098.29 | Prob: 0.484 | Fração: 39.1%
2025-09-17 19:00:46,278 - WARNING - COMPRA REJEITADA: Quantidade calculada = 0 (prob: 0.200, fração: 21.4%)
2025-09-17 19:00:46,278 - WARNING - COMPRA REJEITADA: Quantidade calculada = 0 (prob: 0.464, fração: 36.4%)
2025-09-17 19:00:46,279 - INFO - COMPRA: 2024-08-01 | Preço base: R$ 10.89 | Preço exec c/ slippage: R$ 10.89 | Ações: 200 | Custo: R$ 2179.81 | Prob: 0.722 | Fração: 81.7%
2025-09-17 19:00:46,280 - WARNING - COMPRA REJEITADA: Quantidade calculada = 0 (prob: 0.768, fração: 87.5%)
2025-09-17 19:00:46,280 - WARNING - COMPRA REJEITADA: Quantidade calculada = 0 (prob: 0.593, fração: 58.7%)
2025-09-17 19:00:46,281 - INFO - PROGRESSO: Data 2024-08-06 | Pred: 1 | Cash: R$ 496.63 | Ações: 7600
2025-09-17 19:00:46,281 - WARNING - COMPRA REJEITADA: Quantidade calculada = 0 (prob: 0.785, fração: 89.1%)
2025-09-17 19:00:46,282 - WARNING - COMPRA REJEITADA: Quantidade calculada = 0 (prob: 0.957, fração: 97.8%)
2025-09-17 19:00:46,283 - WARNING - COMPRA REJEITADA: Quantidade calculada = 0 (prob: 0.772, fração: 87.8%)
2025-09-17 19:00:46,283 - WARNING - COMPRA REJEITADA: Quantidade calculada = 0 (prob: 0.779, fração: 88.6%)
2025-09-17 19:00:46,284 - WARNING - COMPRA REJEITADA: Quantidade calculada = 0 (prob: 0.711, fração: 80.1%)
2025-09-17 19:00:46,285 - WARNING - COMPRA REJEITADA: Quantidade calculada = 0 (prob: 0.927, fração: 97.1%)
2025-09-17 19:00:46,285 - WARNING - COMPRA REJEITADA: Quantidade calculada = 0 (prob: 0.854, fração: 94.2%)
2025-09-17 19:00:46,286 - WARNING - COMPRA REJEITADA: Quantidade calculada = 0 (prob: 0.950, fração: 97.7%)
2025-09-17 19:00:46,287 - WARNING - COMPRA REJEITADA: Quantidade calculada = 0 (prob: 0.515, fração: 43.9%)
2025-09-17 19:00:46,287 - WARNING - COMPRA REJEITADA: Quantidade calculada = 0 (prob: 0.498, fração: 41.1%)
2025-09-17 19:00:46,288 - INFO - VENDA: 2024-08-20 | Preço base: R$ 12.02 | Preço exec c/ slippage: R$ 12.02 | Ações: 7600 | Valor líquido: R$ 91275.15 | Slippage: 0.7 bps
2025-09-17 19:00:46,290 - INFO - COMPRA: 2024-08-30 | Preço base: R$ 11.92 | Preço exec c/ slippage: R$ 11.92 | Ações: 7300 | Custo: R$ 87112.40 | Prob: 0.890 | Fração: 95.8%
2025-09-17 19:00:46,290 - INFO - COMPRA: 2024-09-02 | Preço base: R$ 12.01 | Preço exec c/ slippage: R$ 12.01 | Ações: 300 | Custo: R$ 3607.87 | Prob: 0.764 | Fração: 87.0%
2025-09-17 19:00:46,291 - WARNING - COMPRA REJEITADA: Quantidade calculada = 0 (prob: 0.379, fração: 27.9%)
2025-09-17 19:00:46,292 - INFO - COMPRA: 2024-09-04 | Preço base: R$ 12.04 | Preço exec c/ slippage: R$ 12.04 | Ações: 100 | Custo: R$ 1205.42 | Prob: 0.899 | Fração: 96.2%
2025-09-17 19:00:46,292 - INFO - VENDA: 2024-09-05 | Preço base: R$ 12.02 | Preço exec c/ slippage: R$ 12.02 | Ações: 7700 | Valor líquido: R$ 92476.14 | Slippage: 0.7 bps
2025-09-17 19:00:46,295 - INFO - COMPRA: 2024-09-26 | Preço base: R$ 11.91 | Preço exec c/ slippage: R$ 11.91 | Ações: 6700 | Custo: R$ 79890.09 | Prob: 0.756 | Fração: 86.1%
2025-09-17 19:00:46,296 - INFO - COMPRA: 2024-09-27 | Preço base: R$ 12.04 | Preço exec c/ slippage: R$ 12.04 | Ações: 1000 | Custo: R$ 12054.24 | Prob: 0.842 | Fração: 93.4%
2025-09-17 19:00:46,296 - WARNING - COMPRA REJEITADA: Quantidade calculada = 0 (prob: 0.589, fração: 57.8%)
2025-09-17 19:00:46,297 - WARNING - COMPRA REJEITADA: Quantidade calculada = 0 (prob: 0.876, fração: 95.2%)
2025-09-17 19:00:46,299 - WARNING - COMPRA REJEITADA: Quantidade calculada = 0 (prob: 0.700, fração: 78.5%)
2025-09-17 19:00:46,300 - INFO - VENDA: 2024-10-03 | Preço base: R$ 12.34 | Preço exec c/ slippage: R$ 12.34 | Ações: 7700 | Valor líquido: R$ 94909.77 | Slippage: 0.7 bps
2025-09-17 19:00:46,302 - INFO - PROGRESSO: Data 2024-10-15 | Pred: 0 | Cash: R$ 96,449.32 | Ações: 0
2025-09-17 19:00:46,305 - INFO - COMPRA: 2024-10-24 | Preço base: R$ 11.93 | Preço exec c/ slippage: R$ 11.93 | Ações: 7600 | Custo: R$ 90763.18 | Prob: 0.863 | Fração: 94.6%
2025-09-17 19:00:46,306 - INFO - COMPRA: 2024-10-25 | Preço base: R$ 11.92 | Preço exec c/ slippage: R$ 11.92 | Ações: 300 | Custo: R$ 3579.93 | Prob: 0.636 | Fração: 67.1%
2025-09-17 19:00:46,307 - INFO - COMPRA: 2024-10-28 | Preço base: R$ 12.00 | Preço exec c/ slippage: R$ 12.00 | Ações: 100 | Custo: R$ 1201.69 | Prob: 0.831 | Fração: 92.8%
2025-09-17 19:00:46,308 - WARNING - COMPRA REJEITADA: Quantidade calculada = 0 (prob: 0.572, fração: 54.5%)
2025-09-17 19:00:46,309 - WARNING - COMPRA REJEITADA: Quantidade calculada = 0 (prob: 0.551, fração: 50.3%)
2025-09-17 19:00:46,309 - WARNING - COMPRA REJEITADA: Quantidade calculada = 0 (prob: 0.716, fração: 80.9%)
2025-09-17 19:00:46,310 - INFO - VENDA: 2024-11-01 | Preço base: R$ 11.72 | Preço exec c/ slippage: R$ 11.71 | Ações: 8000 | Valor líquido: R$ 93625.10 | Slippage: 0.7 bps
2025-09-17 19:00:46,313 - INFO - COMPRA: 2024-11-11 | Preço base: R$ 11.57 | Preço exec c/ slippage: R$ 11.57 | Ações: 7900 | Custo: R$ 91475.82 | Prob: 0.903 | Fração: 96.3%
2025-09-17 19:00:46,313 - INFO - COMPRA: 2024-11-12 | Preço base: R$ 11.65 | Preço exec c/ slippage: R$ 11.65 | Ações: 200 | Custo: R$ 2332.59 | Prob: 0.651 | Fração: 70.0%
2025-09-17 19:00:46,314 - WARNING - COMPRA REJEITADA: Quantidade calculada = 0 (prob: 0.867, fração: 94.8%)
2025-09-17 19:00:46,315 - WARNING - COMPRA REJEITADA: Quantidade calculada = 0 (prob: 0.713, fração: 80.4%)
2025-09-17 19:00:46,316 - INFO - VENDA: 2024-11-18 | Preço base: R$ 11.59 | Preço exec c/ slippage: R$ 11.58 | Ações: 8100 | Valor líquido: R$ 93741.30 | Slippage: 0.7 bps
2025-09-17 19:00:46,318 - INFO - COMPRA: 2024-11-29 | Preço base: R$ 11.78 | Preço exec c/ slippage: R$ 11.78 | Ações: 7800 | Custo: R$ 91989.07 | Prob: 0.921 | Fração: 96.9%
2025-09-17 19:00:46,319 - INFO - COMPRA: 2024-12-02 | Preço base: R$ 12.33 | Preço exec c/ slippage: R$ 12.33 | Ações: 200 | Custo: R$ 2468.59 | Prob: 0.960 | Fração: 97.9%
2025-09-17 19:00:46,319 - WARNING - COMPRA REJEITADA: Quantidade calculada = 0 (prob: 0.985, fração: 98.3%)
2025-09-17 19:00:46,319 - WARNING - COMPRA REJEITADA: Quantidade calculada = 0 (prob: 0.680, fração: 75.1%)
2025-09-17 19:00:46,319 - WARNING - COMPRA REJEITADA: Quantidade calculada = 0 (prob: 0.916, fração: 96.7%)
2025-09-17 19:00:46,320 - WARNING - COMPRA REJEITADA: Quantidade calculada = 0 (prob: 0.476, fração: 38.0%)
2025-09-17 19:00:46,320 - WARNING - COMPRA REJEITADA: Quantidade calculada = 0 (prob: 0.522, fração: 45.1%)
2025-09-17 19:00:46,320 - WARNING - COMPRA REJEITADA: Quantidade calculada = 0 (prob: 0.605, fração: 61.0%)
2025-09-17 19:00:46,320 - INFO - VENDA: 2024-12-11 | Preço base: R$ 12.56 | Preço exec c/ slippage: R$ 12.56 | Ações: 8000 | Valor líquido: R$ 100392.31 | Slippage: 0.7 bps
2025-09-17 19:00:46,321 - INFO - COMPRA: 2024-12-17 | Preço base: R$ 12.16 | Preço exec c/ slippage: R$ 12.16 | Ações: 7900 | Custo: R$ 96185.74 | Prob: 0.891 | Fração: 95.9%
2025-09-17 19:00:46,321 - INFO - COMPRA: 2024-12-18 | Preço base: R$ 11.87 | Preço exec c/ slippage: R$ 11.87 | Ações: 100 | Custo: R$ 1188.65 | Prob: 0.447 | Fração: 34.2%
2025-09-17 19:00:46,322 - INFO - COMPRA: 2024-12-19 | Preço base: R$ 11.86 | Preço exec c/ slippage: R$ 11.86 | Ações: 200 | Custo: R$ 2374.66 | Prob: 0.731 | Fração: 83.0%
2025-09-17 19:00:46,323 - INFO - COMPRA: 2024-12-20 | Preço base: R$ 11.89 | Preço exec c/ slippage: R$ 11.89 | Ações: 100 | Custo: R$ 1190.28 | Prob: 0.815 | Fração: 91.7%
2025-09-17 19:00:46,323 - WARNING - COMPRA REJEITADA: Quantidade calculada = 0 (prob: 0.843, fração: 93.5%)
2025-09-17 19:00:46,323 - WARNING - COMPRA REJEITADA: Quantidade calculada = 0 (prob: 0.734, fração: 83.4%)
2025-09-17 19:00:46,324 - WARNING - COMPRA REJEITADA: Quantidade calculada = 0 (prob: 0.667, fração: 73.0%)
2025-09-17 19:00:46,324 - INFO - RESUMO FINAL DO BACKTESTING:
2025-09-17 19:00:46,324 - INFO -   Total de trades: 53
2025-09-17 19:00:46,324 - INFO -   Compras realizadas: 40
2025-09-17 19:00:46,324 - INFO -   Vendas realizadas: 13
2025-09-17 19:00:46,324 - INFO -   Capital inicial: R$ 100,000.00
2025-09-17 19:00:46,324 - INFO -   Capital final: R$ 96,152.53
2025-09-17 19:00:46,324 - INFO -   Cash final: R$ 479.54
2025-09-17 19:00:46,324 - INFO -   Ações finais: 8300
2025-09-17 19:00:46,324 - INFO -   Retorno total: -3.85%
