2025-09-04 10:42:28,074 - INFO - THRESHOLD OTIMIZADO: 0.500
2025-09-04 10:42:28,076 - INFO - F1-SCORE VALIDAÇÃO: 0.133
2025-09-04 10:42:28,076 - INFO - PROBABILIDADES MÉDIAS: Alta=0.138, Baixa=0.862
2025-09-04 10:42:28,076 - INFO - ============================================================
2025-09-04 10:42:28,076 - INFO - INICIANDO BACKTESTING
2025-09-04 10:42:28,076 - INFO - ============================================================
2025-09-04 10:42:28,076 - INFO - Tamanho test_df: 251
2025-09-04 10:42:28,077 - INFO - Tamanho predictions: 251
2025-09-04 10:42:28,077 - INFO - Capital inicial: R$ 100,000.00
2025-09-04 10:42:28,077 - INFO - Custo de transação: 0.100%
2025-09-04 10:42:28,077 - INFO - DISTRIBUIÇÃO DAS PREDIÇÕES:
2025-09-04 10:42:28,077 - INFO -   - Total: 251
2025-09-04 10:42:28,077 - INFO -   - Predições de alta (1): 20
2025-09-04 10:42:28,077 - INFO -   - Predições de baixa (0): 231
2025-09-04 10:42:28,077 - INFO -   - Percentual de alta: 8.0%
2025-09-04 10:42:28,077 - INFO - EXECUÇÃO DOS TRADES:
2025-09-04 10:42:28,077 - INFO - PROGRESSO: Data 2024-01-02 | Pred: 0 | Cash: R$ 100,000.00 | Ações: 0
2025-09-04 10:42:28,079 - INFO - COMPRA: 2024-01-11 | Preço: R$ 12.62 | Ações: 7917 | Custo: R$ 100000.00
2025-09-04 10:42:28,079 - INFO - VENDA: 2024-01-12 | Preço: R$ 12.65 | Ações: 7917 | Valor líquido: R$ 100020.99
2025-09-04 10:42:28,079 - INFO - COMPRA: 2024-02-21 | Preço: R$ 12.00 | Ações: 8324 | Custo: R$ 100020.99
2025-09-04 10:42:28,079 - INFO - VENDA: 2024-02-22 | Preço: R$ 12.06 | Ações: 8324 | Valor líquido: R$ 100285.43
2025-09-04 10:42:28,081 - INFO - COMPRA: 2024-02-23 | Preço: R$ 11.99 | Ações: 8352 | Custo: R$ 100285.43
2025-09-04 10:42:28,081 - INFO - VENDA: 2024-02-26 | Preço: R$ 12.13 | Ações: 8352 | Valor líquido: R$ 101249.74
2025-09-04 10:42:28,081 - INFO - COMPRA: 2024-03-07 | Preço: R$ 11.77 | Ações: 8593 | Custo: R$ 101249.74
2025-09-04 10:42:28,081 - INFO - VENDA: 2024-03-08 | Preço: R$ 11.95 | Ações: 8593 | Valor líquido: R$ 102565.16
2025-09-04 10:42:28,081 - INFO - COMPRA: 2024-03-11 | Preço: R$ 11.91 | Ações: 8602 | Custo: R$ 102565.16
2025-09-04 10:42:28,081 - INFO - VENDA: 2024-03-12 | Preço: R$ 11.95 | Ações: 8602 | Valor líquido: R$ 102680.12
2025-09-04 10:42:28,081 - INFO - PROGRESSO: Data 2024-03-14 | Pred: 0 | Cash: R$ 102,680.12 | Ações: 0
2025-09-04 10:42:28,083 - INFO - COMPRA: 2024-05-06 | Preço: R$ 11.59 | Ações: 8854 | Custo: R$ 102680.12
2025-09-04 10:42:28,083 - INFO - VENDA: 2024-05-07 | Preço: R$ 11.73 | Ações: 8854 | Valor líquido: R$ 103709.60
2025-09-04 10:42:28,083 - INFO - COMPRA: 2024-05-13 | Preço: R$ 11.22 | Ações: 9232 | Custo: R$ 103709.60
2025-09-04 10:42:28,083 - INFO - VENDA: 2024-05-14 | Preço: R$ 11.32 | Ações: 9232 | Valor líquido: R$ 104360.61
2025-09-04 10:42:28,083 - INFO - COMPRA: 2024-05-17 | Preço: R$ 11.52 | Ações: 9050 | Custo: R$ 104360.61
2025-09-04 10:42:28,085 - INFO - VENDA: 2024-05-20 | Preço: R$ 11.26 | Ações: 9050 | Valor líquido: R$ 101796.48
2025-09-04 10:42:28,085 - INFO - COMPRA: 2024-05-23 | Preço: R$ 11.13 | Ações: 9137 | Custo: R$ 101796.48
2025-09-04 10:42:28,085 - INFO - COMPRA: 2024-05-24 | Preço: R$ 11.05 | Ações: 0 | Custo: R$ 0.00
2025-09-04 10:42:28,085 - INFO - PROGRESSO: Data 2024-05-27 | Pred: 0 | Cash: R$ 0.00 | Ações: 9137
2025-09-04 10:42:28,085 - INFO - VENDA: 2024-05-27 | Preço: R$ 10.99 | Ações: 9137 | Valor líquido: R$ 100318.94
2025-09-04 10:42:28,088 - INFO - PROGRESSO: Data 2024-08-06 | Pred: 0 | Cash: R$ 100,318.94 | Ações: 0
2025-09-04 10:42:28,091 - INFO - COMPRA: 2024-09-03 | Preço: R$ 11.91 | Ações: 8414 | Custo: R$ 100318.94
2025-09-04 10:42:28,091 - INFO - VENDA: 2024-09-04 | Preço: R$ 12.09 | Ações: 8414 | Valor líquido: R$ 101604.63
2025-09-04 10:42:28,092 - WARNING - COMPRA REJEITADA: Cash insuficiente (R$ 101604.63 < R$ 101604.63)
2025-09-04 10:42:28,092 - INFO - PROGRESSO: Data 2024-10-15 | Pred: 0 | Cash: R$ 101,604.63 | Ações: 0
2025-09-04 10:42:28,092 - INFO - COMPRA: 2024-10-17 | Preço: R$ 11.97 | Ações: 8482 | Custo: R$ 101604.63
2025-09-04 10:42:28,094 - INFO - VENDA: 2024-10-18 | Preço: R$ 11.99 | Ações: 8482 | Valor líquido: R$ 101559.33
2025-09-04 10:42:28,094 - INFO - COMPRA: 2024-10-24 | Preço: R$ 11.94 | Ações: 8498 | Custo: R$ 101559.33
2025-09-04 10:42:28,097 - INFO - VENDA: 2024-10-25 | Preço: R$ 11.86 | Ações: 8498 | Valor líquido: R$ 100724.43
2025-09-04 10:42:28,099 - WARNING - COMPRA REJEITADA: Cash insuficiente (R$ 100724.43 < R$ 100724.43)
2025-09-04 10:42:28,099 - WARNING - COMPRA REJEITADA: Cash insuficiente (R$ 100724.43 < R$ 100724.43)
2025-09-04 10:42:28,099 - WARNING - COMPRA REJEITADA: Cash insuficiente (R$ 100724.43 < R$ 100724.43)
2025-09-04 10:42:28,101 - INFO - COMPRA: 2024-12-19 | Preço: R$ 11.89 | Ações: 8461 | Custo: R$ 100724.43
2025-09-04 10:42:28,101 - INFO - VENDA: 2024-12-20 | Preço: R$ 12.01 | Ações: 8461 | Valor líquido: R$ 101499.17
2025-09-04 10:42:28,101 - WARNING - COMPRA REJEITADA: Cash insuficiente (R$ 101499.17 < R$ 101499.17)
2025-09-04 10:42:28,102 - WARNING - COMPRA REJEITADA: Cash insuficiente (R$ 101499.17 < R$ 101499.17)
2025-09-04 10:42:28,102 - INFO - RESUMO FINAL DO BACKTESTING:
2025-09-04 10:42:28,102 - INFO -   Total de trades: 27
2025-09-04 10:42:28,102 - INFO -   Compras realizadas: 14
2025-09-04 10:42:28,102 - INFO -   Vendas realizadas: 13
2025-09-04 10:42:28,102 - INFO -   Capital inicial: R$ 100,000.00
2025-09-04 10:42:28,102 - INFO -   Capital final: R$ 101,499.17
2025-09-04 10:42:28,102 - INFO -   Cash final: R$ 101,499.17
2025-09-04 10:42:28,102 - INFO -   Ações finais: 0
2025-09-04 10:42:28,102 - INFO -   Retorno total: +1.50%
