2025-09-09 15:32:46,874 - INFO - THRESHOLDS FINANCEIROS: buy=0.55 sell=0.45 hold_min_days=3
2025-09-09 15:32:46,874 - INFO - PROBABILIDADE MÉDIA: 0.457
2025-09-09 15:32:46,876 - INFO - ============================================================
2025-09-09 15:32:46,876 - INFO - INICIANDO BACKTESTING
2025-09-09 15:32:46,876 - INFO - ============================================================
2025-09-09 15:32:46,876 - INFO - Tamanho test_df: 251
2025-09-09 15:32:46,876 - INFO - Tamanho predictions: 251
2025-09-09 15:32:46,876 - INFO - Capital inicial: R$ 100,000.00
2025-09-09 15:32:46,879 - INFO - Custo de transação: 0.100%
2025-09-09 15:32:46,879 - INFO - DISTRIBUIÇÃO DAS PREDIÇÕES:
2025-09-09 15:32:46,879 - INFO -   - Total: 251
2025-09-09 15:32:46,879 - INFO -   - Predições de alta (1): 95
2025-09-09 15:32:46,879 - INFO -   - Predições de baixa (0): 156
2025-09-09 15:32:46,879 - INFO -   - Percentual de alta: 37.8%
2025-09-09 15:32:46,879 - INFO - EXECUÇÃO DOS TRADES:
2025-09-09 15:32:46,879 - INFO - PROGRESSO: Data 2024-01-02 | Pred: 0 | Cash: R$ 100,000.00 | Ações: 0
2025-09-09 15:32:46,881 - INFO - COMPRA: 2024-01-09 | Preço: R$ 12.67 | Ações: 7882 | Custo: R$ 100000.00
2025-09-09 15:32:46,881 - INFO - VENDA: 2024-01-16 | Preço: R$ 12.40 | Ações: 7882 | Valor líquido: R$ 97675.23
2025-09-09 15:32:46,881 - INFO - COMPRA: 2024-01-22 | Preço: R$ 12.46 | Ações: 7831 | Custo: R$ 97675.23
2025-09-09 15:32:46,881 - INFO - VENDA: 2024-01-26 | Preço: R$ 12.25 | Ações: 7831 | Valor líquido: R$ 95805.65
2025-09-09 15:32:46,884 - INFO - COMPRA: 2024-02-27 | Preço: R$ 12.35 | Ações: 7751 | Custo: R$ 95805.65
2025-09-09 15:32:46,884 - INFO - COMPRA: 2024-02-28 | Preço: R$ 12.02 | Ações: 0 | Custo: R$ 0.00
2025-09-09 15:32:46,884 - INFO - COMPRA: 2024-02-29 | Preço: R$ 11.59 | Ações: 0 | Custo: R$ 0.00
2025-09-09 15:32:46,884 - INFO - VENDA: 2024-03-04 | Preço: R$ 11.66 | Ações: 7751 | Valor líquido: R$ 90282.31
2025-09-09 15:32:46,885 - WARNING - COMPRA REJEITADA: Cash insuficiente (R$ 90282.31 < R$ 90282.31)
2025-09-09 15:32:46,885 - INFO - COMPRA: 2024-03-11 | Preço: R$ 11.94 | Ações: 7554 | Custo: R$ 90282.31
2025-09-09 15:32:46,885 - INFO - PROGRESSO: Data 2024-03-14 | Pred: 0 | Cash: R$ 0.00 | Ações: 7554
2025-09-09 15:32:46,885 - INFO - VENDA: 2024-03-14 | Preço: R$ 11.97 | Ações: 7554 | Valor líquido: R$ 90312.60
2025-09-09 15:32:46,886 - INFO - COMPRA: 2024-04-01 | Preço: R$ 11.48 | Ações: 7857 | Custo: R$ 90312.60
2025-09-09 15:32:46,886 - INFO - VENDA: 2024-04-05 | Preço: R$ 11.37 | Ações: 7857 | Valor líquido: R$ 89255.68
2025-09-09 15:32:46,886 - INFO - COMPRA: 2024-04-11 | Preço: R$ 11.32 | Ações: 7880 | Custo: R$ 89255.68
2025-09-09 15:32:46,887 - INFO - VENDA: 2024-04-24 | Preço: R$ 11.22 | Ações: 7880 | Valor líquido: R$ 88344.80
2025-09-09 15:32:46,887 - INFO - COMPRA: 2024-04-30 | Preço: R$ 11.40 | Ações: 7742 | Custo: R$ 88344.80
2025-09-09 15:32:46,889 - INFO - PROGRESSO: Data 2024-05-27 | Pred: 1 | Cash: R$ 0.00 | Ações: 7742
2025-09-09 15:32:46,891 - INFO - VENDA: 2024-06-04 | Preço: R$ 10.88 | Ações: 7742 | Valor líquido: R$ 84137.74
2025-09-09 15:32:46,894 - INFO - PROGRESSO: Data 2024-08-06 | Pred: 0 | Cash: R$ 84,137.74 | Ações: 0
2025-09-09 15:32:46,894 - INFO - COMPRA: 2024-08-12 | Preço: R$ 11.60 | Ações: 7243 | Custo: R$ 84137.74
2025-09-09 15:32:46,895 - INFO - COMPRA: 2024-08-13 | Preço: R$ 11.70 | Ações: 0 | Custo: R$ 0.00
2025-09-09 15:32:46,895 - INFO - VENDA: 2024-08-16 | Preço: R$ 12.13 | Ações: 7243 | Valor líquido: R$ 87807.86
2025-09-09 15:32:46,895 - INFO - COMPRA: 2024-08-28 | Preço: R$ 12.03 | Ações: 7291 | Custo: R$ 87807.86
2025-09-09 15:32:46,895 - INFO - VENDA: 2024-09-05 | Preço: R$ 12.02 | Ações: 7291 | Valor líquido: R$ 87564.64
2025-09-09 15:32:46,897 - WARNING - COMPRA REJEITADA: Cash insuficiente (R$ 87564.64 < R$ 87564.64)
2025-09-09 15:32:46,897 - WARNING - COMPRA REJEITADA: Cash insuficiente (R$ 87564.64 < R$ 87564.64)
2025-09-09 15:32:46,897 - INFO - COMPRA: 2024-09-17 | Preço: R$ 11.97 | Ações: 7310 | Custo: R$ 87564.64
2025-09-09 15:32:46,899 - INFO - VENDA: 2024-09-19 | Preço: R$ 12.06 | Ações: 7310 | Valor líquido: R$ 88069.24
2025-09-09 15:32:46,899 - INFO - COMPRA: 2024-09-25 | Preço: R$ 11.87 | Ações: 7410 | Custo: R$ 88069.24
2025-09-09 15:32:46,901 - INFO - VENDA: 2024-10-03 | Preço: R$ 12.34 | Ações: 7410 | Valor líquido: R$ 91337.37
2025-09-09 15:32:46,901 - WARNING - COMPRA REJEITADA: Cash insuficiente (R$ 91337.37 < R$ 91337.37)
2025-09-09 15:32:46,901 - INFO - COMPRA: 2024-10-11 | Preço: R$ 11.97 | Ações: 7625 | Custo: R$ 91337.37
2025-09-09 15:32:46,901 - INFO - PROGRESSO: Data 2024-10-15 | Pred: 1 | Cash: R$ 0.00 | Ações: 7625
2025-09-09 15:32:46,901 - INFO - VENDA: 2024-10-16 | Preço: R$ 11.89 | Ações: 7625 | Valor líquido: R$ 90587.82
2025-09-09 15:32:46,903 - INFO - COMPRA: 2024-10-23 | Preço: R$ 11.84 | Ações: 7646 | Custo: R$ 90587.82
2025-09-09 15:32:46,903 - INFO - VENDA: 2024-11-06 | Preço: R$ 11.53 | Ações: 7646 | Valor líquido: R$ 88061.37
2025-09-09 15:32:46,903 - INFO - COMPRA: 2024-11-29 | Preço: R$ 11.78 | Ações: 7467 | Custo: R$ 88061.37
2025-09-09 15:32:46,905 - INFO - VENDA: 2024-12-05 | Preço: R$ 13.31 | Ações: 7467 | Valor líquido: R$ 99270.27
2025-09-09 15:32:46,906 - INFO - COMPRA: 2024-12-16 | Preço: R$ 12.10 | Ações: 8198 | Custo: R$ 99270.27
2025-09-09 15:32:46,908 - INFO - VENDA: 2024-12-20 | Preço: R$ 11.89 | Ações: 8198 | Valor líquido: R$ 97376.02
2025-09-09 15:32:46,908 - INFO - RESUMO FINAL DO BACKTESTING:
2025-09-09 15:32:46,908 - INFO -   Total de trades: 33
2025-09-09 15:32:46,910 - INFO -   Compras realizadas: 18
2025-09-09 15:32:46,910 - INFO -   Vendas realizadas: 15
2025-09-09 15:32:46,910 - INFO -   Capital inicial: R$ 100,000.00
2025-09-09 15:32:46,910 - INFO -   Capital final: R$ 97,376.02
2025-09-09 15:32:46,910 - INFO -   Cash final: R$ 97,376.02
2025-09-09 15:32:46,910 - INFO -   Ações finais: 0
2025-09-09 15:32:46,910 - INFO -   Retorno total: -2.62%
