2025-09-01 23:12:37,208 - INFO - THRESHOLD OTIMIZADO: 0.442
2025-09-01 23:12:37,208 - INFO - F1-SCORE VALIDAÇÃO: 0.595
2025-09-01 23:12:37,208 - INFO - PROBABILIDADES MÉDIAS: Alta=0.448, Baixa=0.552
2025-09-01 23:12:37,208 - INFO - ============================================================
2025-09-01 23:12:37,208 - INFO - INICIANDO BACKTESTING
2025-09-01 23:12:37,209 - INFO - ============================================================
2025-09-01 23:12:37,209 - INFO - Tamanho test_df: 251
2025-09-01 23:12:37,209 - INFO - Tamanho predictions: 251
2025-09-01 23:12:37,209 - INFO - Capital inicial: R$ 100,000.00
2025-09-01 23:12:37,211 - INFO - Custo de transação: 0.100%
2025-09-01 23:12:37,211 - INFO - DISTRIBUIÇÃO DAS PREDIÇÕES:
2025-09-01 23:12:37,211 - INFO -   - Total: 251
2025-09-01 23:12:37,211 - INFO -   - Predições de alta (1): 251
2025-09-01 23:12:37,211 - INFO -   - Predições de baixa (0): 0
2025-09-01 23:12:37,211 - INFO -   - Percentual de alta: 100.0%
2025-09-01 23:12:37,211 - INFO - EXECUÇÃO DOS TRADES:
2025-09-01 23:12:37,211 - INFO - PROGRESSO: Data 2024-01-02 | Pred: 1 | Cash: R$ 100,000.00 | Ações: 0
2025-09-01 23:12:37,211 - INFO - COMPRA: 2024-01-02 | Preço: R$ 12.76 | Ações: 7830 | Custo: R$ 100000.00
2025-09-01 23:12:37,211 - INFO - COMPRA: 2024-01-03 | Preço: R$ 12.66 | Ações: 0 | Custo: R$ 0.00
2025-09-01 23:12:37,213 - INFO - PROGRESSO: Data 2024-03-14 | Pred: 1 | Cash: R$ 0.00 | Ações: 7830
2025-09-01 23:12:37,215 - INFO - PROGRESSO: Data 2024-05-27 | Pred: 1 | Cash: R$ 0.00 | Ações: 7830
2025-09-01 23:12:37,220 - INFO - PROGRESSO: Data 2024-08-06 | Pred: 1 | Cash: R$ 0.00 | Ações: 7830
2025-09-01 23:12:37,223 - INFO - PROGRESSO: Data 2024-10-15 | Pred: 1 | Cash: R$ 0.00 | Ações: 7830
2025-09-01 23:12:37,225 - INFO - RESUMO FINAL DO BACKTESTING:
2025-09-01 23:12:37,225 - INFO -   Total de trades: 2
2025-09-01 23:12:37,225 - INFO -   Compras realizadas: 2
2025-09-01 23:12:37,225 - INFO -   Vendas realizadas: 0
2025-09-01 23:12:37,225 - INFO -   Capital inicial: R$ 100,000.00
2025-09-01 23:12:37,225 - INFO -   Capital final: R$ 90,260.39
2025-09-01 23:12:37,225 - INFO -   Cash final: R$ 0.00
2025-09-01 23:12:37,225 - INFO -   Ações finais: 7830
2025-09-01 23:12:37,225 - INFO -   Retorno total: -9.74%
