2025-09-09 10:18:38,454 - INFO - THRESHOLD OTIMIZADO: 0.500
2025-09-09 10:18:38,456 - INFO - F1-SCORE VALIDAÇÃO: 0.296
2025-09-09 10:18:38,458 - INFO - PROBABILIDADES MÉDIAS: Alta=0.169, Baixa=0.831
2025-09-09 10:18:38,458 - INFO - ============================================================
2025-09-09 10:18:38,458 - INFO - INICIANDO BACKTESTING
2025-09-09 10:18:38,458 - INFO - ============================================================
2025-09-09 10:18:38,458 - INFO - Tamanho test_df: 251
2025-09-09 10:18:38,458 - INFO - Tamanho predictions: 251
2025-09-09 10:18:38,458 - INFO - Capital inicial: R$ 100,000.00
2025-09-09 10:18:38,462 - INFO - Custo de transação: 0.100%
2025-09-09 10:18:38,462 - INFO - DISTRIBUIÇÃO DAS PREDIÇÕES:
2025-09-09 10:18:38,462 - INFO -   - Total: 251
2025-09-09 10:18:38,462 - INFO -   - Predições de alta (1): 25
2025-09-09 10:18:38,462 - INFO -   - Predições de baixa (0): 226
2025-09-09 10:18:38,462 - INFO -   - Percentual de alta: 10.0%
2025-09-09 10:18:38,462 - INFO - EXECUÇÃO DOS TRADES:
2025-09-09 10:18:38,462 - INFO - PROGRESSO: Data 2024-01-02 | Pred: 0 | Cash: R$ 100,000.00 | Ações: 0
2025-09-09 10:18:38,469 - INFO - PROGRESSO: Data 2024-03-14 | Pred: 0 | Cash: R$ 100,000.00 | Ações: 0
2025-09-09 10:18:38,472 - INFO - PROGRESSO: Data 2024-05-27 | Pred: 1 | Cash: R$ 100,000.00 | Ações: 0
2025-09-09 10:18:38,474 - WARNING - COMPRA REJEITADA: Cash insuficiente (R$ 100000.00 < R$ 100000.00)
2025-09-09 10:18:38,474 - INFO - COMPRA: 2024-05-28 | Preço: R$ 10.73 | Ações: 9311 | Custo: R$ 100000.00
2025-09-09 10:18:38,476 - INFO - VENDA: 2024-05-29 | Preço: R$ 10.66 | Ações: 9311 | Valor líquido: R$ 99194.30
2025-09-09 10:18:38,476 - WARNING - COMPRA REJEITADA: Cash insuficiente (R$ 99194.30 < R$ 99194.30)
2025-09-09 10:18:38,476 - INFO - COMPRA: 2024-06-04 | Preço: R$ 10.88 | Ações: 9110 | Custo: R$ 99194.30
2025-09-09 10:18:38,476 - INFO - VENDA: 2024-06-05 | Preço: R$ 10.74 | Ações: 9110 | Valor líquido: R$ 97725.84
2025-09-09 10:18:38,476 - INFO - COMPRA: 2024-06-12 | Preço: R$ 10.39 | Ações: 9392 | Custo: R$ 97725.84
2025-09-09 10:18:38,476 - INFO - VENDA: 2024-06-14 | Preço: R$ 10.43 | Ações: 9392 | Valor líquido: R$ 97879.85
2025-09-09 10:18:38,476 - INFO - COMPRA: 2024-06-18 | Preço: R$ 10.40 | Ações: 9399 | Custo: R$ 97879.85
2025-09-09 10:18:38,476 - INFO - COMPRA: 2024-06-19 | Preço: R$ 10.47 | Ações: 0 | Custo: R$ 0.00
2025-09-09 10:18:38,478 - INFO - VENDA: 2024-06-21 | Preço: R$ 10.48 | Ações: 9399 | Valor líquido: R$ 98383.28
2025-09-09 10:18:38,478 - INFO - COMPRA: 2024-06-24 | Preço: R$ 10.47 | Ações: 9388 | Custo: R$ 98383.28
2025-09-09 10:18:38,478 - INFO - VENDA: 2024-06-27 | Preço: R$ 10.64 | Ações: 9388 | Valor líquido: R$ 99757.70
2025-09-09 10:18:38,480 - INFO - COMPRA: 2024-07-02 | Preço: R$ 10.74 | Ações: 9280 | Custo: R$ 99757.70
2025-09-09 10:18:38,480 - INFO - VENDA: 2024-07-03 | Preço: R$ 10.65 | Ações: 9280 | Valor líquido: R$ 98781.93
2025-09-09 10:18:38,480 - INFO - COMPRA: 2024-07-05 | Preço: R$ 10.54 | Ações: 9360 | Custo: R$ 98781.93
2025-09-09 10:18:38,483 - INFO - VENDA: 2024-07-08 | Preço: R$ 10.47 | Ações: 9360 | Valor líquido: R$ 97888.47
2025-09-09 10:18:38,483 - INFO - COMPRA: 2024-07-10 | Preço: R$ 10.65 | Ações: 9178 | Custo: R$ 97888.47
2025-09-09 10:18:38,483 - INFO - VENDA: 2024-07-11 | Preço: R$ 10.71 | Ações: 9178 | Valor líquido: R$ 98204.82
2025-09-09 10:18:38,483 - INFO - COMPRA: 2024-07-15 | Preço: R$ 10.82 | Ações: 9065 | Custo: R$ 98204.82
2025-09-09 10:18:38,483 - INFO - VENDA: 2024-07-16 | Preço: R$ 10.90 | Ações: 9065 | Valor líquido: R$ 98682.79
2025-09-09 10:18:38,485 - INFO - COMPRA: 2024-07-29 | Preço: R$ 10.97 | Ações: 8986 | Custo: R$ 98682.79
2025-09-09 10:18:38,485 - INFO - VENDA: 2024-07-30 | Preço: R$ 10.79 | Ações: 8986 | Valor líquido: R$ 96898.49
2025-09-09 10:18:38,485 - INFO - COMPRA: 2024-08-01 | Preço: R$ 10.89 | Ações: 8891 | Custo: R$ 96898.49
2025-09-09 10:18:38,485 - INFO - VENDA: 2024-08-02 | Preço: R$ 11.01 | Ações: 8891 | Valor líquido: R$ 97779.38
2025-09-09 10:18:38,487 - INFO - PROGRESSO: Data 2024-08-06 | Pred: 0 | Cash: R$ 97,779.38 | Ações: 0
2025-09-09 10:18:38,490 - INFO - PROGRESSO: Data 2024-10-15 | Pred: 0 | Cash: R$ 97,779.38 | Ações: 0
2025-09-09 10:18:38,490 - INFO - COMPRA: 2024-10-16 | Preço: R$ 11.89 | Ações: 8214 | Custo: R$ 97779.38
2025-09-09 10:18:38,492 - INFO - COMPRA: 2024-10-17 | Preço: R$ 12.06 | Ações: 0 | Custo: R$ 0.00
2025-09-09 10:18:38,492 - INFO - VENDA: 2024-10-18 | Preço: R$ 11.99 | Ações: 8214 | Valor líquido: R$ 98347.59
2025-09-09 10:18:38,493 - WARNING - COMPRA REJEITADA: Cash insuficiente (R$ 98347.59 < R$ 98347.59)
2025-09-09 10:18:38,494 - INFO - COMPRA: 2024-10-24 | Preço: R$ 11.93 | Ações: 8236 | Custo: R$ 98347.59
2025-09-09 10:18:38,494 - INFO - VENDA: 2024-10-25 | Preço: R$ 11.92 | Ações: 8236 | Valor líquido: R$ 98074.53
2025-09-09 10:18:38,494 - INFO - COMPRA: 2024-11-08 | Preço: R$ 11.46 | Ações: 8553 | Custo: R$ 98074.53
2025-09-09 10:18:38,494 - INFO - VENDA: 2024-11-11 | Preço: R$ 11.57 | Ações: 8553 | Valor líquido: R$ 98832.72
2025-09-09 10:18:38,496 - INFO - COMPRA: 2024-11-26 | Preço: R$ 11.75 | Ações: 8401 | Custo: R$ 98832.72
2025-09-09 10:18:38,498 - INFO - VENDA: 2024-11-27 | Preço: R$ 11.68 | Ações: 8401 | Valor líquido: R$ 98010.47
2025-09-09 10:18:38,500 - INFO - COMPRA: 2024-12-19 | Preço: R$ 11.86 | Ações: 8255 | Custo: R$ 98010.47
2025-09-09 10:18:38,500 - INFO - VENDA: 2024-12-20 | Preço: R$ 11.89 | Ações: 8255 | Valor líquido: R$ 98057.56
2025-09-09 10:18:38,500 - INFO - RESUMO FINAL DO BACKTESTING:
2025-09-09 10:18:38,500 - INFO -   Total de trades: 34
2025-09-09 10:18:38,500 - INFO -   Compras realizadas: 18
2025-09-09 10:18:38,500 - INFO -   Vendas realizadas: 16
2025-09-09 10:18:38,500 - INFO -   Capital inicial: R$ 100,000.00
2025-09-09 10:18:38,500 - INFO -   Capital final: R$ 98,057.56
2025-09-09 10:18:38,502 - INFO -   Cash final: R$ 98,057.56
2025-09-09 10:18:38,502 - INFO -   Ações finais: 0
2025-09-09 10:18:38,502 - INFO -   Retorno total: -1.94%
