2025-09-01 23:34:51,783 - INFO - THRESHOLD OTIMIZADO: 0.500
2025-09-01 23:34:51,783 - INFO - F1-SCORE VALIDAÇÃO: 0.094
2025-09-01 23:34:51,785 - INFO - PROBABILIDADES MÉDIAS: Alta=0.092, Baixa=0.908
2025-09-01 23:34:51,785 - INFO - ============================================================
2025-09-01 23:34:51,785 - INFO - INICIANDO BACKTESTING
2025-09-01 23:34:51,785 - INFO - ============================================================
2025-09-01 23:34:51,785 - INFO - Tamanho test_df: 251
2025-09-01 23:34:51,787 - INFO - Tamanho predictions: 251
2025-09-01 23:34:51,788 - INFO - Capital inicial: R$ 100,000.00
2025-09-01 23:34:51,791 - INFO - Custo de transação: 0.100%
2025-09-01 23:34:51,792 - INFO - DISTRIBUIÇÃO DAS PREDIÇÕES:
2025-09-01 23:34:51,792 - INFO -   - Total: 251
2025-09-01 23:34:51,792 - INFO -   - Predições de alta (1): 2
2025-09-01 23:34:51,793 - INFO -   - Predições de baixa (0): 249
2025-09-01 23:34:51,793 - INFO -   - Percentual de alta: 0.8%
2025-09-01 23:34:51,793 - INFO - EXECUÇÃO DOS TRADES:
2025-09-01 23:34:51,793 - INFO - PROGRESSO: Data 2024-01-02 | Pred: 0 | Cash: R$ 100,000.00 | Ações: 0
2025-09-01 23:34:51,798 - INFO - PROGRESSO: Data 2024-03-14 | Pred: 0 | Cash: R$ 100,000.00 | Ações: 0
2025-09-01 23:34:51,804 - INFO - PROGRESSO: Data 2024-05-27 | Pred: 0 | Cash: R$ 100,000.00 | Ações: 0
2025-09-01 23:34:51,806 - INFO - COMPRA: 2024-06-13 | Preço: R$ 10.32 | Ações: 9680 | Custo: R$ 100000.00
2025-09-01 23:34:51,807 - INFO - VENDA: 2024-06-14 | Preço: R$ 10.46 | Ações: 9680 | Valor líquido: R$ 101150.07
2025-09-01 23:34:51,810 - INFO - PROGRESSO: Data 2024-08-06 | Pred: 0 | Cash: R$ 101,150.07 | Ações: 0
2025-09-01 23:34:51,815 - INFO - PROGRESSO: Data 2024-10-15 | Pred: 0 | Cash: R$ 101,150.07 | Ações: 0
2025-09-01 23:34:51,821 - INFO - COMPRA: 2024-12-19 | Preço: R$ 11.89 | Ações: 8497 | Custo: R$ 101150.07
2025-09-01 23:34:51,821 - INFO - VENDA: 2024-12-20 | Preço: R$ 12.01 | Ações: 8497 | Valor líquido: R$ 101928.08
2025-09-01 23:34:51,823 - INFO - RESUMO FINAL DO BACKTESTING:
2025-09-01 23:34:51,823 - INFO -   Total de trades: 4
2025-09-01 23:34:51,823 - INFO -   Compras realizadas: 2
2025-09-01 23:34:51,823 - INFO -   Vendas realizadas: 2
2025-09-01 23:34:51,823 - INFO -   Capital inicial: R$ 100,000.00
2025-09-01 23:34:51,823 - INFO -   Capital final: R$ 101,928.08
2025-09-01 23:34:51,823 - INFO -   Cash final: R$ 101,928.08
2025-09-01 23:34:51,823 - INFO -   Ações finais: 0
2025-09-01 23:34:51,823 - INFO -   Retorno total: +1.93%
