2025-09-01 23:24:02,072 - INFO - THRESHOLD OTIMIZADO: 0.500
2025-09-01 23:24:02,073 - INFO - F1-SCORE VALIDAÇÃO: 0.469
2025-09-01 23:24:02,073 - INFO - PROBABILIDADES MÉDIAS: Alta=0.289, Baixa=0.711
2025-09-01 23:24:02,073 - INFO - ============================================================
2025-09-01 23:24:02,073 - INFO - INICIANDO BACKTESTING
2025-09-01 23:24:02,073 - INFO - ============================================================
2025-09-01 23:24:02,074 - INFO - Tamanho test_df: 251
2025-09-01 23:24:02,074 - INFO - Tamanho predictions: 251
2025-09-01 23:24:02,075 - INFO - Capital inicial: R$ 100,000.00
2025-09-01 23:24:02,078 - INFO - Custo de transação: 0.100%
2025-09-01 23:24:02,078 - INFO - DISTRIBUIÇÃO DAS PREDIÇÕES:
2025-09-01 23:24:02,078 - INFO -   - Total: 251
2025-09-01 23:24:02,078 - INFO -   - Predições de alta (1): 0
2025-09-01 23:24:02,078 - INFO -   - Predições de baixa (0): 251
2025-09-01 23:24:02,078 - INFO -   - Percentual de alta: 0.0%
2025-09-01 23:24:02,078 - INFO - EXECUÇÃO DOS TRADES:
2025-09-01 23:24:02,078 - INFO - PROGRESSO: Data 2024-01-02 | Pred: 0 | Cash: R$ 100,000.00 | Ações: 0
2025-09-01 23:24:02,083 - INFO - PROGRESSO: Data 2024-03-14 | Pred: 0 | Cash: R$ 100,000.00 | Ações: 0
2025-09-01 23:24:02,089 - INFO - PROGRESSO: Data 2024-05-27 | Pred: 0 | Cash: R$ 100,000.00 | Ações: 0
2025-09-01 23:24:02,093 - INFO - PROGRESSO: Data 2024-08-06 | Pred: 0 | Cash: R$ 100,000.00 | Ações: 0
2025-09-01 23:24:02,095 - INFO - PROGRESSO: Data 2024-10-15 | Pred: 0 | Cash: R$ 100,000.00 | Ações: 0
2025-09-01 23:24:02,099 - INFO - RESUMO FINAL DO BACKTESTING:
2025-09-01 23:24:02,101 - INFO -   Total de trades: 0
2025-09-01 23:24:02,101 - INFO -   Compras realizadas: 0
2025-09-01 23:24:02,101 - INFO -   Vendas realizadas: 0
2025-09-01 23:24:02,101 - INFO -   Capital inicial: R$ 100,000.00
2025-09-01 23:24:02,101 - INFO -   Capital final: R$ 100,000.00
2025-09-01 23:24:02,101 - INFO -   Cash final: R$ 100,000.00
2025-09-01 23:24:02,101 - INFO -   Ações finais: 0
2025-09-01 23:24:02,101 - INFO -   Retorno total: +0.00%
2025-09-01 23:24:02,101 - WARNING - AVISO: Nenhum trade foi executado!
2025-09-01 23:24:02,101 - WARNING -   - Verificar se há predições de alta (1) nas predições
2025-09-01 23:24:02,101 - WARNING -   - Verificar se há predições de baixa (0) quando há ações
2025-09-01 23:24:02,101 - WARNING -   - Verificar se os dados têm variação suficiente
