2025-09-09 16:13:24,164 - INFO - THRESHOLDS FINANCEIROS: buy=0.70 sell=0.40 hold_min_days=3
2025-09-09 16:13:24,164 - INFO - PROBABILIDADE MÉDIA: 0.482
2025-09-09 16:13:24,166 - INFO - ============================================================
2025-09-09 16:13:24,166 - INFO - INICIANDO BACKTESTING
2025-09-09 16:13:24,166 - INFO - ============================================================
2025-09-09 16:13:24,166 - INFO - Tamanho test_df: 251
2025-09-09 16:13:24,166 - INFO - Tamanho predictions: 251
2025-09-09 16:13:24,166 - INFO - Capital inicial: R$ 100,000.00
2025-09-09 16:13:24,168 - INFO - Custo de transação: 0.100%
2025-09-09 16:13:24,169 - INFO - DISTRIBUIÇÃO DAS PREDIÇÕES:
2025-09-09 16:13:24,169 - INFO -   - Total: 251
2025-09-09 16:13:24,169 - INFO -   - Predições de alta (1): 78
2025-09-09 16:13:24,169 - INFO -   - Predições de baixa (0): 173
2025-09-09 16:13:24,169 - INFO -   - Percentual de alta: 31.1%
2025-09-09 16:13:24,169 - INFO - EXECUÇÃO DOS TRADES:
2025-09-09 16:13:24,169 - INFO - PROGRESSO: Data 2024-01-02 | Pred: 0 | Cash: R$ 100,000.00 | Ações: 0
2025-09-09 16:13:24,170 - INFO - COMPRA: 2024-01-10 | Preço: R$ 13.42 | Ações: 7442 | Custo: R$ 100000.00
2025-09-09 16:13:24,172 - INFO - COMPRA: 2024-01-11 | Preço: R$ 13.48 | Ações: 0 | Custo: R$ 0.00
2025-09-09 16:13:24,172 - INFO - COMPRA: 2024-01-12 | Preço: R$ 13.58 | Ações: 0 | Custo: R$ 0.00
2025-09-09 16:13:24,172 - INFO - VENDA: 2024-01-16 | Preço: R$ 13.45 | Ações: 7442 | Valor líquido: R$ 100014.98
2025-09-09 16:13:24,177 - INFO - COMPRA: 2024-03-12 | Preço: R$ 12.33 | Ações: 8101 | Custo: R$ 100014.98
2025-09-09 16:13:24,177 - INFO - PROGRESSO: Data 2024-03-14 | Pred: 1 | Cash: R$ 0.00 | Ações: 8101
2025-09-09 16:13:24,177 - INFO - VENDA: 2024-03-18 | Preço: R$ 12.00 | Ações: 8101 | Valor líquido: R$ 97151.32
2025-09-09 16:13:24,179 - INFO - COMPRA: 2024-04-10 | Preço: R$ 11.61 | Ações: 8359 | Custo: R$ 97151.32
2025-09-09 16:13:24,181 - INFO - VENDA: 2024-04-18 | Preço: R$ 10.83 | Ações: 8359 | Valor líquido: R$ 90460.92
2025-09-09 16:13:24,181 - INFO - COMPRA: 2024-04-24 | Preço: R$ 10.61 | Ações: 8518 | Custo: R$ 90460.92
2025-09-09 16:13:24,183 - INFO - COMPRA: 2024-04-25 | Preço: R$ 10.67 | Ações: 0 | Custo: R$ 0.00
2025-09-09 16:13:24,183 - INFO - COMPRA: 2024-04-26 | Preço: R$ 10.89 | Ações: 0 | Custo: R$ 0.00
2025-09-09 16:13:24,183 - INFO - VENDA: 2024-04-30 | Preço: R$ 10.68 | Ações: 8518 | Valor líquido: R$ 90859.44
2025-09-09 16:13:24,186 - INFO - PROGRESSO: Data 2024-05-27 | Pred: 0 | Cash: R$ 90,859.44 | Ações: 0
2025-09-09 16:13:24,186 - INFO - COMPRA: 2024-06-12 | Preço: R$ 10.03 | Ações: 9054 | Custo: R$ 90859.44
2025-09-09 16:13:24,186 - INFO - COMPRA: 2024-06-13 | Preço: R$ 9.82 | Ações: 0 | Custo: R$ 0.00
2025-09-09 16:13:24,188 - INFO - VENDA: 2024-06-18 | Preço: R$ 10.23 | Ações: 9054 | Valor líquido: R$ 92572.36
2025-09-09 16:13:24,190 - INFO - COMPRA: 2024-07-10 | Preço: R$ 10.63 | Ações: 8702 | Custo: R$ 92572.36
2025-09-09 16:13:24,191 - INFO - VENDA: 2024-07-16 | Preço: R$ 11.28 | Ações: 8702 | Valor líquido: R$ 98097.70
2025-09-09 16:13:24,194 - WARNING - COMPRA REJEITADA: Cash insuficiente (R$ 98097.70 < R$ 98097.70)
2025-09-09 16:13:24,194 - INFO - COMPRA: 2024-08-01 | Preço: R$ 10.69 | Ações: 9171 | Custo: R$ 98097.70
2025-09-09 16:13:24,194 - INFO - PROGRESSO: Data 2024-08-06 | Pred: 1 | Cash: R$ 0.00 | Ações: 9171
2025-09-09 16:13:24,194 - INFO - VENDA: 2024-08-07 | Preço: R$ 10.93 | Ações: 9171 | Valor líquido: R$ 100147.15
2025-09-09 16:13:24,200 - INFO - COMPRA: 2024-09-10 | Preço: R$ 11.95 | Ações: 8372 | Custo: R$ 100147.15
2025-09-09 16:13:24,202 - INFO - VENDA: 2024-09-18 | Preço: R$ 11.98 | Ações: 8372 | Valor líquido: R$ 100193.03
2025-09-09 16:13:24,203 - INFO - COMPRA: 2024-10-01 | Preço: R$ 10.78 | Ações: 9287 | Custo: R$ 100193.03
2025-09-09 16:13:24,203 - INFO - COMPRA: 2024-10-02 | Preço: R$ 10.67 | Ações: 0 | Custo: R$ 0.00
2025-09-09 16:13:24,205 - INFO - PROGRESSO: Data 2024-10-15 | Pred: 1 | Cash: R$ 0.00 | Ações: 9287
2025-09-09 16:13:24,207 - INFO - VENDA: 2024-11-11 | Preço: R$ 10.04 | Ações: 9287 | Valor líquido: R$ 93112.61
2025-09-09 16:13:24,209 - INFO - COMPRA: 2024-11-22 | Preço: R$ 9.93 | Ações: 9370 | Custo: R$ 93112.61
2025-09-09 16:13:24,209 - INFO - VENDA: 2024-12-05 | Preço: R$ 9.78 | Ações: 9370 | Valor líquido: R$ 91538.23
2025-09-09 16:13:24,212 - INFO - COMPRA: 2024-12-26 | Preço: R$ 10.28 | Ações: 8893 | Custo: R$ 91538.23
2025-09-09 16:13:24,212 - INFO - RESUMO FINAL DO BACKTESTING:
2025-09-09 16:13:24,212 - INFO -   Total de trades: 27
2025-09-09 16:13:24,212 - INFO -   Compras realizadas: 17
2025-09-09 16:13:24,212 - INFO -   Vendas realizadas: 10
2025-09-09 16:13:24,212 - INFO -   Capital inicial: R$ 100,000.00
2025-09-09 16:13:24,212 - INFO -   Capital final: R$ 90,743.35
2025-09-09 16:13:24,212 - INFO -   Cash final: R$ 0.00
2025-09-09 16:13:24,214 - INFO -   Ações finais: 8893
2025-09-09 16:13:24,214 - INFO -   Retorno total: -9.26%
