2025-09-08 22:58:33,917 - INFO - THRESHOLD OTIMIZADO: 0.554
2025-09-08 22:58:33,919 - INFO - F1-SCORE VALIDAÇÃO: 0.917
2025-09-08 22:58:33,921 - INFO - PROBABILIDADES MÉDIAS: Alta=0.428, Baixa=0.572
2025-09-08 22:58:33,923 - INFO - ============================================================
2025-09-08 22:58:33,923 - INFO - INICIANDO BACKTESTING
2025-09-08 22:58:33,925 - INFO - ============================================================
2025-09-08 22:58:33,927 - INFO - Tamanho test_df: 251
2025-09-08 22:58:33,928 - INFO - Tamanho predictions: 251
2025-09-08 22:58:33,929 - INFO - Capital inicial: R$ 100,000.00
2025-09-08 22:58:33,931 - INFO - Custo de transação: 0.100%
2025-09-08 22:58:33,932 - INFO - DISTRIBUIÇÃO DAS PREDIÇÕES:
2025-09-08 22:58:33,933 - INFO -   - Total: 251
2025-09-08 22:58:33,933 - INFO -   - Predições de alta (1): 61
2025-09-08 22:58:33,935 - INFO -   - Predições de baixa (0): 190
2025-09-08 22:58:33,936 - INFO -   - Percentual de alta: 24.3%
2025-09-08 22:58:33,936 - INFO - EXECUÇÃO DOS TRADES:
2025-09-08 22:58:33,936 - INFO - PROGRESSO: Data 2024-01-02 | Pred: 0 | Cash: R$ 100,000.00 | Ações: 0
2025-09-08 22:58:33,962 - INFO - COMPRA: 2024-03-06 | Preço: R$ 11.86 | Ações: 8424 | Custo: R$ 100000.00
2025-09-08 22:58:33,963 - INFO - VENDA: 2024-03-07 | Preço: R$ 11.93 | Ações: 8424 | Valor líquido: R$ 100370.48
2025-09-08 22:58:33,965 - INFO - COMPRA: 2024-03-08 | Preço: R$ 12.06 | Ações: 8312 | Custo: R$ 100370.48
2025-09-08 22:58:33,966 - INFO - VENDA: 2024-03-11 | Preço: R$ 12.18 | Ações: 8312 | Valor líquido: R$ 101134.65
2025-09-08 22:58:33,969 - INFO - PROGRESSO: Data 2024-03-14 | Pred: 0 | Cash: R$ 101,134.65 | Ações: 0
2025-09-08 22:58:33,982 - INFO - COMPRA: 2024-04-26 | Preço: R$ 10.91 | Ações: 9260 | Custo: R$ 101134.65
2025-09-08 22:58:33,984 - INFO - VENDA: 2024-04-30 | Preço: R$ 10.49 | Ações: 9260 | Valor líquido: R$ 97064.41
2025-09-08 22:58:33,986 - INFO - COMPRA: 2024-05-02 | Preço: R$ 10.75 | Ações: 9016 | Custo: R$ 97064.41
2025-09-08 22:58:33,988 - INFO - VENDA: 2024-05-06 | Preço: R$ 11.19 | Ações: 9016 | Valor líquido: R$ 100811.85
2025-09-08 22:58:33,989 - INFO - COMPRA: 2024-05-07 | Preço: R$ 11.26 | Ações: 8944 | Custo: R$ 100811.85
2025-09-08 22:58:33,989 - INFO - VENDA: 2024-05-08 | Preço: R$ 11.35 | Ações: 8944 | Valor líquido: R$ 101392.37
2025-09-08 22:58:33,993 - WARNING - COMPRA REJEITADA: Cash insuficiente (R$ 101392.37 < R$ 101392.37)
2025-09-08 22:58:33,995 - INFO - COMPRA: 2024-05-14 | Preço: R$ 11.15 | Ações: 9082 | Custo: R$ 101392.37
2025-09-08 22:58:33,997 - INFO - VENDA: 2024-05-16 | Preço: R$ 11.26 | Ações: 9082 | Valor líquido: R$ 102160.22
2025-09-08 22:58:34,002 - INFO - PROGRESSO: Data 2024-05-27 | Pred: 0 | Cash: R$ 102,160.22 | Ações: 0
2025-09-08 22:58:34,005 - INFO - COMPRA: 2024-06-04 | Preço: R$ 10.41 | Ações: 9800 | Custo: R$ 102160.22
2025-09-08 22:58:34,006 - INFO - COMPRA: 2024-06-05 | Preço: R$ 10.44 | Ações: 0 | Custo: R$ 0.00
2025-09-08 22:58:34,007 - INFO - VENDA: 2024-06-06 | Preço: R$ 10.77 | Ações: 9800 | Valor líquido: R$ 105478.40
2025-09-08 22:58:34,008 - WARNING - COMPRA REJEITADA: Cash insuficiente (R$ 105478.40 < R$ 105478.40)
2025-09-08 22:58:34,009 - INFO - COMPRA: 2024-06-11 | Preço: R$ 10.26 | Ações: 10272 | Custo: R$ 105478.40
2025-09-08 22:58:34,009 - INFO - VENDA: 2024-06-14 | Preço: R$ 10.08 | Ações: 10272 | Valor líquido: R$ 103471.62
2025-09-08 22:58:34,010 - INFO - COMPRA: 2024-06-17 | Preço: R$ 10.27 | Ações: 10067 | Custo: R$ 103471.62
2025-09-08 22:58:34,011 - INFO - VENDA: 2024-06-18 | Preço: R$ 10.32 | Ações: 10067 | Valor líquido: R$ 103753.83
2025-09-08 22:58:34,012 - INFO - COMPRA: 2024-06-28 | Preço: R$ 10.04 | Ações: 10325 | Custo: R$ 103753.83
2025-09-08 22:58:34,012 - INFO - VENDA: 2024-07-01 | Preço: R$ 10.26 | Ações: 10325 | Valor líquido: R$ 105872.28
2025-09-08 22:58:34,012 - INFO - COMPRA: 2024-07-04 | Preço: R$ 10.37 | Ações: 10197 | Custo: R$ 105872.28
2025-09-08 22:58:34,013 - INFO - VENDA: 2024-07-05 | Preço: R$ 10.31 | Ações: 10197 | Valor líquido: R$ 105061.54
2025-09-08 22:58:34,013 - INFO - COMPRA: 2024-07-09 | Preço: R$ 10.41 | Ações: 10081 | Custo: R$ 105061.54
2025-09-08 22:58:34,013 - INFO - VENDA: 2024-07-11 | Preço: R$ 10.83 | Ações: 10081 | Valor líquido: R$ 109097.03
2025-09-08 22:58:34,014 - WARNING - COMPRA REJEITADA: Cash insuficiente (R$ 109097.03 < R$ 109097.03)
2025-09-08 22:58:34,014 - WARNING - COMPRA REJEITADA: Cash insuficiente (R$ 109097.03 < R$ 109097.03)
2025-09-08 22:58:34,014 - WARNING - COMPRA REJEITADA: Cash insuficiente (R$ 109097.03 < R$ 109097.03)
2025-09-08 22:58:34,015 - INFO - COMPRA: 2024-07-23 | Preço: R$ 10.96 | Ações: 9944 | Custo: R$ 109097.03
2025-09-08 22:58:34,015 - INFO - VENDA: 2024-07-24 | Preço: R$ 10.81 | Ações: 9944 | Valor líquido: R$ 107418.24
2025-09-08 22:58:34,015 - INFO - PROGRESSO: Data 2024-08-06 | Pred: 0 | Cash: R$ 107,418.24 | Ações: 0
2025-09-08 22:58:34,016 - INFO - COMPRA: 2024-08-22 | Preço: R$ 12.29 | Ações: 8729 | Custo: R$ 107418.24
2025-09-08 22:58:34,017 - INFO - VENDA: 2024-08-23 | Preço: R$ 12.49 | Ações: 8729 | Valor líquido: R$ 108913.40
2025-09-08 22:58:34,017 - INFO - COMPRA: 2024-08-27 | Preço: R$ 12.40 | Ações: 8774 | Custo: R$ 108913.40
2025-09-08 22:58:34,018 - INFO - VENDA: 2024-09-02 | Preço: R$ 12.19 | Ações: 8774 | Valor líquido: R$ 106805.44
2025-09-08 22:58:34,020 - INFO - COMPRA: 2024-09-03 | Preço: R$ 11.91 | Ações: 8958 | Custo: R$ 106805.44
2025-09-08 22:58:34,021 - INFO - COMPRA: 2024-09-04 | Preço: R$ 12.30 | Ações: 0 | Custo: R$ 0.00
2025-09-08 22:58:34,022 - INFO - VENDA: 2024-09-05 | Preço: R$ 12.34 | Ações: 8958 | Valor líquido: R$ 110452.17
2025-09-08 22:58:34,022 - INFO - COMPRA: 2024-09-06 | Preço: R$ 11.99 | Ações: 9203 | Custo: R$ 110452.17
2025-09-08 22:58:34,022 - INFO - VENDA: 2024-09-11 | Preço: R$ 11.89 | Ações: 9203 | Valor líquido: R$ 109330.18
2025-09-08 22:58:34,023 - INFO - COMPRA: 2024-09-23 | Preço: R$ 10.98 | Ações: 9947 | Custo: R$ 109330.18
2025-09-08 22:58:34,023 - INFO - VENDA: 2024-09-25 | Preço: R$ 10.67 | Ações: 9947 | Valor líquido: R$ 106018.98
2025-09-08 22:58:34,023 - INFO - COMPRA: 2024-09-26 | Preço: R$ 10.73 | Ações: 9873 | Custo: R$ 106018.98
2025-09-08 22:58:34,023 - INFO - COMPRA: 2024-09-27 | Preço: R$ 10.61 | Ações: 0 | Custo: R$ 0.00
2025-09-08 22:58:34,024 - INFO - COMPRA: 2024-09-30 | Preço: R$ 10.59 | Ações: 0 | Custo: R$ 0.00
2025-09-08 22:58:34,024 - INFO - VENDA: 2024-10-01 | Preço: R$ 10.59 | Ações: 9873 | Valor líquido: R$ 104441.90
2025-09-08 22:58:34,024 - INFO - COMPRA: 2024-10-02 | Preço: R$ 10.82 | Ações: 9646 | Custo: R$ 104441.90
2025-09-08 22:58:34,024 - INFO - VENDA: 2024-10-03 | Preço: R$ 10.60 | Ações: 9646 | Valor líquido: R$ 102137.12
2025-09-08 22:58:34,024 - INFO - COMPRA: 2024-10-04 | Preço: R$ 10.63 | Ações: 9600 | Custo: R$ 102137.12
2025-09-08 22:58:34,024 - INFO - VENDA: 2024-10-08 | Preço: R$ 10.58 | Ações: 9600 | Valor líquido: R$ 101458.94
2025-09-08 22:58:34,025 - INFO - PROGRESSO: Data 2024-10-15 | Pred: 0 | Cash: R$ 101,458.94 | Ações: 0
2025-09-08 22:58:34,025 - INFO - COMPRA: 2024-10-16 | Preço: R$ 10.86 | Ações: 9336 | Custo: R$ 101458.94
2025-09-08 22:58:34,025 - INFO - COMPRA: 2024-10-17 | Preço: R$ 10.60 | Ações: 0 | Custo: R$ 0.00
2025-09-08 22:58:34,025 - INFO - VENDA: 2024-10-18 | Preço: R$ 10.53 | Ações: 9336 | Valor líquido: R$ 98213.00
2025-09-08 22:58:34,026 - INFO - COMPRA: 2024-10-21 | Preço: R$ 10.73 | Ações: 9146 | Custo: R$ 98213.00
2025-09-08 22:58:34,026 - INFO - VENDA: 2024-10-24 | Preço: R$ 10.66 | Ações: 9146 | Valor líquido: R$ 97384.40
2025-09-08 22:58:34,026 - WARNING - COMPRA REJEITADA: Cash insuficiente (R$ 97384.40 < R$ 97384.40)
2025-09-08 22:58:34,026 - WARNING - COMPRA REJEITADA: Cash insuficiente (R$ 97384.40 < R$ 97384.40)
2025-09-08 22:58:34,026 - INFO - COMPRA: 2024-10-30 | Preço: R$ 10.66 | Ações: 9127 | Custo: R$ 97384.40
2025-09-08 22:58:34,027 - INFO - VENDA: 2024-11-01 | Preço: R$ 10.30 | Ações: 9127 | Valor líquido: R$ 93944.16
2025-09-08 22:58:34,027 - INFO - COMPRA: 2024-11-04 | Preço: R$ 10.74 | Ações: 8740 | Custo: R$ 93944.16
2025-09-08 22:58:34,027 - INFO - VENDA: 2024-11-06 | Preço: R$ 10.53 | Ações: 8740 | Valor líquido: R$ 91943.48
2025-09-08 22:58:34,028 - INFO - COMPRA: 2024-11-25 | Preço: R$ 10.03 | Ações: 9161 | Custo: R$ 91943.48
2025-09-08 22:58:34,028 - INFO - VENDA: 2024-11-26 | Preço: R$ 10.07 | Ações: 9161 | Valor líquido: R$ 92121.75
2025-09-08 22:58:34,028 - INFO - COMPRA: 2024-11-27 | Preço: R$ 9.65 | Ações: 9537 | Custo: R$ 92121.75
2025-09-08 22:58:34,029 - INFO - VENDA: 2024-11-28 | Preço: R$ 9.05 | Ações: 9537 | Valor líquido: R$ 86191.58
2025-09-08 22:58:34,029 - INFO - COMPRA: 2024-12-05 | Preço: R$ 9.67 | Ações: 8904 | Custo: R$ 86191.58
2025-09-08 22:58:34,029 - INFO - VENDA: 2024-12-09 | Preço: R$ 9.89 | Ações: 8904 | Valor líquido: R$ 87954.37
2025-09-08 22:58:34,030 - INFO - COMPRA: 2024-12-11 | Preço: R$ 10.27 | Ações: 8553 | Custo: R$ 87954.37
2025-09-08 22:58:34,030 - INFO - VENDA: 2024-12-12 | Preço: R$ 10.16 | Ações: 8553 | Valor líquido: R$ 86849.31
2025-09-08 22:58:34,030 - INFO - COMPRA: 2024-12-19 | Preço: R$ 9.87 | Ações: 8793 | Custo: R$ 86849.31
2025-09-08 22:58:34,030 - INFO - VENDA: 2024-12-23 | Preço: R$ 10.14 | Ações: 8793 | Valor líquido: R$ 89107.57
2025-09-08 22:58:34,031 - INFO - RESUMO FINAL DO BACKTESTING:
2025-09-08 22:58:34,031 - INFO -   Total de trades: 65
2025-09-08 22:58:34,031 - INFO -   Compras realizadas: 35
2025-09-08 22:58:34,031 - INFO -   Vendas realizadas: 30
2025-09-08 22:58:34,031 - INFO -   Capital inicial: R$ 100,000.00
2025-09-08 22:58:34,031 - INFO -   Capital final: R$ 89,107.57
2025-09-08 22:58:34,031 - INFO -   Cash final: R$ 89,107.57
2025-09-08 22:58:34,031 - INFO -   Ações finais: 0
2025-09-08 22:58:34,032 - INFO -   Retorno total: -10.89%
