2025-09-01 23:34:52,147 - INFO - THRESHOLD OTIMIZADO: 0.500
2025-09-01 23:34:52,147 - INFO - F1-SCORE VALIDAÇÃO: 0.237
2025-09-01 23:34:52,147 - INFO - PROBABILIDADES MÉDIAS: Alta=0.276, Baixa=0.724
2025-09-01 23:34:52,148 - INFO - ============================================================
2025-09-01 23:34:52,148 - INFO - INICIANDO BACKTESTING
2025-09-01 23:34:52,148 - INFO - ============================================================
2025-09-01 23:34:52,148 - INFO - Tamanho test_df: 251
2025-09-01 23:34:52,148 - INFO - Tamanho predictions: 251
2025-09-01 23:34:52,149 - INFO - Capital inicial: R$ 100,000.00
2025-09-01 23:34:52,151 - INFO - Custo de transação: 0.100%
2025-09-01 23:34:52,151 - INFO - DISTRIBUIÇÃO DAS PREDIÇÕES:
2025-09-01 23:34:52,151 - INFO -   - Total: 251
2025-09-01 23:34:52,152 - INFO -   - Predições de alta (1): 26
2025-09-01 23:34:52,152 - INFO -   - Predições de baixa (0): 225
2025-09-01 23:34:52,152 - INFO -   - Percentual de alta: 10.4%
2025-09-01 23:34:52,153 - INFO - EXECUÇÃO DOS TRADES:
2025-09-01 23:34:52,153 - INFO - PROGRESSO: Data 2024-01-02 | Pred: 0 | Cash: R$ 100,000.00 | Ações: 0
2025-09-01 23:34:52,157 - INFO - PROGRESSO: Data 2024-03-14 | Pred: 0 | Cash: R$ 100,000.00 | Ações: 0
2025-09-01 23:34:52,159 - INFO - COMPRA: 2024-04-18 | Preço: R$ 10.83 | Ações: 9222 | Custo: R$ 100000.00
2025-09-01 23:34:52,160 - INFO - VENDA: 2024-04-19 | Preço: R$ 10.87 | Ações: 9222 | Valor líquido: R$ 100158.55
2025-09-01 23:34:52,160 - INFO - COMPRA: 2024-04-25 | Preço: R$ 10.53 | Ações: 9501 | Custo: R$ 100158.55
2025-09-01 23:34:52,162 - INFO - VENDA: 2024-04-30 | Preço: R$ 10.49 | Ações: 9501 | Valor líquido: R$ 99589.25
2025-09-01 23:34:52,162 - INFO - COMPRA: 2024-05-02 | Preço: R$ 10.75 | Ações: 9251 | Custo: R$ 99589.25
2025-09-01 23:34:52,162 - INFO - VENDA: 2024-05-03 | Preço: R$ 11.08 | Ações: 9251 | Valor líquido: R$ 102355.80
2025-09-01 23:34:52,162 - INFO - PROGRESSO: Data 2024-05-27 | Pred: 0 | Cash: R$ 102,355.80 | Ações: 0
2025-09-01 23:34:52,164 - INFO - COMPRA: 2024-05-31 | Preço: R$ 10.40 | Ações: 9828 | Custo: R$ 102355.80
2025-09-01 23:34:52,164 - INFO - VENDA: 2024-06-03 | Preço: R$ 10.39 | Ações: 9828 | Valor líquido: R$ 102055.82
2025-09-01 23:34:52,164 - INFO - COMPRA: 2024-06-04 | Preço: R$ 10.41 | Ações: 9790 | Custo: R$ 102055.82
2025-09-01 23:34:52,164 - INFO - COMPRA: 2024-06-05 | Preço: R$ 10.44 | Ações: 0 | Custo: R$ 0.00
2025-09-01 23:34:52,164 - INFO - VENDA: 2024-06-06 | Preço: R$ 10.77 | Ações: 9790 | Valor líquido: R$ 105370.60
2025-09-01 23:34:52,164 - WARNING - COMPRA REJEITADA: Cash insuficiente (R$ 105370.60 < R$ 105370.60)
2025-09-01 23:34:52,167 - INFO - COMPRA: 2024-06-12 | Preço: R$ 10.11 | Ações: 10409 | Custo: R$ 105370.60
2025-09-01 23:34:52,167 - INFO - VENDA: 2024-06-14 | Preço: R$ 10.08 | Ações: 10409 | Valor líquido: R$ 104856.74
2025-09-01 23:34:52,167 - INFO - COMPRA: 2024-06-17 | Preço: R$ 10.27 | Ações: 10201 | Custo: R$ 104856.74
2025-09-01 23:34:52,167 - INFO - VENDA: 2024-06-18 | Preço: R$ 10.32 | Ações: 10201 | Valor líquido: R$ 105142.72
2025-09-01 23:34:52,167 - INFO - COMPRA: 2024-06-19 | Preço: R$ 10.25 | Ações: 10243 | Custo: R$ 105142.72
2025-09-01 23:34:52,167 - INFO - VENDA: 2024-06-21 | Preço: R$ 10.19 | Ações: 10243 | Valor líquido: R$ 104230.42
2025-09-01 23:34:52,171 - INFO - PROGRESSO: Data 2024-08-06 | Pred: 0 | Cash: R$ 104,230.42 | Ações: 0
2025-09-01 23:34:52,175 - INFO - COMPRA: 2024-09-25 | Preço: R$ 10.67 | Ações: 9760 | Custo: R$ 104230.42
2025-09-01 23:34:52,176 - INFO - COMPRA: 2024-09-26 | Preço: R$ 10.73 | Ações: 0 | Custo: R$ 0.00
2025-09-01 23:34:52,176 - INFO - VENDA: 2024-09-27 | Preço: R$ 10.61 | Ações: 9760 | Valor líquido: R$ 103443.73
2025-09-01 23:34:52,177 - INFO - COMPRA: 2024-09-30 | Preço: R$ 10.59 | Ações: 9759 | Custo: R$ 103443.73
2025-09-01 23:34:52,177 - INFO - VENDA: 2024-10-01 | Preço: R$ 10.59 | Ações: 9759 | Valor líquido: R$ 103237.05
2025-09-01 23:34:52,177 - WARNING - COMPRA REJEITADA: Cash insuficiente (R$ 103237.05 < R$ 103237.05)
2025-09-01 23:34:52,177 - INFO - COMPRA: 2024-10-04 | Preço: R$ 10.63 | Ações: 9703 | Custo: R$ 103237.05
2025-09-01 23:34:52,177 - INFO - VENDA: 2024-10-07 | Preço: R$ 10.43 | Ações: 9703 | Valor líquido: R$ 101113.93
2025-09-01 23:34:52,177 - INFO - COMPRA: 2024-10-09 | Preço: R$ 10.56 | Ações: 9566 | Custo: R$ 101113.93
2025-09-01 23:34:52,178 - INFO - VENDA: 2024-10-10 | Preço: R$ 10.63 | Ações: 9566 | Valor líquido: R$ 101573.31
2025-09-01 23:34:52,178 - INFO - COMPRA: 2024-10-11 | Preço: R$ 10.57 | Ações: 9600 | Custo: R$ 101573.31
2025-09-01 23:34:52,179 - INFO - VENDA: 2024-10-14 | Preço: R$ 10.76 | Ações: 9600 | Valor líquido: R$ 103172.09
2025-09-01 23:34:52,179 - INFO - PROGRESSO: Data 2024-10-15 | Pred: 0 | Cash: R$ 103,172.09 | Ações: 0
2025-09-01 23:34:52,179 - WARNING - COMPRA REJEITADA: Cash insuficiente (R$ 103172.09 < R$ 103172.09)
2025-09-01 23:34:52,179 - WARNING - COMPRA REJEITADA: Cash insuficiente (R$ 103172.09 < R$ 103172.09)
2025-09-01 23:34:52,184 - INFO - COMPRA: 2024-10-25 | Preço: R$ 10.59 | Ações: 9733 | Custo: R$ 103172.09
2025-09-01 23:34:52,186 - INFO - VENDA: 2024-10-28 | Preço: R$ 10.77 | Ações: 9733 | Valor líquido: R$ 104696.48
2025-09-01 23:34:52,186 - WARNING - COMPRA REJEITADA: Cash insuficiente (R$ 104696.48 < R$ 104696.48)
2025-09-01 23:34:52,186 - INFO - COMPRA: 2024-11-08 | Preço: R$ 10.19 | Ações: 10260 | Custo: R$ 104696.48
2025-09-01 23:34:52,188 - INFO - VENDA: 2024-11-11 | Preço: R$ 10.05 | Ações: 10260 | Valor líquido: R$ 102967.11
2025-09-01 23:34:52,190 - INFO - RESUMO FINAL DO BACKTESTING:
2025-09-01 23:34:52,190 - INFO -   Total de trades: 32
2025-09-01 23:34:52,191 - INFO -   Compras realizadas: 17
2025-09-01 23:34:52,191 - INFO -   Vendas realizadas: 15
2025-09-01 23:34:52,191 - INFO -   Capital inicial: R$ 100,000.00
2025-09-01 23:34:52,191 - INFO -   Capital final: R$ 102,967.11
2025-09-01 23:34:52,191 - INFO -   Cash final: R$ 102,967.11
2025-09-01 23:34:52,191 - INFO -   Ações finais: 0
2025-09-01 23:34:52,192 - INFO -   Retorno total: +2.97%
