2025-09-01 23:09:57,811 - INFO - THRESHOLD OTIMIZADO: 0.449
2025-09-01 23:09:57,813 - INFO - F1-SCORE VALIDAÇÃO: 0.659
2025-09-01 23:09:57,813 - INFO - PROBABILIDADES MÉDIAS: Alta=0.466, Baixa=0.534
2025-09-01 23:09:57,813 - INFO - ============================================================
2025-09-01 23:09:57,813 - INFO - INICIANDO BACKTESTING
2025-09-01 23:09:57,813 - INFO - ============================================================
2025-09-01 23:09:57,813 - INFO - Tamanho test_df: 251
2025-09-01 23:09:57,814 - INFO - Tamanho predictions: 251
2025-09-01 23:09:57,814 - INFO - Capital inicial: R$ 100,000.00
2025-09-01 23:09:57,816 - INFO - Custo de transação: 0.100%
2025-09-01 23:09:57,817 - INFO - DISTRIBUIÇÃO DAS PREDIÇÕES:
2025-09-01 23:09:57,817 - INFO -   - Total: 251
2025-09-01 23:09:57,817 - INFO -   - Predições de alta (1): 251
2025-09-01 23:09:57,817 - INFO -   - Predições de baixa (0): 0
2025-09-01 23:09:57,817 - INFO -   - Percentual de alta: 100.0%
2025-09-01 23:09:57,817 - INFO - EXECUÇÃO DOS TRADES:
2025-09-01 23:09:57,818 - INFO - PROGRESSO: Data 2024-01-02 | Pred: 1 | Cash: R$ 100,000.00 | Ações: 0
2025-09-01 23:09:57,818 - INFO - COMPRA: 2024-01-02 | Preço: R$ 13.65 | Ações: 7321 | Custo: R$ 100000.00
2025-09-01 23:09:57,822 - INFO - PROGRESSO: Data 2024-03-14 | Pred: 1 | Cash: R$ 0.00 | Ações: 7321
2025-09-01 23:09:57,827 - INFO - PROGRESSO: Data 2024-05-27 | Pred: 1 | Cash: R$ 0.00 | Ações: 7321
2025-09-01 23:09:57,829 - INFO - PROGRESSO: Data 2024-08-06 | Pred: 1 | Cash: R$ 0.00 | Ações: 7321
2025-09-01 23:09:57,834 - INFO - PROGRESSO: Data 2024-10-15 | Pred: 1 | Cash: R$ 0.00 | Ações: 7321
2025-09-01 23:09:57,837 - INFO - RESUMO FINAL DO BACKTESTING:
2025-09-01 23:09:57,837 - INFO -   Total de trades: 1
2025-09-01 23:09:57,837 - INFO -   Compras realizadas: 1
2025-09-01 23:09:57,837 - INFO -   Vendas realizadas: 0
2025-09-01 23:09:57,837 - INFO -   Capital inicial: R$ 100,000.00
2025-09-01 23:09:57,837 - INFO -   Capital final: R$ 74,700.91
2025-09-01 23:09:57,838 - INFO -   Cash final: R$ 0.00
2025-09-01 23:09:57,838 - INFO -   Ações finais: 7321
2025-09-01 23:09:57,838 - INFO -   Retorno total: -25.30%
