2025-08-29 17:02:46,113 - INFO - ============================================================
2025-08-29 17:02:46,113 - INFO - INICIANDO BACKTESTING
2025-08-29 17:02:46,113 - INFO - ============================================================
2025-08-29 17:02:46,113 - INFO - Tamanho test_df: 251
2025-08-29 17:02:46,113 - INFO - Tamanho predictions: 251
2025-08-29 17:02:46,113 - INFO - Capital inicial: R$ 100,000.00
2025-08-29 17:02:46,113 - INFO - Custo de transação: 0.100%
2025-08-29 17:02:46,113 - INFO - DISTRIBUIÇÃO DAS PREDIÇÕES:
2025-08-29 17:02:46,113 - INFO -   - Total: 251
2025-08-29 17:02:46,117 - INFO -   - Predições de alta (1): 75
2025-08-29 17:02:46,117 - INFO -   - Predições de baixa (0): 176
2025-08-29 17:02:46,118 - INFO -   - Percentual de alta: 29.9%
2025-08-29 17:02:46,118 - INFO - EXECUÇÃO DOS TRADES:
2025-08-29 17:02:46,118 - INFO - PROGRESSO: Data 2024-01-02 | Pred: 0 | Cash: R$ 100,000.00 | Ações: 0
2025-08-29 17:02:46,122 - INFO - COMPRA: 2024-01-26 | Preço: R$ 12.76 | Ações: 7829 | Custo: R$ 100000.00
2025-08-29 17:02:46,122 - INFO - COMPRA: 2024-01-29 | Preço: R$ 12.77 | Ações: 0 | Custo: R$ 0.00
2025-08-29 17:02:46,122 - INFO - VENDA: 2024-01-30 | Preço: R$ 12.54 | Ações: 7829 | Valor líquido: R$ 98067.83
2025-08-29 17:02:46,122 - INFO - COMPRA: 2024-01-31 | Preço: R$ 12.63 | Ações: 7760 | Custo: R$ 98067.83
2025-08-29 17:02:46,122 - INFO - VENDA: 2024-02-01 | Preço: R$ 12.77 | Ações: 7760 | Valor líquido: R$ 98991.72
2025-08-29 17:02:46,124 - INFO - COMPRA: 2024-02-06 | Preço: R$ 12.72 | Ações: 7774 | Custo: R$ 98991.72
2025-08-29 17:02:46,124 - INFO - VENDA: 2024-02-07 | Preço: R$ 12.99 | Ações: 7774 | Valor líquido: R$ 100887.96
2025-08-29 17:02:46,125 - INFO - COMPRA: 2024-02-08 | Preço: R$ 12.63 | Ações: 7983 | Custo: R$ 100887.96
2025-08-29 17:02:46,125 - INFO - VENDA: 2024-02-09 | Preço: R$ 12.62 | Ações: 7983 | Valor líquido: R$ 100609.58
2025-08-29 17:02:46,127 - INFO - COMPRA: 2024-02-27 | Preço: R$ 12.19 | Ações: 8246 | Custo: R$ 100609.58
2025-08-29 17:02:46,127 - INFO - VENDA: 2024-02-28 | Preço: R$ 12.16 | Ações: 8246 | Valor líquido: R$ 100169.31
2025-08-29 17:02:46,128 - INFO - COMPRA: 2024-03-01 | Preço: R$ 12.02 | Ações: 8323 | Custo: R$ 100169.31
2025-08-29 17:02:46,128 - INFO - VENDA: 2024-03-04 | Preço: R$ 11.99 | Ações: 8323 | Valor líquido: R$ 99727.71
2025-08-29 17:02:46,128 - WARNING - COMPRA REJEITADA: Cash insuficiente (R$ 99727.71 < R$ 99727.71)
2025-08-29 17:02:46,129 - INFO - COMPRA: 2024-03-08 | Preço: R$ 11.97 | Ações: 8326 | Custo: R$ 99727.71
2025-08-29 17:02:46,129 - INFO - VENDA: 2024-03-12 | Preço: R$ 12.33 | Ações: 8326 | Valor líquido: R$ 102588.39
2025-08-29 17:02:46,129 - INFO - PROGRESSO: Data 2024-03-14 | Pred: 0 | Cash: R$ 102,588.39 | Ações: 0
2025-08-29 17:02:46,129 - INFO - COMPRA: 2024-03-15 | Preço: R$ 11.98 | Ações: 8558 | Custo: R$ 102588.39
2025-08-29 17:02:46,131 - INFO - COMPRA: 2024-03-18 | Preço: R$ 12.00 | Ações: 0 | Custo: R$ 0.00
2025-08-29 17:02:46,131 - INFO - VENDA: 2024-03-19 | Preço: R$ 11.92 | Ações: 8558 | Valor líquido: R$ 101886.82
2025-08-29 17:02:46,131 - WARNING - COMPRA REJEITADA: Cash insuficiente (R$ 101886.82 < R$ 101886.82)
2025-08-29 17:02:46,131 - INFO - COMPRA: 2024-03-21 | Preço: R$ 11.85 | Ações: 8590 | Custo: R$ 101886.82
2025-08-29 17:02:46,131 - INFO - VENDA: 2024-03-26 | Preço: R$ 11.49 | Ações: 8590 | Valor líquido: R$ 98628.86
2025-08-29 17:02:46,131 - INFO - COMPRA: 2024-04-02 | Preço: R$ 11.44 | Ações: 8616 | Custo: R$ 98628.86
2025-08-29 17:02:46,133 - INFO - VENDA: 2024-04-03 | Preço: R$ 11.66 | Ações: 8616 | Valor líquido: R$ 100356.91
2025-08-29 17:02:46,134 - WARNING - COMPRA REJEITADA: Cash insuficiente (R$ 100356.91 < R$ 100356.91)
2025-08-29 17:02:46,136 - WARNING - COMPRA REJEITADA: Cash insuficiente (R$ 100356.91 < R$ 100356.91)
2025-08-29 17:02:46,136 - INFO - COMPRA: 2024-05-03 | Preço: R$ 11.05 | Ações: 9076 | Custo: R$ 100356.91
2025-08-29 17:02:46,136 - INFO - VENDA: 2024-05-06 | Preço: R$ 11.41 | Ações: 9076 | Valor líquido: R$ 103418.54
2025-08-29 17:02:46,138 - INFO - COMPRA: 2024-05-09 | Preço: R$ 10.84 | Ações: 9529 | Custo: R$ 103418.54
2025-08-29 17:02:46,138 - INFO - VENDA: 2024-05-14 | Preço: R$ 11.18 | Ações: 9529 | Valor líquido: R$ 106451.75
2025-08-29 17:02:46,138 - WARNING - COMPRA REJEITADA: Cash insuficiente (R$ 106451.75 < R$ 106451.75)
2025-08-29 17:02:46,138 - INFO - COMPRA: 2024-05-17 | Preço: R$ 10.96 | Ações: 9704 | Custo: R$ 106451.75
2025-08-29 17:02:46,138 - INFO - VENDA: 2024-05-20 | Preço: R$ 10.97 | Ações: 9704 | Valor líquido: R$ 106333.33
2025-08-29 17:02:46,139 - INFO - COMPRA: 2024-05-22 | Preço: R$ 10.74 | Ações: 9886 | Custo: R$ 106333.33
2025-08-29 17:02:46,139 - INFO - VENDA: 2024-05-24 | Preço: R$ 10.84 | Ações: 9886 | Valor líquido: R$ 107081.25
2025-08-29 17:02:46,139 - INFO - PROGRESSO: Data 2024-05-27 | Pred: 0 | Cash: R$ 107,081.25 | Ações: 0
2025-08-29 17:02:46,139 - INFO - COMPRA: 2024-06-04 | Preço: R$ 10.41 | Ações: 10272 | Custo: R$ 107081.25
2025-08-29 17:02:46,139 - INFO - VENDA: 2024-06-05 | Preço: R$ 10.44 | Ações: 10272 | Valor líquido: R$ 107166.66
2025-08-29 17:02:46,141 - WARNING - COMPRA REJEITADA: Cash insuficiente (R$ 107166.66 < R$ 107166.66)
2025-08-29 17:02:46,142 - INFO - COMPRA: 2024-06-14 | Preço: R$ 10.02 | Ações: 10689 | Custo: R$ 107166.66
2025-08-29 17:02:46,142 - INFO - VENDA: 2024-06-17 | Preço: R$ 10.21 | Ações: 10689 | Valor líquido: R$ 109029.29
2025-08-29 17:02:46,144 - INFO - COMPRA: 2024-06-18 | Preço: R$ 10.23 | Ações: 10642 | Custo: R$ 109029.29
2025-08-29 17:02:46,144 - INFO - VENDA: 2024-06-19 | Preço: R$ 10.40 | Ações: 10642 | Valor líquido: R$ 110583.28
2025-08-29 17:02:46,144 - INFO - COMPRA: 2024-06-21 | Preço: R$ 10.26 | Ações: 10763 | Custo: R$ 110583.28
2025-08-29 17:02:46,144 - INFO - VENDA: 2024-06-24 | Preço: R$ 10.26 | Ações: 10763 | Valor líquido: R$ 110362.34
2025-08-29 17:02:46,146 - INFO - COMPRA: 2024-06-25 | Preço: R$ 9.94 | Ações: 11091 | Custo: R$ 110362.34
2025-08-29 17:02:46,146 - INFO - VENDA: 2024-06-27 | Preço: R$ 10.19 | Ações: 11091 | Valor líquido: R$ 112857.36
2025-08-29 17:02:46,146 - INFO - COMPRA: 2024-06-28 | Preço: R$ 10.03 | Ações: 11242 | Custo: R$ 112857.36
2025-08-29 17:02:46,146 - INFO - VENDA: 2024-07-01 | Preço: R$ 10.28 | Ações: 11242 | Valor líquido: R$ 115494.46
2025-08-29 17:02:46,146 - INFO - COMPRA: 2024-07-02 | Preço: R$ 10.38 | Ações: 11113 | Custo: R$ 115494.46
2025-08-29 17:02:46,148 - INFO - VENDA: 2024-07-03 | Preço: R$ 10.28 | Ações: 11113 | Valor líquido: R$ 114175.28
2025-08-29 17:02:46,148 - WARNING - COMPRA REJEITADA: Cash insuficiente (R$ 114175.28 < R$ 114175.28)
2025-08-29 17:02:46,148 - WARNING - COMPRA REJEITADA: Cash insuficiente (R$ 114175.28 < R$ 114175.28)
2025-08-29 17:02:46,148 - INFO - COMPRA: 2024-07-10 | Preço: R$ 10.63 | Ações: 10733 | Custo: R$ 114175.28
2025-08-29 17:02:46,148 - INFO - VENDA: 2024-07-12 | Preço: R$ 11.27 | Ações: 10733 | Valor líquido: R$ 120884.90
2025-08-29 17:02:46,148 - INFO - COMPRA: 2024-07-16 | Preço: R$ 11.28 | Ações: 10702 | Custo: R$ 120884.90
2025-08-29 17:02:46,150 - INFO - VENDA: 2024-07-18 | Preço: R$ 11.00 | Ações: 10702 | Valor líquido: R$ 117603.70
2025-08-29 17:02:46,150 - WARNING - COMPRA REJEITADA: Cash insuficiente (R$ 117603.70 < R$ 117603.70)
2025-08-29 17:02:46,151 - INFO - COMPRA: 2024-08-05 | Preço: R$ 10.76 | Ações: 10915 | Custo: R$ 117603.70
2025-08-29 17:02:46,151 - INFO - PROGRESSO: Data 2024-08-06 | Pred: 0 | Cash: R$ 0.00 | Ações: 10915
2025-08-29 17:02:46,153 - INFO - VENDA: 2024-08-06 | Preço: R$ 10.76 | Ações: 10915 | Valor líquido: R$ 117368.74
2025-08-29 17:02:46,154 - INFO - COMPRA: 2024-08-13 | Preço: R$ 12.40 | Ações: 9455 | Custo: R$ 117368.74
2025-08-29 17:02:46,154 - INFO - VENDA: 2024-08-14 | Preço: R$ 12.45 | Ações: 9455 | Valor líquido: R$ 117597.22
2025-08-29 17:02:46,154 - INFO - COMPRA: 2024-08-27 | Preço: R$ 12.32 | Ações: 9533 | Custo: R$ 117597.22
2025-08-29 17:02:46,156 - INFO - VENDA: 2024-08-28 | Preço: R$ 12.35 | Ações: 9533 | Valor líquido: R$ 117642.37
2025-08-29 17:02:46,156 - INFO - COMPRA: 2024-08-29 | Preço: R$ 12.19 | Ações: 9644 | Custo: R$ 117642.37
2025-08-29 17:02:46,156 - INFO - VENDA: 2024-08-30 | Preço: R$ 12.34 | Ações: 9644 | Valor líquido: R$ 118918.60
2025-08-29 17:02:46,156 - INFO - COMPRA: 2024-09-02 | Preço: R$ 12.21 | Ações: 9733 | Custo: R$ 118918.60
2025-08-29 17:02:46,156 - INFO - VENDA: 2024-09-03 | Preço: R$ 11.88 | Ações: 9733 | Valor líquido: R$ 115535.23
2025-08-29 17:02:46,158 - INFO - COMPRA: 2024-09-23 | Preço: R$ 11.14 | Ações: 10364 | Custo: R$ 115535.23
2025-08-29 17:02:46,158 - INFO - VENDA: 2024-09-25 | Preço: R$ 10.74 | Ações: 10364 | Valor líquido: R$ 111174.72
2025-08-29 17:02:46,159 - INFO - COMPRA: 2024-10-07 | Preço: R$ 10.54 | Ações: 10537 | Custo: R$ 111174.72
2025-08-29 17:02:46,159 - INFO - VENDA: 2024-10-08 | Preço: R$ 10.49 | Ações: 10537 | Valor líquido: R$ 110432.17
2025-08-29 17:02:46,159 - INFO - COMPRA: 2024-10-14 | Preço: R$ 10.78 | Ações: 10236 | Custo: R$ 110432.17
2025-08-29 17:02:46,159 - INFO - PROGRESSO: Data 2024-10-15 | Pred: 1 | Cash: R$ 0.00 | Ações: 10236
2025-08-29 17:02:46,159 - INFO - COMPRA: 2024-10-15 | Preço: R$ 10.73 | Ações: 0 | Custo: R$ 0.00
2025-08-29 17:02:46,159 - INFO - VENDA: 2024-10-16 | Preço: R$ 10.72 | Ações: 10236 | Valor líquido: R$ 109604.87
2025-08-29 17:02:46,161 - WARNING - COMPRA REJEITADA: Cash insuficiente (R$ 109604.87 < R$ 109604.87)
2025-08-29 17:02:46,161 - INFO - COMPRA: 2024-10-18 | Preço: R$ 10.55 | Ações: 10379 | Custo: R$ 109604.87
2025-08-29 17:02:46,161 - INFO - VENDA: 2024-10-21 | Preço: R$ 10.62 | Ações: 10379 | Valor líquido: R$ 110103.51
2025-08-29 17:02:46,161 - INFO - COMPRA: 2024-10-22 | Preço: R$ 10.40 | Ações: 10575 | Custo: R$ 110103.51
2025-08-29 17:02:46,161 - INFO - COMPRA: 2024-10-23 | Preço: R$ 10.50 | Ações: 0 | Custo: R$ 0.00
2025-08-29 17:02:46,161 - INFO - COMPRA: 2024-10-24 | Preço: R$ 10.63 | Ações: 0 | Custo: R$ 0.00
2025-08-29 17:02:46,161 - INFO - COMPRA: 2024-10-25 | Preço: R$ 10.66 | Ações: 0 | Custo: R$ 0.00
2025-08-29 17:02:46,161 - INFO - VENDA: 2024-10-28 | Preço: R$ 10.76 | Ações: 10575 | Valor líquido: R$ 113643.78
2025-08-29 17:02:46,163 - INFO - COMPRA: 2024-10-29 | Preço: R$ 10.73 | Ações: 10583 | Custo: R$ 113643.78
2025-08-29 17:02:46,163 - INFO - VENDA: 2024-10-30 | Preço: R$ 10.62 | Ações: 10583 | Valor líquido: R$ 112266.87
2025-08-29 17:02:46,163 - INFO - COMPRA: 2024-10-31 | Preço: R$ 10.53 | Ações: 10651 | Custo: R$ 112266.87
2025-08-29 17:02:46,163 - INFO - VENDA: 2024-11-08 | Preço: R$ 10.13 | Ações: 10651 | Valor líquido: R$ 107834.40
2025-08-29 17:02:46,163 - WARNING - COMPRA REJEITADA: Cash insuficiente (R$ 107834.40 < R$ 107834.40)
2025-08-29 17:02:46,163 - INFO - COMPRA: 2024-11-14 | Preço: R$ 10.02 | Ações: 10755 | Custo: R$ 107834.40
2025-08-29 17:02:46,165 - INFO - VENDA: 2024-11-19 | Preço: R$ 9.78 | Ações: 10755 | Valor líquido: R$ 105069.24
2025-08-29 17:02:46,165 - INFO - COMPRA: 2024-11-27 | Preço: R$ 9.66 | Ações: 10866 | Custo: R$ 105069.24
2025-08-29 17:02:46,165 - INFO - VENDA: 2024-11-28 | Preço: R$ 9.10 | Ações: 10866 | Valor líquido: R$ 98741.60
2025-08-29 17:02:46,167 - INFO - COMPRA: 2024-12-06 | Preço: R$ 9.81 | Ações: 10057 | Custo: R$ 98741.60
2025-08-29 17:02:46,167 - INFO - VENDA: 2024-12-10 | Preço: R$ 10.04 | Ações: 10057 | Valor líquido: R$ 100829.10
2025-08-29 17:02:46,167 - INFO - COMPRA: 2024-12-11 | Preço: R$ 10.14 | Ações: 9929 | Custo: R$ 100829.10
2025-08-29 17:02:46,167 - INFO - VENDA: 2024-12-12 | Preço: R$ 10.13 | Ações: 9929 | Valor líquido: R$ 100529.57
2025-08-29 17:02:46,167 - WARNING - COMPRA REJEITADA: Cash insuficiente (R$ 100529.57 < R$ 100529.57)
2025-08-29 17:02:46,169 - INFO - RESUMO FINAL DO BACKTESTING:
2025-08-29 17:02:46,169 - INFO -   Total de trades: 84
2025-08-29 17:02:46,169 - INFO -   Compras realizadas: 45
2025-08-29 17:02:46,169 - INFO -   Vendas realizadas: 39
2025-08-29 17:02:46,169 - INFO -   Capital inicial: R$ 100,000.00
2025-08-29 17:02:46,169 - INFO -   Capital final: R$ 100,529.57
2025-08-29 17:02:46,169 - INFO -   Cash final: R$ 100,529.57
2025-08-29 17:02:46,169 - INFO -   Ações finais: 0
2025-08-29 17:02:46,169 - INFO -   Retorno total: +0.53%
