2025-09-17 15:33:58,646 - INFO - THRESHOLDS FINANCEIROS: buy=0.70 sell=0.45 hold_min_days=3
2025-09-17 15:33:58,649 - INFO - PROBABILIDADE MÉDIA: 0.617
2025-09-17 15:33:58,650 - INFO - ============================================================
2025-09-17 15:33:58,651 - INFO - INICIANDO BACKTESTING REALISTA
2025-09-17 15:33:58,652 - INFO - ============================================================
2025-09-17 15:33:58,653 - INFO - Tamanho test_df: 251
2025-09-17 15:33:58,655 - INFO - Tamanho predictions: 251
2025-09-17 15:33:58,655 - INFO - Tamanho probabilities: 251
2025-09-17 15:33:58,660 - INFO - Capital inicial: R$ 100,000.00
2025-09-17 15:33:58,661 - INFO - Custo de transação: 0.100%
2025-09-17 15:33:58,694 - INFO - CDI real carregado: 253 dias disponíveis
2025-09-17 15:33:58,695 - INFO - Slippage Dinâmico: 0.2-2.0 bps | Lote: 100 | CDI: Real
2025-09-17 15:33:58,708 - INFO - DISTRIBUIÇÃO DAS PREDIÇÕES:
2025-09-17 15:33:58,708 - INFO -   - Total: 251
2025-09-17 15:33:58,709 - INFO -   - Predições de alta (1): 133
2025-09-17 15:33:58,710 - INFO -   - Predições de baixa (0): 118
2025-09-17 15:33:58,711 - INFO -   - Percentual de alta: 53.0%
2025-09-17 15:33:58,712 - INFO - EXECUÇÃO DOS TRADES:
2025-09-17 15:33:58,712 - INFO - PROGRESSO: Data 2024-01-02 | Pred: 0 | Cash: R$ 100,000.00 | Ações: 0
2025-09-17 15:33:58,715 - INFO - COMPRA: 2024-01-03 | Preço base: R$ 13.59 | Preço exec c/ slippage: R$ 13.59 | Ações: 6300 | Custo: R$ 85698.24 | Prob: 0.760 | Fração: 86.6%
2025-09-17 15:33:58,716 - INFO - COMPRA: 2024-01-04 | Preço base: R$ 13.16 | Preço exec c/ slippage: R$ 13.17 | Ações: 600 | Custo: R$ 7907.16 | Prob: 0.586 | Fração: 57.2%
2025-09-17 15:33:58,718 - INFO - COMPRA: 2024-01-05 | Preço base: R$ 13.35 | Preço exec c/ slippage: R$ 13.35 | Ações: 300 | Custo: R$ 4008.52 | Prob: 0.682 | Fração: 75.6%
2025-09-17 15:33:58,720 - WARNING - COMPRA REJEITADA: Quantidade calculada = 0 (prob: 0.465, fração: 36.4%)
2025-09-17 15:33:58,722 - INFO - COMPRA: 2024-01-09 | Preço base: R$ 13.53 | Preço exec c/ slippage: R$ 13.53 | Ações: 100 | Custo: R$ 1354.49 | Prob: 0.672 | Fração: 73.8%
2025-09-17 15:33:58,723 - INFO - VENDA: 2024-01-10 | Preço base: R$ 13.42 | Preço exec c/ slippage: R$ 13.42 | Ações: 7300 | Valor líquido: R$ 97894.56 | Slippage: 0.7 bps
2025-09-17 15:33:58,734 - INFO - COMPRA: 2024-01-30 | Preço base: R$ 12.54 | Preço exec c/ slippage: R$ 12.54 | Ações: 6600 | Custo: R$ 82843.67 | Prob: 0.738 | Fração: 84.0%
2025-09-17 15:33:58,736 - INFO - COMPRA: 2024-01-31 | Preço base: R$ 12.63 | Preço exec c/ slippage: R$ 12.63 | Ações: 1100 | Custo: R$ 13902.64 | Prob: 0.754 | Fração: 85.9%
2025-09-17 15:33:58,738 - WARNING - COMPRA REJEITADA: Quantidade calculada = 0 (prob: 0.485, fração: 39.2%)
2025-09-17 15:33:58,740 - INFO - COMPRA: 2024-02-02 | Preço base: R$ 12.68 | Preço exec c/ slippage: R$ 12.68 | Ações: 100 | Custo: R$ 1269.65 | Prob: 0.674 | Fração: 74.1%
2025-09-17 15:33:58,743 - WARNING - COMPRA REJEITADA: Quantidade calculada = 0 (prob: 0.663, fração: 72.2%)
2025-09-17 15:33:58,745 - INFO - VENDA: 2024-02-06 | Preço base: R$ 12.72 | Preço exec c/ slippage: R$ 12.72 | Ações: 7800 | Valor líquido: R$ 99122.09 | Slippage: 0.7 bps
2025-09-17 15:33:58,749 - INFO - COMPRA: 2024-03-12 | Preço base: R$ 12.33 | Preço exec c/ slippage: R$ 12.33 | Ações: 7000 | Custo: R$ 86428.43 | Prob: 0.751 | Fração: 85.5%
2025-09-17 15:33:58,752 - INFO - COMPRA: 2024-03-13 | Preço base: R$ 12.30 | Preço exec c/ slippage: R$ 12.31 | Ações: 800 | Custo: R$ 9854.21 | Prob: 0.628 | Fração: 65.5%
2025-09-17 15:33:58,753 - INFO - PROGRESSO: Data 2024-03-14 | Pred: 1 | Cash: R$ 5,409.01 | Ações: 7800
2025-09-17 15:33:58,754 - INFO - COMPRA: 2024-03-14 | Preço base: R$ 12.07 | Preço exec c/ slippage: R$ 12.07 | Ações: 100 | Custo: R$ 1208.51 | Prob: 0.371 | Fração: 27.4%
2025-09-17 15:33:58,754 - INFO - COMPRA: 2024-03-15 | Preço base: R$ 11.98 | Preço exec c/ slippage: R$ 11.98 | Ações: 100 | Custo: R$ 1198.82 | Prob: 0.495 | Fração: 40.7%
2025-09-17 15:33:58,755 - INFO - COMPRA: 2024-03-18 | Preço base: R$ 12.00 | Preço exec c/ slippage: R$ 12.01 | Ações: 100 | Custo: R$ 1201.73 | Prob: 0.519 | Fração: 44.7%
2025-09-17 15:33:58,755 - WARNING - COMPRA REJEITADA: Quantidade calculada = 0 (prob: 0.451, fração: 34.7%)
2025-09-17 15:33:58,755 - INFO - COMPRA: 2024-03-20 | Preço base: R$ 12.36 | Preço exec c/ slippage: R$ 12.36 | Ações: 100 | Custo: R$ 1237.59 | Prob: 0.754 | Fração: 85.9%
2025-09-17 15:33:58,756 - WARNING - COMPRA REJEITADA: Quantidade calculada = 0 (prob: 0.619, fração: 63.8%)
2025-09-17 15:33:58,756 - WARNING - COMPRA REJEITADA: Quantidade calculada = 0 (prob: 0.593, fração: 58.6%)
2025-09-17 15:33:58,757 - WARNING - COMPRA REJEITADA: Quantidade calculada = 0 (prob: 0.453, fração: 35.0%)
2025-09-17 15:33:58,757 - INFO - VENDA: 2024-03-26 | Preço base: R$ 11.49 | Preço exec c/ slippage: R$ 11.49 | Ações: 8200 | Valor líquido: R$ 94147.26 | Slippage: 0.7 bps
2025-09-17 15:33:58,758 - INFO - COMPRA: 2024-04-17 | Preço base: R$ 10.89 | Preço exec c/ slippage: R$ 10.89 | Ações: 7200 | Custo: R$ 78497.92 | Prob: 0.733 | Fração: 83.3%
2025-09-17 15:33:58,759 - INFO - COMPRA: 2024-04-18 | Preço base: R$ 10.83 | Preço exec c/ slippage: R$ 10.83 | Ações: 1000 | Custo: R$ 10844.02 | Prob: 0.626 | Fração: 65.2%
2025-09-17 15:33:58,764 - INFO - COMPRA: 2024-04-19 | Preço base: R$ 10.89 | Preço exec c/ slippage: R$ 10.89 | Ações: 400 | Custo: R$ 4360.95 | Prob: 0.735 | Fração: 83.5%
2025-09-17 15:33:58,766 - WARNING - COMPRA REJEITADA: Quantidade calculada = 0 (prob: 0.495, fração: 40.7%)
2025-09-17 15:33:58,768 - INFO - COMPRA: 2024-04-23 | Preço base: R$ 10.77 | Preço exec c/ slippage: R$ 10.77 | Ações: 100 | Custo: R$ 1078.56 | Prob: 0.818 | Fração: 91.9%
2025-09-17 15:33:58,771 - WARNING - COMPRA REJEITADA: Quantidade calculada = 0 (prob: 0.919, fração: 96.8%)
2025-09-17 15:33:58,771 - WARNING - COMPRA REJEITADA: Quantidade calculada = 0 (prob: 0.884, fração: 95.6%)
2025-09-17 15:33:58,772 - WARNING - COMPRA REJEITADA: Quantidade calculada = 0 (prob: 0.927, fração: 97.1%)
2025-09-17 15:33:58,772 - WARNING - COMPRA REJEITADA: Quantidade calculada = 0 (prob: 0.890, fração: 95.8%)
2025-09-17 15:33:58,772 - INFO - VENDA: 2024-04-30 | Preço base: R$ 10.68 | Preço exec c/ slippage: R$ 10.68 | Ações: 8700 | Valor líquido: R$ 92789.31 | Slippage: 0.7 bps
2025-09-17 15:33:58,774 - INFO - PROGRESSO: Data 2024-05-27 | Pred: 0 | Cash: R$ 93,973.50 | Ações: 0
2025-09-17 15:33:58,774 - INFO - COMPRA: 2024-05-29 | Preço base: R$ 10.58 | Preço exec c/ slippage: R$ 10.58 | Ações: 8400 | Custo: R$ 88964.31 | Prob: 0.869 | Fração: 94.9%
2025-09-17 15:33:58,774 - INFO - COMPRA: 2024-05-31 | Preço base: R$ 10.44 | Preço exec c/ slippage: R$ 10.44 | Ações: 200 | Custo: R$ 2090.92 | Prob: 0.591 | Fração: 58.3%
2025-09-17 15:33:58,775 - INFO - COMPRA: 2024-06-03 | Preço base: R$ 10.40 | Preço exec c/ slippage: R$ 10.41 | Ações: 200 | Custo: R$ 2083.13 | Prob: 0.754 | Fração: 85.9%
2025-09-17 15:33:58,775 - WARNING - COMPRA REJEITADA: Quantidade calculada = 0 (prob: 0.780, fração: 88.7%)
2025-09-17 15:33:58,775 - WARNING - COMPRA REJEITADA: Quantidade calculada = 0 (prob: 0.799, fração: 90.3%)
2025-09-17 15:33:58,776 - WARNING - COMPRA REJEITADA: Quantidade calculada = 0 (prob: 0.785, fração: 89.2%)
2025-09-17 15:33:58,776 - WARNING - COMPRA REJEITADA: Quantidade calculada = 0 (prob: 0.919, fração: 96.8%)
2025-09-17 15:33:58,776 - WARNING - COMPRA REJEITADA: Quantidade calculada = 0 (prob: 0.828, fração: 92.6%)
2025-09-17 15:33:58,777 - WARNING - COMPRA REJEITADA: Quantidade calculada = 0 (prob: 0.888, fração: 95.8%)
2025-09-17 15:33:58,777 - WARNING - COMPRA REJEITADA: Quantidade calculada = 0 (prob: 0.704, fração: 79.1%)
2025-09-17 15:33:58,777 - WARNING - COMPRA REJEITADA: Quantidade calculada = 0 (prob: 0.692, fração: 77.3%)
2025-09-17 15:33:58,777 - WARNING - COMPRA REJEITADA: Quantidade calculada = 0 (prob: 0.777, fração: 88.4%)
2025-09-17 15:33:58,778 - WARNING - COMPRA REJEITADA: Quantidade calculada = 0 (prob: 0.836, fração: 93.1%)
2025-09-17 15:33:58,778 - WARNING - COMPRA REJEITADA: Quantidade calculada = 0 (prob: 0.705, fração: 79.3%)
2025-09-17 15:33:58,778 - WARNING - COMPRA REJEITADA: Quantidade calculada = 0 (prob: 0.884, fração: 95.6%)
2025-09-17 15:33:58,778 - WARNING - COMPRA REJEITADA: Quantidade calculada = 0 (prob: 0.789, fração: 89.5%)
2025-09-17 15:33:58,778 - WARNING - COMPRA REJEITADA: Quantidade calculada = 0 (prob: 0.568, fração: 53.6%)
2025-09-17 15:33:58,779 - WARNING - COMPRA REJEITADA: Quantidade calculada = 0 (prob: 0.761, fração: 86.7%)
2025-09-17 15:33:58,779 - WARNING - COMPRA REJEITADA: Quantidade calculada = 0 (prob: 0.867, fração: 94.8%)
2025-09-17 15:33:58,779 - WARNING - COMPRA REJEITADA: Quantidade calculada = 0 (prob: 0.665, fração: 72.5%)
2025-09-17 15:33:58,779 - INFO - VENDA: 2024-06-27 | Preço base: R$ 10.19 | Preço exec c/ slippage: R$ 10.19 | Ações: 8800 | Valor líquido: R$ 89539.08 | Slippage: 0.7 bps
2025-09-17 15:33:58,780 - INFO - COMPRA: 2024-07-09 | Preço base: R$ 10.49 | Preço exec c/ slippage: R$ 10.49 | Ações: 7100 | Custo: R$ 74556.93 | Prob: 0.732 | Fração: 83.1%
2025-09-17 15:33:58,780 - INFO - COMPRA: 2024-07-10 | Preço base: R$ 10.63 | Preço exec c/ slippage: R$ 10.63 | Ações: 900 | Custo: R$ 9574.47 | Prob: 0.624 | Fração: 64.7%
2025-09-17 15:33:58,780 - INFO - COMPRA: 2024-07-11 | Preço base: R$ 10.83 | Preço exec c/ slippage: R$ 10.83 | Ações: 400 | Custo: R$ 4337.74 | Prob: 0.682 | Fração: 75.5%
2025-09-17 15:33:58,781 - INFO - COMPRA: 2024-07-12 | Preço base: R$ 11.27 | Preço exec c/ slippage: R$ 11.27 | Ações: 100 | Custo: R$ 1128.60 | Prob: 0.547 | Fração: 49.6%
2025-09-17 15:33:58,781 - INFO - VENDA: 2024-07-15 | Preço base: R$ 11.22 | Preço exec c/ slippage: R$ 11.22 | Ações: 8500 | Valor líquido: R$ 95310.06 | Slippage: 0.7 bps
2025-09-17 15:33:58,781 - INFO - COMPRA: 2024-07-22 | Preço base: R$ 11.07 | Preço exec c/ slippage: R$ 11.07 | Ações: 7000 | Custo: R$ 77560.02 | Prob: 0.714 | Fração: 80.6%
2025-09-17 15:33:58,781 - INFO - COMPRA: 2024-07-23 | Preço base: R$ 10.89 | Preço exec c/ slippage: R$ 10.89 | Ações: 1200 | Custo: R$ 13083.96 | Prob: 0.645 | Fração: 68.8%
2025-09-17 15:33:58,782 - INFO - COMPRA: 2024-07-24 | Preço base: R$ 10.75 | Preço exec c/ slippage: R$ 10.76 | Ações: 400 | Custo: R$ 4306.34 | Prob: 0.703 | Fração: 78.9%
2025-09-17 15:33:58,782 - INFO - COMPRA: 2024-07-25 | Preço base: R$ 10.67 | Preço exec c/ slippage: R$ 10.67 | Ações: 100 | Custo: R$ 1067.75 | Prob: 0.661 | Fração: 71.9%
2025-09-17 15:33:58,782 - INFO - VENDA: 2024-07-26 | Preço base: R$ 10.73 | Preço exec c/ slippage: R$ 10.73 | Ações: 8700 | Valor líquido: R$ 93292.71 | Slippage: 0.7 bps
2025-09-17 15:33:58,783 - INFO - COMPRA: 2024-08-01 | Preço base: R$ 10.69 | Preço exec c/ slippage: R$ 10.69 | Ações: 8300 | Custo: R$ 88787.21 | Prob: 0.859 | Fração: 94.4%
2025-09-17 15:33:58,783 - INFO - COMPRA: 2024-08-02 | Preço base: R$ 10.26 | Preço exec c/ slippage: R$ 10.26 | Ações: 400 | Custo: R$ 4110.06 | Prob: 0.776 | Fração: 88.3%
2025-09-17 15:33:58,783 - WARNING - COMPRA REJEITADA: Quantidade calculada = 0 (prob: 0.696, fração: 77.8%)
2025-09-17 15:33:58,783 - INFO - PROGRESSO: Data 2024-08-06 | Pred: 1 | Cash: R$ 1,193.26 | Ações: 8700
2025-09-17 15:33:58,783 - WARNING - COMPRA REJEITADA: Quantidade calculada = 0 (prob: 0.749, fração: 85.3%)
2025-09-17 15:33:58,783 - WARNING - COMPRA REJEITADA: Quantidade calculada = 0 (prob: 0.767, fração: 87.3%)
2025-09-17 15:33:58,784 - WARNING - COMPRA REJEITADA: Quantidade calculada = 0 (prob: 0.737, fração: 83.8%)
2025-09-17 15:33:58,784 - INFO - VENDA: 2024-08-09 | Preço base: R$ 11.85 | Preço exec c/ slippage: R$ 11.85 | Ações: 8700 | Valor líquido: R$ 103005.42 | Slippage: 0.7 bps
2025-09-17 15:33:58,785 - INFO - COMPRA: 2024-08-30 | Preço base: R$ 12.34 | Preço exec c/ slippage: R$ 12.34 | Ações: 7300 | Custo: R$ 90197.46 | Prob: 0.761 | Fração: 86.6%
2025-09-17 15:33:58,786 - INFO - COMPRA: 2024-09-02 | Preço base: R$ 12.21 | Preço exec c/ slippage: R$ 12.21 | Ações: 200 | Custo: R$ 2443.66 | Prob: 0.264 | Fração: 22.7%
2025-09-17 15:33:58,786 - INFO - COMPRA: 2024-09-03 | Preço base: R$ 11.88 | Preço exec c/ slippage: R$ 11.88 | Ações: 200 | Custo: R$ 2378.89 | Prob: 0.266 | Fração: 22.7%
2025-09-17 15:33:58,787 - INFO - COMPRA: 2024-09-04 | Preço base: R$ 12.28 | Preço exec c/ slippage: R$ 12.28 | Ações: 500 | Custo: R$ 6148.41 | Prob: 0.649 | Fração: 69.6%
2025-09-17 15:33:58,787 - INFO - VENDA: 2024-09-05 | Preço base: R$ 12.26 | Preço exec c/ slippage: R$ 12.26 | Ações: 8200 | Valor líquido: R$ 100458.22 | Slippage: 0.7 bps
2025-09-17 15:33:58,788 - INFO - COMPRA: 2024-09-11 | Preço base: R$ 11.91 | Preço exec c/ slippage: R$ 11.91 | Ações: 8400 | Custo: R$ 100161.61 | Prob: 0.899 | Fração: 96.2%
2025-09-17 15:33:58,788 - INFO - COMPRA: 2024-09-12 | Preço base: R$ 11.91 | Preço exec c/ slippage: R$ 11.91 | Ações: 300 | Custo: R$ 3577.16 | Prob: 0.833 | Fração: 92.9%
2025-09-17 15:33:58,788 - WARNING - COMPRA REJEITADA: Quantidade calculada = 0 (prob: 0.733, fração: 83.3%)
2025-09-17 15:33:58,788 - WARNING - COMPRA REJEITADA: Quantidade calculada = 0 (prob: 0.766, fração: 87.2%)
2025-09-17 15:33:58,788 - WARNING - COMPRA REJEITADA: Quantidade calculada = 0 (prob: 0.666, fração: 72.8%)
2025-09-17 15:33:58,789 - WARNING - COMPRA REJEITADA: Quantidade calculada = 0 (prob: 0.828, fração: 92.6%)
2025-09-17 15:33:58,789 - WARNING - COMPRA REJEITADA: Quantidade calculada = 0 (prob: 0.814, fração: 91.6%)
2025-09-17 15:33:58,789 - WARNING - COMPRA REJEITADA: Quantidade calculada = 0 (prob: 0.810, fração: 91.3%)
2025-09-17 15:33:58,789 - WARNING - COMPRA REJEITADA: Quantidade calculada = 0 (prob: 0.777, fração: 88.4%)
2025-09-17 15:33:58,789 - WARNING - COMPRA REJEITADA: Quantidade calculada = 0 (prob: 0.644, fração: 68.7%)
2025-09-17 15:33:58,789 - WARNING - COMPRA REJEITADA: Quantidade calculada = 0 (prob: 0.618, fração: 63.6%)
2025-09-17 15:33:58,790 - INFO - VENDA: 2024-09-26 | Preço base: R$ 10.72 | Preço exec c/ slippage: R$ 10.72 | Ações: 8700 | Valor líquido: R$ 93147.62 | Slippage: 0.7 bps
2025-09-17 15:33:58,790 - INFO - COMPRA: 2024-10-03 | Preço base: R$ 10.58 | Preço exec c/ slippage: R$ 10.58 | Ações: 8500 | Custo: R$ 90023.77 | Prob: 0.899 | Fração: 96.2%
2025-09-17 15:33:58,790 - INFO - COMPRA: 2024-10-04 | Preço base: R$ 10.68 | Preço exec c/ slippage: R$ 10.68 | Ações: 300 | Custo: R$ 3206.97 | Prob: 0.895 | Fração: 96.0%
2025-09-17 15:33:58,790 - WARNING - COMPRA REJEITADA: Quantidade calculada = 0 (prob: 0.852, fração: 94.0%)
2025-09-17 15:33:58,791 - WARNING - COMPRA REJEITADA: Quantidade calculada = 0 (prob: 0.897, fração: 96.1%)
2025-09-17 15:33:58,791 - WARNING - COMPRA REJEITADA: Quantidade calculada = 0 (prob: 0.905, fração: 96.4%)
2025-09-17 15:33:58,791 - WARNING - COMPRA REJEITADA: Quantidade calculada = 0 (prob: 0.762, fração: 86.8%)
2025-09-17 15:33:58,791 - WARNING - COMPRA REJEITADA: Quantidade calculada = 0 (prob: 0.772, fração: 87.9%)
2025-09-17 15:33:58,791 - WARNING - COMPRA REJEITADA: Quantidade calculada = 0 (prob: 0.732, fração: 83.1%)
2025-09-17 15:33:58,791 - INFO - PROGRESSO: Data 2024-10-15 | Pred: 1 | Cash: R$ 658.47 | Ações: 8800
2025-09-17 15:33:58,792 - WARNING - COMPRA REJEITADA: Quantidade calculada = 0 (prob: 0.817, fração: 91.8%)
2025-09-17 15:33:58,792 - WARNING - COMPRA REJEITADA: Quantidade calculada = 0 (prob: 0.791, fração: 89.7%)
2025-09-17 15:33:58,792 - WARNING - COMPRA REJEITADA: Quantidade calculada = 0 (prob: 0.864, fração: 94.7%)
2025-09-17 15:33:58,792 - WARNING - COMPRA REJEITADA: Quantidade calculada = 0 (prob: 0.911, fração: 96.6%)
2025-09-17 15:33:58,792 - WARNING - COMPRA REJEITADA: Quantidade calculada = 0 (prob: 0.803, fração: 90.7%)
2025-09-17 15:33:58,792 - WARNING - COMPRA REJEITADA: Quantidade calculada = 0 (prob: 0.927, fração: 97.1%)
2025-09-17 15:33:58,793 - WARNING - COMPRA REJEITADA: Quantidade calculada = 0 (prob: 0.836, fração: 93.1%)
2025-09-17 15:33:58,793 - WARNING - COMPRA REJEITADA: Quantidade calculada = 0 (prob: 0.695, fração: 77.7%)
2025-09-17 15:33:58,793 - WARNING - COMPRA REJEITADA: Quantidade calculada = 0 (prob: 0.669, fração: 73.3%)
2025-09-17 15:33:58,793 - WARNING - COMPRA REJEITADA: Quantidade calculada = 0 (prob: 0.843, fração: 93.5%)
2025-09-17 15:33:58,793 - WARNING - COMPRA REJEITADA: Quantidade calculada = 0 (prob: 0.686, fração: 76.2%)
2025-09-17 15:33:58,794 - WARNING - COMPRA REJEITADA: Quantidade calculada = 0 (prob: 0.765, fração: 87.1%)
2025-09-17 15:33:58,794 - WARNING - COMPRA REJEITADA: Quantidade calculada = 0 (prob: 0.850, fração: 93.9%)
2025-09-17 15:33:58,796 - WARNING - COMPRA REJEITADA: Quantidade calculada = 0 (prob: 0.855, fração: 94.2%)
2025-09-17 15:33:58,799 - WARNING - COMPRA REJEITADA: Quantidade calculada = 0 (prob: 0.822, fração: 92.2%)
2025-09-17 15:33:58,801 - WARNING - COMPRA REJEITADA: Quantidade calculada = 0 (prob: 0.905, fração: 96.4%)
2025-09-17 15:33:58,801 - WARNING - COMPRA REJEITADA: Quantidade calculada = 0 (prob: 0.810, fração: 91.3%)
2025-09-17 15:33:58,802 - WARNING - COMPRA REJEITADA: Quantidade calculada = 0 (prob: 0.504, fração: 42.2%)
2025-09-17 15:33:58,802 - WARNING - COMPRA REJEITADA: Quantidade calculada = 0 (prob: 0.817, fração: 91.8%)
2025-09-17 15:33:58,802 - WARNING - COMPRA REJEITADA: Quantidade calculada = 0 (prob: 0.691, fração: 77.1%)
2025-09-17 15:33:58,802 - WARNING - COMPRA REJEITADA: Quantidade calculada = 0 (prob: 0.652, fração: 70.3%)
2025-09-17 15:33:58,802 - WARNING - COMPRA REJEITADA: Quantidade calculada = 0 (prob: 0.710, fração: 80.0%)
2025-09-17 15:33:58,804 - WARNING - COMPRA REJEITADA: Quantidade calculada = 0 (prob: 0.450, fração: 34.6%)
2025-09-17 15:33:58,804 - WARNING - COMPRA REJEITADA: Quantidade calculada = 0 (prob: 0.683, fração: 75.7%)
2025-09-17 15:33:58,804 - WARNING - COMPRA REJEITADA: Quantidade calculada = 0 (prob: 0.718, fração: 81.2%)
2025-09-17 15:33:58,804 - WARNING - COMPRA REJEITADA: Quantidade calculada = 0 (prob: 0.791, fração: 89.7%)
2025-09-17 15:33:58,804 - WARNING - COMPRA REJEITADA: Quantidade calculada = 0 (prob: 0.909, fração: 96.5%)
2025-09-17 15:33:58,805 - WARNING - COMPRA REJEITADA: Quantidade calculada = 0 (prob: 0.814, fração: 91.6%)
2025-09-17 15:33:58,805 - WARNING - COMPRA REJEITADA: Quantidade calculada = 0 (prob: 0.851, fração: 94.0%)
2025-09-17 15:33:58,805 - WARNING - COMPRA REJEITADA: Quantidade calculada = 0 (prob: 0.829, fração: 92.6%)
2025-09-17 15:33:58,805 - WARNING - COMPRA REJEITADA: Quantidade calculada = 0 (prob: 0.859, fração: 94.4%)
2025-09-17 15:33:58,805 - WARNING - COMPRA REJEITADA: Quantidade calculada = 0 (prob: 0.570, fração: 54.0%)
2025-09-17 15:33:58,805 - WARNING - COMPRA REJEITADA: Quantidade calculada = 0 (prob: 0.775, fração: 88.1%)
2025-09-17 15:33:58,806 - WARNING - COMPRA REJEITADA: Quantidade calculada = 0 (prob: 0.857, fração: 94.3%)
2025-09-17 15:33:58,806 - WARNING - COMPRA REJEITADA: Quantidade calculada = 0 (prob: 0.882, fração: 95.5%)
2025-09-17 15:33:58,806 - WARNING - COMPRA REJEITADA: Quantidade calculada = 0 (prob: 0.656, fração: 70.9%)
2025-09-17 15:33:58,806 - WARNING - COMPRA REJEITADA: Quantidade calculada = 0 (prob: 0.553, fração: 50.8%)
2025-09-17 15:33:58,806 - WARNING - COMPRA REJEITADA: Quantidade calculada = 0 (prob: 0.890, fração: 95.8%)
2025-09-17 15:33:58,806 - WARNING - COMPRA REJEITADA: Quantidade calculada = 0 (prob: 0.716, fração: 80.9%)
2025-09-17 15:33:58,806 - WARNING - COMPRA REJEITADA: Quantidade calculada = 0 (prob: 0.494, fração: 40.6%)
2025-09-17 15:33:58,806 - INFO - VENDA: 2024-12-12 | Preço base: R$ 10.13 | Preço exec c/ slippage: R$ 10.13 | Ações: 8800 | Valor líquido: R$ 89090.16 | Slippage: 0.7 bps
2025-09-17 15:33:58,807 - INFO - COMPRA: 2024-12-18 | Preço base: R$ 9.76 | Preço exec c/ slippage: R$ 9.76 | Ações: 8000 | Custo: R$ 78155.87 | Prob: 0.769 | Fração: 87.5%
2025-09-17 15:33:58,807 - INFO - COMPRA: 2024-12-19 | Preço base: R$ 9.87 | Preço exec c/ slippage: R$ 9.87 | Ações: 900 | Custo: R$ 8890.47 | Prob: 0.699 | Fração: 78.3%
2025-09-17 15:33:58,807 - INFO - COMPRA: 2024-12-20 | Preço base: R$ 10.05 | Preço exec c/ slippage: R$ 10.05 | Ações: 200 | Custo: R$ 2011.28 | Prob: 0.867 | Fração: 94.8%
2025-09-17 15:33:58,807 - WARNING - COMPRA REJEITADA: Quantidade calculada = 0 (prob: 0.907, fração: 96.5%)
2025-09-17 15:33:58,807 - WARNING - COMPRA REJEITADA: Quantidade calculada = 0 (prob: 0.878, fração: 95.3%)
2025-09-17 15:33:58,808 - WARNING - COMPRA REJEITADA: Quantidade calculada = 0 (prob: 0.877, fração: 95.3%)
2025-09-17 15:33:58,808 - INFO - RESUMO FINAL DO BACKTESTING:
2025-09-17 15:33:58,808 - INFO -   Total de trades: 52
2025-09-17 15:33:58,808 - INFO -   Compras realizadas: 41
2025-09-17 15:33:58,808 - INFO -   Vendas realizadas: 11
2025-09-17 15:33:58,808 - INFO -   Capital inicial: R$ 100,000.00
2025-09-17 15:33:58,808 - INFO -   Capital final: R$ 93,729.76
2025-09-17 15:33:58,808 - INFO -   Cash final: R$ 873.73
2025-09-17 15:33:58,808 - INFO -   Ações finais: 9100
2025-09-17 15:33:58,808 - INFO -   Retorno total: -6.27%
