2025-09-10 16:24:29,140 - INFO - THRESHOLDS FINANCEIROS: buy=0.65 sell=0.35 hold_min_days=3
2025-09-10 16:24:29,142 - INFO - PROBABILIDADE MÉDIA: 0.387
2025-09-10 16:24:29,144 - INFO - ============================================================
2025-09-10 16:24:29,144 - INFO - INICIANDO BACKTESTING
2025-09-10 16:24:29,145 - INFO - ============================================================
2025-09-10 16:24:29,146 - INFO - Tamanho test_df: 251
2025-09-10 16:24:29,147 - INFO - Tamanho predictions: 251
2025-09-10 16:24:29,147 - INFO - Capital inicial: R$ 100,000.00
2025-09-10 16:24:29,151 - INFO - Custo de transação: 0.100%
2025-09-10 16:24:29,153 - INFO - DISTRIBUIÇÃO DAS PREDIÇÕES:
2025-09-10 16:24:29,154 - INFO -   - Total: 251
2025-09-10 16:24:29,154 - INFO -   - Predições de alta (1): 65
2025-09-10 16:24:29,154 - INFO -   - Predições de baixa (0): 186
2025-09-10 16:24:29,156 - INFO -   - Percentual de alta: 25.9%
2025-09-10 16:24:29,156 - INFO - EXECUÇÃO DOS TRADES:
2025-09-10 16:24:29,156 - INFO - PROGRESSO: Data 2024-01-02 | Pred: 0 | Cash: R$ 100,000.00 | Ações: 0
2025-09-10 16:24:29,161 - INFO - PROGRESSO: Data 2024-03-14 | Pred: 0 | Cash: R$ 100,000.00 | Ações: 0
2025-09-10 16:24:29,164 - INFO - COMPRA: 2024-04-24 | Preço: R$ 10.61 | Ações: 9417 | Custo: R$ 100000.00
2025-09-10 16:24:29,165 - INFO - VENDA: 2024-05-07 | Preço: R$ 11.20 | Ações: 9417 | Valor líquido: R$ 105380.24
2025-09-10 16:24:29,166 - INFO - PROGRESSO: Data 2024-05-27 | Pred: 0 | Cash: R$ 105,380.24 | Ações: 0
2025-09-10 16:24:29,166 - WARNING - COMPRA REJEITADA: Cash insuficiente (R$ 105380.24 < R$ 105380.24)
2025-09-10 16:24:29,167 - WARNING - COMPRA REJEITADA: Cash insuficiente (R$ 105380.24 < R$ 105380.24)
2025-09-10 16:24:29,167 - INFO - COMPRA: 2024-06-07 | Preço: R$ 10.45 | Ações: 10071 | Custo: R$ 105380.24
2025-09-10 16:24:29,168 - INFO - VENDA: 2024-07-15 | Preço: R$ 11.22 | Ações: 10071 | Valor líquido: R$ 112934.25
2025-09-10 16:24:29,170 - INFO - COMPRA: 2024-08-01 | Preço: R$ 10.69 | Ações: 10558 | Custo: R$ 112934.25
2025-09-10 16:24:29,170 - INFO - COMPRA: 2024-08-02 | Preço: R$ 10.26 | Ações: 0 | Custo: R$ 0.00
2025-09-10 16:24:29,170 - INFO - PROGRESSO: Data 2024-08-06 | Pred: 1 | Cash: R$ 0.00 | Ações: 10558
2025-09-10 16:24:29,171 - INFO - VENDA: 2024-08-08 | Preço: R$ 11.48 | Ações: 10558 | Valor líquido: R$ 121084.20
2025-09-10 16:24:29,174 - WARNING - COMPRA REJEITADA: Cash insuficiente (R$ 121084.20 < R$ 121084.20)
2025-09-10 16:24:29,174 - WARNING - COMPRA REJEITADA: Cash insuficiente (R$ 121084.20 < R$ 121084.20)
2025-09-10 16:24:29,174 - INFO - COMPRA: 2024-10-09 | Preço: R$ 10.59 | Ações: 11423 | Custo: R$ 121084.20
2025-09-10 16:24:29,175 - INFO - PROGRESSO: Data 2024-10-15 | Pred: 1 | Cash: R$ 0.00 | Ações: 11423
2025-09-10 16:24:29,175 - INFO - VENDA: 2024-10-24 | Preço: R$ 10.63 | Ações: 11423 | Valor líquido: R$ 121293.60
2025-09-10 16:24:29,176 - INFO - COMPRA: 2024-11-28 | Preço: R$ 9.10 | Ações: 13321 | Custo: R$ 121293.60
2025-09-10 16:24:29,177 - INFO - VENDA: 2024-12-13 | Preço: R$ 10.17 | Ações: 13321 | Valor líquido: R$ 135393.20
2025-09-10 16:24:29,178 - INFO - RESUMO FINAL DO BACKTESTING:
2025-09-10 16:24:29,178 - INFO -   Total de trades: 11
2025-09-10 16:24:29,178 - INFO -   Compras realizadas: 6
2025-09-10 16:24:29,179 - INFO -   Vendas realizadas: 5
2025-09-10 16:24:29,179 - INFO -   Capital inicial: R$ 100,000.00
2025-09-10 16:24:29,179 - INFO -   Capital final: R$ 135,393.20
2025-09-10 16:24:29,179 - INFO -   Cash final: R$ 135,393.20
2025-09-10 16:24:29,179 - INFO -   Ações finais: 0
2025-09-10 16:24:29,179 - INFO -   Retorno total: +35.39%
