2025-09-17 19:00:49,005 - INFO - THRESHOLDS FINANCEIROS: buy=0.88 sell=0.52 hold_min_days=3
2025-09-17 19:00:49,006 - INFO - PROBABILIDADE MÉDIA: 0.628
2025-09-17 19:00:49,006 - INFO - ============================================================
2025-09-17 19:00:49,006 - INFO - INICIANDO BACKTESTING REALISTA
2025-09-17 19:00:49,006 - INFO - ============================================================
2025-09-17 19:00:49,006 - INFO - Tamanho test_df: 251
2025-09-17 19:00:49,007 - INFO - Tamanho predictions: 251
2025-09-17 19:00:49,007 - INFO - Tamanho probabilities: 251
2025-09-17 19:00:49,010 - INFO - Capital inicial: R$ 100,000.00
2025-09-17 19:00:49,010 - INFO - Custo de transação: 0.100%
2025-09-17 19:00:49,024 - INFO - CDI real carregado: 253 dias disponíveis
2025-09-17 19:00:49,025 - INFO - Slippage Dinâmico: 0.2-2.0 bps | Lote: 100 | CDI: Real
2025-09-17 19:00:49,030 - INFO - DISTRIBUIÇÃO DAS PREDIÇÕES:
2025-09-17 19:00:49,031 - INFO -   - Total: 251
2025-09-17 19:00:49,031 - INFO -   - Predições de alta (1): 90
2025-09-17 19:00:49,032 - INFO -   - Predições de baixa (0): 161
2025-09-17 19:00:49,032 - INFO -   - Percentual de alta: 35.9%
2025-09-17 19:00:49,032 - INFO - EXECUÇÃO DOS TRADES:
2025-09-17 19:00:49,033 - INFO - PROGRESSO: Data 2024-01-02 | Pred: 0 | Cash: R$ 100,000.00 | Ações: 0
2025-09-17 19:00:49,035 - INFO - COMPRA: 2024-01-05 | Preço base: R$ 13.35 | Preço exec c/ slippage: R$ 13.35 | Ações: 7200 | Custo: R$ 96205.54 | Prob: 0.907 | Fração: 96.5%
2025-09-17 19:00:49,036 - INFO - COMPRA: 2024-01-08 | Preço base: R$ 13.55 | Preço exec c/ slippage: R$ 13.55 | Ações: 200 | Custo: R$ 2712.84 | Prob: 0.804 | Fração: 90.8%
2025-09-17 19:00:49,037 - WARNING - COMPRA REJEITADA: Quantidade calculada = 0 (prob: 0.359, fração: 26.6%)
2025-09-17 19:00:49,038 - WARNING - COMPRA REJEITADA: Quantidade calculada = 0 (prob: 0.527, fração: 46.0%)
2025-09-17 19:00:49,040 - WARNING - COMPRA REJEITADA: Quantidade calculada = 0 (prob: 0.811, fração: 91.4%)
2025-09-17 19:00:49,041 - WARNING - COMPRA REJEITADA: Quantidade calculada = 0 (prob: 0.720, fração: 81.5%)
2025-09-17 19:00:49,042 - WARNING - COMPRA REJEITADA: Quantidade calculada = 0 (prob: 0.739, fração: 84.1%)
2025-09-17 19:00:49,043 - WARNING - COMPRA REJEITADA: Quantidade calculada = 0 (prob: 0.749, fração: 85.2%)
2025-09-17 19:00:49,043 - INFO - VENDA: 2024-01-17 | Preço base: R$ 13.36 | Preço exec c/ slippage: R$ 13.36 | Ações: 7400 | Valor líquido: R$ 98737.28 | Slippage: 0.7 bps
2025-09-17 19:00:49,045 - INFO - COMPRA: 2024-01-23 | Preço base: R$ 13.41 | Preço exec c/ slippage: R$ 13.42 | Ações: 7200 | Custo: R$ 96691.44 | Prob: 0.931 | Fração: 97.2%
2025-09-17 19:00:49,045 - WARNING - COMPRA REJEITADA: Quantidade calculada = 0 (prob: 0.261, fração: 22.6%)
2025-09-17 19:00:49,047 - WARNING - COMPRA REJEITADA: Quantidade calculada = 0 (prob: 0.246, fração: 22.3%)
2025-09-17 19:00:49,047 - WARNING - COMPRA REJEITADA: Quantidade calculada = 0 (prob: 0.420, fração: 31.3%)
2025-09-17 19:00:49,048 - INFO - VENDA: 2024-01-29 | Preço base: R$ 12.77 | Preço exec c/ slippage: R$ 12.77 | Ações: 7200 | Valor líquido: R$ 91843.61 | Slippage: 0.7 bps
2025-09-17 19:00:49,052 - INFO - COMPRA: 2024-02-20 | Preço base: R$ 12.42 | Preço exec c/ slippage: R$ 12.42 | Ações: 7500 | Custo: R$ 93272.87 | Prob: 0.941 | Fração: 97.4%
2025-09-17 19:00:49,053 - WARNING - COMPRA REJEITADA: Quantidade calculada = 0 (prob: 0.393, fração: 28.9%)
2025-09-17 19:00:49,054 - WARNING - COMPRA REJEITADA: Quantidade calculada = 0 (prob: 0.338, fração: 25.4%)
2025-09-17 19:00:49,055 - WARNING - COMPRA REJEITADA: Quantidade calculada = 0 (prob: 0.447, fração: 34.2%)
2025-09-17 19:00:49,056 - INFO - COMPRA: 2024-02-26 | Preço base: R$ 12.20 | Preço exec c/ slippage: R$ 12.20 | Ações: 100 | Custo: R$ 1221.45 | Prob: 0.583 | Fração: 56.6%
2025-09-17 19:00:49,057 - WARNING - COMPRA REJEITADA: Quantidade calculada = 0 (prob: 0.699, fração: 78.3%)
2025-09-17 19:00:49,058 - WARNING - COMPRA REJEITADA: Quantidade calculada = 0 (prob: 0.639, fração: 67.6%)
2025-09-17 19:00:49,060 - WARNING - COMPRA REJEITADA: Quantidade calculada = 0 (prob: 0.719, fração: 81.3%)
2025-09-17 19:00:49,061 - INFO - VENDA: 2024-03-01 | Preço base: R$ 12.02 | Preço exec c/ slippage: R$ 12.02 | Ações: 7600 | Valor líquido: R$ 91283.66 | Slippage: 0.7 bps
2025-09-17 19:00:49,064 - INFO - PROGRESSO: Data 2024-03-14 | Pred: 0 | Cash: R$ 93,001.59 | Ações: 0
2025-09-17 19:00:49,069 - INFO - COMPRA: 2024-04-09 | Preço base: R$ 11.95 | Preço exec c/ slippage: R$ 11.95 | Ações: 7600 | Custo: R$ 90922.88 | Prob: 0.946 | Fração: 97.6%
2025-09-17 19:00:49,070 - INFO - COMPRA: 2024-04-10 | Preço base: R$ 11.61 | Preço exec c/ slippage: R$ 11.61 | Ações: 100 | Custo: R$ 1162.27 | Prob: 0.679 | Fração: 75.0%
2025-09-17 19:00:49,070 - INFO - COMPRA: 2024-04-11 | Preço base: R$ 11.58 | Preço exec c/ slippage: R$ 11.58 | Ações: 100 | Custo: R$ 1159.35 | Prob: 0.752 | Fração: 85.6%
2025-09-17 19:00:49,071 - WARNING - COMPRA REJEITADA: Quantidade calculada = 0 (prob: 0.418, fração: 31.2%)
2025-09-17 19:00:49,072 - INFO - VENDA: 2024-04-15 | Preço base: R$ 11.03 | Preço exec c/ slippage: R$ 11.03 | Ações: 7800 | Valor líquido: R$ 85917.97 | Slippage: 0.7 bps
2025-09-17 19:00:49,075 - INFO - COMPRA: 2024-05-02 | Preço base: R$ 11.03 | Preço exec c/ slippage: R$ 11.03 | Ações: 7600 | Custo: R$ 83894.66 | Prob: 0.966 | Fração: 98.0%
2025-09-17 19:00:49,076 - INFO - COMPRA: 2024-05-03 | Preço base: R$ 11.05 | Preço exec c/ slippage: R$ 11.05 | Ações: 100 | Custo: R$ 1105.81 | Prob: 0.647 | Fração: 69.3%
2025-09-17 19:00:49,077 - INFO - COMPRA: 2024-05-06 | Preço base: R$ 11.41 | Preço exec c/ slippage: R$ 11.41 | Ações: 100 | Custo: R$ 1141.83 | Prob: 0.847 | Fração: 93.7%
2025-09-17 19:00:49,078 - WARNING - COMPRA REJEITADA: Quantidade calculada = 0 (prob: 0.566, fração: 53.2%)
2025-09-17 19:00:49,079 - WARNING - COMPRA REJEITADA: Quantidade calculada = 0 (prob: 0.797, fração: 90.2%)
2025-09-17 19:00:49,079 - INFO - VENDA: 2024-05-09 | Preço base: R$ 10.84 | Preço exec c/ slippage: R$ 10.84 | Ações: 7800 | Valor líquido: R$ 84478.42 | Slippage: 0.7 bps
2025-09-17 19:00:49,082 - INFO - PROGRESSO: Data 2024-05-27 | Pred: 0 | Cash: R$ 85,480.09 | Ações: 0
2025-09-17 19:00:49,085 - INFO - COMPRA: 2024-06-06 | Preço base: R$ 10.60 | Preço exec c/ slippage: R$ 10.60 | Ações: 7900 | Custo: R$ 83822.62 | Prob: 0.968 | Fração: 98.0%
2025-09-17 19:00:49,085 - INFO - COMPRA: 2024-06-07 | Preço base: R$ 10.45 | Preço exec c/ slippage: R$ 10.45 | Ações: 100 | Custo: R$ 1046.43 | Prob: 0.582 | Fração: 56.5%
2025-09-17 19:00:49,086 - WARNING - COMPRA REJEITADA: Quantidade calculada = 0 (prob: 0.381, fração: 28.1%)
2025-09-17 19:00:49,087 - WARNING - COMPRA REJEITADA: Quantidade calculada = 0 (prob: 0.716, fração: 80.9%)
2025-09-17 19:00:49,088 - INFO - VENDA: 2024-06-12 | Preço base: R$ 10.03 | Preço exec c/ slippage: R$ 10.02 | Ações: 8000 | Valor líquido: R$ 80117.06 | Slippage: 0.7 bps
2025-09-17 19:00:49,092 - INFO - COMPRA: 2024-07-04 | Preço base: R$ 10.43 | Preço exec c/ slippage: R$ 10.43 | Ações: 7400 | Custo: R$ 77271.46 | Prob: 0.892 | Fração: 95.9%
2025-09-17 19:00:49,093 - INFO - COMPRA: 2024-07-05 | Preço base: R$ 10.23 | Preço exec c/ slippage: R$ 10.23 | Ações: 300 | Custo: R$ 3070.77 | Prob: 0.731 | Fração: 83.0%
2025-09-17 19:00:49,094 - INFO - COMPRA: 2024-07-08 | Preço base: R$ 10.47 | Preço exec c/ slippage: R$ 10.47 | Ações: 100 | Custo: R$ 1048.12 | Prob: 0.927 | Fração: 97.1%
2025-09-17 19:00:49,094 - WARNING - COMPRA REJEITADA: Quantidade calculada = 0 (prob: 0.661, fração: 71.9%)
2025-09-17 19:00:49,095 - WARNING - COMPRA REJEITADA: Quantidade calculada = 0 (prob: 0.874, fração: 95.1%)
2025-09-17 19:00:49,096 - WARNING - COMPRA REJEITADA: Quantidade calculada = 0 (prob: 0.821, fração: 92.1%)
2025-09-17 19:00:49,097 - WARNING - COMPRA REJEITADA: Quantidade calculada = 0 (prob: 0.976, fração: 98.2%)
2025-09-17 19:00:49,097 - WARNING - COMPRA REJEITADA: Quantidade calculada = 0 (prob: 0.752, fração: 85.7%)
2025-09-17 19:00:49,098 - WARNING - COMPRA REJEITADA: Quantidade calculada = 0 (prob: 0.696, fração: 77.9%)
2025-09-17 19:00:49,099 - WARNING - COMPRA REJEITADA: Quantidade calculada = 0 (prob: 0.697, fração: 78.1%)
2025-09-17 19:00:49,100 - INFO - VENDA: 2024-07-18 | Preço base: R$ 11.00 | Preço exec c/ slippage: R$ 11.00 | Ações: 7800 | Valor líquido: R$ 85704.16 | Slippage: 0.7 bps
2025-09-17 19:00:49,103 - INFO - PROGRESSO: Data 2024-08-06 | Pred: 0 | Cash: R$ 86,230.50 | Ações: 0
2025-09-17 19:00:49,104 - INFO - COMPRA: 2024-08-07 | Preço base: R$ 10.93 | Preço exec c/ slippage: R$ 10.93 | Ações: 7700 | Custo: R$ 84258.06 | Prob: 0.953 | Fração: 97.7%
2025-09-17 19:00:49,105 - INFO - COMPRA: 2024-08-08 | Preço base: R$ 11.48 | Preço exec c/ slippage: R$ 11.48 | Ações: 100 | Custo: R$ 1149.21 | Prob: 0.842 | Fração: 93.4%
2025-09-17 19:00:49,105 - WARNING - COMPRA REJEITADA: Quantidade calculada = 0 (prob: 0.980, fração: 98.2%)
2025-09-17 19:00:49,106 - WARNING - COMPRA REJEITADA: Quantidade calculada = 0 (prob: 0.871, fração: 95.0%)
2025-09-17 19:00:49,106 - WARNING - COMPRA REJEITADA: Quantidade calculada = 0 (prob: 0.980, fração: 98.3%)
2025-09-17 19:00:49,107 - WARNING - COMPRA REJEITADA: Quantidade calculada = 0 (prob: 0.817, fração: 91.8%)
2025-09-17 19:00:49,108 - WARNING - COMPRA REJEITADA: Quantidade calculada = 0 (prob: 0.705, fração: 79.3%)
2025-09-17 19:00:49,109 - WARNING - COMPRA REJEITADA: Quantidade calculada = 0 (prob: 0.751, fração: 85.6%)
2025-09-17 19:00:49,109 - WARNING - COMPRA REJEITADA: Quantidade calculada = 0 (prob: 0.970, fração: 98.1%)
2025-09-17 19:00:49,110 - WARNING - COMPRA REJEITADA: Quantidade calculada = 0 (prob: 0.803, fração: 90.7%)
2025-09-17 19:00:49,110 - WARNING - COMPRA REJEITADA: Quantidade calculada = 0 (prob: 0.774, fração: 88.1%)
2025-09-17 19:00:49,110 - WARNING - COMPRA REJEITADA: Quantidade calculada = 0 (prob: 0.617, fração: 63.4%)
2025-09-17 19:00:49,110 - WARNING - COMPRA REJEITADA: Quantidade calculada = 0 (prob: 0.913, fração: 96.6%)
2025-09-17 19:00:49,111 - INFO - VENDA: 2024-08-26 | Preço base: R$ 12.55 | Preço exec c/ slippage: R$ 12.55 | Ações: 7800 | Valor líquido: R$ 97773.01 | Slippage: 0.7 bps
2025-09-17 19:00:49,111 - INFO - COMPRA: 2024-09-04 | Preço base: R$ 12.28 | Preço exec c/ slippage: R$ 12.28 | Ações: 7800 | Custo: R$ 95916.09 | Prob: 0.975 | Fração: 98.2%
2025-09-17 19:00:49,111 - INFO - COMPRA: 2024-09-05 | Preço base: R$ 12.26 | Preço exec c/ slippage: R$ 12.26 | Ações: 100 | Custo: R$ 1227.72 | Prob: 0.674 | Fração: 74.2%
2025-09-17 19:00:49,111 - WARNING - COMPRA REJEITADA: Quantidade calculada = 0 (prob: 0.235, fração: 22.0%)
2025-09-17 19:00:49,111 - WARNING - COMPRA REJEITADA: Quantidade calculada = 0 (prob: 0.575, fração: 54.9%)
2025-09-17 19:00:49,112 - INFO - COMPRA: 2024-09-10 | Preço base: R$ 11.95 | Preço exec c/ slippage: R$ 11.95 | Ações: 100 | Custo: R$ 1196.31 | Prob: 0.923 | Fração: 97.0%
2025-09-17 19:00:49,112 - WARNING - COMPRA REJEITADA: Quantidade calculada = 0 (prob: 0.715, fração: 80.7%)
2025-09-17 19:00:49,112 - INFO - VENDA: 2024-09-12 | Preço base: R$ 11.91 | Preço exec c/ slippage: R$ 11.91 | Ações: 8000 | Valor líquido: R$ 95187.68 | Slippage: 0.7 bps
2025-09-17 19:00:49,113 - INFO - COMPRA: 2024-10-02 | Preço base: R$ 10.67 | Preço exec c/ slippage: R$ 10.67 | Ações: 8700 | Custo: R$ 92916.99 | Prob: 0.932 | Fração: 97.2%
2025-09-17 19:00:49,113 - INFO - COMPRA: 2024-10-03 | Preço base: R$ 10.58 | Preço exec c/ slippage: R$ 10.58 | Ações: 200 | Custo: R$ 2118.18 | Prob: 0.713 | Fração: 80.5%
2025-09-17 19:00:49,113 - INFO - COMPRA: 2024-10-04 | Preço base: R$ 10.68 | Preço exec c/ slippage: R$ 10.68 | Ações: 100 | Custo: R$ 1068.99 | Prob: 0.812 | Fração: 91.4%
2025-09-17 19:00:49,113 - WARNING - COMPRA REJEITADA: Quantidade calculada = 0 (prob: 0.727, fração: 82.4%)
2025-09-17 19:00:49,113 - WARNING - COMPRA REJEITADA: Quantidade calculada = 0 (prob: 0.903, fração: 96.3%)
2025-09-17 19:00:49,114 - WARNING - COMPRA REJEITADA: Quantidade calculada = 0 (prob: 0.705, fração: 79.3%)
2025-09-17 19:00:49,114 - WARNING - COMPRA REJEITADA: Quantidade calculada = 0 (prob: 0.847, fração: 93.8%)
2025-09-17 19:00:49,114 - WARNING - COMPRA REJEITADA: Quantidade calculada = 0 (prob: 0.647, fração: 69.3%)
2025-09-17 19:00:49,114 - WARNING - COMPRA REJEITADA: Quantidade calculada = 0 (prob: 0.941, fração: 97.4%)
2025-09-17 19:00:49,114 - INFO - PROGRESSO: Data 2024-10-15 | Pred: 1 | Cash: R$ 191.48 | Ações: 9000
2025-09-17 19:00:49,114 - WARNING - COMPRA REJEITADA: Quantidade calculada = 0 (prob: 0.759, fração: 86.4%)
2025-09-17 19:00:49,114 - WARNING - COMPRA REJEITADA: Quantidade calculada = 0 (prob: 0.858, fração: 94.4%)
2025-09-17 19:00:49,114 - WARNING - COMPRA REJEITADA: Quantidade calculada = 0 (prob: 0.568, fração: 53.7%)
2025-09-17 19:00:49,115 - INFO - VENDA: 2024-10-18 | Preço base: R$ 10.55 | Preço exec c/ slippage: R$ 10.55 | Ações: 9000 | Valor líquido: R$ 94848.40 | Slippage: 0.7 bps
2025-09-17 19:00:49,116 - INFO - COMPRA: 2024-11-29 | Preço base: R$ 9.10 | Preço exec c/ slippage: R$ 9.10 | Ações: 10100 | Custo: R$ 91973.69 | Prob: 0.907 | Fração: 96.5%
2025-09-17 19:00:49,116 - INFO - COMPRA: 2024-12-02 | Preço base: R$ 9.29 | Preço exec c/ slippage: R$ 9.29 | Ações: 300 | Custo: R$ 2791.25 | Prob: 0.786 | Fração: 89.2%
2025-09-17 19:00:49,116 - INFO - COMPRA: 2024-12-03 | Preço base: R$ 9.30 | Preço exec c/ slippage: R$ 9.30 | Ações: 100 | Custo: R$ 931.41 | Prob: 0.922 | Fração: 96.9%
2025-09-17 19:00:49,117 - WARNING - COMPRA REJEITADA: Quantidade calculada = 0 (prob: 0.818, fração: 91.8%)
2025-09-17 19:00:49,117 - WARNING - COMPRA REJEITADA: Quantidade calculada = 0 (prob: 0.947, fração: 97.6%)
2025-09-17 19:00:49,117 - WARNING - COMPRA REJEITADA: Quantidade calculada = 0 (prob: 0.562, fração: 52.5%)
2025-09-17 19:00:49,117 - WARNING - COMPRA REJEITADA: Quantidade calculada = 0 (prob: 0.894, fração: 96.0%)
2025-09-17 19:00:49,117 - WARNING - COMPRA REJEITADA: Quantidade calculada = 0 (prob: 0.744, fração: 84.7%)
2025-09-17 19:00:49,117 - WARNING - COMPRA REJEITADA: Quantidade calculada = 0 (prob: 0.930, fração: 97.1%)
2025-09-17 19:00:49,117 - WARNING - COMPRA REJEITADA: Quantidade calculada = 0 (prob: 0.694, fração: 77.6%)
2025-09-17 19:00:49,118 - INFO - VENDA: 2024-12-13 | Preço base: R$ 10.17 | Preço exec c/ slippage: R$ 10.17 | Ações: 10500 | Valor líquido: R$ 106715.60 | Slippage: 0.7 bps
2025-09-17 19:00:49,118 - INFO - COMPRA: 2024-12-19 | Preço base: R$ 9.87 | Preço exec c/ slippage: R$ 9.87 | Ações: 10400 | Custo: R$ 102734.97 | Prob: 0.895 | Fração: 96.0%
2025-09-17 19:00:49,118 - INFO - COMPRA: 2024-12-20 | Preço base: R$ 10.05 | Preço exec c/ slippage: R$ 10.05 | Ações: 400 | Custo: R$ 4022.57 | Prob: 0.800 | Fração: 90.5%
2025-09-17 19:00:49,118 - WARNING - COMPRA REJEITADA: Quantidade calculada = 0 (prob: 0.706, fração: 79.4%)
2025-09-17 19:00:49,118 - WARNING - COMPRA REJEITADA: Quantidade calculada = 0 (prob: 0.717, fração: 81.0%)
2025-09-17 19:00:49,118 - WARNING - COMPRA REJEITADA: Quantidade calculada = 0 (prob: 0.823, fração: 92.2%)
2025-09-17 19:00:49,118 - INFO - RESUMO FINAL DO BACKTESTING:
2025-09-17 19:00:49,119 - INFO -   Total de trades: 40
2025-09-17 19:00:49,119 - INFO -   Compras realizadas: 29
2025-09-17 19:00:49,119 - INFO -   Vendas realizadas: 11
2025-09-17 19:00:49,119 - INFO -   Capital inicial: R$ 100,000.00
2025-09-17 19:00:49,119 - INFO -   Capital final: R$ 110,805.65
2025-09-17 19:00:49,119 - INFO -   Cash final: R$ 602.89
2025-09-17 19:00:49,119 - INFO -   Ações finais: 10800
2025-09-17 19:00:49,119 - INFO -   Retorno total: +10.81%
