2025-09-09 16:05:39,962 - INFO - THRESHOLDS FINANCEIROS: buy=0.55 sell=0.45 hold_min_days=3
2025-09-09 16:05:39,964 - INFO - PROBABILIDADE MÉDIA: 0.278
2025-09-09 16:05:39,964 - INFO - ============================================================
2025-09-09 16:05:39,964 - INFO - INICIANDO BACKTESTING
2025-09-09 16:05:39,964 - INFO - ============================================================
2025-09-09 16:05:39,964 - INFO - Tamanho test_df: 251
2025-09-09 16:05:39,964 - INFO - Tamanho predictions: 251
2025-09-09 16:05:39,964 - INFO - Capital inicial: R$ 100,000.00
2025-09-09 16:05:39,967 - INFO - Custo de transação: 0.100%
2025-09-09 16:05:39,967 - INFO - DISTRIBUIÇÃO DAS PREDIÇÕES:
2025-09-09 16:05:39,967 - INFO -   - Total: 251
2025-09-09 16:05:39,967 - INFO -   - Predições de alta (1): 0
2025-09-09 16:05:39,967 - INFO -   - Predições de baixa (0): 251
2025-09-09 16:05:39,967 - INFO -   - Percentual de alta: 0.0%
2025-09-09 16:05:39,967 - INFO - EXECUÇÃO DOS TRADES:
2025-09-09 16:05:39,967 - INFO - PROGRESSO: Data 2024-01-02 | Pred: 0 | Cash: R$ 100,000.00 | Ações: 0
2025-09-09 16:05:39,974 - INFO - PROGRESSO: Data 2024-03-14 | Pred: 0 | Cash: R$ 100,000.00 | Ações: 0
2025-09-09 16:05:39,980 - INFO - PROGRESSO: Data 2024-05-27 | Pred: 0 | Cash: R$ 100,000.00 | Ações: 0
2025-09-09 16:05:39,986 - INFO - PROGRESSO: Data 2024-08-06 | Pred: 0 | Cash: R$ 100,000.00 | Ações: 0
2025-09-09 16:05:39,993 - INFO - PROGRESSO: Data 2024-10-15 | Pred: 0 | Cash: R$ 100,000.00 | Ações: 0
2025-09-09 16:05:40,001 - INFO - RESUMO FINAL DO BACKTESTING:
2025-09-09 16:05:40,001 - INFO -   Total de trades: 0
2025-09-09 16:05:40,001 - INFO -   Compras realizadas: 0
2025-09-09 16:05:40,003 - INFO -   Vendas realizadas: 0
2025-09-09 16:05:40,003 - INFO -   Capital inicial: R$ 100,000.00
2025-09-09 16:05:40,003 - INFO -   Capital final: R$ 100,000.00
2025-09-09 16:05:40,003 - INFO -   Cash final: R$ 100,000.00
2025-09-09 16:05:40,003 - INFO -   Ações finais: 0
2025-09-09 16:05:40,003 - INFO -   Retorno total: +0.00%
2025-09-09 16:05:40,003 - WARNING - AVISO: Nenhum trade foi executado!
2025-09-09 16:05:40,003 - WARNING -   - Verificar se há predições de alta (1) nas predições
2025-09-09 16:05:40,003 - WARNING -   - Verificar se há predições de baixa (0) quando há ações
2025-09-09 16:05:40,003 - WARNING -   - Verificar se os dados têm variação suficiente
