2025-09-01 23:46:43,497 - INFO - THRESHOLD OTIMIZADO: 0.500
2025-09-01 23:46:43,498 - INFO - F1-SCORE VALIDAÇÃO: 0.200
2025-09-01 23:46:43,499 - INFO - PROBABILIDADES MÉDIAS: Alta=0.091, Baixa=0.909
2025-09-01 23:46:43,500 - INFO - ============================================================
2025-09-01 23:46:43,500 - INFO - INICIANDO BACKTESTING
2025-09-01 23:46:43,500 - INFO - ============================================================
2025-09-01 23:46:43,500 - INFO - Tamanho test_df: 251
2025-09-01 23:46:43,500 - INFO - Tamanho predictions: 251
2025-09-01 23:46:43,502 - INFO - Capital inicial: R$ 100,000.00
2025-09-01 23:46:43,505 - INFO - Custo de transação: 0.100%
2025-09-01 23:46:43,505 - INFO - DISTRIBUIÇÃO DAS PREDIÇÕES:
2025-09-01 23:46:43,507 - INFO -   - Total: 251
2025-09-01 23:46:43,507 - INFO -   - Predições de alta (1): 0
2025-09-01 23:46:43,507 - INFO -   - Predições de baixa (0): 251
2025-09-01 23:46:43,507 - INFO -   - Percentual de alta: 0.0%
2025-09-01 23:46:43,507 - INFO - EXECUÇÃO DOS TRADES:
2025-09-01 23:46:43,507 - INFO - PROGRESSO: Data 2024-01-02 | Pred: 0 | Cash: R$ 100,000.00 | Ações: 0
2025-09-01 23:46:43,512 - INFO - PROGRESSO: Data 2024-03-14 | Pred: 0 | Cash: R$ 100,000.00 | Ações: 0
2025-09-01 23:46:43,516 - INFO - PROGRESSO: Data 2024-05-27 | Pred: 0 | Cash: R$ 100,000.00 | Ações: 0
2025-09-01 23:46:43,520 - INFO - PROGRESSO: Data 2024-08-06 | Pred: 0 | Cash: R$ 100,000.00 | Ações: 0
2025-09-01 23:46:43,523 - INFO - PROGRESSO: Data 2024-10-15 | Pred: 0 | Cash: R$ 100,000.00 | Ações: 0
2025-09-01 23:46:43,527 - INFO - RESUMO FINAL DO BACKTESTING:
2025-09-01 23:46:43,527 - INFO -   Total de trades: 0
2025-09-01 23:46:43,527 - INFO -   Compras realizadas: 0
2025-09-01 23:46:43,527 - INFO -   Vendas realizadas: 0
2025-09-01 23:46:43,527 - INFO -   Capital inicial: R$ 100,000.00
2025-09-01 23:46:43,527 - INFO -   Capital final: R$ 100,000.00
2025-09-01 23:46:43,527 - INFO -   Cash final: R$ 100,000.00
2025-09-01 23:46:43,527 - INFO -   Ações finais: 0
2025-09-01 23:46:43,527 - INFO -   Retorno total: +0.00%
2025-09-01 23:46:43,527 - WARNING - AVISO: Nenhum trade foi executado!
2025-09-01 23:46:43,527 - WARNING -   - Verificar se há predições de alta (1) nas predições
2025-09-01 23:46:43,527 - WARNING -   - Verificar se há predições de baixa (0) quando há ações
2025-09-01 23:46:43,527 - WARNING -   - Verificar se os dados têm variação suficiente
