2025-09-09 16:13:24,901 - INFO - THRESHOLDS FINANCEIROS: buy=0.75 sell=0.30 hold_min_days=3
2025-09-09 16:13:24,901 - INFO - PROBABILIDADE MÉDIA: 0.330
2025-09-09 16:13:24,901 - INFO - ============================================================
2025-09-09 16:13:24,903 - INFO - INICIANDO BACKTESTING
2025-09-09 16:13:24,903 - INFO - ============================================================
2025-09-09 16:13:24,903 - INFO - Tamanho test_df: 251
2025-09-09 16:13:24,903 - INFO - Tamanho predictions: 251
2025-09-09 16:13:24,903 - INFO - Capital inicial: R$ 100,000.00
2025-09-09 16:13:24,905 - INFO - Custo de transação: 0.100%
2025-09-09 16:13:24,906 - INFO - DISTRIBUIÇÃO DAS PREDIÇÕES:
2025-09-09 16:13:24,906 - INFO -   - Total: 251
2025-09-09 16:13:24,907 - INFO -   - Predições de alta (1): 33
2025-09-09 16:13:24,907 - INFO -   - Predições de baixa (0): 218
2025-09-09 16:13:24,907 - INFO -   - Percentual de alta: 13.1%
2025-09-09 16:13:24,907 - INFO - EXECUÇÃO DOS TRADES:
2025-09-09 16:13:24,907 - INFO - PROGRESSO: Data 2024-01-02 | Pred: 0 | Cash: R$ 100,000.00 | Ações: 0
2025-09-09 16:13:24,909 - INFO - COMPRA: 2024-01-19 | Preço: R$ 25.17 | Ações: 3969 | Custo: R$ 100000.00
2025-09-09 16:13:24,909 - INFO - COMPRA: 2024-01-22 | Preço: R$ 25.05 | Ações: 0 | Custo: R$ 0.00
2025-09-09 16:13:24,909 - INFO - COMPRA: 2024-01-23 | Preço: R$ 25.44 | Ações: 0 | Custo: R$ 0.00
2025-09-09 16:13:24,911 - INFO - VENDA: 2024-02-02 | Preço: R$ 25.92 | Ações: 3969 | Valor líquido: R$ 102754.87
2025-09-09 16:13:24,913 - INFO - COMPRA: 2024-02-26 | Preço: R$ 26.12 | Ações: 3930 | Custo: R$ 102754.87
2025-09-09 16:13:24,913 - INFO - COMPRA: 2024-02-27 | Preço: R$ 26.30 | Ações: 0 | Custo: R$ 0.00
2025-09-09 16:13:24,915 - INFO - VENDA: 2024-03-11 | Preço: R$ 25.78 | Ações: 3930 | Valor líquido: R$ 101195.05
2025-09-09 16:13:24,915 - INFO - PROGRESSO: Data 2024-03-14 | Pred: 0 | Cash: R$ 101,195.05 | Ações: 0
2025-09-09 16:13:24,922 - INFO - PROGRESSO: Data 2024-05-27 | Pred: 0 | Cash: R$ 101,195.05 | Ações: 0
2025-09-09 16:13:24,925 - INFO - COMPRA: 2024-06-20 | Preço: R$ 24.47 | Ações: 4132 | Custo: R$ 101195.05
2025-09-09 16:13:24,926 - INFO - VENDA: 2024-06-28 | Preço: R$ 24.78 | Ações: 4132 | Valor líquido: R$ 102293.53
2025-09-09 16:13:24,926 - INFO - COMPRA: 2024-07-09 | Preço: R$ 24.39 | Ações: 4190 | Custo: R$ 102293.53
2025-09-09 16:13:24,928 - INFO - VENDA: 2024-07-18 | Preço: R$ 25.20 | Ações: 4190 | Valor líquido: R$ 105463.67
2025-09-09 16:13:24,929 - INFO - PROGRESSO: Data 2024-08-06 | Pred: 0 | Cash: R$ 105,463.67 | Ações: 0
2025-09-09 16:13:24,937 - INFO - PROGRESSO: Data 2024-10-15 | Pred: 0 | Cash: R$ 105,463.67 | Ações: 0
2025-09-09 16:13:24,944 - INFO - RESUMO FINAL DO BACKTESTING:
2025-09-09 16:13:24,944 - INFO -   Total de trades: 11
2025-09-09 16:13:24,944 - INFO -   Compras realizadas: 7
2025-09-09 16:13:24,945 - INFO -   Vendas realizadas: 4
2025-09-09 16:13:24,945 - INFO -   Capital inicial: R$ 100,000.00
2025-09-09 16:13:24,945 - INFO -   Capital final: R$ 105,463.67
2025-09-09 16:13:24,945 - INFO -   Cash final: R$ 105,463.67
2025-09-09 16:13:24,945 - INFO -   Ações finais: 0
2025-09-09 16:13:24,946 - INFO -   Retorno total: +5.46%
