2025-09-10 10:52:14,682 - INFO - THRESHOLDS FINANCEIROS: buy=0.55 sell=0.15 hold_min_days=3
2025-09-10 10:52:14,682 - INFO - PROBABILIDADE MÉDIA: 0.304
2025-09-10 10:52:14,684 - INFO - ============================================================
2025-09-10 10:52:14,684 - INFO - INICIANDO BACKTESTING
2025-09-10 10:52:14,684 - INFO - ============================================================
2025-09-10 10:52:14,684 - INFO - Tamanho test_df: 251
2025-09-10 10:52:14,684 - INFO - Tamanho predictions: 251
2025-09-10 10:52:14,684 - INFO - Capital inicial: R$ 100,000.00
2025-09-10 10:52:14,686 - INFO - Custo de transação: 0.100%
2025-09-10 10:52:14,686 - INFO - DISTRIBUIÇÃO DAS PREDIÇÕES:
2025-09-10 10:52:14,686 - INFO -   - Total: 251
2025-09-10 10:52:14,686 - INFO -   - Predições de alta (1): 103
2025-09-10 10:52:14,687 - INFO -   - Predições de baixa (0): 148
2025-09-10 10:52:14,687 - INFO -   - Percentual de alta: 41.0%
2025-09-10 10:52:14,687 - INFO - EXECUÇÃO DOS TRADES:
2025-09-10 10:52:14,687 - INFO - PROGRESSO: Data 2024-01-02 | Pred: 0 | Cash: R$ 100,000.00 | Ações: 0
2025-09-10 10:52:14,689 - INFO - COMPRA: 2024-01-03 | Preço: R$ 24.58 | Ações: 4065 | Custo: R$ 100000.00
2025-09-10 10:52:14,691 - INFO - VENDA: 2024-01-23 | Preço: R$ 25.44 | Ações: 4065 | Valor líquido: R$ 103318.28
2025-09-10 10:52:14,691 - WARNING - COMPRA REJEITADA: Cash insuficiente (R$ 103318.28 < R$ 103318.28)
2025-09-10 10:52:14,691 - INFO - COMPRA: 2024-01-30 | Preço: R$ 25.32 | Ações: 4077 | Custo: R$ 103318.28
2025-09-10 10:52:14,694 - INFO - VENDA: 2024-02-06 | Preço: R$ 26.74 | Ações: 4077 | Valor líquido: R$ 108907.32
2025-09-10 10:52:14,694 - INFO - COMPRA: 2024-02-15 | Preço: R$ 26.30 | Ações: 4137 | Custo: R$ 108907.32
2025-09-10 10:52:14,694 - INFO - VENDA: 2024-02-23 | Preço: R$ 25.77 | Ações: 4137 | Valor líquido: R$ 106518.90
2025-09-10 10:52:14,696 - INFO - COMPRA: 2024-03-04 | Preço: R$ 25.95 | Ações: 4101 | Custo: R$ 106518.90
2025-09-10 10:52:14,696 - INFO - PROGRESSO: Data 2024-03-14 | Pred: 1 | Cash: R$ 0.00 | Ações: 4101
2025-09-10 10:52:14,701 - INFO - VENDA: 2024-05-06 | Preço: R$ 25.76 | Ações: 4101 | Valor líquido: R$ 105517.15
2025-09-10 10:52:14,701 - INFO - COMPRA: 2024-05-13 | Preço: R$ 25.20 | Ações: 4182 | Custo: R$ 105517.15
2025-09-10 10:52:14,701 - INFO - VENDA: 2024-05-17 | Preço: R$ 25.00 | Ações: 4182 | Valor líquido: R$ 104475.05
2025-09-10 10:52:14,701 - INFO - PROGRESSO: Data 2024-05-27 | Pred: 0 | Cash: R$ 104,475.05 | Ações: 0
2025-09-10 10:52:14,706 - INFO - COMPRA: 2024-06-05 | Preço: R$ 24.69 | Ações: 4228 | Custo: R$ 104475.05
2025-09-10 10:52:14,707 - WARNING - COMPRA REJEITADA: Cash insuficiente (R$ 0.00 < R$ 0.00)
2025-09-10 10:52:14,707 - INFO - COMPRA: 2024-06-07 | Preço: R$ 24.64 | Ações: 0 | Custo: R$ 0.00
2025-09-10 10:52:14,707 - INFO - COMPRA: 2024-06-10 | Preço: R$ 24.74 | Ações: 0 | Custo: R$ 0.00
2025-09-10 10:52:14,707 - INFO - VENDA: 2024-06-11 | Preço: R$ 25.11 | Ações: 4228 | Valor líquido: R$ 106031.35
2025-09-10 10:52:14,709 - INFO - COMPRA: 2024-06-20 | Preço: R$ 24.47 | Ações: 4330 | Custo: R$ 106031.35
2025-09-10 10:52:14,709 - INFO - COMPRA: 2024-06-21 | Preço: R$ 24.66 | Ações: 0 | Custo: R$ 0.00
2025-09-10 10:52:14,709 - INFO - VENDA: 2024-07-04 | Preço: R$ 24.88 | Ações: 4330 | Valor líquido: R$ 107623.25
2025-09-10 10:52:14,711 - INFO - COMPRA: 2024-07-12 | Preço: R$ 24.88 | Ações: 4321 | Custo: R$ 107623.25
2025-09-10 10:52:14,711 - INFO - VENDA: 2024-07-18 | Preço: R$ 25.20 | Ações: 4321 | Valor líquido: R$ 108768.31
2025-09-10 10:52:14,711 - INFO - COMPRA: 2024-07-29 | Preço: R$ 25.17 | Ações: 4317 | Custo: R$ 108768.31
2025-09-10 10:52:14,713 - INFO - PROGRESSO: Data 2024-08-06 | Pred: 1 | Cash: R$ 0.00 | Ações: 4317
2025-09-10 10:52:14,713 - INFO - VENDA: 2024-08-14 | Preço: R$ 25.94 | Ações: 4317 | Valor líquido: R$ 111868.27
2025-09-10 10:52:14,718 - INFO - PROGRESSO: Data 2024-10-15 | Pred: 0 | Cash: R$ 111,868.27 | Ações: 0
2025-09-10 10:52:14,723 - INFO - RESUMO FINAL DO BACKTESTING:
2025-09-10 10:52:14,723 - INFO -   Total de trades: 21
2025-09-10 10:52:14,723 - INFO -   Compras realizadas: 12
2025-09-10 10:52:14,723 - INFO -   Vendas realizadas: 9
2025-09-10 10:52:14,723 - INFO -   Capital inicial: R$ 100,000.00
2025-09-10 10:52:14,725 - INFO -   Capital final: R$ 111,868.27
2025-09-10 10:52:14,725 - INFO -   Cash final: R$ 111,868.27
2025-09-10 10:52:14,725 - INFO -   Ações finais: 0
2025-09-10 10:52:14,725 - INFO -   Retorno total: +11.87%
