2025-09-17 17:40:12,823 - INFO - THRESHOLDS FINANCEIROS: buy=0.80 sell=0.15 hold_min_days=3
2025-09-17 17:40:12,823 - INFO - PROBABILIDADE MÉDIA: 0.176
2025-09-17 17:40:12,824 - INFO - ============================================================
2025-09-17 17:40:12,824 - INFO - INICIANDO BACKTESTING REALISTA
2025-09-17 17:40:12,824 - INFO - ============================================================
2025-09-17 17:40:12,824 - INFO - Tamanho test_df: 251
2025-09-17 17:40:12,824 - INFO - Tamanho predictions: 251
2025-09-17 17:40:12,824 - INFO - Tamanho probabilities: 251
2025-09-17 17:40:12,826 - INFO - Capital inicial: R$ 100,000.00
2025-09-17 17:40:12,826 - INFO - Custo de transação: 0.100%
2025-09-17 17:40:12,845 - INFO - CDI real carregado: 253 dias disponíveis
2025-09-17 17:40:12,845 - INFO - Slippage Dinâmico: 0.2-2.0 bps | Lote: 100 | CDI: Real
2025-09-17 17:40:12,852 - INFO - DISTRIBUIÇÃO DAS PREDIÇÕES:
2025-09-17 17:40:12,853 - INFO -   - Total: 251
2025-09-17 17:40:12,853 - INFO -   - Predições de alta (1): 24
2025-09-17 17:40:12,855 - INFO -   - Predições de baixa (0): 227
2025-09-17 17:40:12,855 - INFO -   - Percentual de alta: 9.6%
2025-09-17 17:40:12,855 - INFO - EXECUÇÃO DOS TRADES:
2025-09-17 17:40:12,857 - INFO - PROGRESSO: Data 2024-01-02 | Pred: 0 | Cash: R$ 100,000.00 | Ações: 0
2025-09-17 17:40:12,860 - INFO - COMPRA: 2024-01-15 | Preço base: R$ 25.12 | Preço exec c/ slippage: R$ 25.12 | Ações: 3700 | Custo: R$ 93050.24 | Prob: 0.866 | Fração: 94.8%
2025-09-17 17:40:12,863 - WARNING - COMPRA REJEITADA: Quantidade calculada = 0 (prob: 0.180, fração: 21.2%)
2025-09-17 17:40:12,865 - WARNING - COMPRA REJEITADA: Quantidade calculada = 0 (prob: 0.232, fração: 22.0%)
2025-09-17 17:40:12,867 - WARNING - COMPRA REJEITADA: Quantidade calculada = 0 (prob: 0.074, fração: 20.4%)
2025-09-17 17:40:12,869 - INFO - COMPRA: 2024-01-19 | Preço base: R$ 25.17 | Preço exec c/ slippage: R$ 25.17 | Ações: 200 | Custo: R$ 5039.57 | Prob: 0.764 | Fração: 87.0%
2025-09-17 17:40:12,870 - INFO - VENDA: 2024-01-22 | Preço base: R$ 25.05 | Preço exec c/ slippage: R$ 25.05 | Ações: 3900 | Valor líquido: R$ 97607.46 | Slippage: 0.7 bps
2025-09-17 17:40:12,876 - INFO - COMPRA: 2024-02-06 | Preço base: R$ 26.74 | Preço exec c/ slippage: R$ 26.74 | Ações: 3400 | Custo: R$ 91021.62 | Prob: 0.815 | Fração: 91.7%
2025-09-17 17:40:12,878 - WARNING - COMPRA REJEITADA: Quantidade calculada = 0 (prob: 0.206, fração: 21.5%)
2025-09-17 17:40:12,879 - WARNING - COMPRA REJEITADA: Quantidade calculada = 0 (prob: 0.027, fração: 20.3%)
2025-09-17 17:40:12,880 - WARNING - COMPRA REJEITADA: Quantidade calculada = 0 (prob: 0.088, fração: 20.5%)
2025-09-17 17:40:12,881 - INFO - COMPRA: 2024-02-14 | Preço base: R$ 26.19 | Preço exec c/ slippage: R$ 26.20 | Ações: 300 | Custo: R$ 7866.76 | Prob: 0.745 | Fração: 84.8%
2025-09-17 17:40:12,882 - WARNING - COMPRA REJEITADA: Quantidade calculada = 0 (prob: 0.210, fração: 21.6%)
2025-09-17 17:40:12,883 - INFO - VENDA: 2024-02-16 | Preço base: R$ 26.00 | Preço exec c/ slippage: R$ 26.00 | Ações: 3700 | Valor líquido: R$ 96102.95 | Slippage: 0.7 bps
2025-09-17 17:40:12,888 - INFO - PROGRESSO: Data 2024-03-14 | Pred: 0 | Cash: R$ 98,415.19 | Ações: 0
2025-09-17 17:40:12,900 - INFO - PROGRESSO: Data 2024-05-27 | Pred: 0 | Cash: R$ 100,409.50 | Ações: 0
2025-09-17 17:40:12,910 - INFO - PROGRESSO: Data 2024-08-06 | Pred: 0 | Cash: R$ 102,400.13 | Ações: 0
2025-09-17 17:40:12,915 - INFO - COMPRA: 2024-09-04 | Preço base: R$ 27.38 | Preço exec c/ slippage: R$ 27.38 | Ações: 3500 | Custo: R$ 95920.64 | Prob: 0.857 | Fração: 94.3%
2025-09-17 17:40:12,916 - WARNING - COMPRA REJEITADA: Quantidade calculada = 0 (prob: 0.112, fração: 20.6%)
2025-09-17 17:40:12,917 - WARNING - COMPRA REJEITADA: Quantidade calculada = 0 (prob: 0.013, fração: 20.2%)
2025-09-17 17:40:12,918 - WARNING - COMPRA REJEITADA: Quantidade calculada = 0 (prob: 0.074, fração: 20.4%)
2025-09-17 17:40:12,918 - INFO - VENDA: 2024-09-10 | Preço base: R$ 27.23 | Preço exec c/ slippage: R$ 27.22 | Ações: 3500 | Valor líquido: R$ 95188.10 | Slippage: 0.7 bps
2025-09-17 17:40:12,924 - INFO - PROGRESSO: Data 2024-10-15 | Pred: 0 | Cash: R$ 103,554.94 | Ações: 0
2025-09-17 17:40:12,924 - INFO - COMPRA: 2024-10-16 | Preço base: R$ 25.30 | Preço exec c/ slippage: R$ 25.30 | Ações: 3800 | Custo: R$ 96238.68 | Prob: 0.864 | Fração: 94.7%
2025-09-17 17:40:12,924 - WARNING - COMPRA REJEITADA: Quantidade calculada = 0 (prob: 0.050, fração: 20.3%)
2025-09-17 17:40:12,926 - WARNING - COMPRA REJEITADA: Quantidade calculada = 0 (prob: 0.092, fração: 20.5%)
2025-09-17 17:40:12,926 - WARNING - COMPRA REJEITADA: Quantidade calculada = 0 (prob: 0.141, fração: 20.8%)
2025-09-17 17:40:12,926 - INFO - VENDA: 2024-10-22 | Preço base: R$ 24.94 | Preço exec c/ slippage: R$ 24.94 | Ações: 3800 | Valor líquido: R$ 94664.72 | Slippage: 0.7 bps
2025-09-17 17:40:12,934 - INFO - COMPRA: 2024-12-05 | Preço base: R$ 24.40 | Preço exec c/ slippage: R$ 24.40 | Ações: 3900 | Custo: R$ 95265.38 | Prob: 0.835 | Fração: 93.0%
2025-09-17 17:40:12,934 - WARNING - COMPRA REJEITADA: Quantidade calculada = 0 (prob: 0.204, fração: 21.5%)
2025-09-17 17:40:12,936 - WARNING - COMPRA REJEITADA: Quantidade calculada = 0 (prob: 0.044, fração: 20.3%)
2025-09-17 17:40:12,936 - WARNING - COMPRA REJEITADA: Quantidade calculada = 0 (prob: 0.076, fração: 20.4%)
2025-09-17 17:40:12,936 - INFO - COMPRA: 2024-12-11 | Preço base: R$ 24.38 | Preço exec c/ slippage: R$ 24.38 | Ações: 300 | Custo: R$ 7320.94 | Prob: 0.902 | Fração: 96.3%
2025-09-17 17:40:12,936 - INFO - VENDA: 2024-12-12 | Preço base: R$ 24.18 | Preço exec c/ slippage: R$ 24.18 | Ações: 4200 | Valor líquido: R$ 101457.98 | Slippage: 0.7 bps
2025-09-17 17:40:12,936 - INFO - RESUMO FINAL DO BACKTESTING:
2025-09-17 17:40:12,936 - INFO -   Total de trades: 13
2025-09-17 17:40:12,936 - INFO -   Compras realizadas: 8
2025-09-17 17:40:12,936 - INFO -   Vendas realizadas: 5
2025-09-17 17:40:12,936 - INFO -   Capital inicial: R$ 100,000.00
2025-09-17 17:40:12,936 - INFO -   Capital final: R$ 102,655.92
2025-09-17 17:40:12,936 - INFO -   Cash final: R$ 102,655.92
2025-09-17 17:40:12,936 - INFO -   Ações finais: 0
2025-09-17 17:40:12,936 - INFO -   Retorno total: +2.66%
