2025-09-01 23:34:52,450 - INFO - THRESHOLD OTIMIZADO: 0.500
2025-09-01 23:34:52,450 - INFO - F1-SCORE VALIDAÇÃO: 0.129
2025-09-01 23:34:52,452 - INFO - PROBABILIDADES MÉDIAS: Alta=0.083, Baixa=0.917
2025-09-01 23:34:52,452 - INFO - ============================================================
2025-09-01 23:34:52,452 - INFO - INICIANDO BACKTESTING
2025-09-01 23:34:52,452 - INFO - ============================================================
2025-09-01 23:34:52,452 - INFO - Tamanho test_df: 251
2025-09-01 23:34:52,452 - INFO - Tamanho predictions: 251
2025-09-01 23:34:52,452 - INFO - Capital inicial: R$ 100,000.00
2025-09-01 23:34:52,454 - INFO - Custo de transação: 0.100%
2025-09-01 23:34:52,456 - INFO - DISTRIBUIÇÃO DAS PREDIÇÕES:
2025-09-01 23:34:52,456 - INFO -   - Total: 251
2025-09-01 23:34:52,456 - INFO -   - Predições de alta (1): 1
2025-09-01 23:34:52,457 - INFO -   - Predições de baixa (0): 250
2025-09-01 23:34:52,457 - INFO -   - Percentual de alta: 0.4%
2025-09-01 23:34:52,457 - INFO - EXECUÇÃO DOS TRADES:
2025-09-01 23:34:52,457 - INFO - PROGRESSO: Data 2024-01-02 | Pred: 0 | Cash: R$ 100,000.00 | Ações: 0
2025-09-01 23:34:52,463 - INFO - PROGRESSO: Data 2024-03-14 | Pred: 0 | Cash: R$ 100,000.00 | Ações: 0
2025-09-01 23:34:52,468 - INFO - PROGRESSO: Data 2024-05-27 | Pred: 0 | Cash: R$ 100,000.00 | Ações: 0
2025-09-01 23:34:52,472 - INFO - PROGRESSO: Data 2024-08-06 | Pred: 0 | Cash: R$ 100,000.00 | Ações: 0
2025-09-01 23:34:52,478 - INFO - PROGRESSO: Data 2024-10-15 | Pred: 0 | Cash: R$ 100,000.00 | Ações: 0
2025-09-01 23:34:52,480 - INFO - COMPRA: 2024-11-14 | Preço: R$ 24.06 | Ações: 4153 | Custo: R$ 100000.00
2025-09-01 23:34:52,480 - INFO - VENDA: 2024-11-18 | Preço: R$ 24.38 | Ações: 4153 | Valor líquido: R$ 101137.69
2025-09-01 23:34:52,482 - INFO - RESUMO FINAL DO BACKTESTING:
2025-09-01 23:34:52,482 - INFO -   Total de trades: 2
2025-09-01 23:34:52,482 - INFO -   Compras realizadas: 1
2025-09-01 23:34:52,483 - INFO -   Vendas realizadas: 1
2025-09-01 23:34:52,483 - INFO -   Capital inicial: R$ 100,000.00
2025-09-01 23:34:52,483 - INFO -   Capital final: R$ 101,137.69
2025-09-01 23:34:52,483 - INFO -   Cash final: R$ 101,137.69
2025-09-01 23:34:52,483 - INFO -   Ações finais: 0
2025-09-01 23:34:52,483 - INFO -   Retorno total: +1.14%
