2025-09-01 22:34:30,079 - INFO - ============================================================
2025-09-01 22:34:30,079 - INFO - INICIANDO BACKTESTING
2025-09-01 22:34:30,079 - INFO - ============================================================
2025-09-01 22:34:30,079 - INFO - Tamanho test_df: 251
2025-09-01 22:34:30,079 - INFO - Tamanho predictions: 251
2025-09-01 22:34:30,079 - INFO - Capital inicial: R$ 100,000.00
2025-09-01 22:34:30,079 - INFO - Custo de transação: 0.100%
2025-09-01 22:34:30,079 - INFO - DISTRIBUIÇÃO DAS PREDIÇÕES:
2025-09-01 22:34:30,080 - INFO -   - Total: 251
2025-09-01 22:34:30,082 - INFO -   - Predições de alta (1): 250
2025-09-01 22:34:30,083 - INFO -   - Predições de baixa (0): 1
2025-09-01 22:34:30,083 - INFO -   - Percentual de alta: 99.6%
2025-09-01 22:34:30,083 - INFO - EXECUÇÃO DOS TRADES:
2025-09-01 22:34:30,084 - INFO - PROGRESSO: Data 2024-01-02 | Pred: 1 | Cash: R$ 100,000.00 | Ações: 0
2025-09-01 22:34:30,084 - INFO - COMPRA: 2024-01-02 | Preço: R$ 24.58 | Ações: 4064 | Custo: R$ 100000.00
2025-09-01 22:34:30,086 - INFO - VENDA: 2024-02-07 | Preço: R$ 26.68 | Ações: 4064 | Valor líquido: R$ 108329.50
2025-09-01 22:34:30,086 - INFO - COMPRA: 2024-02-08 | Preço: R$ 26.28 | Ações: 4118 | Custo: R$ 108329.50
2025-09-01 22:34:30,088 - INFO - PROGRESSO: Data 2024-03-14 | Pred: 1 | Cash: R$ 0.00 | Ações: 4118
2025-09-01 22:34:30,092 - INFO - PROGRESSO: Data 2024-05-27 | Pred: 1 | Cash: R$ 0.00 | Ações: 4118
2025-09-01 22:34:30,101 - INFO - PROGRESSO: Data 2024-08-06 | Pred: 1 | Cash: R$ 0.00 | Ações: 4118
2025-09-01 22:34:30,110 - INFO - PROGRESSO: Data 2024-10-15 | Pred: 1 | Cash: R$ 0.00 | Ações: 4118
2025-09-01 22:34:30,138 - INFO - RESUMO FINAL DO BACKTESTING:
2025-09-01 22:34:30,138 - INFO -   Total de trades: 3
2025-09-01 22:34:30,138 - INFO -   Compras realizadas: 2
2025-09-01 22:34:30,138 - INFO -   Vendas realizadas: 1
2025-09-01 22:34:30,138 - INFO -   Capital inicial: R$ 100,000.00
2025-09-01 22:34:30,138 - INFO -   Capital final: R$ 96,859.15
2025-09-01 22:34:30,140 - INFO -   Cash final: R$ 0.00
2025-09-01 22:34:30,140 - INFO -   Ações finais: 4118
2025-09-01 22:34:30,140 - INFO -   Retorno total: -3.14%
