2025-09-01 23:24:02,311 - INFO - THRESHOLD OTIMIZADO: 0.500
2025-09-01 23:24:02,311 - INFO - F1-SCORE VALIDAÇÃO: 0.395
2025-09-01 23:24:02,311 - INFO - PROBABILIDADES MÉDIAS: Alta=0.192, Baixa=0.808
2025-09-01 23:24:02,311 - INFO - ============================================================
2025-09-01 23:24:02,311 - INFO - INICIANDO BACKTESTING
2025-09-01 23:24:02,313 - INFO - ============================================================
2025-09-01 23:24:02,313 - INFO - Tamanho test_df: 251
2025-09-01 23:24:02,313 - INFO - Tamanho predictions: 251
2025-09-01 23:24:02,313 - INFO - Capital inicial: R$ 100,000.00
2025-09-01 23:24:02,316 - INFO - Custo de transação: 0.100%
2025-09-01 23:24:02,317 - INFO - DISTRIBUIÇÃO DAS PREDIÇÕES:
2025-09-01 23:24:02,317 - INFO -   - Total: 251
2025-09-01 23:24:02,317 - INFO -   - Predições de alta (1): 2
2025-09-01 23:24:02,317 - INFO -   - Predições de baixa (0): 249
2025-09-01 23:24:02,317 - INFO -   - Percentual de alta: 0.8%
2025-09-01 23:24:02,317 - INFO - EXECUÇÃO DOS TRADES:
2025-09-01 23:24:02,317 - INFO - PROGRESSO: Data 2024-01-02 | Pred: 0 | Cash: R$ 100,000.00 | Ações: 0
2025-09-01 23:24:02,322 - INFO - PROGRESSO: Data 2024-03-14 | Pred: 0 | Cash: R$ 100,000.00 | Ações: 0
2025-09-01 23:24:02,326 - INFO - PROGRESSO: Data 2024-05-27 | Pred: 0 | Cash: R$ 100,000.00 | Ações: 0
2025-09-01 23:24:02,330 - INFO - PROGRESSO: Data 2024-08-06 | Pred: 0 | Cash: R$ 100,000.00 | Ações: 0
2025-09-01 23:24:02,336 - INFO - COMPRA: 2024-10-10 | Preço: R$ 24.84 | Ações: 4021 | Custo: R$ 100000.00
2025-09-01 23:24:02,336 - INFO - VENDA: 2024-10-11 | Preço: R$ 24.97 | Ações: 4021 | Valor líquido: R$ 100295.39
2025-09-01 23:24:02,336 - INFO - PROGRESSO: Data 2024-10-15 | Pred: 0 | Cash: R$ 100,295.39 | Ações: 0
2025-09-01 23:24:02,338 - INFO - COMPRA: 2024-11-14 | Preço: R$ 24.06 | Ações: 4165 | Custo: R$ 100295.39
2025-09-01 23:24:02,338 - INFO - VENDA: 2024-11-18 | Preço: R$ 24.38 | Ações: 4165 | Valor líquido: R$ 101436.44
2025-09-01 23:24:02,341 - INFO - RESUMO FINAL DO BACKTESTING:
2025-09-01 23:24:02,341 - INFO -   Total de trades: 4
2025-09-01 23:24:02,341 - INFO -   Compras realizadas: 2
2025-09-01 23:24:02,341 - INFO -   Vendas realizadas: 2
2025-09-01 23:24:02,341 - INFO -   Capital inicial: R$ 100,000.00
2025-09-01 23:24:02,341 - INFO -   Capital final: R$ 101,436.44
2025-09-01 23:24:02,342 - INFO -   Cash final: R$ 101,436.44
2025-09-01 23:24:02,342 - INFO -   Ações finais: 0
2025-09-01 23:24:02,343 - INFO -   Retorno total: +1.44%
