2025-09-09 15:32:48,151 - INFO - THRESHOLDS FINANCEIROS: buy=0.60 sell=0.15 hold_min_days=3
2025-09-09 15:32:48,151 - INFO - PROBABILIDADE MÉDIA: 0.180
2025-09-09 15:32:48,151 - INFO - ============================================================
2025-09-09 15:32:48,151 - INFO - INICIANDO BACKTESTING
2025-09-09 15:32:48,151 - INFO - ============================================================
2025-09-09 15:32:48,151 - INFO - Tamanho test_df: 251
2025-09-09 15:32:48,151 - INFO - Tamanho predictions: 251
2025-09-09 15:32:48,151 - INFO - Capital inicial: R$ 100,000.00
2025-09-09 15:32:48,155 - INFO - Custo de transação: 0.100%
2025-09-09 15:32:48,155 - INFO - DISTRIBUIÇÃO DAS PREDIÇÕES:
2025-09-09 15:32:48,155 - INFO -   - Total: 251
2025-09-09 15:32:48,155 - INFO -   - Predições de alta (1): 34
2025-09-09 15:32:48,155 - INFO -   - Predições de baixa (0): 217
2025-09-09 15:32:48,155 - INFO -   - Percentual de alta: 13.5%
2025-09-09 15:32:48,155 - INFO - EXECUÇÃO DOS TRADES:
2025-09-09 15:32:48,155 - INFO - PROGRESSO: Data 2024-01-02 | Pred: 1 | Cash: R$ 100,000.00 | Ações: 0
2025-09-09 15:32:48,155 - INFO - COMPRA: 2024-01-02 | Preço: R$ 24.55 | Ações: 4070 | Custo: R$ 100000.00
2025-09-09 15:32:48,157 - INFO - VENDA: 2024-01-10 | Preço: R$ 24.42 | Ações: 4070 | Valor líquido: R$ 99289.16
2025-09-09 15:32:48,157 - INFO - COMPRA: 2024-01-18 | Preço: R$ 24.93 | Ações: 3979 | Custo: R$ 99289.16
2025-09-09 15:32:48,157 - INFO - VENDA: 2024-02-06 | Preço: R$ 26.74 | Ações: 3979 | Valor líquido: R$ 106299.96
2025-09-09 15:32:48,159 - INFO - COMPRA: 2024-03-06 | Preço: R$ 26.46 | Ações: 4013 | Custo: R$ 106299.96
2025-09-09 15:32:48,160 - INFO - PROGRESSO: Data 2024-03-14 | Pred: 0 | Cash: R$ 0.00 | Ações: 4013
2025-09-09 15:32:48,160 - INFO - VENDA: 2024-03-14 | Preço: R$ 25.69 | Ações: 4013 | Valor líquido: R$ 103009.78
2025-09-09 15:32:48,161 - INFO - COMPRA: 2024-03-26 | Preço: R$ 25.40 | Ações: 4052 | Custo: R$ 103009.78
2025-09-09 15:32:48,161 - INFO - VENDA: 2024-04-09 | Preço: R$ 26.38 | Ações: 4052 | Valor líquido: R$ 106775.57
2025-09-09 15:32:48,164 - INFO - PROGRESSO: Data 2024-05-27 | Pred: 0 | Cash: R$ 106,775.57 | Ações: 0
2025-09-09 15:32:48,168 - INFO - PROGRESSO: Data 2024-08-06 | Pred: 0 | Cash: R$ 106,775.57 | Ações: 0
2025-09-09 15:32:48,171 - INFO - PROGRESSO: Data 2024-10-15 | Pred: 0 | Cash: R$ 106,775.57 | Ações: 0
2025-09-09 15:32:48,177 - INFO - RESUMO FINAL DO BACKTESTING:
2025-09-09 15:32:48,177 - INFO -   Total de trades: 8
2025-09-09 15:32:48,177 - INFO -   Compras realizadas: 4
2025-09-09 15:32:48,177 - INFO -   Vendas realizadas: 4
2025-09-09 15:32:48,177 - INFO -   Capital inicial: R$ 100,000.00
2025-09-09 15:32:48,177 - INFO -   Capital final: R$ 106,775.57
2025-09-09 15:32:48,177 - INFO -   Cash final: R$ 106,775.57
2025-09-09 15:32:48,177 - INFO -   Ações finais: 0
2025-09-09 15:32:48,177 - INFO -   Retorno total: +6.78%
