2025-09-09 16:28:30,448 - INFO - THRESHOLDS FINANCEIROS: buy=0.60 sell=0.35 hold_min_days=3
2025-09-09 16:28:30,448 - INFO - PROBABILIDADE MÉDIA: 0.345
2025-09-09 16:28:30,448 - INFO - ============================================================
2025-09-09 16:28:30,448 - INFO - INICIANDO BACKTESTING
2025-09-09 16:28:30,448 - INFO - ============================================================
2025-09-09 16:28:30,448 - INFO - Tamanho test_df: 251
2025-09-09 16:28:30,448 - INFO - Tamanho predictions: 251
2025-09-09 16:28:30,448 - INFO - Capital inicial: R$ 100,000.00
2025-09-09 16:28:30,452 - INFO - Custo de transação: 0.100%
2025-09-09 16:28:30,452 - INFO - DISTRIBUIÇÃO DAS PREDIÇÕES:
2025-09-09 16:28:30,452 - INFO -   - Total: 251
2025-09-09 16:28:30,452 - INFO -   - Predições de alta (1): 38
2025-09-09 16:28:30,452 - INFO -   - Predições de baixa (0): 213
2025-09-09 16:28:30,453 - INFO -   - Percentual de alta: 15.1%
2025-09-09 16:28:30,453 - INFO - EXECUÇÃO DOS TRADES:
2025-09-09 16:28:30,453 - INFO - PROGRESSO: Data 2024-01-02 | Pred: 0 | Cash: R$ 100,000.00 | Ações: 0
2025-09-09 16:28:30,455 - INFO - COMPRA: 2024-01-04 | Preço: R$ 24.32 | Ações: 4107 | Custo: R$ 100000.00
2025-09-09 16:28:30,455 - INFO - COMPRA: 2024-01-05 | Preço: R$ 24.71 | Ações: 0 | Custo: R$ 0.00
2025-09-09 16:28:30,456 - INFO - VENDA: 2024-01-15 | Preço: R$ 25.12 | Ações: 4107 | Valor líquido: R$ 103078.98
2025-09-09 16:28:30,458 - INFO - PROGRESSO: Data 2024-03-14 | Pred: 0 | Cash: R$ 103,078.98 | Ações: 0
2025-09-09 16:28:30,464 - WARNING - COMPRA REJEITADA: Cash insuficiente (R$ 103078.98 < R$ 103078.98)
2025-09-09 16:28:30,464 - WARNING - COMPRA REJEITADA: Cash insuficiente (R$ 103078.98 < R$ 103078.98)
2025-09-09 16:28:30,464 - INFO - COMPRA: 2024-04-23 | Preço: R$ 24.96 | Ações: 4126 | Custo: R$ 103078.98
2025-09-09 16:28:30,466 - INFO - VENDA: 2024-04-25 | Preço: R$ 24.76 | Ações: 4126 | Valor líquido: R$ 102053.03
2025-09-09 16:28:30,468 - INFO - PROGRESSO: Data 2024-05-27 | Pred: 0 | Cash: R$ 102,053.03 | Ações: 0
2025-09-09 16:28:30,468 - INFO - COMPRA: 2024-05-29 | Preço: R$ 24.76 | Ações: 4117 | Custo: R$ 102053.03
2025-09-09 16:28:30,469 - INFO - VENDA: 2024-06-10 | Preço: R$ 24.74 | Ações: 4117 | Valor líquido: R$ 101774.75
2025-09-09 16:28:30,471 - INFO - COMPRA: 2024-06-20 | Preço: R$ 24.47 | Ações: 4156 | Custo: R$ 101774.75
2025-09-09 16:28:30,471 - INFO - VENDA: 2024-06-26 | Preço: R$ 24.83 | Ações: 4156 | Valor líquido: R$ 103071.90
2025-09-09 16:28:30,474 - INFO - COMPRA: 2024-07-08 | Preço: R$ 24.35 | Ações: 4228 | Custo: R$ 103071.90
2025-09-09 16:28:30,476 - INFO - VENDA: 2024-07-23 | Preço: R$ 25.07 | Ações: 4228 | Valor líquido: R$ 105879.91
2025-09-09 16:28:30,477 - INFO - PROGRESSO: Data 2024-08-06 | Pred: 0 | Cash: R$ 105,879.91 | Ações: 0
2025-09-09 16:28:30,482 - INFO - COMPRA: 2024-09-20 | Preço: R$ 26.08 | Ações: 4056 | Custo: R$ 105879.91
2025-09-09 16:28:30,484 - INFO - VENDA: 2024-09-27 | Preço: R$ 25.90 | Ações: 4056 | Valor líquido: R$ 104938.29
2025-09-09 16:28:30,485 - INFO - PROGRESSO: Data 2024-10-15 | Pred: 0 | Cash: R$ 104,938.29 | Ações: 0
2025-09-09 16:28:30,492 - INFO - RESUMO FINAL DO BACKTESTING:
2025-09-09 16:28:30,492 - INFO -   Total de trades: 13
2025-09-09 16:28:30,492 - INFO -   Compras realizadas: 7
2025-09-09 16:28:30,492 - INFO -   Vendas realizadas: 6
2025-09-09 16:28:30,492 - INFO -   Capital inicial: R$ 100,000.00
2025-09-09 16:28:30,493 - INFO -   Capital final: R$ 104,938.29
2025-09-09 16:28:30,493 - INFO -   Cash final: R$ 104,938.29
2025-09-09 16:28:30,493 - INFO -   Ações finais: 0
2025-09-09 16:28:30,493 - INFO -   Retorno total: +4.94%
