2025-09-01 23:42:23,300 - INFO - THRESHOLD OTIMIZADO: 0.500
2025-09-01 23:42:23,301 - INFO - F1-SCORE VALIDAÇÃO: 0.129
2025-09-01 23:42:23,301 - INFO - PROBABILIDADES MÉDIAS: Alta=0.083, Baixa=0.917
2025-09-01 23:42:23,301 - INFO - ============================================================
2025-09-01 23:42:23,301 - INFO - INICIANDO BACKTESTING
2025-09-01 23:42:23,301 - INFO - ============================================================
2025-09-01 23:42:23,301 - INFO - Tamanho test_df: 251
2025-09-01 23:42:23,301 - INFO - Tamanho predictions: 251
2025-09-01 23:42:23,302 - INFO - Capital inicial: R$ 100,000.00
2025-09-01 23:42:23,304 - INFO - Custo de transação: 0.100%
2025-09-01 23:42:23,304 - INFO - DISTRIBUIÇÃO DAS PREDIÇÕES:
2025-09-01 23:42:23,304 - INFO -   - Total: 251
2025-09-01 23:42:23,304 - INFO -   - Predições de alta (1): 1
2025-09-01 23:42:23,305 - INFO -   - Predições de baixa (0): 250
2025-09-01 23:42:23,305 - INFO -   - Percentual de alta: 0.4%
2025-09-01 23:42:23,305 - INFO - EXECUÇÃO DOS TRADES:
2025-09-01 23:42:23,305 - INFO - PROGRESSO: Data 2024-01-02 | Pred: 0 | Cash: R$ 100,000.00 | Ações: 0
2025-09-01 23:42:23,309 - INFO - PROGRESSO: Data 2024-03-14 | Pred: 0 | Cash: R$ 100,000.00 | Ações: 0
2025-09-01 23:42:23,313 - INFO - PROGRESSO: Data 2024-05-27 | Pred: 0 | Cash: R$ 100,000.00 | Ações: 0
2025-09-01 23:42:23,317 - INFO - PROGRESSO: Data 2024-08-06 | Pred: 0 | Cash: R$ 100,000.00 | Ações: 0
2025-09-01 23:42:23,320 - INFO - PROGRESSO: Data 2024-10-15 | Pred: 0 | Cash: R$ 100,000.00 | Ações: 0
2025-09-01 23:42:23,322 - INFO - COMPRA: 2024-11-14 | Preço: R$ 24.06 | Ações: 4153 | Custo: R$ 100000.00
2025-09-01 23:42:23,322 - INFO - VENDA: 2024-11-18 | Preço: R$ 24.38 | Ações: 4153 | Valor líquido: R$ 101137.69
2025-09-01 23:42:23,324 - INFO - RESUMO FINAL DO BACKTESTING:
2025-09-01 23:42:23,325 - INFO -   Total de trades: 2
2025-09-01 23:42:23,325 - INFO -   Compras realizadas: 1
2025-09-01 23:42:23,325 - INFO -   Vendas realizadas: 1
2025-09-01 23:42:23,325 - INFO -   Capital inicial: R$ 100,000.00
2025-09-01 23:42:23,325 - INFO -   Capital final: R$ 101,137.69
2025-09-01 23:42:23,325 - INFO -   Cash final: R$ 101,137.69
2025-09-01 23:42:23,325 - INFO -   Ações finais: 0
2025-09-01 23:42:23,325 - INFO -   Retorno total: +1.14%
