2025-09-10 16:24:30,724 - INFO - THRESHOLDS FINANCEIROS: buy=0.85 sell=0.15 hold_min_days=3
2025-09-10 16:24:30,725 - INFO - PROBABILIDADE MÉDIA: 0.502
2025-09-10 16:24:30,725 - INFO - ============================================================
2025-09-10 16:24:30,725 - INFO - INICIANDO BACKTESTING
2025-09-10 16:24:30,727 - INFO - ============================================================
2025-09-10 16:24:30,727 - INFO - Tamanho test_df: 251
2025-09-10 16:24:30,729 - INFO - Tamanho predictions: 251
2025-09-10 16:24:30,729 - INFO - Capital inicial: R$ 100,000.00
2025-09-10 16:24:30,732 - INFO - Custo de transação: 0.100%
2025-09-10 16:24:30,733 - INFO - DISTRIBUIÇÃO DAS PREDIÇÕES:
2025-09-10 16:24:30,733 - INFO -   - Total: 251
2025-09-10 16:24:30,734 - INFO -   - Predições de alta (1): 125
2025-09-10 16:24:30,735 - INFO -   - Predições de baixa (0): 126
2025-09-10 16:24:30,735 - INFO -   - Percentual de alta: 49.8%
2025-09-10 16:24:30,736 - INFO - EXECUÇÃO DOS TRADES:
2025-09-10 16:24:30,736 - INFO - PROGRESSO: Data 2024-01-02 | Pred: 0 | Cash: R$ 100,000.00 | Ações: 0
2025-09-10 16:24:30,740 - INFO - COMPRA: 2024-01-12 | Preço: R$ 13.79 | Ações: 7244 | Custo: R$ 100000.00
2025-09-10 16:24:30,740 - INFO - COMPRA: 2024-01-15 | Preço: R$ 13.90 | Ações: 0 | Custo: R$ 0.00
2025-09-10 16:24:30,742 - INFO - COMPRA: 2024-01-16 | Preço: R$ 13.76 | Ações: 0 | Custo: R$ 0.00
2025-09-10 16:24:30,744 - INFO - VENDA: 2024-01-19 | Preço: R$ 13.70 | Ações: 7244 | Valor líquido: R$ 99166.53
2025-09-10 16:24:30,746 - INFO - COMPRA: 2024-01-30 | Preço: R$ 13.35 | Ações: 7419 | Custo: R$ 99166.53
2025-09-10 16:24:30,749 - INFO - VENDA: 2024-02-16 | Preço: R$ 11.84 | Ações: 7419 | Valor líquido: R$ 87720.02
2025-09-10 16:24:30,754 - INFO - PROGRESSO: Data 2024-03-14 | Pred: 0 | Cash: R$ 87,720.02 | Ações: 0
2025-09-10 16:24:30,760 - INFO - COMPRA: 2024-04-19 | Preço: R$ 12.04 | Ações: 7276 | Custo: R$ 87720.02
2025-09-10 16:24:30,763 - INFO - VENDA: 2024-04-29 | Preço: R$ 12.39 | Ações: 7276 | Valor líquido: R$ 90100.82
2025-09-10 16:24:30,766 - INFO - COMPRA: 2024-05-14 | Preço: R$ 11.80 | Ações: 7631 | Custo: R$ 90100.82
2025-09-10 16:24:30,771 - INFO - PROGRESSO: Data 2024-05-27 | Pred: 1 | Cash: R$ 0.00 | Ações: 7631
2025-09-10 16:24:30,783 - INFO - VENDA: 2024-07-12 | Preço: R$ 11.55 | Ações: 7631 | Valor líquido: R$ 88029.34
2025-09-10 16:24:30,785 - INFO - COMPRA: 2024-07-19 | Preço: R$ 11.42 | Ações: 7701 | Custo: R$ 88029.34
2025-09-10 16:24:30,785 - INFO - COMPRA: 2024-07-22 | Preço: R$ 11.48 | Ações: 0 | Custo: R$ 0.00
2025-09-10 16:24:30,792 - INFO - VENDA: 2024-08-02 | Preço: R$ 11.72 | Ações: 7701 | Valor líquido: R$ 90161.17
2025-09-10 16:24:30,792 - INFO - PROGRESSO: Data 2024-08-06 | Pred: 0 | Cash: R$ 90,161.17 | Ações: 0
2025-09-10 16:24:30,796 - INFO - COMPRA: 2024-08-12 | Preço: R$ 13.47 | Ações: 6686 | Custo: R$ 90161.17
2025-09-10 16:24:30,798 - INFO - VENDA: 2024-08-16 | Preço: R$ 13.78 | Ações: 6686 | Valor líquido: R$ 92052.36
2025-09-10 16:24:30,801 - INFO - COMPRA: 2024-09-03 | Preço: R$ 14.46 | Ações: 6357 | Custo: R$ 92052.36
2025-09-10 16:24:30,808 - INFO - VENDA: 2024-09-16 | Preço: R$ 14.02 | Ações: 6357 | Valor líquido: R$ 89026.54
2025-09-10 16:24:30,810 - INFO - COMPRA: 2024-09-20 | Preço: R$ 13.41 | Ações: 6634 | Custo: R$ 89026.54
2025-09-10 16:24:30,810 - INFO - VENDA: 2024-09-27 | Preço: R$ 13.63 | Ações: 6634 | Valor líquido: R$ 90361.77
2025-09-10 16:24:30,810 - INFO - PROGRESSO: Data 2024-10-15 | Pred: 0 | Cash: R$ 90,361.77 | Ações: 0
2025-09-10 16:24:30,810 - INFO - COMPRA: 2024-11-08 | Preço: R$ 12.54 | Ações: 7200 | Custo: R$ 90361.77
2025-09-10 16:24:30,812 - INFO - RESUMO FINAL DO BACKTESTING:
2025-09-10 16:24:30,812 - INFO -   Total de trades: 20
2025-09-10 16:24:30,812 - INFO -   Compras realizadas: 12
2025-09-10 16:24:30,812 - INFO -   Vendas realizadas: 8
2025-09-10 16:24:30,812 - INFO -   Capital inicial: R$ 100,000.00
2025-09-10 16:24:30,812 - INFO -   Capital final: R$ 77,360.68
2025-09-10 16:24:30,812 - INFO -   Cash final: R$ 0.00
2025-09-10 16:24:30,812 - INFO -   Ações finais: 7200
2025-09-10 16:24:30,812 - INFO -   Retorno total: -22.64%
