2025-09-17 15:34:01,266 - INFO - THRESHOLDS FINANCEIROS: buy=0.65 sell=0.15 hold_min_days=3
2025-09-17 15:34:01,266 - INFO - PROBABILIDADE MÉDIA: 0.640
2025-09-17 15:34:01,267 - INFO - ============================================================
2025-09-17 15:34:01,267 - INFO - INICIANDO BACKTESTING REALISTA
2025-09-17 15:34:01,267 - INFO - ============================================================
2025-09-17 15:34:01,267 - INFO - Tamanho test_df: 251
2025-09-17 15:34:01,267 - INFO - Tamanho predictions: 251
2025-09-17 15:34:01,267 - INFO - Tamanho probabilities: 251
2025-09-17 15:34:01,276 - INFO - Capital inicial: R$ 100,000.00
2025-09-17 15:34:01,277 - INFO - Custo de transação: 0.100%
2025-09-17 15:34:01,292 - INFO - CDI real carregado: 253 dias disponíveis
2025-09-17 15:34:01,293 - INFO - Slippage Dinâmico: 0.2-2.0 bps | Lote: 100 | CDI: Real
2025-09-17 15:34:01,299 - INFO - DISTRIBUIÇÃO DAS PREDIÇÕES:
2025-09-17 15:34:01,299 - INFO -   - Total: 251
2025-09-17 15:34:01,299 - INFO -   - Predições de alta (1): 226
2025-09-17 15:34:01,300 - INFO -   - Predições de baixa (0): 25
2025-09-17 15:34:01,300 - INFO -   - Percentual de alta: 90.0%
2025-09-17 15:34:01,300 - INFO - EXECUÇÃO DOS TRADES:
2025-09-17 15:34:01,300 - INFO - PROGRESSO: Data 2024-01-02 | Pred: 0 | Cash: R$ 100,000.00 | Ações: 0
2025-09-17 15:34:01,307 - INFO - COMPRA: 2024-02-06 | Preço base: R$ 13.46 | Preço exec c/ slippage: R$ 13.46 | Ações: 5300 | Custo: R$ 71399.60 | Prob: 0.659 | Fração: 71.5%
2025-09-17 15:34:01,308 - INFO - COMPRA: 2024-02-07 | Preço base: R$ 12.17 | Preço exec c/ slippage: R$ 12.17 | Ações: 1600 | Custo: R$ 19490.36 | Prob: 0.636 | Fração: 67.1%
2025-09-17 15:34:01,310 - INFO - COMPRA: 2024-02-08 | Preço base: R$ 11.98 | Preço exec c/ slippage: R$ 11.98 | Ações: 500 | Custo: R$ 5994.16 | Prob: 0.626 | Fração: 65.1%
2025-09-17 15:34:01,311 - INFO - COMPRA: 2024-02-09 | Preço base: R$ 11.77 | Preço exec c/ slippage: R$ 11.77 | Ações: 200 | Custo: R$ 2355.53 | Prob: 0.624 | Fração: 64.8%
2025-09-17 15:34:01,312 - INFO - COMPRA: 2024-02-14 | Preço base: R$ 11.80 | Preço exec c/ slippage: R$ 11.80 | Ações: 100 | Custo: R$ 1181.28 | Prob: 0.623 | Fração: 64.5%
2025-09-17 15:34:01,313 - WARNING - COMPRA REJEITADA: Quantidade calculada = 0 (prob: 0.614, fração: 62.8%)
2025-09-17 15:34:01,314 - WARNING - COMPRA REJEITADA: Quantidade calculada = 0 (prob: 0.606, fração: 61.3%)
2025-09-17 15:34:01,314 - WARNING - COMPRA REJEITADA: Quantidade calculada = 0 (prob: 0.604, fração: 60.7%)
2025-09-17 15:34:01,316 - WARNING - COMPRA REJEITADA: Quantidade calculada = 0 (prob: 0.608, fração: 61.5%)
2025-09-17 15:34:01,316 - WARNING - COMPRA REJEITADA: Quantidade calculada = 0 (prob: 0.606, fração: 61.2%)
2025-09-17 15:34:01,318 - WARNING - COMPRA REJEITADA: Quantidade calculada = 0 (prob: 0.610, fração: 62.0%)
2025-09-17 15:34:01,318 - WARNING - COMPRA REJEITADA: Quantidade calculada = 0 (prob: 0.624, fração: 64.8%)
2025-09-17 15:34:01,319 - WARNING - COMPRA REJEITADA: Quantidade calculada = 0 (prob: 0.616, fração: 63.2%)
2025-09-17 15:34:01,320 - WARNING - COMPRA REJEITADA: Quantidade calculada = 0 (prob: 0.634, fração: 66.8%)
2025-09-17 15:34:01,321 - WARNING - COMPRA REJEITADA: Quantidade calculada = 0 (prob: 0.632, fração: 66.3%)
2025-09-17 15:34:01,321 - WARNING - COMPRA REJEITADA: Quantidade calculada = 0 (prob: 0.644, fração: 68.6%)
2025-09-17 15:34:01,322 - WARNING - COMPRA REJEITADA: Quantidade calculada = 0 (prob: 0.650, fração: 69.7%)
2025-09-17 15:34:01,323 - WARNING - COMPRA REJEITADA: Quantidade calculada = 0 (prob: 0.651, fração: 69.9%)
2025-09-17 15:34:01,324 - WARNING - COMPRA REJEITADA: Quantidade calculada = 0 (prob: 0.647, fração: 69.3%)
2025-09-17 15:34:01,324 - WARNING - COMPRA REJEITADA: Quantidade calculada = 0 (prob: 0.632, fração: 66.2%)
2025-09-17 15:34:01,325 - WARNING - COMPRA REJEITADA: Quantidade calculada = 0 (prob: 0.623, fração: 64.7%)
2025-09-17 15:34:01,326 - WARNING - COMPRA REJEITADA: Quantidade calculada = 0 (prob: 0.640, fração: 67.8%)
2025-09-17 15:34:01,327 - WARNING - COMPRA REJEITADA: Quantidade calculada = 0 (prob: 0.630, fração: 66.0%)
2025-09-17 15:34:01,328 - WARNING - COMPRA REJEITADA: Quantidade calculada = 0 (prob: 0.658, fração: 71.3%)
2025-09-17 15:34:01,329 - WARNING - COMPRA REJEITADA: Quantidade calculada = 0 (prob: 0.660, fração: 71.7%)
2025-09-17 15:34:01,330 - INFO - PROGRESSO: Data 2024-03-14 | Pred: 1 | Cash: R$ 698.33 | Ações: 7700
2025-09-17 15:34:01,331 - WARNING - COMPRA REJEITADA: Quantidade calculada = 0 (prob: 0.662, fração: 72.0%)
2025-09-17 15:34:01,331 - WARNING - COMPRA REJEITADA: Quantidade calculada = 0 (prob: 0.664, fração: 72.4%)
2025-09-17 15:34:01,332 - WARNING - COMPRA REJEITADA: Quantidade calculada = 0 (prob: 0.668, fração: 73.1%)
2025-09-17 15:34:01,333 - WARNING - COMPRA REJEITADA: Quantidade calculada = 0 (prob: 0.665, fração: 72.6%)
2025-09-17 15:34:01,334 - WARNING - COMPRA REJEITADA: Quantidade calculada = 0 (prob: 0.657, fração: 71.0%)
2025-09-17 15:34:01,334 - WARNING - COMPRA REJEITADA: Quantidade calculada = 0 (prob: 0.649, fração: 69.6%)
2025-09-17 15:34:01,335 - WARNING - COMPRA REJEITADA: Quantidade calculada = 0 (prob: 0.655, fração: 70.8%)
2025-09-17 15:34:01,336 - WARNING - COMPRA REJEITADA: Quantidade calculada = 0 (prob: 0.656, fração: 70.9%)
2025-09-17 15:34:01,336 - WARNING - COMPRA REJEITADA: Quantidade calculada = 0 (prob: 0.653, fração: 70.3%)
2025-09-17 15:34:01,337 - WARNING - COMPRA REJEITADA: Quantidade calculada = 0 (prob: 0.647, fração: 69.2%)
2025-09-17 15:34:01,337 - WARNING - COMPRA REJEITADA: Quantidade calculada = 0 (prob: 0.651, fração: 69.9%)
2025-09-17 15:34:01,338 - WARNING - COMPRA REJEITADA: Quantidade calculada = 0 (prob: 0.651, fração: 70.0%)
2025-09-17 15:34:01,338 - WARNING - COMPRA REJEITADA: Quantidade calculada = 0 (prob: 0.639, fração: 67.6%)
2025-09-17 15:34:01,339 - WARNING - COMPRA REJEITADA: Quantidade calculada = 0 (prob: 0.618, fração: 63.5%)
2025-09-17 15:34:01,339 - WARNING - COMPRA REJEITADA: Quantidade calculada = 0 (prob: 0.660, fração: 71.7%)
2025-09-17 15:34:01,340 - WARNING - COMPRA REJEITADA: Quantidade calculada = 0 (prob: 0.654, fração: 70.6%)
2025-09-17 15:34:01,341 - WARNING - COMPRA REJEITADA: Quantidade calculada = 0 (prob: 0.661, fração: 71.8%)
2025-09-17 15:34:01,341 - WARNING - COMPRA REJEITADA: Quantidade calculada = 0 (prob: 0.666, fração: 72.8%)
2025-09-17 15:34:01,342 - WARNING - COMPRA REJEITADA: Quantidade calculada = 0 (prob: 0.663, fração: 72.2%)
2025-09-17 15:34:01,342 - WARNING - COMPRA REJEITADA: Quantidade calculada = 0 (prob: 0.655, fração: 70.7%)
2025-09-17 15:34:01,343 - WARNING - COMPRA REJEITADA: Quantidade calculada = 0 (prob: 0.648, fração: 69.4%)
2025-09-17 15:34:01,344 - WARNING - COMPRA REJEITADA: Quantidade calculada = 0 (prob: 0.645, fração: 68.8%)
2025-09-17 15:34:01,345 - WARNING - COMPRA REJEITADA: Quantidade calculada = 0 (prob: 0.644, fração: 68.6%)
2025-09-17 15:34:01,345 - WARNING - COMPRA REJEITADA: Quantidade calculada = 0 (prob: 0.657, fração: 71.1%)
2025-09-17 15:34:01,346 - WARNING - COMPRA REJEITADA: Quantidade calculada = 0 (prob: 0.663, fração: 72.2%)
2025-09-17 15:34:01,347 - WARNING - COMPRA REJEITADA: Quantidade calculada = 0 (prob: 0.664, fração: 72.4%)
2025-09-17 15:34:01,347 - WARNING - COMPRA REJEITADA: Quantidade calculada = 0 (prob: 0.658, fração: 71.3%)
2025-09-17 15:34:01,348 - WARNING - COMPRA REJEITADA: Quantidade calculada = 0 (prob: 0.670, fração: 73.5%)
2025-09-17 15:34:01,348 - WARNING - COMPRA REJEITADA: Quantidade calculada = 0 (prob: 0.668, fração: 73.1%)
2025-09-17 15:34:01,349 - WARNING - COMPRA REJEITADA: Quantidade calculada = 0 (prob: 0.665, fração: 72.6%)
2025-09-17 15:34:01,349 - WARNING - COMPRA REJEITADA: Quantidade calculada = 0 (prob: 0.659, fração: 71.4%)
2025-09-17 15:34:01,350 - WARNING - COMPRA REJEITADA: Quantidade calculada = 0 (prob: 0.651, fração: 70.0%)
2025-09-17 15:34:01,350 - WARNING - COMPRA REJEITADA: Quantidade calculada = 0 (prob: 0.659, fração: 71.5%)
2025-09-17 15:34:01,351 - WARNING - COMPRA REJEITADA: Quantidade calculada = 0 (prob: 0.664, fração: 72.4%)
2025-09-17 15:34:01,352 - WARNING - COMPRA REJEITADA: Quantidade calculada = 0 (prob: 0.653, fração: 70.4%)
2025-09-17 15:34:01,352 - WARNING - COMPRA REJEITADA: Quantidade calculada = 0 (prob: 0.653, fração: 70.4%)
2025-09-17 15:34:01,353 - WARNING - COMPRA REJEITADA: Quantidade calculada = 0 (prob: 0.653, fração: 70.4%)
2025-09-17 15:34:01,353 - WARNING - COMPRA REJEITADA: Quantidade calculada = 0 (prob: 0.651, fração: 70.0%)
2025-09-17 15:34:01,354 - WARNING - COMPRA REJEITADA: Quantidade calculada = 0 (prob: 0.661, fração: 71.9%)
2025-09-17 15:34:01,354 - WARNING - COMPRA REJEITADA: Quantidade calculada = 0 (prob: 0.667, fração: 72.9%)
2025-09-17 15:34:01,355 - WARNING - COMPRA REJEITADA: Quantidade calculada = 0 (prob: 0.666, fração: 72.7%)
2025-09-17 15:34:01,356 - WARNING - COMPRA REJEITADA: Quantidade calculada = 0 (prob: 0.666, fração: 72.8%)
2025-09-17 15:34:01,356 - WARNING - COMPRA REJEITADA: Quantidade calculada = 0 (prob: 0.686, fração: 76.2%)
2025-09-17 15:34:01,357 - WARNING - COMPRA REJEITADA: Quantidade calculada = 0 (prob: 0.671, fração: 73.6%)
2025-09-17 15:34:01,357 - WARNING - COMPRA REJEITADA: Quantidade calculada = 0 (prob: 0.670, fração: 73.5%)
2025-09-17 15:34:01,358 - WARNING - COMPRA REJEITADA: Quantidade calculada = 0 (prob: 0.667, fração: 73.0%)
2025-09-17 15:34:01,358 - WARNING - COMPRA REJEITADA: Quantidade calculada = 0 (prob: 0.667, fração: 72.9%)
2025-09-17 15:34:01,359 - WARNING - COMPRA REJEITADA: Quantidade calculada = 0 (prob: 0.683, fração: 75.7%)
2025-09-17 15:34:01,360 - WARNING - COMPRA REJEITADA: Quantidade calculada = 0 (prob: 0.675, fração: 74.4%)
2025-09-17 15:34:01,360 - WARNING - COMPRA REJEITADA: Quantidade calculada = 0 (prob: 0.688, fração: 76.5%)
2025-09-17 15:34:01,360 - INFO - PROGRESSO: Data 2024-05-27 | Pred: 1 | Cash: R$ 712.48 | Ações: 7700
2025-09-17 15:34:01,360 - WARNING - COMPRA REJEITADA: Quantidade calculada = 0 (prob: 0.689, fração: 76.8%)
2025-09-17 15:34:01,360 - WARNING - COMPRA REJEITADA: Quantidade calculada = 0 (prob: 0.683, fração: 75.7%)
2025-09-17 15:34:01,361 - WARNING - COMPRA REJEITADA: Quantidade calculada = 0 (prob: 0.673, fração: 74.0%)
2025-09-17 15:34:01,361 - WARNING - COMPRA REJEITADA: Quantidade calculada = 0 (prob: 0.664, fração: 72.4%)
2025-09-17 15:34:01,361 - WARNING - COMPRA REJEITADA: Quantidade calculada = 0 (prob: 0.687, fração: 76.3%)
2025-09-17 15:34:01,361 - WARNING - COMPRA REJEITADA: Quantidade calculada = 0 (prob: 0.669, fração: 73.2%)
2025-09-17 15:34:01,361 - WARNING - COMPRA REJEITADA: Quantidade calculada = 0 (prob: 0.671, fração: 73.6%)
2025-09-17 15:34:01,361 - WARNING - COMPRA REJEITADA: Quantidade calculada = 0 (prob: 0.660, fração: 71.6%)
2025-09-17 15:34:01,361 - WARNING - COMPRA REJEITADA: Quantidade calculada = 0 (prob: 0.658, fração: 71.2%)
2025-09-17 15:34:01,361 - WARNING - COMPRA REJEITADA: Quantidade calculada = 0 (prob: 0.664, fração: 72.4%)
2025-09-17 15:34:01,361 - WARNING - COMPRA REJEITADA: Quantidade calculada = 0 (prob: 0.660, fração: 71.6%)
2025-09-17 15:34:01,362 - WARNING - COMPRA REJEITADA: Quantidade calculada = 0 (prob: 0.663, fração: 72.2%)
2025-09-17 15:34:01,362 - WARNING - COMPRA REJEITADA: Quantidade calculada = 0 (prob: 0.671, fração: 73.7%)
2025-09-17 15:34:01,362 - WARNING - COMPRA REJEITADA: Quantidade calculada = 0 (prob: 0.670, fração: 73.5%)
2025-09-17 15:34:01,362 - WARNING - COMPRA REJEITADA: Quantidade calculada = 0 (prob: 0.665, fração: 72.6%)
2025-09-17 15:34:01,362 - WARNING - COMPRA REJEITADA: Quantidade calculada = 0 (prob: 0.660, fração: 71.6%)
2025-09-17 15:34:01,362 - WARNING - COMPRA REJEITADA: Quantidade calculada = 0 (prob: 0.660, fração: 71.7%)
2025-09-17 15:34:01,362 - WARNING - COMPRA REJEITADA: Quantidade calculada = 0 (prob: 0.661, fração: 71.9%)
2025-09-17 15:34:01,362 - WARNING - COMPRA REJEITADA: Quantidade calculada = 0 (prob: 0.670, fração: 73.4%)
2025-09-17 15:34:01,362 - WARNING - COMPRA REJEITADA: Quantidade calculada = 0 (prob: 0.660, fração: 71.7%)
2025-09-17 15:34:01,363 - WARNING - COMPRA REJEITADA: Quantidade calculada = 0 (prob: 0.658, fração: 71.3%)
2025-09-17 15:34:01,363 - WARNING - COMPRA REJEITADA: Quantidade calculada = 0 (prob: 0.667, fração: 72.9%)
2025-09-17 15:34:01,363 - WARNING - COMPRA REJEITADA: Quantidade calculada = 0 (prob: 0.657, fração: 71.0%)
2025-09-17 15:34:01,363 - WARNING - COMPRA REJEITADA: Quantidade calculada = 0 (prob: 0.658, fração: 71.4%)
2025-09-17 15:34:01,363 - WARNING - COMPRA REJEITADA: Quantidade calculada = 0 (prob: 0.658, fração: 71.3%)
2025-09-17 15:34:01,363 - WARNING - COMPRA REJEITADA: Quantidade calculada = 0 (prob: 0.671, fração: 73.6%)
2025-09-17 15:34:01,363 - WARNING - COMPRA REJEITADA: Quantidade calculada = 0 (prob: 0.662, fração: 72.0%)
2025-09-17 15:34:01,363 - WARNING - COMPRA REJEITADA: Quantidade calculada = 0 (prob: 0.651, fração: 70.0%)
2025-09-17 15:34:01,363 - WARNING - COMPRA REJEITADA: Quantidade calculada = 0 (prob: 0.660, fração: 71.7%)
2025-09-17 15:34:01,363 - WARNING - COMPRA REJEITADA: Quantidade calculada = 0 (prob: 0.661, fração: 71.8%)
2025-09-17 15:34:01,364 - WARNING - COMPRA REJEITADA: Quantidade calculada = 0 (prob: 0.652, fração: 70.2%)
2025-09-17 15:34:01,364 - WARNING - COMPRA REJEITADA: Quantidade calculada = 0 (prob: 0.669, fração: 73.3%)
2025-09-17 15:34:01,364 - WARNING - COMPRA REJEITADA: Quantidade calculada = 0 (prob: 0.669, fração: 73.3%)
2025-09-17 15:34:01,364 - WARNING - COMPRA REJEITADA: Quantidade calculada = 0 (prob: 0.650, fração: 69.7%)
2025-09-17 15:34:01,364 - WARNING - COMPRA REJEITADA: Quantidade calculada = 0 (prob: 0.638, fração: 67.4%)
2025-09-17 15:34:01,364 - WARNING - COMPRA REJEITADA: Quantidade calculada = 0 (prob: 0.645, fração: 68.9%)
2025-09-17 15:34:01,364 - WARNING - COMPRA REJEITADA: Quantidade calculada = 0 (prob: 0.675, fração: 74.4%)
2025-09-17 15:34:01,364 - WARNING - COMPRA REJEITADA: Quantidade calculada = 0 (prob: 0.651, fração: 69.9%)
2025-09-17 15:34:01,364 - WARNING - COMPRA REJEITADA: Quantidade calculada = 0 (prob: 0.642, fração: 68.3%)
2025-09-17 15:34:01,365 - WARNING - COMPRA REJEITADA: Quantidade calculada = 0 (prob: 0.644, fração: 68.7%)
2025-09-17 15:34:01,365 - WARNING - COMPRA REJEITADA: Quantidade calculada = 0 (prob: 0.638, fração: 67.4%)
2025-09-17 15:34:01,365 - WARNING - COMPRA REJEITADA: Quantidade calculada = 0 (prob: 0.638, fração: 67.5%)
2025-09-17 15:34:01,365 - WARNING - COMPRA REJEITADA: Quantidade calculada = 0 (prob: 0.628, fração: 65.6%)
2025-09-17 15:34:01,365 - WARNING - COMPRA REJEITADA: Quantidade calculada = 0 (prob: 0.647, fração: 69.2%)
2025-09-17 15:34:01,365 - WARNING - COMPRA REJEITADA: Quantidade calculada = 0 (prob: 0.637, fração: 67.3%)
2025-09-17 15:34:01,365 - WARNING - COMPRA REJEITADA: Quantidade calculada = 0 (prob: 0.642, fração: 68.4%)
2025-09-17 15:34:01,365 - WARNING - COMPRA REJEITADA: Quantidade calculada = 0 (prob: 0.645, fração: 68.9%)
2025-09-17 15:34:01,365 - WARNING - COMPRA REJEITADA: Quantidade calculada = 0 (prob: 0.647, fração: 69.2%)
2025-09-17 15:34:01,365 - WARNING - COMPRA REJEITADA: Quantidade calculada = 0 (prob: 0.640, fração: 67.9%)
2025-09-17 15:34:01,366 - WARNING - COMPRA REJEITADA: Quantidade calculada = 0 (prob: 0.680, fração: 75.1%)
2025-09-17 15:34:01,366 - INFO - PROGRESSO: Data 2024-08-06 | Pred: 1 | Cash: R$ 726.60 | Ações: 7700
2025-09-17 15:34:01,366 - WARNING - COMPRA REJEITADA: Quantidade calculada = 0 (prob: 0.663, fração: 72.3%)
2025-09-17 15:34:01,366 - WARNING - COMPRA REJEITADA: Quantidade calculada = 0 (prob: 0.664, fração: 72.3%)
2025-09-17 15:34:01,366 - WARNING - COMPRA REJEITADA: Quantidade calculada = 0 (prob: 0.659, fração: 71.5%)
2025-09-17 15:34:01,366 - WARNING - COMPRA REJEITADA: Quantidade calculada = 0 (prob: 0.642, fração: 68.2%)
2025-09-17 15:34:01,366 - WARNING - COMPRA REJEITADA: Quantidade calculada = 0 (prob: 0.647, fração: 69.2%)
2025-09-17 15:34:01,366 - WARNING - COMPRA REJEITADA: Quantidade calculada = 0 (prob: 0.621, fração: 64.2%)
2025-09-17 15:34:01,366 - WARNING - COMPRA REJEITADA: Quantidade calculada = 0 (prob: 0.628, fração: 65.5%)
2025-09-17 15:34:01,367 - WARNING - COMPRA REJEITADA: Quantidade calculada = 0 (prob: 0.604, fração: 60.9%)
2025-09-17 15:34:01,367 - WARNING - COMPRA REJEITADA: Quantidade calculada = 0 (prob: 0.616, fração: 63.1%)
2025-09-17 15:34:01,367 - WARNING - COMPRA REJEITADA: Quantidade calculada = 0 (prob: 0.517, fração: 44.2%)
2025-09-17 15:34:01,367 - WARNING - COMPRA REJEITADA: Quantidade calculada = 0 (prob: 0.494, fração: 40.5%)
2025-09-17 15:34:01,367 - WARNING - COMPRA REJEITADA: Quantidade calculada = 0 (prob: 0.490, fração: 40.0%)
2025-09-17 15:34:01,367 - WARNING - COMPRA REJEITADA: Quantidade calculada = 0 (prob: 0.443, fração: 33.8%)
2025-09-17 15:34:01,367 - WARNING - COMPRA REJEITADA: Quantidade calculada = 0 (prob: 0.450, fração: 34.6%)
2025-09-17 15:34:01,367 - WARNING - COMPRA REJEITADA: Quantidade calculada = 0 (prob: 0.459, fração: 35.7%)
2025-09-17 15:34:01,367 - WARNING - COMPRA REJEITADA: Quantidade calculada = 0 (prob: 0.521, fração: 45.0%)
2025-09-17 15:34:01,367 - WARNING - COMPRA REJEITADA: Quantidade calculada = 0 (prob: 0.576, fração: 55.3%)
2025-09-17 15:34:01,368 - WARNING - COMPRA REJEITADA: Quantidade calculada = 0 (prob: 0.577, fração: 55.4%)
2025-09-17 15:34:01,368 - WARNING - COMPRA REJEITADA: Quantidade calculada = 0 (prob: 0.626, fração: 65.1%)
2025-09-17 15:34:01,368 - WARNING - COMPRA REJEITADA: Quantidade calculada = 0 (prob: 0.659, fração: 71.5%)
2025-09-17 15:34:01,368 - WARNING - COMPRA REJEITADA: Quantidade calculada = 0 (prob: 0.663, fração: 72.1%)
2025-09-17 15:34:01,368 - WARNING - COMPRA REJEITADA: Quantidade calculada = 0 (prob: 0.658, fração: 71.3%)
2025-09-17 15:34:01,368 - WARNING - COMPRA REJEITADA: Quantidade calculada = 0 (prob: 0.646, fração: 69.1%)
2025-09-17 15:34:01,368 - WARNING - COMPRA REJEITADA: Quantidade calculada = 0 (prob: 0.654, fração: 70.6%)
2025-09-17 15:34:01,369 - WARNING - COMPRA REJEITADA: Quantidade calculada = 0 (prob: 0.661, fração: 71.8%)
2025-09-17 15:34:01,369 - WARNING - COMPRA REJEITADA: Quantidade calculada = 0 (prob: 0.651, fração: 69.9%)
2025-09-17 15:34:01,369 - WARNING - COMPRA REJEITADA: Quantidade calculada = 0 (prob: 0.659, fração: 71.4%)
2025-09-17 15:34:01,369 - WARNING - COMPRA REJEITADA: Quantidade calculada = 0 (prob: 0.633, fração: 66.5%)
2025-09-17 15:34:01,369 - WARNING - COMPRA REJEITADA: Quantidade calculada = 0 (prob: 0.631, fração: 66.2%)
2025-09-17 15:34:01,369 - WARNING - COMPRA REJEITADA: Quantidade calculada = 0 (prob: 0.603, fração: 60.7%)
2025-09-17 15:34:01,369 - WARNING - COMPRA REJEITADA: Quantidade calculada = 0 (prob: 0.612, fração: 62.5%)
2025-09-17 15:34:01,369 - WARNING - COMPRA REJEITADA: Quantidade calculada = 0 (prob: 0.613, fração: 62.6%)
2025-09-17 15:34:01,369 - WARNING - COMPRA REJEITADA: Quantidade calculada = 0 (prob: 0.617, fração: 63.5%)
2025-09-17 15:34:01,369 - WARNING - COMPRA REJEITADA: Quantidade calculada = 0 (prob: 0.609, fração: 61.8%)
2025-09-17 15:34:01,370 - WARNING - COMPRA REJEITADA: Quantidade calculada = 0 (prob: 0.601, fração: 60.2%)
2025-09-17 15:34:01,370 - WARNING - COMPRA REJEITADA: Quantidade calculada = 0 (prob: 0.602, fração: 60.5%)
2025-09-17 15:34:01,370 - WARNING - COMPRA REJEITADA: Quantidade calculada = 0 (prob: 0.594, fração: 58.8%)
2025-09-17 15:34:01,370 - WARNING - COMPRA REJEITADA: Quantidade calculada = 0 (prob: 0.614, fração: 62.9%)
2025-09-17 15:34:01,370 - WARNING - COMPRA REJEITADA: Quantidade calculada = 0 (prob: 0.620, fração: 63.9%)
2025-09-17 15:34:01,370 - WARNING - COMPRA REJEITADA: Quantidade calculada = 0 (prob: 0.620, fração: 63.9%)
2025-09-17 15:34:01,370 - WARNING - COMPRA REJEITADA: Quantidade calculada = 0 (prob: 0.628, fração: 65.6%)
2025-09-17 15:34:01,370 - WARNING - COMPRA REJEITADA: Quantidade calculada = 0 (prob: 0.646, fração: 69.0%)
2025-09-17 15:34:01,370 - WARNING - COMPRA REJEITADA: Quantidade calculada = 0 (prob: 0.629, fração: 65.7%)
2025-09-17 15:34:01,370 - WARNING - COMPRA REJEITADA: Quantidade calculada = 0 (prob: 0.623, fração: 64.5%)
2025-09-17 15:34:01,371 - WARNING - COMPRA REJEITADA: Quantidade calculada = 0 (prob: 0.632, fração: 66.4%)
2025-09-17 15:34:01,371 - WARNING - COMPRA REJEITADA: Quantidade calculada = 0 (prob: 0.645, fração: 68.9%)
2025-09-17 15:34:01,371 - WARNING - COMPRA REJEITADA: Quantidade calculada = 0 (prob: 0.630, fração: 65.9%)
2025-09-17 15:34:01,371 - WARNING - COMPRA REJEITADA: Quantidade calculada = 0 (prob: 0.633, fração: 66.5%)
2025-09-17 15:34:01,371 - WARNING - COMPRA REJEITADA: Quantidade calculada = 0 (prob: 0.634, fração: 66.7%)
2025-09-17 15:34:01,371 - WARNING - COMPRA REJEITADA: Quantidade calculada = 0 (prob: 0.628, fração: 65.6%)
2025-09-17 15:34:01,371 - INFO - PROGRESSO: Data 2024-10-15 | Pred: 1 | Cash: R$ 741.13 | Ações: 7700
2025-09-17 15:34:01,371 - WARNING - COMPRA REJEITADA: Quantidade calculada = 0 (prob: 0.633, fração: 66.5%)
2025-09-17 15:34:01,371 - WARNING - COMPRA REJEITADA: Quantidade calculada = 0 (prob: 0.637, fração: 67.3%)
2025-09-17 15:34:01,372 - WARNING - COMPRA REJEITADA: Quantidade calculada = 0 (prob: 0.629, fração: 65.8%)
2025-09-17 15:34:01,372 - WARNING - COMPRA REJEITADA: Quantidade calculada = 0 (prob: 0.648, fração: 69.4%)
2025-09-17 15:34:01,372 - WARNING - COMPRA REJEITADA: Quantidade calculada = 0 (prob: 0.641, fração: 68.1%)
2025-09-17 15:34:01,372 - WARNING - COMPRA REJEITADA: Quantidade calculada = 0 (prob: 0.637, fração: 67.3%)
2025-09-17 15:34:01,372 - WARNING - COMPRA REJEITADA: Quantidade calculada = 0 (prob: 0.632, fração: 66.4%)
2025-09-17 15:34:01,372 - WARNING - COMPRA REJEITADA: Quantidade calculada = 0 (prob: 0.637, fração: 67.4%)
2025-09-17 15:34:01,373 - WARNING - COMPRA REJEITADA: Quantidade calculada = 0 (prob: 0.636, fração: 67.2%)
2025-09-17 15:34:01,373 - WARNING - COMPRA REJEITADA: Quantidade calculada = 0 (prob: 0.633, fração: 66.5%)
2025-09-17 15:34:01,373 - WARNING - COMPRA REJEITADA: Quantidade calculada = 0 (prob: 0.634, fração: 66.8%)
2025-09-17 15:34:01,373 - WARNING - COMPRA REJEITADA: Quantidade calculada = 0 (prob: 0.634, fração: 66.8%)
2025-09-17 15:34:01,373 - WARNING - COMPRA REJEITADA: Quantidade calculada = 0 (prob: 0.629, fração: 65.8%)
2025-09-17 15:34:01,373 - WARNING - COMPRA REJEITADA: Quantidade calculada = 0 (prob: 0.628, fração: 65.6%)
2025-09-17 15:34:01,373 - WARNING - COMPRA REJEITADA: Quantidade calculada = 0 (prob: 0.613, fração: 62.6%)
2025-09-17 15:34:01,373 - WARNING - COMPRA REJEITADA: Quantidade calculada = 0 (prob: 0.632, fração: 66.3%)
2025-09-17 15:34:01,373 - WARNING - COMPRA REJEITADA: Quantidade calculada = 0 (prob: 0.633, fração: 66.6%)
2025-09-17 15:34:01,373 - WARNING - COMPRA REJEITADA: Quantidade calculada = 0 (prob: 0.636, fração: 67.2%)
2025-09-17 15:34:01,374 - WARNING - COMPRA REJEITADA: Quantidade calculada = 0 (prob: 0.634, fração: 66.7%)
2025-09-17 15:34:01,374 - WARNING - COMPRA REJEITADA: Quantidade calculada = 0 (prob: 0.633, fração: 66.5%)
2025-09-17 15:34:01,374 - WARNING - COMPRA REJEITADA: Quantidade calculada = 0 (prob: 0.633, fração: 66.6%)
2025-09-17 15:34:01,374 - WARNING - COMPRA REJEITADA: Quantidade calculada = 0 (prob: 0.643, fração: 68.5%)
2025-09-17 15:34:01,374 - WARNING - COMPRA REJEITADA: Quantidade calculada = 0 (prob: 0.646, fração: 69.1%)
2025-09-17 15:34:01,374 - WARNING - COMPRA REJEITADA: Quantidade calculada = 0 (prob: 0.625, fração: 65.1%)
2025-09-17 15:34:01,374 - WARNING - COMPRA REJEITADA: Quantidade calculada = 0 (prob: 0.622, fração: 64.4%)
2025-09-17 15:34:01,374 - WARNING - COMPRA REJEITADA: Quantidade calculada = 0 (prob: 0.616, fração: 63.1%)
2025-09-17 15:34:01,374 - WARNING - COMPRA REJEITADA: Quantidade calculada = 0 (prob: 0.620, fração: 63.9%)
2025-09-17 15:34:01,375 - WARNING - COMPRA REJEITADA: Quantidade calculada = 0 (prob: 0.633, fração: 66.5%)
2025-09-17 15:34:01,375 - WARNING - COMPRA REJEITADA: Quantidade calculada = 0 (prob: 0.630, fração: 66.0%)
2025-09-17 15:34:01,375 - WARNING - COMPRA REJEITADA: Quantidade calculada = 0 (prob: 0.645, fração: 68.9%)
2025-09-17 15:34:01,375 - WARNING - COMPRA REJEITADA: Quantidade calculada = 0 (prob: 0.633, fração: 66.5%)
2025-09-17 15:34:01,375 - WARNING - COMPRA REJEITADA: Quantidade calculada = 0 (prob: 0.633, fração: 66.5%)
2025-09-17 15:34:01,375 - WARNING - COMPRA REJEITADA: Quantidade calculada = 0 (prob: 0.637, fração: 67.4%)
2025-09-17 15:34:01,375 - WARNING - COMPRA REJEITADA: Quantidade calculada = 0 (prob: 0.638, fração: 67.4%)
2025-09-17 15:34:01,375 - WARNING - COMPRA REJEITADA: Quantidade calculada = 0 (prob: 0.647, fração: 69.3%)
2025-09-17 15:34:01,375 - WARNING - COMPRA REJEITADA: Quantidade calculada = 0 (prob: 0.655, fração: 70.8%)
2025-09-17 15:34:01,375 - WARNING - COMPRA REJEITADA: Quantidade calculada = 0 (prob: 0.642, fração: 68.2%)
2025-09-17 15:34:01,376 - WARNING - COMPRA REJEITADA: Quantidade calculada = 0 (prob: 0.639, fração: 67.6%)
2025-09-17 15:34:01,376 - WARNING - COMPRA REJEITADA: Quantidade calculada = 0 (prob: 0.666, fração: 72.8%)
2025-09-17 15:34:01,376 - WARNING - COMPRA REJEITADA: Quantidade calculada = 0 (prob: 0.658, fração: 71.4%)
2025-09-17 15:34:01,376 - WARNING - COMPRA REJEITADA: Quantidade calculada = 0 (prob: 0.661, fração: 71.8%)
2025-09-17 15:34:01,376 - WARNING - COMPRA REJEITADA: Quantidade calculada = 0 (prob: 0.663, fração: 72.3%)
2025-09-17 15:34:01,376 - WARNING - COMPRA REJEITADA: Quantidade calculada = 0 (prob: 0.662, fração: 72.0%)
2025-09-17 15:34:01,376 - WARNING - COMPRA REJEITADA: Quantidade calculada = 0 (prob: 0.682, fração: 75.6%)
2025-09-17 15:34:01,376 - WARNING - COMPRA REJEITADA: Quantidade calculada = 0 (prob: 0.691, fração: 77.1%)
2025-09-17 15:34:01,376 - WARNING - COMPRA REJEITADA: Quantidade calculada = 0 (prob: 0.693, fração: 77.4%)
2025-09-17 15:34:01,377 - WARNING - COMPRA REJEITADA: Quantidade calculada = 0 (prob: 0.702, fração: 78.9%)
2025-09-17 15:34:01,377 - WARNING - COMPRA REJEITADA: Quantidade calculada = 0 (prob: 0.697, fração: 78.0%)
2025-09-17 15:34:01,377 - WARNING - COMPRA REJEITADA: Quantidade calculada = 0 (prob: 0.691, fração: 77.0%)
2025-09-17 15:34:01,377 - WARNING - COMPRA REJEITADA: Quantidade calculada = 0 (prob: 0.691, fração: 77.1%)
2025-09-17 15:34:01,377 - INFO - RESUMO FINAL DO BACKTESTING:
2025-09-17 15:34:01,377 - INFO -   Total de trades: 5
2025-09-17 15:34:01,377 - INFO -   Compras realizadas: 5
2025-09-17 15:34:01,377 - INFO -   Vendas realizadas: 0
2025-09-17 15:34:01,377 - INFO -   Capital inicial: R$ 100,000.00
2025-09-17 15:34:01,377 - INFO -   Capital final: R$ 83,493.23
2025-09-17 15:34:01,377 - INFO -   Cash final: R$ 756.87
2025-09-17 15:34:01,377 - INFO -   Ações finais: 7700
2025-09-17 15:34:01,377 - INFO -   Retorno total: -16.51%
