2025-09-24 10:01:16,842 - INFO - THRESHOLDS FINANCEIROS: buy=0.50 sell=0.14 hold_min_days=3
2025-09-24 10:01:16,842 - INFO - SCORE MÉDIO: 0.092
2025-09-24 10:01:16,843 - INFO - ============================================================
2025-09-24 10:01:16,844 - INFO - INICIANDO BACKTESTING REALISTA
2025-09-24 10:01:16,844 - INFO - ============================================================
2025-09-24 10:01:16,844 - INFO - Tamanho test_df: 251
2025-09-24 10:01:16,844 - INFO - Tamanho predictions: 251
2025-09-24 10:01:16,844 - INFO - Tamanho probabilities: 251
2025-09-24 10:01:16,847 - INFO - Capital inicial: R$ 100,000.00
2025-09-24 10:01:16,847 - INFO - Custo de transação: 0.100%
2025-09-24 10:01:16,856 - INFO - CDI real carregado: 253 dias disponíveis
2025-09-24 10:01:16,856 - INFO - Slippage Dinâmico: 0.2-2.0 bps | Lote: 100 | CDI: Real
2025-09-24 10:01:16,861 - INFO - DISTRIBUIÇÃO DAS PREDIÇÕES:
2025-09-24 10:01:16,861 - INFO -   - Total: 251
2025-09-24 10:01:16,861 - INFO -   - Predições de alta (1): 83
2025-09-24 10:01:16,862 - INFO -   - Predições de baixa (0): 168
2025-09-24 10:01:16,863 - INFO -   - Percentual de alta: 33.1%
2025-09-24 10:01:16,863 - INFO - EXECUÇÃO DOS TRADES:
2025-09-24 10:01:16,863 - INFO - PROGRESSO: Data 2024-01-02 | Pred: 0 | Cash: R$ 100,000.00 | Ações: 0
2025-09-24 10:01:16,868 - INFO - COMPRA: 2024-02-06 | Preço base: R$ 13.46 | Preço exec c/ slippage: R$ 13.46 | Ações: 6900 | Custo: R$ 92954.20 | Prob: 0.835 | Fração: 93.0%
2025-09-24 10:01:16,868 - INFO - COMPRA: 2024-02-07 | Preço base: R$ 12.17 | Preço exec c/ slippage: R$ 12.17 | Ações: 100 | Custo: R$ 1218.14 | Prob: -0.351 | Fração: 20.0%
2025-09-24 10:01:16,868 - WARNING - COMPRA REJEITADA: Quantidade calculada = 0 (prob: -0.048, fração: 20.1%)
2025-09-24 10:01:16,868 - INFO - COMPRA: 2024-02-09 | Preço base: R$ 11.77 | Preço exec c/ slippage: R$ 11.77 | Ações: 100 | Custo: R$ 1177.77 | Prob: 0.085 | Fração: 20.5%
2025-09-24 10:01:16,868 - INFO - VENDA: 2024-02-14 | Preço base: R$ 11.80 | Preço exec c/ slippage: R$ 11.80 | Ações: 7100 | Valor líquido: R$ 83691.95 | Slippage: 0.7 bps
2025-09-24 10:01:16,871 - INFO - PROGRESSO: Data 2024-03-14 | Pred: 0 | Cash: R$ 88,341.85 | Ações: 0
2025-09-24 10:01:16,871 - INFO - COMPRA: 2024-03-26 | Preço base: R$ 12.41 | Preço exec c/ slippage: R$ 12.41 | Ações: 3600 | Custo: R$ 44736.41 | Prob: 0.555 | Fração: 51.1%
2025-09-24 10:01:16,871 - INFO - COMPRA: 2024-03-27 | Preço base: R$ 12.61 | Preço exec c/ slippage: R$ 12.61 | Ações: 900 | Custo: R$ 11358.03 | Prob: 0.375 | Fração: 27.7%
2025-09-24 10:01:16,873 - INFO - COMPRA: 2024-03-28 | Preço base: R$ 12.61 | Preço exec c/ slippage: R$ 12.61 | Ações: 500 | Custo: R$ 6310.01 | Prob: -0.137 | Fração: 20.1%
2025-09-24 10:01:16,873 - INFO - COMPRA: 2024-04-01 | Preço base: R$ 12.40 | Preço exec c/ slippage: R$ 12.40 | Ações: 400 | Custo: R$ 4966.79 | Prob: -0.179 | Fração: 20.0%
2025-09-24 10:01:16,873 - INFO - COMPRA: 2024-04-02 | Preço base: R$ 12.48 | Preço exec c/ slippage: R$ 12.48 | Ações: 400 | Custo: R$ 4998.47 | Prob: 0.381 | Fração: 28.1%
2025-09-24 10:01:16,873 - INFO - COMPRA: 2024-04-03 | Preço base: R$ 12.76 | Preço exec c/ slippage: R$ 12.77 | Ações: 400 | Custo: R$ 5111.11 | Prob: 0.448 | Fração: 34.3%
2025-09-24 10:01:16,873 - INFO - COMPRA: 2024-04-04 | Preço base: R$ 12.82 | Preço exec c/ slippage: R$ 12.82 | Ações: 200 | Custo: R$ 2566.11 | Prob: 0.370 | Fração: 27.3%
2025-09-24 10:01:16,873 - INFO - VENDA: 2024-04-05 | Preço base: R$ 12.80 | Preço exec c/ slippage: R$ 12.80 | Ações: 6400 | Valor líquido: R$ 81828.14 | Slippage: 0.7 bps
2025-09-24 10:01:16,876 - INFO - COMPRA: 2024-05-24 | Preço base: R$ 11.40 | Preço exec c/ slippage: R$ 11.40 | Ações: 3800 | Custo: R$ 43365.26 | Prob: 0.542 | Fração: 48.7%
2025-09-24 10:01:16,878 - INFO - PROGRESSO: Data 2024-05-27 | Pred: 1 | Cash: R$ 46,757.80 | Ações: 3800
2025-09-24 10:01:16,878 - INFO - COMPRA: 2024-05-27 | Preço base: R$ 11.50 | Preço exec c/ slippage: R$ 11.50 | Ações: 3300 | Custo: R$ 37979.21 | Prob: 0.722 | Fração: 81.8%
2025-09-24 10:01:16,880 - INFO - COMPRA: 2024-05-28 | Preço base: R$ 11.30 | Preço exec c/ slippage: R$ 11.30 | Ações: 200 | Custo: R$ 2262.97 | Prob: 0.369 | Fração: 27.2%
2025-09-24 10:01:16,880 - INFO - COMPRA: 2024-05-29 | Preço base: R$ 11.25 | Preço exec c/ slippage: R$ 11.25 | Ações: 400 | Custo: R$ 4504.80 | Prob: 0.717 | Fração: 81.0%
2025-09-24 10:01:16,882 - INFO - COMPRA: 2024-05-31 | Preço base: R$ 11.20 | Preço exec c/ slippage: R$ 11.20 | Ações: 100 | Custo: R$ 1120.91 | Prob: 0.764 | Fração: 87.0%
2025-09-24 10:01:16,882 - WARNING - COMPRA REJEITADA: Quantidade calculada = 0 (prob: 0.841, fração: 93.4%)
2025-09-24 10:01:16,882 - WARNING - COMPRA REJEITADA: Quantidade calculada = 0 (prob: 0.770, fração: 87.6%)
2025-09-24 10:01:16,882 - WARNING - COMPRA REJEITADA: Quantidade calculada = 0 (prob: 0.650, fração: 69.8%)
2025-09-24 10:01:16,882 - WARNING - COMPRA REJEITADA: Quantidade calculada = 0 (prob: 0.712, fração: 80.4%)
2025-09-24 10:01:16,884 - WARNING - COMPRA REJEITADA: Quantidade calculada = 0 (prob: 0.867, fração: 94.8%)
2025-09-24 10:01:16,884 - WARNING - COMPRA REJEITADA: Quantidade calculada = 0 (prob: 0.638, fração: 67.5%)
2025-09-24 10:01:16,884 - WARNING - COMPRA REJEITADA: Quantidade calculada = 0 (prob: 0.659, fração: 71.4%)
2025-09-24 10:01:16,884 - WARNING - COMPRA REJEITADA: Quantidade calculada = 0 (prob: 0.565, fração: 53.2%)
2025-09-24 10:01:16,884 - WARNING - COMPRA REJEITADA: Quantidade calculada = 0 (prob: 0.894, fração: 96.0%)
2025-09-24 10:01:16,884 - WARNING - COMPRA REJEITADA: Quantidade calculada = 0 (prob: 0.886, fração: 95.6%)
2025-09-24 10:01:16,884 - WARNING - COMPRA REJEITADA: Quantidade calculada = 0 (prob: 0.775, fração: 88.1%)
2025-09-24 10:01:16,886 - WARNING - COMPRA REJEITADA: Quantidade calculada = 0 (prob: 0.201, fração: 21.5%)
2025-09-24 10:01:16,886 - WARNING - COMPRA REJEITADA: Quantidade calculada = 0 (prob: 0.805, fração: 90.9%)
2025-09-24 10:01:16,886 - WARNING - COMPRA REJEITADA: Quantidade calculada = 0 (prob: 0.794, fração: 89.9%)
2025-09-24 10:01:16,886 - WARNING - COMPRA REJEITADA: Quantidade calculada = 0 (prob: 0.917, fração: 96.8%)
2025-09-24 10:01:16,886 - WARNING - COMPRA REJEITADA: Quantidade calculada = 0 (prob: 0.675, fração: 74.4%)
2025-09-24 10:01:16,886 - WARNING - COMPRA REJEITADA: Quantidade calculada = 0 (prob: 0.460, fração: 35.8%)
2025-09-24 10:01:16,886 - WARNING - COMPRA REJEITADA: Quantidade calculada = 0 (prob: 0.667, fração: 72.9%)
2025-09-24 10:01:16,888 - WARNING - COMPRA REJEITADA: Quantidade calculada = 0 (prob: 0.425, fração: 31.8%)
2025-09-24 10:01:16,888 - WARNING - COMPRA REJEITADA: Quantidade calculada = 0 (prob: 0.403, fração: 29.8%)
2025-09-24 10:01:16,888 - WARNING - COMPRA REJEITADA: Quantidade calculada = 0 (prob: 0.520, fração: 44.8%)
2025-09-24 10:01:16,888 - WARNING - COMPRA REJEITADA: Quantidade calculada = 0 (prob: 0.581, fração: 56.3%)
2025-09-24 10:01:16,888 - WARNING - COMPRA REJEITADA: Quantidade calculada = 0 (prob: 0.560, fração: 52.0%)
2025-09-24 10:01:16,888 - WARNING - COMPRA REJEITADA: Quantidade calculada = 0 (prob: 0.484, fração: 39.1%)
2025-09-24 10:01:16,888 - WARNING - COMPRA REJEITADA: Quantidade calculada = 0 (prob: 0.570, fração: 54.1%)
2025-09-24 10:01:16,891 - WARNING - COMPRA REJEITADA: Quantidade calculada = 0 (prob: 0.498, fração: 41.3%)
2025-09-24 10:01:16,891 - WARNING - COMPRA REJEITADA: Quantidade calculada = 0 (prob: 0.497, fração: 41.0%)
2025-09-24 10:01:16,891 - WARNING - COMPRA REJEITADA: Quantidade calculada = 0 (prob: 0.773, fração: 87.9%)
2025-09-24 10:01:16,891 - WARNING - COMPRA REJEITADA: Quantidade calculada = 0 (prob: 0.457, fração: 35.4%)
2025-09-24 10:01:16,891 - WARNING - COMPRA REJEITADA: Quantidade calculada = 0 (prob: 0.474, fração: 37.6%)
2025-09-24 10:01:16,891 - WARNING - COMPRA REJEITADA: Quantidade calculada = 0 (prob: 0.334, fração: 25.3%)
2025-09-24 10:01:16,893 - WARNING - COMPRA REJEITADA: Quantidade calculada = 0 (prob: 0.650, fração: 69.8%)
2025-09-24 10:01:16,893 - WARNING - COMPRA REJEITADA: Quantidade calculada = 0 (prob: 0.384, fração: 28.2%)
2025-09-24 10:01:16,893 - INFO - VENDA: 2024-07-18 | Preço base: R$ 11.52 | Preço exec c/ slippage: R$ 11.52 | Ações: 7800 | Valor líquido: R$ 89762.52 | Slippage: 0.7 bps
2025-09-24 10:01:16,893 - INFO - COMPRA: 2024-07-24 | Preço base: R$ 11.39 | Preço exec c/ slippage: R$ 11.39 | Ações: 3800 | Custo: R$ 43339.35 | Prob: 0.538 | Fração: 48.0%
2025-09-24 10:01:16,895 - INFO - COMPRA: 2024-07-25 | Preço base: R$ 11.26 | Preço exec c/ slippage: R$ 11.26 | Ações: 1200 | Custo: R$ 13521.94 | Prob: 0.392 | Fração: 28.9%
2025-09-24 10:01:16,895 - INFO - COMPRA: 2024-07-26 | Preço base: R$ 11.34 | Preço exec c/ slippage: R$ 11.34 | Ações: 1300 | Custo: R$ 14755.44 | Prob: 0.518 | Fração: 44.5%
2025-09-24 10:01:16,895 - INFO - COMPRA: 2024-07-29 | Preço base: R$ 11.34 | Preço exec c/ slippage: R$ 11.34 | Ações: 600 | Custo: R$ 6810.18 | Prob: 0.476 | Fração: 38.0%
2025-09-24 10:01:16,897 - INFO - COMPRA: 2024-07-30 | Preço base: R$ 11.29 | Preço exec c/ slippage: R$ 11.29 | Ações: 200 | Custo: R$ 2260.94 | Prob: 0.190 | Fração: 21.3%
2025-09-24 10:01:16,898 - INFO - COMPRA: 2024-07-31 | Preço base: R$ 11.35 | Preço exec c/ slippage: R$ 11.35 | Ações: 200 | Custo: R$ 2271.88 | Prob: 0.364 | Fração: 26.9%
2025-09-24 10:01:16,898 - INFO - COMPRA: 2024-08-01 | Preço base: R$ 11.55 | Preço exec c/ slippage: R$ 11.55 | Ações: 400 | Custo: R$ 4623.66 | Prob: 0.659 | Fração: 71.5%
2025-09-24 10:01:16,898 - INFO - COMPRA: 2024-08-02 | Preço base: R$ 11.72 | Preço exec c/ slippage: R$ 11.72 | Ações: 100 | Custo: R$ 1173.26 | Prob: 0.487 | Fração: 39.5%
2025-09-24 10:01:16,898 - INFO - COMPRA: 2024-08-05 | Preço base: R$ 12.64 | Preço exec c/ slippage: R$ 12.64 | Ações: 100 | Custo: R$ 1265.48 | Prob: 0.853 | Fração: 94.1%
2025-09-24 10:01:16,898 - INFO - PROGRESSO: Data 2024-08-06 | Pred: 1 | Cash: R$ 630.30 | Ações: 7900
2025-09-24 10:01:16,898 - WARNING - COMPRA REJEITADA: Quantidade calculada = 0 (prob: 0.662, fração: 72.0%)
2025-09-24 10:01:16,898 - WARNING - COMPRA REJEITADA: Quantidade calculada = 0 (prob: 0.573, fração: 54.5%)
2025-09-24 10:01:16,900 - WARNING - COMPRA REJEITADA: Quantidade calculada = 0 (prob: 0.625, fração: 65.0%)
2025-09-24 10:01:16,900 - WARNING - COMPRA REJEITADA: Quantidade calculada = 0 (prob: 0.630, fração: 65.9%)
2025-09-24 10:01:16,900 - WARNING - COMPRA REJEITADA: Quantidade calculada = 0 (prob: 0.418, fração: 31.2%)
2025-09-24 10:01:16,900 - WARNING - COMPRA REJEITADA: Quantidade calculada = 0 (prob: 0.453, fração: 34.9%)
2025-09-24 10:01:16,900 - WARNING - COMPRA REJEITADA: Quantidade calculada = 0 (prob: 0.207, fração: 21.5%)
2025-09-24 10:01:16,900 - WARNING - COMPRA REJEITADA: Quantidade calculada = 0 (prob: 0.247, fração: 22.3%)
2025-09-24 10:01:16,900 - INFO - VENDA: 2024-08-16 | Preço base: R$ 13.78 | Preço exec c/ slippage: R$ 13.78 | Ações: 7900 | Valor líquido: R$ 108756.88 | Slippage: 0.7 bps
2025-09-24 10:01:16,902 - INFO - COMPRA: 2024-09-02 | Preço base: R$ 14.25 | Preço exec c/ slippage: R$ 14.25 | Ações: 4100 | Custo: R$ 58470.08 | Prob: 0.570 | Fração: 54.1%
2025-09-24 10:01:16,902 - INFO - COMPRA: 2024-09-03 | Preço base: R$ 14.46 | Preço exec c/ slippage: R$ 14.47 | Ações: 2000 | Custo: R$ 28960.78 | Prob: 0.598 | Fração: 59.5%
2025-09-24 10:01:16,902 - INFO - COMPRA: 2024-09-04 | Preço base: R$ 14.46 | Preço exec c/ slippage: R$ 14.46 | Ações: 1000 | Custo: R$ 14471.16 | Prob: 0.645 | Fração: 68.8%
2025-09-24 10:01:16,902 - INFO - COMPRA: 2024-09-05 | Preço base: R$ 14.66 | Preço exec c/ slippage: R$ 14.66 | Ações: 200 | Custo: R$ 2934.44 | Prob: 0.536 | Fração: 47.6%
2025-09-24 10:01:16,902 - INFO - VENDA: 2024-09-06 | Preço base: R$ 14.34 | Preço exec c/ slippage: R$ 14.34 | Ações: 7300 | Valor líquido: R$ 104548.09 | Slippage: 0.7 bps
2025-09-24 10:01:16,904 - INFO - COMPRA: 2024-10-02 | Preço base: R$ 14.00 | Preço exec c/ slippage: R$ 14.00 | Ações: 4900 | Custo: R$ 68649.07 | Prob: 0.618 | Fração: 63.6%
2025-09-24 10:01:16,905 - INFO - COMPRA: 2024-10-03 | Preço base: R$ 13.84 | Preço exec c/ slippage: R$ 13.84 | Ações: 500 | Custo: R$ 6926.08 | Prob: -0.134 | Fração: 20.1%
2025-09-24 10:01:16,905 - INFO - COMPRA: 2024-10-04 | Preço base: R$ 14.09 | Preço exec c/ slippage: R$ 14.09 | Ações: 400 | Custo: R$ 5641.07 | Prob: -0.007 | Fração: 20.2%
2025-09-24 10:01:16,905 - INFO - COMPRA: 2024-10-07 | Preço base: R$ 14.11 | Preço exec c/ slippage: R$ 14.11 | Ações: 400 | Custo: R$ 5648.49 | Prob: 0.245 | Fração: 22.2%
2025-09-24 10:01:16,905 - INFO - COMPRA: 2024-10-08 | Preço base: R$ 14.01 | Preço exec c/ slippage: R$ 14.01 | Ações: 300 | Custo: R$ 4208.53 | Prob: 0.223 | Fração: 21.8%
2025-09-24 10:01:16,905 - INFO - VENDA: 2024-10-09 | Preço base: R$ 13.83 | Preço exec c/ slippage: R$ 13.83 | Ações: 6500 | Valor líquido: R$ 89786.80 | Slippage: 0.7 bps
2025-09-24 10:01:16,905 - INFO - PROGRESSO: Data 2024-10-15 | Pred: 0 | Cash: R$ 107,812.37 | Ações: 0
2025-09-24 10:01:16,909 - INFO - COMPRA: 2024-12-17 | Preço base: R$ 11.07 | Preço exec c/ slippage: R$ 11.07 | Ações: 7600 | Custo: R$ 84224.53 | Prob: 0.703 | Fração: 79.0%
2025-09-24 10:01:16,909 - INFO - COMPRA: 2024-12-18 | Preço base: R$ 10.71 | Preço exec c/ slippage: R$ 10.71 | Ações: 1700 | Custo: R$ 18222.75 | Prob: 0.716 | Fração: 81.0%
2025-09-24 10:01:16,909 - INFO - COMPRA: 2024-12-19 | Preço base: R$ 10.75 | Preço exec c/ slippage: R$ 10.75 | Ações: 200 | Custo: R$ 2153.14 | Prob: 0.540 | Fração: 48.3%
2025-09-24 10:01:16,909 - INFO - COMPRA: 2024-12-20 | Preço base: R$ 10.88 | Preço exec c/ slippage: R$ 10.88 | Ações: 100 | Custo: R$ 1088.66 | Prob: 0.633 | Fração: 66.5%
2025-09-24 10:01:16,909 - WARNING - COMPRA REJEITADA: Quantidade calculada = 0 (prob: 0.544, fração: 49.1%)
2025-09-24 10:01:16,911 - INFO - COMPRA: 2024-12-26 | Preço base: R$ 10.88 | Preço exec c/ slippage: R$ 10.88 | Ações: 100 | Custo: R$ 1088.67 | Prob: 0.635 | Fração: 67.0%
2025-09-24 10:01:16,911 - WARNING - COMPRA REJEITADA: Quantidade calculada = 0 (prob: 0.663, fração: 72.1%)
2025-09-24 10:01:16,911 - INFO - RESUMO FINAL DO BACKTESTING:
2025-09-24 10:01:16,911 - INFO -   Total de trades: 44
2025-09-24 10:01:16,911 - INFO -   Compras realizadas: 38
2025-09-24 10:01:16,911 - INFO -   Vendas realizadas: 6
2025-09-24 10:01:16,911 - INFO -   Capital inicial: R$ 100,000.00
2025-09-24 10:01:16,911 - INFO -   Capital final: R$ 105,260.95
2025-09-24 10:01:16,911 - INFO -   Cash final: R$ 1,034.62
2025-09-24 10:01:16,911 - INFO -   Ações finais: 9700
2025-09-24 10:01:16,911 - INFO -   Retorno total: +5.26%
