2025-09-01 23:21:34,198 - INFO - THRESHOLD OTIMIZADO: 0.411
2025-09-01 23:21:34,199 - INFO - F1-SCORE VALIDAÇÃO: 0.655
2025-09-01 23:21:34,199 - INFO - PROBABILIDADES MÉDIAS: Alta=0.506, Baixa=0.494
2025-09-01 23:21:34,199 - INFO - ============================================================
2025-09-01 23:21:34,199 - INFO - INICIANDO BACKTESTING
2025-09-01 23:21:34,200 - INFO - ============================================================
2025-09-01 23:21:34,200 - INFO - Tamanho test_df: 251
2025-09-01 23:21:34,200 - INFO - Tamanho predictions: 251
2025-09-01 23:21:34,201 - INFO - Capital inicial: R$ 100,000.00
2025-09-01 23:21:34,203 - INFO - Custo de transação: 0.100%
2025-09-01 23:21:34,204 - INFO - DISTRIBUIÇÃO DAS PREDIÇÕES:
2025-09-01 23:21:34,204 - INFO -   - Total: 251
2025-09-01 23:21:34,204 - INFO -   - Predições de alta (1): 235
2025-09-01 23:21:34,204 - INFO -   - Predições de baixa (0): 16
2025-09-01 23:21:34,205 - INFO -   - Percentual de alta: 93.6%
2025-09-01 23:21:34,205 - INFO - EXECUÇÃO DOS TRADES:
2025-09-01 23:21:34,205 - INFO - PROGRESSO: Data 2024-01-02 | Pred: 1 | Cash: R$ 100,000.00 | Ações: 0
2025-09-01 23:21:34,205 - INFO - COMPRA: 2024-01-02 | Preço: R$ 14.65 | Ações: 6819 | Custo: R$ 100000.00
2025-09-01 23:21:34,209 - INFO - PROGRESSO: Data 2024-03-14 | Pred: 1 | Cash: R$ 0.00 | Ações: 6819
2025-09-01 23:21:34,212 - INFO - PROGRESSO: Data 2024-05-27 | Pred: 1 | Cash: R$ 0.00 | Ações: 6819
2025-09-01 23:21:34,215 - INFO - PROGRESSO: Data 2024-08-06 | Pred: 1 | Cash: R$ 0.00 | Ações: 6819
2025-09-01 23:21:34,215 - INFO - VENDA: 2024-08-09 | Preço: R$ 13.32 | Ações: 6819 | Valor líquido: R$ 90716.20
2025-09-01 23:21:34,218 - INFO - COMPRA: 2024-08-26 | Preço: R$ 14.24 | Ações: 6365 | Custo: R$ 90716.20
2025-09-01 23:21:34,219 - INFO - VENDA: 2024-08-27 | Preço: R$ 14.06 | Ações: 6365 | Valor líquido: R$ 89432.99
2025-09-01 23:21:34,219 - INFO - COMPRA: 2024-08-30 | Preço: R$ 14.26 | Ações: 6263 | Custo: R$ 89432.99
2025-09-01 23:21:34,219 - INFO - VENDA: 2024-09-03 | Preço: R$ 14.38 | Ações: 6263 | Valor líquido: R$ 89991.51
2025-09-01 23:21:34,220 - WARNING - COMPRA REJEITADA: Cash insuficiente (R$ 89991.51 < R$ 89991.51)
2025-09-01 23:21:34,220 - INFO - COMPRA: 2024-09-06 | Preço: R$ 14.34 | Ações: 6271 | Custo: R$ 89991.51
2025-09-01 23:21:34,222 - INFO - PROGRESSO: Data 2024-10-15 | Pred: 1 | Cash: R$ 0.00 | Ações: 6271
2025-09-01 23:21:34,227 - INFO - RESUMO FINAL DO BACKTESTING:
2025-09-01 23:21:34,228 - INFO -   Total de trades: 7
2025-09-01 23:21:34,228 - INFO -   Compras realizadas: 4
2025-09-01 23:21:34,228 - INFO -   Vendas realizadas: 3
2025-09-01 23:21:34,228 - INFO -   Capital inicial: R$ 100,000.00
2025-09-01 23:21:34,228 - INFO -   Capital final: R$ 67,377.35
2025-09-01 23:21:34,228 - INFO -   Cash final: R$ 0.00
2025-09-01 23:21:34,228 - INFO -   Ações finais: 6271
2025-09-01 23:21:34,228 - INFO -   Retorno total: -32.62%
