2025-09-01 23:24:02,546 - INFO - THRESHOLD OTIMIZADO: 0.500
2025-09-01 23:24:02,547 - INFO - F1-SCORE VALIDAÇÃO: 0.366
2025-09-01 23:24:02,548 - INFO - PROBABILIDADES MÉDIAS: Alta=0.312, Baixa=0.688
2025-09-01 23:24:02,548 - INFO - ============================================================
2025-09-01 23:24:02,548 - INFO - INICIANDO BACKTESTING
2025-09-01 23:24:02,550 - INFO - ============================================================
2025-09-01 23:24:02,551 - INFO - Tamanho test_df: 251
2025-09-01 23:24:02,553 - INFO - Tamanho predictions: 251
2025-09-01 23:24:02,553 - INFO - Capital inicial: R$ 100,000.00
2025-09-01 23:24:02,555 - INFO - Custo de transação: 0.100%
2025-09-01 23:24:02,557 - INFO - DISTRIBUIÇÃO DAS PREDIÇÕES:
2025-09-01 23:24:02,557 - INFO -   - Total: 251
2025-09-01 23:24:02,557 - INFO -   - Predições de alta (1): 0
2025-09-01 23:24:02,557 - INFO -   - Predições de baixa (0): 251
2025-09-01 23:24:02,557 - INFO -   - Percentual de alta: 0.0%
2025-09-01 23:24:02,557 - INFO - EXECUÇÃO DOS TRADES:
2025-09-01 23:24:02,559 - INFO - PROGRESSO: Data 2024-01-02 | Pred: 0 | Cash: R$ 100,000.00 | Ações: 0
2025-09-01 23:24:02,564 - INFO - PROGRESSO: Data 2024-03-14 | Pred: 0 | Cash: R$ 100,000.00 | Ações: 0
2025-09-01 23:24:02,571 - INFO - PROGRESSO: Data 2024-05-27 | Pred: 0 | Cash: R$ 100,000.00 | Ações: 0
2025-09-01 23:24:02,577 - INFO - PROGRESSO: Data 2024-08-06 | Pred: 0 | Cash: R$ 100,000.00 | Ações: 0
2025-09-01 23:24:02,581 - INFO - PROGRESSO: Data 2024-10-15 | Pred: 0 | Cash: R$ 100,000.00 | Ações: 0
2025-09-01 23:24:02,584 - INFO - RESUMO FINAL DO BACKTESTING:
2025-09-01 23:24:02,584 - INFO -   Total de trades: 0
2025-09-01 23:24:02,584 - INFO -   Compras realizadas: 0
2025-09-01 23:24:02,584 - INFO -   Vendas realizadas: 0
2025-09-01 23:24:02,584 - INFO -   Capital inicial: R$ 100,000.00
2025-09-01 23:24:02,584 - INFO -   Capital final: R$ 100,000.00
2025-09-01 23:24:02,584 - INFO -   Cash final: R$ 100,000.00
2025-09-01 23:24:02,584 - INFO -   Ações finais: 0
2025-09-01 23:24:02,585 - INFO -   Retorno total: +0.00%
2025-09-01 23:24:02,585 - WARNING - AVISO: Nenhum trade foi executado!
2025-09-01 23:24:02,585 - WARNING -   - Verificar se há predições de alta (1) nas predições
2025-09-01 23:24:02,585 - WARNING -   - Verificar se há predições de baixa (0) quando há ações
2025-09-01 23:24:02,585 - WARNING -   - Verificar se os dados têm variação suficiente
