2025-08-29 17:00:54,944 - INFO - ============================================================
2025-08-29 17:00:54,946 - INFO - INICIANDO BACKTESTING
2025-08-29 17:00:54,946 - INFO - ============================================================
2025-08-29 17:00:54,946 - INFO - Tamanho test_df: 251
2025-08-29 17:00:54,946 - INFO - Tamanho predictions: 251
2025-08-29 17:00:54,946 - INFO - Capital inicial: R$ 100,000.00
2025-08-29 17:00:54,946 - INFO - Custo de transação: 0.100%
2025-08-29 17:00:54,946 - INFO - DISTRIBUIÇÃO DAS PREDIÇÕES:
2025-08-29 17:00:54,946 - INFO -   - Total: 251
2025-08-29 17:00:54,949 - INFO -   - Predições de alta (1): 77
2025-08-29 17:00:54,949 - INFO -   - Predições de baixa (0): 174
2025-08-29 17:00:54,949 - INFO -   - Percentual de alta: 30.7%
2025-08-29 17:00:54,949 - INFO - EXECUÇÃO DOS TRADES:
2025-08-29 17:00:54,952 - INFO - PROGRESSO: Data 2024-01-02 | Pred: 1 | Cash: R$ 100,000.00 | Ações: 0
2025-08-29 17:00:54,952 - INFO - COMPRA: 2024-01-02 | Preço: R$ 14.61 | Ações: 6836 | Custo: R$ 100000.00
2025-08-29 17:00:54,952 - INFO - VENDA: 2024-01-03 | Preço: R$ 14.68 | Ações: 6836 | Valor líquido: R$ 100218.77
2025-08-29 17:00:54,954 - INFO - COMPRA: 2024-01-16 | Preço: R$ 13.76 | Ações: 7278 | Custo: R$ 100218.77
2025-08-29 17:00:54,954 - INFO - VENDA: 2024-01-17 | Preço: R$ 13.85 | Ações: 7278 | Valor líquido: R$ 100718.85
2025-08-29 17:00:54,954 - INFO - COMPRA: 2024-01-23 | Preço: R$ 13.52 | Ações: 7443 | Custo: R$ 100718.85
2025-08-29 17:00:54,956 - INFO - VENDA: 2024-01-29 | Preço: R$ 13.48 | Ações: 7443 | Valor líquido: R$ 100257.19
2025-08-29 17:00:54,956 - WARNING - COMPRA REJEITADA: Cash insuficiente (R$ 100257.19 < R$ 100257.19)
2025-08-29 17:00:54,956 - INFO - COMPRA: 2024-02-08 | Preço: R$ 11.98 | Ações: 8363 | Custo: R$ 100257.19
2025-08-29 17:00:54,956 - INFO - VENDA: 2024-02-09 | Preço: R$ 11.77 | Ações: 8363 | Valor líquido: R$ 98298.90
2025-08-29 17:00:54,958 - INFO - COMPRA: 2024-02-20 | Preço: R$ 12.27 | Ações: 8001 | Custo: R$ 98298.90
2025-08-29 17:00:54,958 - INFO - VENDA: 2024-02-21 | Preço: R$ 12.24 | Ações: 8001 | Valor líquido: R$ 97822.22
2025-08-29 17:00:54,958 - INFO - COMPRA: 2024-02-22 | Preço: R$ 12.30 | Ações: 7945 | Custo: R$ 97822.22
2025-08-29 17:00:54,958 - INFO - VENDA: 2024-02-23 | Preço: R$ 12.14 | Ações: 7945 | Valor líquido: R$ 96374.26
2025-08-29 17:00:54,960 - INFO - COMPRA: 2024-02-27 | Preço: R$ 12.26 | Ações: 7850 | Custo: R$ 96374.26
2025-08-29 17:00:54,960 - INFO - VENDA: 2024-02-28 | Preço: R$ 12.21 | Ações: 7850 | Valor líquido: R$ 95769.19
2025-08-29 17:00:54,961 - INFO - COMPRA: 2024-03-11 | Preço: R$ 12.25 | Ações: 7812 | Custo: R$ 95769.19
2025-08-29 17:00:54,961 - INFO - VENDA: 2024-03-12 | Preço: R$ 12.37 | Ações: 7812 | Valor líquido: R$ 96537.05
2025-08-29 17:00:54,961 - INFO - PROGRESSO: Data 2024-03-14 | Pred: 0 | Cash: R$ 96,537.05 | Ações: 0
2025-08-29 17:00:54,963 - INFO - COMPRA: 2024-03-26 | Preço: R$ 12.41 | Ações: 7769 | Custo: R$ 96537.05
2025-08-29 17:00:54,963 - INFO - VENDA: 2024-03-27 | Preço: R$ 12.61 | Ações: 7769 | Valor líquido: R$ 97843.16
2025-08-29 17:00:54,969 - INFO - COMPRA: 2024-04-15 | Preço: R$ 12.25 | Ações: 7982 | Custo: R$ 97843.16
2025-08-29 17:00:54,969 - INFO - VENDA: 2024-04-16 | Preço: R$ 12.25 | Ações: 7982 | Valor líquido: R$ 97647.67
2025-08-29 17:00:54,971 - WARNING - COMPRA REJEITADA: Cash insuficiente (R$ 97647.67 < R$ 97647.67)
2025-08-29 17:00:54,971 - INFO - COMPRA: 2024-05-06 | Preço: R$ 12.15 | Ações: 8030 | Custo: R$ 97647.67
2025-08-29 17:00:54,973 - INFO - VENDA: 2024-05-09 | Preço: R$ 11.84 | Ações: 8030 | Valor líquido: R$ 94980.95
2025-08-29 17:00:54,973 - INFO - COMPRA: 2024-05-10 | Preço: R$ 11.80 | Ações: 8044 | Custo: R$ 94980.95
2025-08-29 17:00:54,975 - INFO - VENDA: 2024-05-13 | Preço: R$ 11.82 | Ações: 8044 | Valor líquido: R$ 95003.42
2025-08-29 17:00:54,975 - INFO - COMPRA: 2024-05-15 | Preço: R$ 11.75 | Ações: 8076 | Custo: R$ 95003.42
2025-08-29 17:00:54,977 - INFO - VENDA: 2024-05-16 | Preço: R$ 11.73 | Ações: 8076 | Valor líquido: R$ 94671.55
2025-08-29 17:00:54,979 - INFO - COMPRA: 2024-05-17 | Preço: R$ 11.80 | Ações: 8018 | Custo: R$ 94671.55
2025-08-29 17:00:54,979 - INFO - VENDA: 2024-05-20 | Preço: R$ 11.75 | Ações: 8018 | Valor líquido: R$ 94129.86
2025-08-29 17:00:54,979 - INFO - COMPRA: 2024-05-23 | Preço: R$ 11.37 | Ações: 8268 | Custo: R$ 94129.86
2025-08-29 17:00:54,981 - INFO - PROGRESSO: Data 2024-05-27 | Pred: 0 | Cash: R$ 0.00 | Ações: 8268
2025-08-29 17:00:54,981 - INFO - VENDA: 2024-05-27 | Preço: R$ 11.50 | Ações: 8268 | Valor líquido: R$ 94959.73
2025-08-29 17:00:54,981 - INFO - COMPRA: 2024-05-29 | Preço: R$ 11.25 | Ações: 8432 | Custo: R$ 94959.73
2025-08-29 17:00:54,983 - INFO - VENDA: 2024-06-04 | Preço: R$ 11.32 | Ações: 8432 | Valor líquido: R$ 95356.87
2025-08-29 17:00:54,983 - INFO - COMPRA: 2024-06-05 | Preço: R$ 11.30 | Ações: 8429 | Custo: R$ 95356.87
2025-08-29 17:00:54,984 - INFO - VENDA: 2024-06-11 | Preço: R$ 11.43 | Ações: 8429 | Valor líquido: R$ 96279.84
2025-08-29 17:00:54,984 - WARNING - COMPRA REJEITADA: Cash insuficiente (R$ 96279.84 < R$ 96279.84)
2025-08-29 17:00:54,986 - INFO - COMPRA: 2024-06-20 | Preço: R$ 11.21 | Ações: 8579 | Custo: R$ 96279.84
2025-08-29 17:00:54,988 - INFO - VENDA: 2024-07-05 | Preço: R$ 11.30 | Ações: 8579 | Valor líquido: R$ 96860.70
2025-08-29 17:00:54,990 - INFO - COMPRA: 2024-07-25 | Preço: R$ 11.26 | Ações: 8596 | Custo: R$ 96860.70
2025-08-29 17:00:54,990 - INFO - VENDA: 2024-07-26 | Preço: R$ 11.34 | Ações: 8596 | Valor líquido: R$ 97371.06
2025-08-29 17:00:54,990 - WARNING - COMPRA REJEITADA: Cash insuficiente (R$ 97371.06 < R$ 97371.06)
2025-08-29 17:00:54,990 - WARNING - COMPRA REJEITADA: Cash insuficiente (R$ 97371.06 < R$ 97371.06)
2025-08-29 17:00:54,992 - INFO - PROGRESSO: Data 2024-08-06 | Pred: 0 | Cash: R$ 97,371.06 | Ações: 0
2025-08-29 17:00:54,995 - WARNING - COMPRA REJEITADA: Cash insuficiente (R$ 97371.06 < R$ 97371.06)
2025-08-29 17:00:54,995 - INFO - COMPRA: 2024-09-18 | Preço: R$ 13.97 | Ações: 6962 | Custo: R$ 97371.06
2025-08-29 17:00:54,997 - INFO - VENDA: 2024-09-24 | Preço: R$ 13.15 | Ações: 6962 | Valor líquido: R$ 91460.24
2025-08-29 17:00:54,997 - INFO - COMPRA: 2024-09-26 | Preço: R$ 13.50 | Ações: 6770 | Custo: R$ 91460.24
2025-08-29 17:00:54,997 - INFO - VENDA: 2024-09-27 | Preço: R$ 13.63 | Ações: 6770 | Valor líquido: R$ 92203.88
2025-08-29 17:00:54,997 - WARNING - COMPRA REJEITADA: Cash insuficiente (R$ 92203.88 < R$ 92203.88)
2025-08-29 17:00:54,999 - INFO - COMPRA: 2024-10-01 | Preço: R$ 13.93 | Ações: 6612 | Custo: R$ 92203.88
2025-08-29 17:00:54,999 - INFO - VENDA: 2024-10-02 | Preço: R$ 14.00 | Ações: 6612 | Valor líquido: R$ 92448.22
2025-08-29 17:00:54,999 - INFO - COMPRA: 2024-10-09 | Preço: R$ 13.83 | Ações: 6679 | Custo: R$ 92448.22
2025-08-29 17:00:55,000 - INFO - VENDA: 2024-10-10 | Preço: R$ 13.88 | Ações: 6679 | Valor líquido: R$ 92634.53
2025-08-29 17:00:55,000 - INFO - PROGRESSO: Data 2024-10-15 | Pred: 0 | Cash: R$ 92,634.53 | Ações: 0
2025-08-29 17:00:55,002 - INFO - COMPRA: 2024-10-17 | Preço: R$ 14.13 | Ações: 6547 | Custo: R$ 92634.53
2025-08-29 17:00:55,002 - INFO - VENDA: 2024-10-18 | Preço: R$ 14.24 | Ações: 6547 | Valor líquido: R$ 93116.29
2025-08-29 17:00:55,002 - INFO - COMPRA: 2024-10-22 | Preço: R$ 13.95 | Ações: 6669 | Custo: R$ 93116.29
2025-08-29 17:00:55,002 - INFO - VENDA: 2024-10-23 | Preço: R$ 13.95 | Ações: 6669 | Valor líquido: R$ 92930.26
2025-08-29 17:00:55,002 - INFO - COMPRA: 2024-10-25 | Preço: R$ 13.95 | Ações: 6656 | Custo: R$ 92930.26
2025-08-29 17:00:55,004 - INFO - VENDA: 2024-10-28 | Preço: R$ 14.17 | Ações: 6656 | Valor líquido: R$ 94223.56
2025-08-29 17:00:55,004 - WARNING - COMPRA REJEITADA: Cash insuficiente (R$ 94223.56 < R$ 94223.56)
2025-08-29 17:00:55,004 - WARNING - COMPRA REJEITADA: Cash insuficiente (R$ 94223.56 < R$ 94223.56)
2025-08-29 17:00:55,004 - INFO - COMPRA: 2024-11-01 | Preço: R$ 13.18 | Ações: 7143 | Custo: R$ 94223.56
2025-08-29 17:00:55,004 - INFO - VENDA: 2024-11-06 | Preço: R$ 12.76 | Ações: 7143 | Valor líquido: R$ 91055.30
2025-08-29 17:00:55,004 - WARNING - COMPRA REJEITADA: Cash insuficiente (R$ 91055.30 < R$ 91055.30)
2025-08-29 17:00:55,004 - WARNING - COMPRA REJEITADA: Cash insuficiente (R$ 91055.30 < R$ 91055.30)
2025-08-29 17:00:55,006 - WARNING - COMPRA REJEITADA: Cash insuficiente (R$ 91055.30 < R$ 91055.30)
2025-08-29 17:00:55,006 - INFO - COMPRA: 2024-11-26 | Preço: R$ 12.71 | Ações: 7160 | Custo: R$ 91055.30
2025-08-29 17:00:55,006 - INFO - VENDA: 2024-11-27 | Preço: R$ 12.34 | Ações: 7160 | Valor líquido: R$ 88284.59
2025-08-29 17:00:55,008 - WARNING - COMPRA REJEITADA: Cash insuficiente (R$ 88284.59 < R$ 88284.59)
2025-08-29 17:00:55,008 - INFO - COMPRA: 2024-12-10 | Preço: R$ 11.66 | Ações: 7567 | Custo: R$ 88284.59
2025-08-29 17:00:55,009 - INFO - VENDA: 2024-12-11 | Preço: R$ 11.71 | Ações: 7567 | Valor líquido: R$ 88529.76
2025-08-29 17:00:55,009 - WARNING - COMPRA REJEITADA: Cash insuficiente (R$ 88529.76 < R$ 88529.76)
2025-08-29 17:00:55,009 - INFO - COMPRA: 2024-12-13 | Preço: R$ 11.27 | Ações: 7844 | Custo: R$ 88529.76
2025-08-29 17:00:55,009 - INFO - VENDA: 2024-12-19 | Preço: R$ 10.75 | Ações: 7844 | Valor líquido: R$ 84273.91
2025-08-29 17:00:55,009 - INFO - COMPRA: 2024-12-23 | Preço: R$ 10.75 | Ações: 7828 | Custo: R$ 84273.91
2025-08-29 17:00:55,009 - INFO - RESUMO FINAL DO BACKTESTING:
2025-08-29 17:00:55,009 - INFO -   Total de trades: 61
2025-08-29 17:00:55,009 - INFO -   Compras realizadas: 31
2025-08-29 17:00:55,011 - INFO -   Vendas realizadas: 30
2025-08-29 17:00:55,011 - INFO -   Capital inicial: R$ 100,000.00
2025-08-29 17:00:55,011 - INFO -   Capital final: R$ 84,116.96
2025-08-29 17:00:55,011 - INFO -   Cash final: R$ 0.00
2025-08-29 17:00:55,011 - INFO -   Ações finais: 7828
2025-08-29 17:00:55,011 - INFO -   Retorno total: -15.88%
