2025-09-09 10:55:18,705 - INFO - THRESHOLDS FINANCEIROS: buy=0.60 sell=0.45 hold_min_days=3
2025-09-09 10:55:18,706 - INFO - PROBABILIDADE MÉDIA: 0.506
2025-09-09 10:55:18,706 - INFO - ============================================================
2025-09-09 10:55:18,706 - INFO - INICIANDO BACKTESTING
2025-09-09 10:55:18,706 - INFO - ============================================================
2025-09-09 10:55:18,706 - INFO - Tamanho test_df: 251
2025-09-09 10:55:18,707 - INFO - Tamanho predictions: 251
2025-09-09 10:55:18,707 - INFO - Capital inicial: R$ 100,000.00
2025-09-09 10:55:18,710 - INFO - Custo de transação: 0.100%
2025-09-09 10:55:18,710 - INFO - DISTRIBUIÇÃO DAS PREDIÇÕES:
2025-09-09 10:55:18,710 - INFO -   - Total: 251
2025-09-09 10:55:18,710 - INFO -   - Predições de alta (1): 104
2025-09-09 10:55:18,710 - INFO -   - Predições de baixa (0): 147
2025-09-09 10:55:18,710 - INFO -   - Percentual de alta: 41.4%
2025-09-09 10:55:18,711 - INFO - EXECUÇÃO DOS TRADES:
2025-09-09 10:55:18,711 - INFO - PROGRESSO: Data 2024-01-02 | Pred: 0 | Cash: R$ 100,000.00 | Ações: 0
2025-09-09 10:55:18,717 - INFO - PROGRESSO: Data 2024-03-14 | Pred: 0 | Cash: R$ 100,000.00 | Ações: 0
2025-09-09 10:55:18,720 - INFO - COMPRA: 2024-04-18 | Preço: R$ 12.06 | Ações: 8283 | Custo: R$ 100000.00
2025-09-09 10:55:18,720 - INFO - COMPRA: 2024-04-19 | Preço: R$ 12.04 | Ações: 0 | Custo: R$ 0.00
2025-09-09 10:55:18,724 - INFO - PROGRESSO: Data 2024-05-27 | Pred: 1 | Cash: R$ 0.00 | Ações: 8283
2025-09-09 10:55:18,730 - INFO - PROGRESSO: Data 2024-08-06 | Pred: 1 | Cash: R$ 0.00 | Ações: 8283
2025-09-09 10:55:18,730 - INFO - VENDA: 2024-08-14 | Preço: R$ 13.74 | Ações: 8283 | Valor líquido: R$ 113735.04
2025-09-09 10:55:18,736 - INFO - PROGRESSO: Data 2024-10-15 | Pred: 0 | Cash: R$ 113,735.04 | Ações: 0
2025-09-09 10:55:18,741 - INFO - COMPRA: 2024-11-27 | Preço: R$ 12.34 | Ações: 9205 | Custo: R$ 113735.04
2025-09-09 10:55:18,745 - INFO - RESUMO FINAL DO BACKTESTING:
2025-09-09 10:55:18,745 - INFO -   Total de trades: 4
2025-09-09 10:55:18,745 - INFO -   Compras realizadas: 3
2025-09-09 10:55:18,745 - INFO -   Vendas realizadas: 1
2025-09-09 10:55:18,745 - INFO -   Capital inicial: R$ 100,000.00
2025-09-09 10:55:18,745 - INFO -   Capital final: R$ 98,908.49
2025-09-09 10:55:18,745 - INFO -   Cash final: R$ 0.00
2025-09-09 10:55:18,747 - INFO -   Ações finais: 9205
2025-09-09 10:55:18,747 - INFO -   Retorno total: -1.09%
