2025-09-01 22:36:36,759 - INFO - ============================================================
2025-09-01 22:36:36,759 - INFO - INICIANDO BACKTESTING
2025-09-01 22:36:36,759 - INFO - ============================================================
2025-09-01 22:36:36,759 - INFO - Tamanho test_df: 251
2025-09-01 22:36:36,759 - INFO - Tamanho predictions: 251
2025-09-01 22:36:36,759 - INFO - Capital inicial: R$ 100,000.00
2025-09-01 22:36:36,759 - INFO - Custo de transação: 0.100%
2025-09-01 22:36:36,760 - INFO - DISTRIBUIÇÃO DAS PREDIÇÕES:
2025-09-01 22:36:36,760 - INFO -   - Total: 251
2025-09-01 22:36:36,761 - INFO -   - Predições de alta (1): 138
2025-09-01 22:36:36,762 - INFO -   - Predições de baixa (0): 113
2025-09-01 22:36:36,762 - INFO -   - Percentual de alta: 55.0%
2025-09-01 22:36:36,762 - INFO - EXECUÇÃO DOS TRADES:
2025-09-01 22:36:36,763 - INFO - PROGRESSO: Data 2024-01-02 | Pred: 1 | Cash: R$ 100,000.00 | Ações: 0
2025-09-01 22:36:36,763 - INFO - COMPRA: 2024-01-02 | Preço: R$ 14.65 | Ações: 6819 | Custo: R$ 100000.00
2025-09-01 22:36:36,764 - INFO - VENDA: 2024-01-22 | Preço: R$ 13.54 | Ações: 6819 | Valor líquido: R$ 92218.56
2025-09-01 22:36:36,765 - WARNING - COMPRA REJEITADA: Cash insuficiente (R$ 92218.56 < R$ 92218.56)
2025-09-01 22:36:36,765 - INFO - COMPRA: 2024-01-24 | Preço: R$ 13.41 | Ações: 6868 | Custo: R$ 92218.56
2025-09-01 22:36:36,766 - INFO - VENDA: 2024-03-07 | Preço: R$ 12.08 | Ações: 6868 | Valor líquido: R$ 82879.15
2025-09-01 22:36:36,766 - INFO - COMPRA: 2024-03-08 | Preço: R$ 12.15 | Ações: 6814 | Custo: R$ 82879.15
2025-09-01 22:36:36,767 - INFO - VENDA: 2024-03-13 | Preço: R$ 12.50 | Ações: 6814 | Valor líquido: R$ 85104.10
2025-09-01 22:36:36,767 - INFO - PROGRESSO: Data 2024-03-14 | Pred: 0 | Cash: R$ 85,104.10 | Ações: 0
2025-09-01 22:36:36,767 - INFO - COMPRA: 2024-03-15 | Preço: R$ 12.39 | Ações: 6864 | Custo: R$ 85104.10
2025-09-01 22:36:36,767 - INFO - VENDA: 2024-03-18 | Preço: R$ 12.47 | Ações: 6864 | Valor líquido: R$ 85475.82
2025-09-01 22:36:36,767 - INFO - COMPRA: 2024-03-19 | Preço: R$ 12.40 | Ações: 6889 | Custo: R$ 85475.82
2025-09-01 22:36:36,768 - INFO - VENDA: 2024-03-22 | Preço: R$ 12.26 | Ações: 6889 | Valor líquido: R$ 84338.43
2025-09-01 22:36:36,768 - INFO - COMPRA: 2024-03-25 | Preço: R$ 12.24 | Ações: 6885 | Custo: R$ 84338.43
2025-09-01 22:36:36,768 - INFO - VENDA: 2024-03-26 | Preço: R$ 12.41 | Ações: 6885 | Valor líquido: R$ 85377.54
2025-09-01 22:36:36,770 - INFO - COMPRA: 2024-04-08 | Preço: R$ 12.85 | Ações: 6636 | Custo: R$ 85377.54
2025-09-01 22:36:36,770 - INFO - VENDA: 2024-04-09 | Preço: R$ 12.93 | Ações: 6636 | Valor líquido: R$ 85731.47
2025-09-01 22:36:36,771 - INFO - COMPRA: 2024-04-19 | Preço: R$ 11.99 | Ações: 7143 | Custo: R$ 85731.47
2025-09-01 22:36:36,772 - INFO - VENDA: 2024-04-22 | Preço: R$ 11.94 | Ações: 7143 | Valor líquido: R$ 85183.83
2025-09-01 22:36:36,773 - WARNING - COMPRA REJEITADA: Cash insuficiente (R$ 85183.83 < R$ 85183.83)
2025-09-01 22:36:36,773 - INFO - COMPRA: 2024-05-03 | Preço: R$ 12.13 | Ações: 7015 | Custo: R$ 85183.83
2025-09-01 22:36:36,773 - INFO - VENDA: 2024-05-06 | Preço: R$ 12.12 | Ações: 7015 | Valor líquido: R$ 84951.92
2025-09-01 22:36:36,773 - INFO - COMPRA: 2024-05-09 | Preço: R$ 11.84 | Ações: 7168 | Custo: R$ 84951.92
2025-09-01 22:36:36,773 - INFO - VENDA: 2024-05-10 | Preço: R$ 11.77 | Ações: 7168 | Valor líquido: R$ 84277.90
2025-09-01 22:36:36,774 - INFO - COMPRA: 2024-05-24 | Preço: R$ 11.42 | Ações: 7374 | Custo: R$ 84277.90
2025-09-01 22:36:36,774 - INFO - PROGRESSO: Data 2024-05-27 | Pred: 0 | Cash: R$ 0.00 | Ações: 7374
2025-09-01 22:36:36,774 - INFO - VENDA: 2024-05-27 | Preço: R$ 11.38 | Ações: 7374 | Valor líquido: R$ 83850.12
2025-09-01 22:36:36,774 - INFO - COMPRA: 2024-05-28 | Preço: R$ 11.37 | Ações: 7365 | Custo: R$ 83850.12
2025-09-01 22:36:36,775 - INFO - VENDA: 2024-06-06 | Preço: R$ 11.50 | Ações: 7365 | Valor líquido: R$ 84650.59
2025-09-01 22:36:36,775 - INFO - COMPRA: 2024-06-07 | Preço: R$ 11.42 | Ações: 7407 | Custo: R$ 84650.59
2025-09-01 22:36:36,776 - INFO - VENDA: 2024-06-11 | Preço: R$ 11.40 | Ações: 7407 | Valor líquido: R$ 84350.98
2025-09-01 22:36:36,776 - INFO - COMPRA: 2024-06-17 | Preço: R$ 11.43 | Ações: 7370 | Custo: R$ 84350.98
2025-09-01 22:36:36,776 - INFO - VENDA: 2024-06-18 | Preço: R$ 11.26 | Ações: 7370 | Valor líquido: R$ 82877.41
2025-09-01 22:36:36,776 - INFO - COMPRA: 2024-06-21 | Preço: R$ 11.28 | Ações: 7343 | Custo: R$ 82877.41
2025-09-01 22:36:36,776 - INFO - VENDA: 2024-06-24 | Preço: R$ 11.31 | Ações: 7343 | Valor líquido: R$ 82978.64
2025-09-01 22:36:36,776 - INFO - COMPRA: 2024-06-26 | Preço: R$ 11.25 | Ações: 7370 | Custo: R$ 82978.64
2025-09-01 22:36:36,776 - INFO - VENDA: 2024-06-27 | Preço: R$ 11.29 | Ações: 7370 | Valor líquido: R$ 83147.59
2025-09-01 22:36:36,776 - INFO - COMPRA: 2024-07-01 | Preço: R$ 11.16 | Ações: 7445 | Custo: R$ 83147.59
2025-09-01 22:36:36,776 - INFO - VENDA: 2024-07-08 | Preço: R$ 11.35 | Ações: 7445 | Valor líquido: R$ 84396.91
2025-09-01 22:36:36,779 - INFO - COMPRA: 2024-07-26 | Preço: R$ 11.34 | Ações: 7436 | Custo: R$ 84396.91
2025-09-01 22:36:36,780 - INFO - VENDA: 2024-07-29 | Preço: R$ 11.38 | Ações: 7436 | Valor líquido: R$ 84566.55
2025-09-01 22:36:36,780 - INFO - COMPRA: 2024-07-31 | Preço: R$ 11.32 | Ações: 7463 | Custo: R$ 84566.55
2025-09-01 22:36:36,780 - INFO - VENDA: 2024-08-01 | Preço: R$ 11.47 | Ações: 7463 | Valor líquido: R$ 85483.97
2025-09-01 22:36:36,780 - INFO - COMPRA: 2024-08-02 | Preço: R$ 11.54 | Ações: 7402 | Custo: R$ 85483.97
2025-09-01 22:36:36,781 - INFO - PROGRESSO: Data 2024-08-06 | Pred: 1 | Cash: R$ 0.00 | Ações: 7402
2025-09-01 22:36:36,781 - INFO - VENDA: 2024-08-08 | Preço: R$ 13.00 | Ações: 7402 | Valor líquido: R$ 96103.77
2025-09-01 22:36:36,782 - INFO - COMPRA: 2024-09-09 | Preço: R$ 14.38 | Ações: 6675 | Custo: R$ 96103.77
2025-09-01 22:36:36,782 - INFO - VENDA: 2024-09-10 | Preço: R$ 14.43 | Ações: 6675 | Valor líquido: R$ 96216.23
2025-09-01 22:36:36,782 - WARNING - COMPRA REJEITADA: Cash insuficiente (R$ 96216.23 < R$ 96216.23)
2025-09-01 22:36:36,783 - WARNING - COMPRA REJEITADA: Cash insuficiente (R$ 96216.23 < R$ 96216.23)
2025-09-01 22:36:36,783 - WARNING - COMPRA REJEITADA: Cash insuficiente (R$ 96216.23 < R$ 96216.23)
2025-09-01 22:36:36,783 - INFO - COMPRA: 2024-09-16 | Preço: R$ 14.09 | Ações: 6822 | Custo: R$ 96216.23
2025-09-01 22:36:36,783 - INFO - VENDA: 2024-10-04 | Preço: R$ 13.96 | Ações: 6822 | Valor líquido: R$ 95120.77
2025-09-01 22:36:36,783 - INFO - COMPRA: 2024-10-10 | Preço: R$ 13.90 | Ações: 6835 | Custo: R$ 95120.77
2025-09-01 22:36:36,783 - INFO - PROGRESSO: Data 2024-10-15 | Pred: 1 | Cash: R$ 0.00 | Ações: 6835
2025-09-01 22:36:36,786 - INFO - VENDA: 2024-10-21 | Preço: R$ 14.16 | Ações: 6835 | Valor líquido: R$ 96702.76
2025-09-01 22:36:36,786 - INFO - COMPRA: 2024-10-28 | Preço: R$ 14.09 | Ações: 6857 | Custo: R$ 96702.76
2025-09-01 22:36:36,786 - INFO - VENDA: 2024-10-30 | Preço: R$ 13.93 | Ações: 6857 | Valor líquido: R$ 95430.16
2025-09-01 22:36:36,786 - INFO - COMPRA: 2024-11-01 | Preço: R$ 13.08 | Ações: 7290 | Custo: R$ 95430.16
2025-09-01 22:36:36,788 - INFO - VENDA: 2024-12-06 | Preço: R$ 11.45 | Ações: 7290 | Valor líquido: R$ 83397.38
2025-09-01 22:36:36,788 - INFO - COMPRA: 2024-12-09 | Preço: R$ 11.38 | Ações: 7323 | Custo: R$ 83397.38
2025-09-01 22:36:36,788 - INFO - COMPRA: 2024-12-10 | Preço: R$ 11.60 | Ações: 0 | Custo: R$ 0.00
2025-09-01 22:36:36,788 - INFO - COMPRA: 2024-12-11 | Preço: R$ 11.80 | Ações: 0 | Custo: R$ 0.00
2025-09-01 22:36:36,789 - INFO - VENDA: 2024-12-13 | Preço: R$ 11.25 | Ações: 7323 | Valor líquido: R$ 82278.78
2025-09-01 22:36:36,789 - INFO - COMPRA: 2024-12-16 | Preço: R$ 11.06 | Ações: 7431 | Custo: R$ 82278.78
2025-09-01 22:36:36,789 - INFO - VENDA: 2024-12-19 | Preço: R$ 10.69 | Ações: 7431 | Valor líquido: R$ 79354.23
2025-09-01 22:36:36,789 - INFO - COMPRA: 2024-12-20 | Preço: R$ 10.93 | Ações: 7252 | Custo: R$ 79354.23
2025-09-01 22:36:36,789 - INFO - VENDA: 2024-12-23 | Preço: R$ 10.74 | Ações: 7252 | Valor líquido: R$ 77781.48
2025-09-01 22:36:36,790 - INFO - RESUMO FINAL DO BACKTESTING:
2025-09-01 22:36:36,790 - INFO -   Total de trades: 58
2025-09-01 22:36:36,790 - INFO -   Compras realizadas: 30
2025-09-01 22:36:36,790 - INFO -   Vendas realizadas: 28
2025-09-01 22:36:36,790 - INFO -   Capital inicial: R$ 100,000.00
2025-09-01 22:36:36,790 - INFO -   Capital final: R$ 77,781.48
2025-09-01 22:36:36,790 - INFO -   Cash final: R$ 77,781.48
2025-09-01 22:36:36,790 - INFO -   Ações finais: 0
2025-09-01 22:36:36,790 - INFO -   Retorno total: -22.22%
