2025-09-01 23:42:24,124 - INFO - THRESHOLD OTIMIZADO: 0.500
2025-09-01 23:42:24,124 - INFO - F1-SCORE VALIDAÇÃO: 0.250
2025-09-01 23:42:24,125 - INFO - PROBABILIDADES MÉDIAS: Alta=0.009, Baixa=0.991
2025-09-01 23:42:24,125 - INFO - ============================================================
2025-09-01 23:42:24,125 - INFO - INICIANDO BACKTESTING
2025-09-01 23:42:24,125 - INFO - ============================================================
2025-09-01 23:42:24,125 - INFO - Tamanho test_df: 251
2025-09-01 23:42:24,125 - INFO - Tamanho predictions: 251
2025-09-01 23:42:24,125 - INFO - Capital inicial: R$ 100,000.00
2025-09-01 23:42:24,128 - INFO - Custo de transação: 0.100%
2025-09-01 23:42:24,128 - INFO - DISTRIBUIÇÃO DAS PREDIÇÕES:
2025-09-01 23:42:24,128 - INFO -   - Total: 251
2025-09-01 23:42:24,128 - INFO -   - Predições de alta (1): 0
2025-09-01 23:42:24,128 - INFO -   - Predições de baixa (0): 251
2025-09-01 23:42:24,129 - INFO -   - Percentual de alta: 0.0%
2025-09-01 23:42:24,129 - INFO - EXECUÇÃO DOS TRADES:
2025-09-01 23:42:24,130 - INFO - PROGRESSO: Data 2024-01-02 | Pred: 0 | Cash: R$ 100,000.00 | Ações: 0
2025-09-01 23:42:24,137 - INFO - PROGRESSO: Data 2024-03-14 | Pred: 0 | Cash: R$ 100,000.00 | Ações: 0
2025-09-01 23:42:24,150 - INFO - PROGRESSO: Data 2024-05-27 | Pred: 0 | Cash: R$ 100,000.00 | Ações: 0
2025-09-01 23:42:24,163 - INFO - PROGRESSO: Data 2024-08-06 | Pred: 0 | Cash: R$ 100,000.00 | Ações: 0
2025-09-01 23:42:24,176 - INFO - PROGRESSO: Data 2024-10-15 | Pred: 0 | Cash: R$ 100,000.00 | Ações: 0
2025-09-01 23:42:24,189 - INFO - RESUMO FINAL DO BACKTESTING:
2025-09-01 23:42:24,190 - INFO -   Total de trades: 0
2025-09-01 23:42:24,191 - INFO -   Compras realizadas: 0
2025-09-01 23:42:24,192 - INFO -   Vendas realizadas: 0
2025-09-01 23:42:24,192 - INFO -   Capital inicial: R$ 100,000.00
2025-09-01 23:42:24,193 - INFO -   Capital final: R$ 100,000.00
2025-09-01 23:42:24,193 - INFO -   Cash final: R$ 100,000.00
2025-09-01 23:42:24,194 - INFO -   Ações finais: 0
2025-09-01 23:42:24,194 - INFO -   Retorno total: +0.00%
2025-09-01 23:42:24,194 - WARNING - AVISO: Nenhum trade foi executado!
2025-09-01 23:42:24,195 - WARNING -   - Verificar se há predições de alta (1) nas predições
2025-09-01 23:42:24,195 - WARNING -   - Verificar se há predições de baixa (0) quando há ações
2025-09-01 23:42:24,195 - WARNING -   - Verificar se os dados têm variação suficiente
