2025-09-24 09:16:52,268 - INFO - THRESHOLDS FINANCEIROS: buy=0.56 sell=0.11 hold_min_days=3
2025-09-24 09:16:52,268 - INFO - SCORE MÉDIO: -0.713
2025-09-24 09:16:52,268 - INFO - ============================================================
2025-09-24 09:16:52,268 - INFO - INICIANDO BACKTESTING REALISTA
2025-09-24 09:16:52,270 - INFO - ============================================================
2025-09-24 09:16:52,270 - INFO - Tamanho test_df: 251
2025-09-24 09:16:52,270 - INFO - Tamanho predictions: 251
2025-09-24 09:16:52,270 - INFO - Tamanho probabilities: 251
2025-09-24 09:16:52,271 - INFO - Capital inicial: R$ 100,000.00
2025-09-24 09:16:52,271 - INFO - Custo de transação: 0.100%
2025-09-24 09:16:52,282 - INFO - CDI real carregado: 253 dias disponíveis
2025-09-24 09:16:52,282 - INFO - Slippage Dinâmico: 0.2-2.0 bps | Lote: 100 | CDI: Real
2025-09-24 09:16:52,288 - INFO - DISTRIBUIÇÃO DAS PREDIÇÕES:
2025-09-24 09:16:52,288 - INFO -   - Total: 251
2025-09-24 09:16:52,290 - INFO -   - Predições de alta (1): 0
2025-09-24 09:16:52,290 - INFO -   - Predições de baixa (0): 251
2025-09-24 09:16:52,290 - INFO -   - Percentual de alta: 0.0%
2025-09-24 09:16:52,290 - INFO - EXECUÇÃO DOS TRADES:
2025-09-24 09:16:52,290 - INFO - PROGRESSO: Data 2024-01-02 | Pred: 0 | Cash: R$ 100,000.00 | Ações: 0
2025-09-24 09:16:52,303 - INFO - PROGRESSO: Data 2024-03-14 | Pred: 0 | Cash: R$ 102,159.59 | Ações: 0
2025-09-24 09:16:52,313 - INFO - PROGRESSO: Data 2024-05-27 | Pred: 0 | Cash: R$ 104,229.77 | Ações: 0
2025-09-24 09:16:52,323 - INFO - PROGRESSO: Data 2024-08-06 | Pred: 0 | Cash: R$ 106,296.14 | Ações: 0
2025-09-24 09:16:52,332 - INFO - PROGRESSO: Data 2024-10-15 | Pred: 0 | Cash: R$ 108,420.99 | Ações: 0
2025-09-24 09:16:52,343 - INFO - RESUMO FINAL DO BACKTESTING:
2025-09-24 09:16:52,343 - INFO -   Total de trades: 0
2025-09-24 09:16:52,343 - INFO -   Compras realizadas: 0
2025-09-24 09:16:52,343 - INFO -   Vendas realizadas: 0
2025-09-24 09:16:52,343 - INFO -   Capital inicial: R$ 100,000.00
2025-09-24 09:16:52,343 - INFO -   Capital final: R$ 110,724.73
2025-09-24 09:16:52,345 - INFO -   Cash final: R$ 110,724.73
2025-09-24 09:16:52,345 - INFO -   Ações finais: 0
2025-09-24 09:16:52,345 - INFO -   Retorno total: +10.72%
2025-09-24 09:16:52,345 - WARNING - AVISO: Nenhum trade foi executado!
2025-09-24 09:16:52,345 - WARNING -   - Verificar se há predições de alta (1) nas predições
2025-09-24 09:16:52,345 - WARNING -   - Verificar se há predições de baixa (0) quando há ações
2025-09-24 09:16:52,345 - WARNING -   - Verificar se os dados têm variação suficiente
