2025-09-10 11:12:43,004 - INFO - THRESHOLDS FINANCEIROS: buy=0.80 sell=0.20 hold_min_days=3
2025-09-10 11:12:43,005 - INFO - PROBABILIDADE MÉDIA: 0.313
2025-09-10 11:12:43,005 - INFO - ============================================================
2025-09-10 11:12:43,005 - INFO - INICIANDO BACKTESTING
2025-09-10 11:12:43,005 - INFO - ============================================================
2025-09-10 11:12:43,005 - INFO - Tamanho test_df: 251
2025-09-10 11:12:43,005 - INFO - Tamanho predictions: 251
2025-09-10 11:12:43,006 - INFO - Capital inicial: R$ 100,000.00
2025-09-10 11:12:43,008 - INFO - Custo de transação: 0.100%
2025-09-10 11:12:43,008 - INFO - DISTRIBUIÇÃO DAS PREDIÇÕES:
2025-09-10 11:12:43,008 - INFO -   - Total: 251
2025-09-10 11:12:43,008 - INFO -   - Predições de alta (1): 4
2025-09-10 11:12:43,008 - INFO -   - Predições de baixa (0): 247
2025-09-10 11:12:43,009 - INFO -   - Percentual de alta: 1.6%
2025-09-10 11:12:43,009 - INFO - EXECUÇÃO DOS TRADES:
2025-09-10 11:12:43,009 - INFO - PROGRESSO: Data 2024-01-02 | Pred: 0 | Cash: R$ 100,000.00 | Ações: 0
2025-09-10 11:12:43,014 - INFO - PROGRESSO: Data 2024-03-14 | Pred: 0 | Cash: R$ 100,000.00 | Ações: 0
2025-09-10 11:12:43,019 - INFO - COMPRA: 2024-04-17 | Preço: R$ 26.15 | Ações: 3820 | Custo: R$ 100000.00
2025-09-10 11:12:43,019 - INFO - COMPRA: 2024-04-18 | Preço: R$ 26.18 | Ações: 0 | Custo: R$ 0.00
2025-09-10 11:12:43,019 - WARNING - COMPRA REJEITADA: Cash insuficiente (R$ 0.00 < R$ 0.00)
2025-09-10 11:12:43,019 - INFO - COMPRA: 2024-04-22 | Preço: R$ 25.86 | Ações: 0 | Custo: R$ 0.00
2025-09-10 11:12:43,021 - INFO - VENDA: 2024-04-23 | Preço: R$ 26.36 | Ações: 3820 | Valor líquido: R$ 100586.03
2025-09-10 11:12:43,022 - INFO - PROGRESSO: Data 2024-05-27 | Pred: 0 | Cash: R$ 100,586.03 | Ações: 0
2025-09-10 11:12:43,029 - INFO - PROGRESSO: Data 2024-08-06 | Pred: 0 | Cash: R$ 100,586.03 | Ações: 0
2025-09-10 11:12:43,034 - INFO - PROGRESSO: Data 2024-10-15 | Pred: 0 | Cash: R$ 100,586.03 | Ações: 0
2025-09-10 11:12:43,041 - INFO - RESUMO FINAL DO BACKTESTING:
2025-09-10 11:12:43,042 - INFO -   Total de trades: 4
2025-09-10 11:12:43,042 - INFO -   Compras realizadas: 3
2025-09-10 11:12:43,042 - INFO -   Vendas realizadas: 1
2025-09-10 11:12:43,042 - INFO -   Capital inicial: R$ 100,000.00
2025-09-10 11:12:43,042 - INFO -   Capital final: R$ 100,586.03
2025-09-10 11:12:43,042 - INFO -   Cash final: R$ 100,586.03
2025-09-10 11:12:43,042 - INFO -   Ações finais: 0
2025-09-10 11:12:43,042 - INFO -   Retorno total: +0.59%
