2025-09-09 10:18:39,445 - INFO - THRESHOLD OTIMIZADO: 0.500
2025-09-09 10:18:39,445 - INFO - F1-SCORE VALIDAÇÃO: 0.397
2025-09-09 10:18:39,447 - INFO - PROBABILIDADES MÉDIAS: Alta=0.200, Baixa=0.800
2025-09-09 10:18:39,447 - INFO - ============================================================
2025-09-09 10:18:39,447 - INFO - INICIANDO BACKTESTING
2025-09-09 10:18:39,447 - INFO - ============================================================
2025-09-09 10:18:39,447 - INFO - Tamanho test_df: 251
2025-09-09 10:18:39,447 - INFO - Tamanho predictions: 251
2025-09-09 10:18:39,447 - INFO - Capital inicial: R$ 100,000.00
2025-09-09 10:18:39,450 - INFO - Custo de transação: 0.100%
2025-09-09 10:18:39,450 - INFO - DISTRIBUIÇÃO DAS PREDIÇÕES:
2025-09-09 10:18:39,450 - INFO -   - Total: 251
2025-09-09 10:18:39,450 - INFO -   - Predições de alta (1): 0
2025-09-09 10:18:39,450 - INFO -   - Predições de baixa (0): 251
2025-09-09 10:18:39,450 - INFO -   - Percentual de alta: 0.0%
2025-09-09 10:18:39,450 - INFO - EXECUÇÃO DOS TRADES:
2025-09-09 10:18:39,452 - INFO - PROGRESSO: Data 2024-01-02 | Pred: 0 | Cash: R$ 100,000.00 | Ações: 0
2025-09-09 10:18:39,455 - INFO - PROGRESSO: Data 2024-03-14 | Pred: 0 | Cash: R$ 100,000.00 | Ações: 0
2025-09-09 10:18:39,459 - INFO - PROGRESSO: Data 2024-05-27 | Pred: 0 | Cash: R$ 100,000.00 | Ações: 0
2025-09-09 10:18:39,461 - INFO - PROGRESSO: Data 2024-08-06 | Pred: 0 | Cash: R$ 100,000.00 | Ações: 0
2025-09-09 10:18:39,464 - INFO - PROGRESSO: Data 2024-10-15 | Pred: 0 | Cash: R$ 100,000.00 | Ações: 0
2025-09-09 10:18:39,466 - INFO - RESUMO FINAL DO BACKTESTING:
2025-09-09 10:18:39,466 - INFO -   Total de trades: 0
2025-09-09 10:18:39,466 - INFO -   Compras realizadas: 0
2025-09-09 10:18:39,466 - INFO -   Vendas realizadas: 0
2025-09-09 10:18:39,466 - INFO -   Capital inicial: R$ 100,000.00
2025-09-09 10:18:39,466 - INFO -   Capital final: R$ 100,000.00
2025-09-09 10:18:39,466 - INFO -   Cash final: R$ 100,000.00
2025-09-09 10:18:39,466 - INFO -   Ações finais: 0
2025-09-09 10:18:39,466 - INFO -   Retorno total: +0.00%
2025-09-09 10:18:39,468 - WARNING - AVISO: Nenhum trade foi executado!
2025-09-09 10:18:39,468 - WARNING -   - Verificar se há predições de alta (1) nas predições
2025-09-09 10:18:39,468 - WARNING -   - Verificar se há predições de baixa (0) quando há ações
2025-09-09 10:18:39,468 - WARNING -   - Verificar se os dados têm variação suficiente
