2025-09-10 16:16:59,402 - INFO - THRESHOLDS FINANCEIROS: buy=0.80 sell=0.20 hold_min_days=3
2025-09-10 16:16:59,404 - INFO - PROBABILIDADE MÉDIA: 0.313
2025-09-10 16:16:59,404 - INFO - ============================================================
2025-09-10 16:16:59,405 - INFO - INICIANDO BACKTESTING
2025-09-10 16:16:59,406 - INFO - ============================================================
2025-09-10 16:16:59,406 - INFO - Tamanho test_df: 251
2025-09-10 16:16:59,406 - INFO - Tamanho predictions: 251
2025-09-10 16:16:59,408 - INFO - Capital inicial: R$ 100,000.00
2025-09-10 16:16:59,412 - INFO - Custo de transação: 0.100%
2025-09-10 16:16:59,413 - INFO - DISTRIBUIÇÃO DAS PREDIÇÕES:
2025-09-10 16:16:59,413 - INFO -   - Total: 251
2025-09-10 16:16:59,415 - INFO -   - Predições de alta (1): 4
2025-09-10 16:16:59,415 - INFO -   - Predições de baixa (0): 247
2025-09-10 16:16:59,416 - INFO -   - Percentual de alta: 1.6%
2025-09-10 16:16:59,417 - INFO - EXECUÇÃO DOS TRADES:
2025-09-10 16:16:59,418 - INFO - PROGRESSO: Data 2024-01-02 | Pred: 0 | Cash: R$ 100,000.00 | Ações: 0
2025-09-10 16:16:59,441 - INFO - PROGRESSO: Data 2024-03-14 | Pred: 0 | Cash: R$ 100,000.00 | Ações: 0
2025-09-10 16:16:59,451 - INFO - COMPRA: 2024-04-17 | Preço: R$ 26.15 | Ações: 3820 | Custo: R$ 100000.00
2025-09-10 16:16:59,453 - INFO - COMPRA: 2024-04-18 | Preço: R$ 26.18 | Ações: 0 | Custo: R$ 0.00
2025-09-10 16:16:59,454 - WARNING - COMPRA REJEITADA: Cash insuficiente (R$ 0.00 < R$ 0.00)
2025-09-10 16:16:59,455 - INFO - COMPRA: 2024-04-22 | Preço: R$ 25.86 | Ações: 0 | Custo: R$ 0.00
2025-09-10 16:16:59,456 - INFO - VENDA: 2024-04-23 | Preço: R$ 26.36 | Ações: 3820 | Valor líquido: R$ 100586.03
2025-09-10 16:16:59,463 - INFO - PROGRESSO: Data 2024-05-27 | Pred: 0 | Cash: R$ 100,586.03 | Ações: 0
2025-09-10 16:16:59,483 - INFO - PROGRESSO: Data 2024-08-06 | Pred: 0 | Cash: R$ 100,586.03 | Ações: 0
2025-09-10 16:16:59,499 - INFO - PROGRESSO: Data 2024-10-15 | Pred: 0 | Cash: R$ 100,586.03 | Ações: 0
2025-09-10 16:16:59,499 - INFO - RESUMO FINAL DO BACKTESTING:
2025-09-10 16:16:59,499 - INFO -   Total de trades: 4
2025-09-10 16:16:59,499 - INFO -   Compras realizadas: 3
2025-09-10 16:16:59,499 - INFO -   Vendas realizadas: 1
2025-09-10 16:16:59,499 - INFO -   Capital inicial: R$ 100,000.00
2025-09-10 16:16:59,499 - INFO -   Capital final: R$ 100,586.03
2025-09-10 16:16:59,499 - INFO -   Cash final: R$ 100,586.03
2025-09-10 16:16:59,499 - INFO -   Ações finais: 0
2025-09-10 16:16:59,499 - INFO -   Retorno total: +0.59%
