2025-09-17 15:01:59,887 - INFO - THRESHOLDS FINANCEIROS: buy=0.80 sell=0.30 hold_min_days=3
2025-09-17 15:01:59,889 - INFO - PROBABILIDADE MÉDIA: 0.401
2025-09-17 15:01:59,889 - INFO - ============================================================
2025-09-17 15:01:59,889 - INFO - INICIANDO BACKTESTING REALISTA
2025-09-17 15:01:59,889 - INFO - ============================================================
2025-09-17 15:01:59,889 - INFO - Tamanho test_df: 251
2025-09-17 15:01:59,890 - INFO - Tamanho predictions: 251
2025-09-17 15:01:59,890 - INFO - Tamanho probabilities: 251
2025-09-17 15:01:59,891 - INFO - Capital inicial: R$ 100,000.00
2025-09-17 15:01:59,891 - INFO - Custo de transação: 0.100%
2025-09-17 15:01:59,894 - INFO - CDI real carregado: 253 dias disponíveis
2025-09-17 15:01:59,897 - INFO - Slippage Dinâmico: 0.2-2.0 bps | Lote: 100 | CDI: Real
2025-09-17 15:01:59,899 - INFO - DISTRIBUIÇÃO DAS PREDIÇÕES:
2025-09-17 15:01:59,899 - INFO -   - Total: 251
2025-09-17 15:01:59,901 - INFO -   - Predições de alta (1): 0
2025-09-17 15:01:59,901 - INFO -   - Predições de baixa (0): 251
2025-09-17 15:01:59,901 - INFO -   - Percentual de alta: 0.0%
2025-09-17 15:01:59,901 - INFO - EXECUÇÃO DOS TRADES:
2025-09-17 15:01:59,901 - INFO - PROGRESSO: Data 2024-01-02 | Pred: 0 | Cash: R$ 100,000.00 | Ações: 0
2025-09-17 15:01:59,903 - INFO - PROGRESSO: Data 2024-03-14 | Pred: 0 | Cash: R$ 102,159.59 | Ações: 0
2025-09-17 15:01:59,907 - INFO - PROGRESSO: Data 2024-05-27 | Pred: 0 | Cash: R$ 104,229.77 | Ações: 0
2025-09-17 15:01:59,909 - INFO - PROGRESSO: Data 2024-08-06 | Pred: 0 | Cash: R$ 106,296.14 | Ações: 0
2025-09-17 15:01:59,913 - INFO - PROGRESSO: Data 2024-10-15 | Pred: 0 | Cash: R$ 108,420.99 | Ações: 0
2025-09-17 15:01:59,916 - INFO - RESUMO FINAL DO BACKTESTING:
2025-09-17 15:01:59,916 - INFO -   Total de trades: 0
2025-09-17 15:01:59,916 - INFO -   Compras realizadas: 0
2025-09-17 15:01:59,916 - INFO -   Vendas realizadas: 0
2025-09-17 15:01:59,916 - INFO -   Capital inicial: R$ 100,000.00
2025-09-17 15:01:59,916 - INFO -   Capital final: R$ 110,724.73
2025-09-17 15:01:59,916 - INFO -   Cash final: R$ 110,724.73
2025-09-17 15:01:59,916 - INFO -   Ações finais: 0
2025-09-17 15:01:59,916 - INFO -   Retorno total: +10.72%
2025-09-17 15:01:59,916 - WARNING - AVISO: Nenhum trade foi executado!
2025-09-17 15:01:59,916 - WARNING -   - Verificar se há predições de alta (1) nas predições
2025-09-17 15:01:59,916 - WARNING -   - Verificar se há predições de baixa (0) quando há ações
2025-09-17 15:01:59,916 - WARNING -   - Verificar se os dados têm variação suficiente
