2025-09-17 14:18:50,142 - INFO - THRESHOLDS FINANCEIROS: buy=0.70 sell=0.45 hold_min_days=3
2025-09-17 14:18:50,144 - INFO - PROBABILIDADE MÉDIA: 0.359
2025-09-17 14:18:50,144 - INFO - ============================================================
2025-09-17 14:18:50,144 - INFO - INICIANDO BACKTESTING REALISTA
2025-09-17 14:18:50,144 - INFO - ============================================================
2025-09-17 14:18:50,144 - INFO - Tamanho test_df: 251
2025-09-17 14:18:50,144 - INFO - Tamanho predictions: 251
2025-09-17 14:18:50,145 - INFO - Tamanho probabilities: 251
2025-09-17 14:18:50,147 - INFO - Capital inicial: R$ 100,000.00
2025-09-17 14:18:50,147 - INFO - Custo de transação: 0.100%
2025-09-17 14:18:50,158 - INFO - CDI real carregado: 253 dias disponíveis
2025-09-17 14:18:50,159 - INFO - Slippage Dinâmico: 0.2-2.0 bps | Lote: 100 | CDI: Real
2025-09-17 14:18:50,165 - INFO - DISTRIBUIÇÃO DAS PREDIÇÕES:
2025-09-17 14:18:50,165 - INFO -   - Total: 251
2025-09-17 14:18:50,165 - INFO -   - Predições de alta (1): 0
2025-09-17 14:18:50,166 - INFO -   - Predições de baixa (0): 251
2025-09-17 14:18:50,167 - INFO -   - Percentual de alta: 0.0%
2025-09-17 14:18:50,167 - INFO - EXECUÇÃO DOS TRADES:
2025-09-17 14:18:50,167 - INFO - PROGRESSO: Data 2024-01-02 | Pred: 0 | Cash: R$ 100,000.00 | Ações: 0
2025-09-17 14:18:50,182 - INFO - PROGRESSO: Data 2024-03-14 | Pred: 0 | Cash: R$ 102,159.59 | Ações: 0
2025-09-17 14:18:50,195 - INFO - PROGRESSO: Data 2024-05-27 | Pred: 0 | Cash: R$ 104,229.77 | Ações: 0
2025-09-17 14:18:50,205 - INFO - PROGRESSO: Data 2024-08-06 | Pred: 0 | Cash: R$ 106,296.14 | Ações: 0
2025-09-17 14:18:50,215 - INFO - PROGRESSO: Data 2024-10-15 | Pred: 0 | Cash: R$ 108,420.99 | Ações: 0
2025-09-17 14:18:50,224 - INFO - RESUMO FINAL DO BACKTESTING:
2025-09-17 14:18:50,224 - INFO -   Total de trades: 0
2025-09-17 14:18:50,224 - INFO -   Compras realizadas: 0
2025-09-17 14:18:50,224 - INFO -   Vendas realizadas: 0
2025-09-17 14:18:50,224 - INFO -   Capital inicial: R$ 100,000.00
2025-09-17 14:18:50,224 - INFO -   Capital final: R$ 110,724.73
2025-09-17 14:18:50,224 - INFO -   Cash final: R$ 110,724.73
2025-09-17 14:18:50,226 - INFO -   Ações finais: 0
2025-09-17 14:18:50,226 - INFO -   Retorno total: +10.72%
2025-09-17 14:18:50,226 - WARNING - AVISO: Nenhum trade foi executado!
2025-09-17 14:18:50,226 - WARNING -   - Verificar se há predições de alta (1) nas predições
2025-09-17 14:18:50,226 - WARNING -   - Verificar se há predições de baixa (0) quando há ações
2025-09-17 14:18:50,226 - WARNING -   - Verificar se os dados têm variação suficiente
