2025-09-01 23:24:02,823 - INFO - THRESHOLD OTIMIZADO: 0.500
2025-09-01 23:24:02,824 - INFO - F1-SCORE VALIDAÇÃO: 0.400
2025-09-01 23:24:02,825 - INFO - PROBABILIDADES MÉDIAS: Alta=0.310, Baixa=0.690
2025-09-01 23:24:02,825 - INFO - ============================================================
2025-09-01 23:24:02,825 - INFO - INICIANDO BACKTESTING
2025-09-01 23:24:02,827 - INFO - ============================================================
2025-09-01 23:24:02,827 - INFO - Tamanho test_df: 251
2025-09-01 23:24:02,827 - INFO - Tamanho predictions: 251
2025-09-01 23:24:02,827 - INFO - Capital inicial: R$ 100,000.00
2025-09-01 23:24:02,831 - INFO - Custo de transação: 0.100%
2025-09-01 23:24:02,831 - INFO - DISTRIBUIÇÃO DAS PREDIÇÕES:
2025-09-01 23:24:02,832 - INFO -   - Total: 251
2025-09-01 23:24:02,832 - INFO -   - Predições de alta (1): 42
2025-09-01 23:24:02,832 - INFO -   - Predições de baixa (0): 209
2025-09-01 23:24:02,833 - INFO -   - Percentual de alta: 16.7%
2025-09-01 23:24:02,833 - INFO - EXECUÇÃO DOS TRADES:
2025-09-01 23:24:02,834 - INFO - PROGRESSO: Data 2024-01-02 | Pred: 0 | Cash: R$ 100,000.00 | Ações: 0
2025-09-01 23:24:02,834 - INFO - COMPRA: 2024-01-04 | Preço: R$ 26.04 | Ações: 3837 | Custo: R$ 100000.00
2025-09-01 23:24:02,834 - INFO - VENDA: 2024-01-05 | Preço: R$ 26.65 | Ações: 3837 | Valor líquido: R$ 102133.80
2025-09-01 23:24:02,836 - INFO - COMPRA: 2024-01-08 | Preço: R$ 26.36 | Ações: 3870 | Custo: R$ 102133.80
2025-09-01 23:24:02,836 - INFO - VENDA: 2024-01-09 | Preço: R$ 26.35 | Ações: 3870 | Valor líquido: R$ 101868.61
2025-09-01 23:24:02,836 - INFO - COMPRA: 2024-01-10 | Preço: R$ 26.32 | Ações: 3866 | Custo: R$ 101868.61
2025-09-01 23:24:02,836 - INFO - VENDA: 2024-01-11 | Preço: R$ 26.37 | Ações: 3866 | Valor líquido: R$ 101848.31
2025-09-01 23:24:02,836 - INFO - COMPRA: 2024-01-15 | Preço: R$ 26.45 | Ações: 3847 | Custo: R$ 101848.31
2025-09-01 23:24:02,836 - INFO - VENDA: 2024-01-16 | Preço: R$ 26.08 | Ações: 3847 | Valor líquido: R$ 100216.62
2025-09-01 23:24:02,836 - INFO - COMPRA: 2024-01-17 | Preço: R$ 26.09 | Ações: 3837 | Custo: R$ 100216.62
2025-09-01 23:24:02,838 - INFO - VENDA: 2024-01-18 | Preço: R$ 25.98 | Ações: 3837 | Valor líquido: R$ 99592.08
2025-09-01 23:24:02,838 - INFO - COMPRA: 2024-01-24 | Preço: R$ 25.62 | Ações: 3884 | Custo: R$ 99592.08
2025-09-01 23:24:02,838 - INFO - VENDA: 2024-01-26 | Preço: R$ 25.94 | Ações: 3884 | Valor líquido: R$ 100650.88
2025-09-01 23:24:02,840 - WARNING - COMPRA REJEITADA: Cash insuficiente (R$ 100650.88 < R$ 100650.88)
2025-09-01 23:24:02,841 - INFO - PROGRESSO: Data 2024-03-14 | Pred: 0 | Cash: R$ 100,650.88 | Ações: 0
2025-09-01 23:24:02,842 - INFO - COMPRA: 2024-03-19 | Preço: R$ 28.39 | Ações: 3542 | Custo: R$ 100650.88
2025-09-01 23:24:02,842 - INFO - VENDA: 2024-03-20 | Preço: R$ 28.45 | Ações: 3542 | Valor líquido: R$ 100652.23
2025-09-01 23:24:02,842 - INFO - COMPRA: 2024-03-22 | Preço: R$ 27.76 | Ações: 3622 | Custo: R$ 100652.23
2025-09-01 23:24:02,845 - INFO - COMPRA: 2024-03-25 | Preço: R$ 27.76 | Ações: 0 | Custo: R$ 0.00
2025-09-01 23:24:02,845 - INFO - VENDA: 2024-03-26 | Preço: R$ 28.31 | Ações: 3622 | Valor líquido: R$ 102447.03
2025-09-01 23:24:02,846 - INFO - COMPRA: 2024-04-05 | Preço: R$ 26.96 | Ações: 3796 | Custo: R$ 102447.03
2025-09-01 23:24:02,846 - INFO - VENDA: 2024-04-08 | Preço: R$ 27.36 | Ações: 3796 | Valor líquido: R$ 103773.01
2025-09-01 23:24:02,847 - INFO - COMPRA: 2024-04-12 | Preço: R$ 26.74 | Ações: 3878 | Custo: R$ 103773.01
2025-09-01 23:24:02,847 - INFO - VENDA: 2024-04-15 | Preço: R$ 26.28 | Ações: 3878 | Valor líquido: R$ 101810.86
2025-09-01 23:24:02,847 - INFO - COMPRA: 2024-04-17 | Preço: R$ 26.10 | Ações: 3897 | Custo: R$ 101810.86
2025-09-01 23:24:02,847 - INFO - VENDA: 2024-04-18 | Preço: R$ 26.13 | Ações: 3897 | Valor líquido: R$ 101735.69
2025-09-01 23:24:02,847 - WARNING - COMPRA REJEITADA: Cash insuficiente (R$ 101735.69 < R$ 101735.69)
2025-09-01 23:24:02,848 - INFO - COMPRA: 2024-04-22 | Preço: R$ 25.97 | Ações: 3914 | Custo: R$ 101735.69
2025-09-01 23:24:02,848 - INFO - VENDA: 2024-04-24 | Preço: R$ 26.24 | Ações: 3914 | Valor líquido: R$ 102595.10
2025-09-01 23:24:02,848 - INFO - COMPRA: 2024-04-25 | Preço: R$ 26.09 | Ações: 3928 | Custo: R$ 102595.10
2025-09-01 23:24:02,848 - INFO - VENDA: 2024-04-26 | Preço: R$ 26.53 | Ações: 3928 | Valor líquido: R$ 104103.07
2025-09-01 23:24:02,851 - INFO - PROGRESSO: Data 2024-05-27 | Pred: 1 | Cash: R$ 104,103.07 | Ações: 0
2025-09-01 23:24:02,851 - INFO - COMPRA: 2024-05-27 | Preço: R$ 26.16 | Ações: 3976 | Custo: R$ 104103.07
2025-09-01 23:24:02,853 - INFO - VENDA: 2024-05-31 | Preço: R$ 25.57 | Ações: 3976 | Valor líquido: R$ 101571.03
2025-09-01 23:24:02,853 - INFO - COMPRA: 2024-06-03 | Preço: R$ 25.93 | Ações: 3913 | Custo: R$ 101571.03
2025-09-01 23:24:02,853 - INFO - VENDA: 2024-06-04 | Preço: R$ 26.02 | Ações: 3913 | Valor líquido: R$ 101722.62
2025-09-01 23:24:02,853 - INFO - COMPRA: 2024-06-14 | Preço: R$ 25.68 | Ações: 3958 | Custo: R$ 101722.62
2025-09-01 23:24:02,853 - INFO - VENDA: 2024-06-17 | Preço: R$ 26.30 | Ações: 3958 | Valor líquido: R$ 103997.07
2025-09-01 23:24:02,855 - INFO - PROGRESSO: Data 2024-08-06 | Pred: 0 | Cash: R$ 103,997.07 | Ações: 0
2025-09-01 23:24:02,859 - INFO - COMPRA: 2024-09-02 | Preço: R$ 30.29 | Ações: 3430 | Custo: R$ 103997.07
2025-09-01 23:24:02,859 - INFO - COMPRA: 2024-09-03 | Preço: R$ 30.78 | Ações: 0 | Custo: R$ 0.00
2025-09-01 23:24:02,859 - INFO - VENDA: 2024-09-04 | Preço: R$ 31.00 | Ações: 3430 | Valor líquido: R$ 106213.60
2025-09-01 23:24:02,859 - INFO - COMPRA: 2024-09-05 | Preço: R$ 31.20 | Ações: 3401 | Custo: R$ 106213.60
2025-09-01 23:24:02,861 - INFO - VENDA: 2024-09-06 | Preço: R$ 30.76 | Ações: 3401 | Valor líquido: R$ 104502.43
2025-09-01 23:24:02,861 - INFO - COMPRA: 2024-09-09 | Preço: R$ 31.06 | Ações: 3361 | Custo: R$ 104502.43
2025-09-01 23:24:02,861 - INFO - COMPRA: 2024-09-10 | Preço: R$ 31.06 | Ações: 0 | Custo: R$ 0.00
2025-09-01 23:24:02,861 - INFO - VENDA: 2024-09-11 | Preço: R$ 31.12 | Ações: 3361 | Valor líquido: R$ 104489.30
2025-09-01 23:24:02,861 - INFO - COMPRA: 2024-09-12 | Preço: R$ 30.77 | Ações: 3392 | Custo: R$ 104489.30
2025-09-01 23:24:02,861 - INFO - VENDA: 2024-09-13 | Preço: R$ 30.81 | Ações: 3392 | Valor líquido: R$ 104393.34
2025-09-01 23:24:02,861 - INFO - COMPRA: 2024-09-16 | Preço: R$ 30.80 | Ações: 3386 | Custo: R$ 104393.34
2025-09-01 23:24:02,861 - INFO - VENDA: 2024-09-17 | Preço: R$ 30.72 | Ações: 3386 | Valor líquido: R$ 103931.34
2025-09-01 23:24:02,861 - WARNING - COMPRA REJEITADA: Cash insuficiente (R$ 103931.34 < R$ 103931.34)
2025-09-01 23:24:02,863 - WARNING - COMPRA REJEITADA: Cash insuficiente (R$ 103931.34 < R$ 103931.34)
2025-09-01 23:24:02,863 - WARNING - COMPRA REJEITADA: Cash insuficiente (R$ 103931.34 < R$ 103931.34)
2025-09-01 23:24:02,863 - INFO - COMPRA: 2024-10-09 | Preço: R$ 29.12 | Ações: 3566 | Custo: R$ 103931.34
2025-09-01 23:24:02,863 - INFO - VENDA: 2024-10-10 | Preço: R$ 29.28 | Ações: 3566 | Valor líquido: R$ 104291.62
2025-09-01 23:24:02,863 - INFO - COMPRA: 2024-10-11 | Preço: R$ 29.06 | Ações: 3586 | Custo: R$ 104291.62
2025-09-01 23:24:02,863 - INFO - VENDA: 2024-10-14 | Preço: R$ 29.24 | Ações: 3586 | Valor líquido: R$ 104744.47
2025-09-01 23:24:02,863 - INFO - PROGRESSO: Data 2024-10-15 | Pred: 0 | Cash: R$ 104,744.47 | Ações: 0
2025-09-01 23:24:02,865 - INFO - COMPRA: 2024-11-18 | Preço: R$ 28.80 | Ações: 3634 | Custo: R$ 104744.47
2025-09-01 23:24:02,865 - INFO - VENDA: 2024-11-19 | Preço: R$ 29.06 | Ações: 3634 | Valor líquido: R$ 105479.98
2025-09-01 23:24:02,865 - INFO - COMPRA: 2024-11-21 | Preço: R$ 28.55 | Ações: 3691 | Custo: R$ 105479.98
2025-09-01 23:24:02,867 - INFO - VENDA: 2024-11-25 | Preço: R$ 28.63 | Ações: 3691 | Valor líquido: R$ 105547.80
2025-09-01 23:24:02,868 - INFO - COMPRA: 2024-12-02 | Preço: R$ 26.98 | Ações: 3908 | Custo: R$ 105547.80
2025-09-01 23:24:02,868 - INFO - VENDA: 2024-12-03 | Preço: R$ 27.28 | Ações: 3908 | Valor líquido: R$ 106517.54
2025-09-01 23:24:02,868 - INFO - COMPRA: 2024-12-04 | Preço: R$ 27.45 | Ações: 3877 | Custo: R$ 106517.54
2025-09-01 23:24:02,868 - INFO - VENDA: 2024-12-05 | Preço: R$ 28.04 | Ações: 3877 | Valor líquido: R$ 108581.73
2025-09-01 23:24:02,868 - INFO - COMPRA: 2024-12-06 | Preço: R$ 27.47 | Ações: 3949 | Custo: R$ 108581.73
2025-09-01 23:24:02,868 - INFO - VENDA: 2024-12-09 | Preço: R$ 27.60 | Ações: 3949 | Valor líquido: R$ 108895.02
2025-09-01 23:24:02,870 - INFO - COMPRA: 2024-12-27 | Preço: R$ 26.10 | Ações: 4168 | Custo: R$ 108895.02
2025-09-01 23:24:02,870 - INFO - RESUMO FINAL DO BACKTESTING:
2025-09-01 23:24:02,870 - INFO -   Total de trades: 60
2025-09-01 23:24:02,870 - INFO -   Compras realizadas: 32
2025-09-01 23:24:02,870 - INFO -   Vendas realizadas: 28
2025-09-01 23:24:02,870 - INFO -   Capital inicial: R$ 100,000.00
2025-09-01 23:24:02,870 - INFO -   Capital final: R$ 108,609.52
2025-09-01 23:24:02,870 - INFO -   Cash final: R$ 0.00
2025-09-01 23:24:02,870 - INFO -   Ações finais: 4168
2025-09-01 23:24:02,870 - INFO -   Retorno total: +8.61%
