2025-09-16 01:27:52,082 - INFO - THRESHOLDS FINANCEIROS: buy=0.55 sell=0.20 hold_min_days=3
2025-09-16 01:27:52,082 - INFO - PROBABILIDADE MÉDIA: 0.128
2025-09-16 01:27:52,082 - INFO - ============================================================
2025-09-16 01:27:52,082 - INFO - INICIANDO BACKTESTING REALISTA
2025-09-16 01:27:52,082 - INFO - ============================================================
2025-09-16 01:27:52,082 - INFO - Tamanho test_df: 251
2025-09-16 01:27:52,082 - INFO - Tamanho predictions: 251
2025-09-16 01:27:52,082 - INFO - Capital inicial: R$ 100,000.00
2025-09-16 01:27:52,086 - INFO - Custo de transação: 0.100%
2025-09-16 01:27:52,094 - INFO - CDI real carregado: 253 dias disponíveis
2025-09-16 01:27:52,094 - INFO - Slippage: 10.0 bps (0.100%) | Lote: 100 | CDI: Real
2025-09-16 01:27:52,094 - INFO - DISTRIBUIÇÃO DAS PREDIÇÕES:
2025-09-16 01:27:52,095 - INFO -   - Total: 251
2025-09-16 01:27:52,095 - INFO -   - Predições de alta (1): 15
2025-09-16 01:27:52,095 - INFO -   - Predições de baixa (0): 236
2025-09-16 01:27:52,095 - INFO -   - Percentual de alta: 6.0%
2025-09-16 01:27:52,095 - INFO - EXECUÇÃO DOS TRADES:
2025-09-16 01:27:52,095 - INFO - PROGRESSO: Data 2024-01-02 | Pred: 1 | Cash: R$ 100,000.00 | Ações: 0
2025-09-16 01:27:52,097 - INFO - COMPRA: 2024-01-02 | Preço base: R$ 26.50 | Preço exec c/ slippage: R$ 26.52 | Ações: 3700 | Custo: R$ 98232.63
2025-09-16 01:27:52,098 - INFO - COMPRA: 2024-01-03 | Preço base: R$ 26.21 | Preço exec c/ slippage: R$ 26.24 | Ações: 0 | Custo: R$ 0.00
2025-09-16 01:27:52,098 - INFO - COMPRA: 2024-01-04 | Preço base: R$ 26.02 | Preço exec c/ slippage: R$ 26.05 | Ações: 0 | Custo: R$ 0.00
2025-09-16 01:27:52,099 - INFO - COMPRA: 2024-01-05 | Preço base: R$ 26.50 | Preço exec c/ slippage: R$ 26.53 | Ações: 0 | Custo: R$ 0.00
2025-09-16 01:27:52,099 - INFO - COMPRA: 2024-01-08 | Preço base: R$ 26.25 | Preço exec c/ slippage: R$ 26.28 | Ações: 0 | Custo: R$ 0.00
2025-09-16 01:27:52,100 - INFO - COMPRA: 2024-01-09 | Preço base: R$ 26.26 | Preço exec c/ slippage: R$ 26.29 | Ações: 0 | Custo: R$ 0.00
2025-09-16 01:27:52,100 - INFO - VENDA: 2024-01-10 | Preço base: R$ 26.26 | Preço exec c/ slippage: R$ 26.23 | Ações: 3700 | Valor líquido: R$ 96964.55
2025-09-16 01:27:52,102 - INFO - COMPRA: 2024-01-23 | Preço base: R$ 25.86 | Preço exec c/ slippage: R$ 25.89 | Ações: 3800 | Custo: R$ 98479.01
2025-09-16 01:27:52,103 - INFO - COMPRA: 2024-01-24 | Preço base: R$ 25.76 | Preço exec c/ slippage: R$ 25.79 | Ações: 0 | Custo: R$ 0.00
2025-09-16 01:27:52,103 - INFO - COMPRA: 2024-01-25 | Preço base: R$ 25.60 | Preço exec c/ slippage: R$ 25.63 | Ações: 0 | Custo: R$ 0.00
2025-09-16 01:27:52,104 - INFO - COMPRA: 2024-01-26 | Preço base: R$ 25.86 | Preço exec c/ slippage: R$ 25.89 | Ações: 0 | Custo: R$ 0.00
2025-09-16 01:27:52,104 - INFO - VENDA: 2024-01-29 | Preço base: R$ 25.75 | Preço exec c/ slippage: R$ 25.73 | Ações: 3800 | Valor líquido: R$ 97666.07
2025-09-16 01:27:52,110 - INFO - PROGRESSO: Data 2024-03-14 | Pred: 0 | Cash: R$ 99,606.27 | Ações: 0
2025-09-16 01:27:52,121 - INFO - PROGRESSO: Data 2024-05-27 | Pred: 0 | Cash: R$ 101,624.71 | Ações: 0
2025-09-16 01:27:52,127 - INFO - COMPRA: 2024-07-09 | Preço base: R$ 27.59 | Preço exec c/ slippage: R$ 27.62 | Ações: 3700 | Custo: R$ 102294.35
2025-09-16 01:27:52,128 - INFO - COMPRA: 2024-07-10 | Preço base: R$ 27.82 | Preço exec c/ slippage: R$ 27.84 | Ações: 0 | Custo: R$ 0.00
2025-09-16 01:27:52,128 - INFO - COMPRA: 2024-07-11 | Preço base: R$ 27.98 | Preço exec c/ slippage: R$ 28.01 | Ações: 0 | Custo: R$ 0.00
2025-09-16 01:27:52,129 - INFO - COMPRA: 2024-07-12 | Preço base: R$ 27.86 | Preço exec c/ slippage: R$ 27.89 | Ações: 0 | Custo: R$ 0.00
2025-09-16 01:27:52,129 - INFO - COMPRA: 2024-07-15 | Preço base: R$ 27.91 | Preço exec c/ slippage: R$ 27.94 | Ações: 0 | Custo: R$ 0.00
2025-09-16 01:27:52,130 - INFO - VENDA: 2024-07-16 | Preço base: R$ 28.04 | Preço exec c/ slippage: R$ 28.01 | Ações: 3700 | Valor líquido: R$ 103544.19
2025-09-16 01:27:52,133 - INFO - PROGRESSO: Data 2024-08-06 | Pred: 0 | Cash: R$ 104,694.45 | Ações: 0
2025-09-16 01:27:52,141 - INFO - PROGRESSO: Data 2024-10-15 | Pred: 0 | Cash: R$ 106,787.28 | Ações: 0
2025-09-16 01:27:52,149 - INFO - RESUMO FINAL DO BACKTESTING:
2025-09-16 01:27:52,151 - INFO -   Total de trades: 18
2025-09-16 01:27:52,151 - INFO -   Compras realizadas: 15
2025-09-16 01:27:52,151 - INFO -   Vendas realizadas: 3
2025-09-16 01:27:52,151 - INFO -   Capital inicial: R$ 100,000.00
2025-09-16 01:27:52,151 - INFO -   Capital final: R$ 109,056.31
2025-09-16 01:27:52,151 - INFO -   Cash final: R$ 109,056.31
2025-09-16 01:27:52,151 - INFO -   Ações finais: 0
2025-09-16 01:27:52,151 - INFO -   Retorno total: +9.06%
