2025-09-08 22:58:35,781 - INFO - THRESHOLD OTIMIZADO: 0.500
2025-09-08 22:58:35,785 - INFO - F1-SCORE VALIDAÇÃO: 0.837
2025-09-08 22:58:35,787 - INFO - PROBABILIDADES MÉDIAS: Alta=0.200, Baixa=0.800
2025-09-08 22:58:35,788 - INFO - ============================================================
2025-09-08 22:58:35,788 - INFO - INICIANDO BACKTESTING
2025-09-08 22:58:35,789 - INFO - ============================================================
2025-09-08 22:58:35,790 - INFO - Tamanho test_df: 251
2025-09-08 22:58:35,791 - INFO - Tamanho predictions: 251
2025-09-08 22:58:35,792 - INFO - Capital inicial: R$ 100,000.00
2025-09-08 22:58:35,796 - INFO - Custo de transação: 0.100%
2025-09-08 22:58:35,797 - INFO - DISTRIBUIÇÃO DAS PREDIÇÕES:
2025-09-08 22:58:35,797 - INFO -   - Total: 251
2025-09-08 22:58:35,798 - INFO -   - Predições de alta (1): 0
2025-09-08 22:58:35,799 - INFO -   - Predições de baixa (0): 251
2025-09-08 22:58:35,801 - INFO -   - Percentual de alta: 0.0%
2025-09-08 22:58:35,803 - INFO - EXECUÇÃO DOS TRADES:
2025-09-08 22:58:35,804 - INFO - PROGRESSO: Data 2024-01-02 | Pred: 0 | Cash: R$ 100,000.00 | Ações: 0
2025-09-08 22:58:35,829 - INFO - PROGRESSO: Data 2024-03-14 | Pred: 0 | Cash: R$ 100,000.00 | Ações: 0
2025-09-08 22:58:35,849 - INFO - PROGRESSO: Data 2024-05-27 | Pred: 0 | Cash: R$ 100,000.00 | Ações: 0
2025-09-08 22:58:35,868 - INFO - PROGRESSO: Data 2024-08-06 | Pred: 0 | Cash: R$ 100,000.00 | Ações: 0
2025-09-08 22:58:35,874 - INFO - PROGRESSO: Data 2024-10-15 | Pred: 0 | Cash: R$ 100,000.00 | Ações: 0
2025-09-08 22:58:35,874 - INFO - RESUMO FINAL DO BACKTESTING:
2025-09-08 22:58:35,874 - INFO -   Total de trades: 0
2025-09-08 22:58:35,874 - INFO -   Compras realizadas: 0
2025-09-08 22:58:35,874 - INFO -   Vendas realizadas: 0
2025-09-08 22:58:35,874 - INFO -   Capital inicial: R$ 100,000.00
2025-09-08 22:58:35,874 - INFO -   Capital final: R$ 100,000.00
2025-09-08 22:58:35,874 - INFO -   Cash final: R$ 100,000.00
2025-09-08 22:58:35,874 - INFO -   Ações finais: 0
2025-09-08 22:58:35,874 - INFO -   Retorno total: +0.00%
2025-09-08 22:58:35,874 - WARNING - AVISO: Nenhum trade foi executado!
2025-09-08 22:58:35,874 - WARNING -   - Verificar se há predições de alta (1) nas predições
2025-09-08 22:58:35,874 - WARNING -   - Verificar se há predições de baixa (0) quando há ações
2025-09-08 22:58:35,874 - WARNING -   - Verificar se os dados têm variação suficiente
