2025-09-04 10:42:28,980 - INFO - THRESHOLD OTIMIZADO: 0.500
2025-09-04 10:42:28,980 - INFO - F1-SCORE VALIDAÇÃO: 0.242
2025-09-04 10:42:28,980 - INFO - PROBABILIDADES MÉDIAS: Alta=0.065, Baixa=0.935
2025-09-04 10:42:28,980 - INFO - ============================================================
2025-09-04 10:42:28,980 - INFO - INICIANDO BACKTESTING
2025-09-04 10:42:28,980 - INFO - ============================================================
2025-09-04 10:42:28,982 - INFO - Tamanho test_df: 251
2025-09-04 10:42:28,982 - INFO - Tamanho predictions: 251
2025-09-04 10:42:28,982 - INFO - Capital inicial: R$ 100,000.00
2025-09-04 10:42:28,984 - INFO - Custo de transação: 0.100%
2025-09-04 10:42:28,984 - INFO - DISTRIBUIÇÃO DAS PREDIÇÕES:
2025-09-04 10:42:28,984 - INFO -   - Total: 251
2025-09-04 10:42:28,985 - INFO -   - Predições de alta (1): 0
2025-09-04 10:42:28,985 - INFO -   - Predições de baixa (0): 251
2025-09-04 10:42:28,985 - INFO -   - Percentual de alta: 0.0%
2025-09-04 10:42:28,985 - INFO - EXECUÇÃO DOS TRADES:
2025-09-04 10:42:28,985 - INFO - PROGRESSO: Data 2024-01-02 | Pred: 0 | Cash: R$ 100,000.00 | Ações: 0
2025-09-04 10:42:28,989 - INFO - PROGRESSO: Data 2024-03-14 | Pred: 0 | Cash: R$ 100,000.00 | Ações: 0
2025-09-04 10:42:28,994 - INFO - PROGRESSO: Data 2024-05-27 | Pred: 0 | Cash: R$ 100,000.00 | Ações: 0
2025-09-04 10:42:28,998 - INFO - PROGRESSO: Data 2024-08-06 | Pred: 0 | Cash: R$ 100,000.00 | Ações: 0
2025-09-04 10:42:29,004 - INFO - PROGRESSO: Data 2024-10-15 | Pred: 0 | Cash: R$ 100,000.00 | Ações: 0
2025-09-04 10:42:29,005 - INFO - RESUMO FINAL DO BACKTESTING:
2025-09-04 10:42:29,005 - INFO -   Total de trades: 0
2025-09-04 10:42:29,005 - INFO -   Compras realizadas: 0
2025-09-04 10:42:29,005 - INFO -   Vendas realizadas: 0
2025-09-04 10:42:29,005 - INFO -   Capital inicial: R$ 100,000.00
2025-09-04 10:42:29,005 - INFO -   Capital final: R$ 100,000.00
2025-09-04 10:42:29,007 - INFO -   Cash final: R$ 100,000.00
2025-09-04 10:42:29,007 - INFO -   Ações finais: 0
2025-09-04 10:42:29,007 - INFO -   Retorno total: +0.00%
2025-09-04 10:42:29,007 - WARNING - AVISO: Nenhum trade foi executado!
2025-09-04 10:42:29,007 - WARNING -   - Verificar se há predições de alta (1) nas predições
2025-09-04 10:42:29,007 - WARNING -   - Verificar se há predições de baixa (0) quando há ações
2025-09-04 10:42:29,007 - WARNING -   - Verificar se os dados têm variação suficiente
