2025-09-10 16:24:31,519 - INFO - THRESHOLDS FINANCEIROS: buy=0.80 sell=0.15 hold_min_days=3
2025-09-10 16:24:31,523 - INFO - PROBABILIDADE MÉDIA: 0.605
2025-09-10 16:24:31,525 - INFO - ============================================================
2025-09-10 16:24:31,526 - INFO - INICIANDO BACKTESTING
2025-09-10 16:24:31,526 - INFO - ============================================================
2025-09-10 16:24:31,527 - INFO - Tamanho test_df: 251
2025-09-10 16:24:31,528 - INFO - Tamanho predictions: 251
2025-09-10 16:24:31,529 - INFO - Capital inicial: R$ 100,000.00
2025-09-10 16:24:31,533 - INFO - Custo de transação: 0.100%
2025-09-10 16:24:31,534 - INFO - DISTRIBUIÇÃO DAS PREDIÇÕES:
2025-09-10 16:24:31,535 - INFO -   - Total: 251
2025-09-10 16:24:31,536 - INFO -   - Predições de alta (1): 0
2025-09-10 16:24:31,538 - INFO -   - Predições de baixa (0): 251
2025-09-10 16:24:31,539 - INFO -   - Percentual de alta: 0.0%
2025-09-10 16:24:31,539 - INFO - EXECUÇÃO DOS TRADES:
2025-09-10 16:24:31,542 - INFO - PROGRESSO: Data 2024-01-02 | Pred: 0 | Cash: R$ 100,000.00 | Ações: 0
2025-09-10 16:24:31,571 - INFO - PROGRESSO: Data 2024-03-14 | Pred: 0 | Cash: R$ 100,000.00 | Ações: 0
2025-09-10 16:24:31,594 - INFO - PROGRESSO: Data 2024-05-27 | Pred: 0 | Cash: R$ 100,000.00 | Ações: 0
2025-09-10 16:24:31,606 - INFO - PROGRESSO: Data 2024-08-06 | Pred: 0 | Cash: R$ 100,000.00 | Ações: 0
2025-09-10 16:24:31,606 - INFO - PROGRESSO: Data 2024-10-15 | Pred: 0 | Cash: R$ 100,000.00 | Ações: 0
2025-09-10 16:24:31,606 - INFO - RESUMO FINAL DO BACKTESTING:
2025-09-10 16:24:31,606 - INFO -   Total de trades: 0
2025-09-10 16:24:31,606 - INFO -   Compras realizadas: 0
2025-09-10 16:24:31,606 - INFO -   Vendas realizadas: 0
2025-09-10 16:24:31,606 - INFO -   Capital inicial: R$ 100,000.00
2025-09-10 16:24:31,606 - INFO -   Capital final: R$ 100,000.00
2025-09-10 16:24:31,606 - INFO -   Cash final: R$ 100,000.00
2025-09-10 16:24:31,606 - INFO -   Ações finais: 0
2025-09-10 16:24:31,606 - INFO -   Retorno total: +0.00%
2025-09-10 16:24:31,606 - WARNING - AVISO: Nenhum trade foi executado!
2025-09-10 16:24:31,606 - WARNING -   - Verificar se há predições de alta (1) nas predições
2025-09-10 16:24:31,606 - WARNING -   - Verificar se há predições de baixa (0) quando há ações
2025-09-10 16:24:31,606 - WARNING -   - Verificar se os dados têm variação suficiente
