2025-09-22 22:13:27,178 - INFO - THRESHOLDS FINANCEIROS: buy=0.50 sell=0.05 hold_min_days=3
2025-09-22 22:13:27,178 - INFO - SCORE MÉDIO: 0.468
2025-09-22 22:13:27,178 - INFO - ============================================================
2025-09-22 22:13:27,178 - INFO - INICIANDO BACKTESTING REALISTA
2025-09-22 22:13:27,178 - INFO - ============================================================
2025-09-22 22:13:27,178 - INFO - Tamanho test_df: 251
2025-09-22 22:13:27,178 - INFO - Tamanho predictions: 251
2025-09-22 22:13:27,178 - INFO - Tamanho probabilities: 251
2025-09-22 22:13:27,179 - INFO - Capital inicial: R$ 100,000.00
2025-09-22 22:13:27,179 - INFO - Custo de transação: 0.100%
2025-09-22 22:13:27,183 - INFO - CDI real carregado: 253 dias disponíveis
2025-09-22 22:13:27,183 - INFO - Slippage Dinâmico: 0.2-2.0 bps | Lote: 100 | CDI: Real
2025-09-22 22:13:27,185 - INFO - DISTRIBUIÇÃO DAS PREDIÇÕES:
2025-09-22 22:13:27,185 - INFO -   - Total: 251
2025-09-22 22:13:27,186 - INFO -   - Predições de alta (1): 169
2025-09-22 22:13:27,186 - INFO -   - Predições de baixa (0): 82
2025-09-22 22:13:27,186 - INFO -   - Percentual de alta: 67.3%
2025-09-22 22:13:27,186 - INFO - EXECUÇÃO DOS TRADES:
2025-09-22 22:13:27,186 - INFO - PROGRESSO: Data 2024-01-02 | Pred: 1 | Cash: R$ 100,000.00 | Ações: 0
2025-09-22 22:13:27,186 - INFO - COMPRA: 2024-01-02 | Preço base: R$ 26.50 | Preço exec c/ slippage: R$ 26.50 | Ações: 3600 | Custo: R$ 95489.13 | Prob: 0.961 | Fração: 97.9%
2025-09-22 22:13:27,187 - INFO - COMPRA: 2024-01-03 | Preço base: R$ 26.21 | Preço exec c/ slippage: R$ 26.21 | Ações: 100 | Custo: R$ 2623.95 | Prob: 0.725 | Fração: 82.2%
2025-09-22 22:13:27,187 - WARNING - COMPRA REJEITADA: Quantidade calculada = 0 (prob: 0.818, fração: 91.9%)
2025-09-22 22:13:27,187 - WARNING - COMPRA REJEITADA: Quantidade calculada = 0 (prob: 0.942, fração: 97.5%)
2025-09-22 22:13:27,187 - WARNING - COMPRA REJEITADA: Quantidade calculada = 0 (prob: 0.878, fração: 95.3%)
2025-09-22 22:13:27,187 - WARNING - COMPRA REJEITADA: Quantidade calculada = 0 (prob: 0.891, fração: 95.9%)
2025-09-22 22:13:27,187 - WARNING - COMPRA REJEITADA: Quantidade calculada = 0 (prob: 0.869, fração: 94.9%)
2025-09-22 22:13:27,187 - WARNING - COMPRA REJEITADA: Quantidade calculada = 0 (prob: 0.901, fração: 96.3%)
2025-09-22 22:13:27,188 - WARNING - COMPRA REJEITADA: Quantidade calculada = 0 (prob: 0.817, fração: 91.8%)
2025-09-22 22:13:27,188 - WARNING - COMPRA REJEITADA: Quantidade calculada = 0 (prob: 0.904, fração: 96.3%)
2025-09-22 22:13:27,188 - WARNING - COMPRA REJEITADA: Quantidade calculada = 0 (prob: 0.712, fração: 80.3%)
2025-09-22 22:13:27,188 - WARNING - COMPRA REJEITADA: Quantidade calculada = 0 (prob: 0.657, fração: 71.1%)
2025-09-22 22:13:27,189 - WARNING - COMPRA REJEITADA: Quantidade calculada = 0 (prob: 0.307, fração: 24.1%)
2025-09-22 22:13:27,189 - WARNING - COMPRA REJEITADA: Quantidade calculada = 0 (prob: 0.614, fração: 62.8%)
2025-09-22 22:13:27,189 - WARNING - COMPRA REJEITADA: Quantidade calculada = 0 (prob: 0.307, fração: 24.1%)
2025-09-22 22:13:27,189 - WARNING - COMPRA REJEITADA: Quantidade calculada = 0 (prob: 0.665, fração: 72.6%)
2025-09-22 22:13:27,190 - WARNING - COMPRA REJEITADA: Quantidade calculada = 0 (prob: 0.354, fração: 26.3%)
2025-09-22 22:13:27,190 - WARNING - COMPRA REJEITADA: Quantidade calculada = 0 (prob: 0.469, fração: 37.0%)
2025-09-22 22:13:27,190 - WARNING - COMPRA REJEITADA: Quantidade calculada = 0 (prob: 0.592, fração: 58.5%)
2025-09-22 22:13:27,190 - WARNING - COMPRA REJEITADA: Quantidade calculada = 0 (prob: 0.144, fração: 20.8%)
2025-09-22 22:13:27,190 - WARNING - COMPRA REJEITADA: Quantidade calculada = 0 (prob: 0.272, fração: 22.9%)
2025-09-22 22:13:27,190 - WARNING - COMPRA REJEITADA: Quantidade calculada = 0 (prob: 0.770, fração: 87.6%)
2025-09-22 22:13:27,190 - WARNING - COMPRA REJEITADA: Quantidade calculada = 0 (prob: 0.332, fração: 25.1%)
2025-09-22 22:13:27,190 - WARNING - COMPRA REJEITADA: Quantidade calculada = 0 (prob: 0.460, fração: 35.9%)
2025-09-22 22:13:27,190 - WARNING - COMPRA REJEITADA: Quantidade calculada = 0 (prob: 0.910, fração: 96.5%)
2025-09-22 22:13:27,192 - WARNING - COMPRA REJEITADA: Quantidade calculada = 0 (prob: 0.901, fração: 96.2%)
2025-09-22 22:13:27,192 - WARNING - COMPRA REJEITADA: Quantidade calculada = 0 (prob: 0.817, fração: 91.8%)
2025-09-22 22:13:27,192 - WARNING - COMPRA REJEITADA: Quantidade calculada = 0 (prob: 0.216, fração: 21.7%)
2025-09-22 22:13:27,192 - WARNING - COMPRA REJEITADA: Quantidade calculada = 0 (prob: 0.885, fração: 95.6%)
2025-09-22 22:13:27,192 - WARNING - COMPRA REJEITADA: Quantidade calculada = 0 (prob: 0.929, fração: 97.1%)
2025-09-22 22:13:27,192 - WARNING - COMPRA REJEITADA: Quantidade calculada = 0 (prob: 0.905, fração: 96.4%)
2025-09-22 22:13:27,192 - WARNING - COMPRA REJEITADA: Quantidade calculada = 0 (prob: 0.817, fração: 91.8%)
2025-09-22 22:13:27,193 - WARNING - COMPRA REJEITADA: Quantidade calculada = 0 (prob: 0.960, fração: 97.9%)
2025-09-22 22:13:27,193 - WARNING - COMPRA REJEITADA: Quantidade calculada = 0 (prob: 0.896, fração: 96.1%)
2025-09-22 22:13:27,193 - WARNING - COMPRA REJEITADA: Quantidade calculada = 0 (prob: 0.932, fração: 97.2%)
2025-09-22 22:13:27,193 - WARNING - COMPRA REJEITADA: Quantidade calculada = 0 (prob: 0.489, fração: 39.8%)
2025-09-22 22:13:27,193 - WARNING - COMPRA REJEITADA: Quantidade calculada = 0 (prob: 0.741, fração: 84.4%)
2025-09-22 22:13:27,194 - WARNING - COMPRA REJEITADA: Quantidade calculada = 0 (prob: 0.966, fração: 98.0%)
2025-09-22 22:13:27,194 - WARNING - COMPRA REJEITADA: Quantidade calculada = 0 (prob: 0.965, fração: 98.0%)
2025-09-22 22:13:27,194 - WARNING - COMPRA REJEITADA: Quantidade calculada = 0 (prob: 0.922, fração: 96.9%)
2025-09-22 22:13:27,194 - WARNING - COMPRA REJEITADA: Quantidade calculada = 0 (prob: 0.465, fração: 36.5%)
2025-09-22 22:13:27,194 - WARNING - COMPRA REJEITADA: Quantidade calculada = 0 (prob: 0.880, fração: 95.4%)
2025-09-22 22:13:27,195 - WARNING - COMPRA REJEITADA: Quantidade calculada = 0 (prob: 0.802, fração: 90.6%)
2025-09-22 22:13:27,195 - WARNING - COMPRA REJEITADA: Quantidade calculada = 0 (prob: 0.728, fração: 82.6%)
2025-09-22 22:13:27,195 - WARNING - COMPRA REJEITADA: Quantidade calculada = 0 (prob: 0.880, fração: 95.4%)
2025-09-22 22:13:27,195 - WARNING - COMPRA REJEITADA: Quantidade calculada = 0 (prob: 0.310, fração: 24.2%)
2025-09-22 22:13:27,195 - WARNING - COMPRA REJEITADA: Quantidade calculada = 0 (prob: 0.928, fração: 97.1%)
2025-09-22 22:13:27,196 - WARNING - COMPRA REJEITADA: Quantidade calculada = 0 (prob: 0.910, fração: 96.6%)
2025-09-22 22:13:27,196 - WARNING - COMPRA REJEITADA: Quantidade calculada = 0 (prob: 0.888, fração: 95.7%)
2025-09-22 22:13:27,196 - WARNING - COMPRA REJEITADA: Quantidade calculada = 0 (prob: 0.943, fração: 97.5%)
2025-09-22 22:13:27,196 - INFO - PROGRESSO: Data 2024-03-14 | Pred: 1 | Cash: R$ 1,928.84 | Ações: 3700
2025-09-22 22:13:27,196 - WARNING - COMPRA REJEITADA: Quantidade calculada = 0 (prob: 0.936, fração: 97.3%)
2025-09-22 22:13:27,196 - WARNING - COMPRA REJEITADA: Quantidade calculada = 0 (prob: 0.724, fração: 82.0%)
2025-09-22 22:13:27,197 - WARNING - COMPRA REJEITADA: Quantidade calculada = 0 (prob: 0.947, fração: 97.6%)
2025-09-22 22:13:27,197 - WARNING - COMPRA REJEITADA: Quantidade calculada = 0 (prob: 0.923, fração: 96.9%)
2025-09-22 22:13:27,197 - WARNING - COMPRA REJEITADA: Quantidade calculada = 0 (prob: 0.928, fração: 97.1%)
2025-09-22 22:13:27,197 - WARNING - COMPRA REJEITADA: Quantidade calculada = 0 (prob: 0.294, fração: 23.6%)
2025-09-22 22:13:27,197 - WARNING - COMPRA REJEITADA: Quantidade calculada = 0 (prob: 0.296, fração: 23.7%)
2025-09-22 22:13:27,198 - WARNING - COMPRA REJEITADA: Quantidade calculada = 0 (prob: 0.281, fração: 23.1%)
2025-09-22 22:13:27,198 - WARNING - COMPRA REJEITADA: Quantidade calculada = 0 (prob: 0.948, fração: 97.6%)
2025-09-22 22:13:27,198 - WARNING - COMPRA REJEITADA: Quantidade calculada = 0 (prob: 0.944, fração: 97.5%)
2025-09-22 22:13:27,198 - WARNING - COMPRA REJEITADA: Quantidade calculada = 0 (prob: 0.956, fração: 97.8%)
2025-09-22 22:13:27,198 - INFO - VENDA: 2024-04-01 | Preço base: R$ 27.55 | Preço exec c/ slippage: R$ 27.55 | Ações: 3700 | Valor líquido: R$ 101830.90 | Slippage: 0.7 bps
2025-09-22 22:13:27,199 - INFO - COMPRA: 2024-04-09 | Preço base: R$ 27.55 | Preço exec c/ slippage: R$ 27.55 | Ações: 3500 | Custo: R$ 96533.36 | Prob: 0.846 | Fração: 93.7%
2025-09-22 22:13:27,199 - WARNING - COMPRA REJEITADA: Quantidade calculada = 0 (prob: 0.326, fração: 24.8%)
2025-09-22 22:13:27,199 - WARNING - COMPRA REJEITADA: Quantidade calculada = 0 (prob: 0.315, fração: 24.4%)
2025-09-22 22:13:27,199 - WARNING - COMPRA REJEITADA: Quantidade calculada = 0 (prob: 0.275, fração: 23.0%)
2025-09-22 22:13:27,199 - INFO - VENDA: 2024-04-15 | Preço base: R$ 26.12 | Preço exec c/ slippage: R$ 26.12 | Ações: 3500 | Valor líquido: R$ 91315.83 | Slippage: 0.7 bps
2025-09-22 22:13:27,199 - INFO - COMPRA: 2024-04-22 | Preço base: R$ 25.86 | Preço exec c/ slippage: R$ 25.86 | Ações: 1600 | Custo: R$ 41424.93 | Prob: 0.517 | Fração: 44.3%
2025-09-22 22:13:27,199 - INFO - COMPRA: 2024-04-23 | Preço base: R$ 26.36 | Preço exec c/ slippage: R$ 26.36 | Ações: 1400 | Custo: R$ 36939.38 | Prob: 0.634 | Fração: 66.8%
2025-09-22 22:13:27,199 - INFO - COMPRA: 2024-04-24 | Preço base: R$ 26.18 | Preço exec c/ slippage: R$ 26.18 | Ações: 200 | Custo: R$ 5240.74 | Prob: 0.459 | Fração: 35.7%
2025-09-22 22:13:27,199 - INFO - COMPRA: 2024-04-25 | Preço base: R$ 26.21 | Preço exec c/ slippage: R$ 26.21 | Ações: 100 | Custo: R$ 2623.67 | Prob: 0.313 | Fração: 24.3%
2025-09-22 22:13:27,199 - INFO - COMPRA: 2024-04-26 | Preço base: R$ 26.56 | Preço exec c/ slippage: R$ 26.56 | Ações: 100 | Custo: R$ 2659.12 | Prob: 0.438 | Fração: 33.2%
2025-09-22 22:13:27,199 - INFO - VENDA: 2024-04-29 | Preço base: R$ 26.28 | Preço exec c/ slippage: R$ 26.28 | Ações: 3400 | Valor líquido: R$ 89266.28 | Slippage: 0.7 bps
2025-09-22 22:13:27,201 - INFO - COMPRA: 2024-05-06 | Preço base: R$ 26.78 | Preço exec c/ slippage: R$ 26.79 | Ações: 2100 | Custo: R$ 56306.74 | Prob: 0.587 | Fração: 57.4%
2025-09-22 22:13:27,201 - INFO - COMPRA: 2024-05-07 | Preço base: R$ 27.06 | Preço exec c/ slippage: R$ 27.06 | Ações: 1400 | Custo: R$ 37918.83 | Prob: 0.814 | Fração: 91.6%
2025-09-22 22:13:27,201 - INFO - COMPRA: 2024-05-08 | Preço base: R$ 27.11 | Preço exec c/ slippage: R$ 27.11 | Ações: 100 | Custo: R$ 2713.42 | Prob: 0.878 | Fração: 95.3%
2025-09-22 22:13:27,201 - WARNING - COMPRA REJEITADA: Quantidade calculada = 0 (prob: -0.204, fração: 20.0%)
2025-09-22 22:13:27,201 - WARNING - COMPRA REJEITADA: Quantidade calculada = 0 (prob: 0.750, fração: 85.4%)
2025-09-22 22:13:27,201 - WARNING - COMPRA REJEITADA: Quantidade calculada = 0 (prob: 0.538, fração: 47.9%)
2025-09-22 22:13:27,201 - WARNING - COMPRA REJEITADA: Quantidade calculada = 0 (prob: 0.875, fração: 95.2%)
2025-09-22 22:13:27,203 - WARNING - COMPRA REJEITADA: Quantidade calculada = 0 (prob: 0.885, fração: 95.6%)
2025-09-22 22:13:27,203 - WARNING - COMPRA REJEITADA: Quantidade calculada = 0 (prob: 0.536, fração: 47.7%)
2025-09-22 22:13:27,203 - WARNING - COMPRA REJEITADA: Quantidade calculada = 0 (prob: 0.807, fração: 91.0%)
2025-09-22 22:13:27,203 - WARNING - COMPRA REJEITADA: Quantidade calculada = 0 (prob: 0.555, fração: 51.2%)
2025-09-22 22:13:27,203 - WARNING - COMPRA REJEITADA: Quantidade calculada = 0 (prob: 0.485, fração: 39.3%)
2025-09-22 22:13:27,204 - INFO - VENDA: 2024-05-22 | Preço base: R$ 26.70 | Preço exec c/ slippage: R$ 26.70 | Ações: 3600 | Valor líquido: R$ 96022.66 | Slippage: 0.7 bps
2025-09-22 22:13:27,204 - INFO - PROGRESSO: Data 2024-05-27 | Pred: 0 | Cash: R$ 98,827.21 | Ações: 0
2025-09-22 22:13:27,205 - INFO - COMPRA: 2024-06-06 | Preço base: R$ 26.04 | Preço exec c/ slippage: R$ 26.04 | Ações: 3400 | Custo: R$ 88633.10 | Prob: 0.804 | Fração: 90.8%
2025-09-22 22:13:27,205 - WARNING - COMPRA REJEITADA: Quantidade calculada = 0 (prob: 0.010, fração: 20.2%)
2025-09-22 22:13:27,205 - WARNING - COMPRA REJEITADA: Quantidade calculada = 0 (prob: -0.285, fração: 20.0%)
2025-09-22 22:13:27,205 - WARNING - COMPRA REJEITADA: Quantidade calculada = 0 (prob: 0.088, fração: 20.5%)
2025-09-22 22:13:27,205 - INFO - VENDA: 2024-06-12 | Preço base: R$ 25.97 | Preço exec c/ slippage: R$ 25.97 | Ações: 3400 | Valor líquido: R$ 88219.15 | Slippage: 0.7 bps
2025-09-22 22:13:27,206 - INFO - COMPRA: 2024-06-19 | Preço base: R$ 26.70 | Preço exec c/ slippage: R$ 26.70 | Ações: 3300 | Custo: R$ 88205.49 | Prob: 0.802 | Fração: 90.6%
2025-09-22 22:13:27,206 - WARNING - COMPRA REJEITADA: Quantidade calculada = 0 (prob: -0.009, fração: 20.2%)
2025-09-22 22:13:27,206 - INFO - COMPRA: 2024-06-21 | Preço base: R$ 26.59 | Preço exec c/ slippage: R$ 26.59 | Ações: 100 | Custo: R$ 2661.61 | Prob: 0.539 | Fração: 48.1%
2025-09-22 22:13:27,207 - INFO - COMPRA: 2024-06-24 | Preço base: R$ 26.87 | Preço exec c/ slippage: R$ 26.87 | Ações: 200 | Custo: R$ 5379.79 | Prob: 0.943 | Fração: 97.5%
2025-09-22 22:13:27,207 - WARNING - COMPRA REJEITADA: Quantidade calculada = 0 (prob: 0.940, fração: 97.4%)
2025-09-22 22:13:27,207 - WARNING - COMPRA REJEITADA: Quantidade calculada = 0 (prob: 0.894, fração: 96.0%)
2025-09-22 22:13:27,207 - WARNING - COMPRA REJEITADA: Quantidade calculada = 0 (prob: 0.955, fração: 97.8%)
2025-09-22 22:13:27,207 - WARNING - COMPRA REJEITADA: Quantidade calculada = 0 (prob: 0.876, fração: 95.2%)
2025-09-22 22:13:27,208 - WARNING - COMPRA REJEITADA: Quantidade calculada = 0 (prob: 0.816, fração: 91.7%)
2025-09-22 22:13:27,208 - WARNING - COMPRA REJEITADA: Quantidade calculada = 0 (prob: 0.929, fração: 97.1%)
2025-09-22 22:13:27,208 - WARNING - COMPRA REJEITADA: Quantidade calculada = 0 (prob: 0.890, fração: 95.8%)
2025-09-22 22:13:27,208 - WARNING - COMPRA REJEITADA: Quantidade calculada = 0 (prob: 0.910, fração: 96.5%)
2025-09-22 22:13:27,208 - WARNING - COMPRA REJEITADA: Quantidade calculada = 0 (prob: 0.953, fração: 97.7%)
2025-09-22 22:13:27,209 - WARNING - COMPRA REJEITADA: Quantidade calculada = 0 (prob: 0.857, fração: 94.3%)
2025-09-22 22:13:27,209 - WARNING - COMPRA REJEITADA: Quantidade calculada = 0 (prob: 0.880, fração: 95.4%)
2025-09-22 22:13:27,209 - WARNING - COMPRA REJEITADA: Quantidade calculada = 0 (prob: 0.937, fração: 97.3%)
2025-09-22 22:13:27,209 - WARNING - COMPRA REJEITADA: Quantidade calculada = 0 (prob: 0.978, fração: 98.2%)
2025-09-22 22:13:27,209 - WARNING - COMPRA REJEITADA: Quantidade calculada = 0 (prob: 0.867, fração: 94.8%)
2025-09-22 22:13:27,209 - WARNING - COMPRA REJEITADA: Quantidade calculada = 0 (prob: 0.959, fração: 97.8%)
2025-09-22 22:13:27,210 - WARNING - COMPRA REJEITADA: Quantidade calculada = 0 (prob: 0.957, fração: 97.8%)
2025-09-22 22:13:27,210 - WARNING - COMPRA REJEITADA: Quantidade calculada = 0 (prob: 0.950, fração: 97.7%)
2025-09-22 22:13:27,210 - WARNING - COMPRA REJEITADA: Quantidade calculada = 0 (prob: 0.879, fração: 95.4%)
2025-09-22 22:13:27,210 - WARNING - COMPRA REJEITADA: Quantidade calculada = 0 (prob: 0.866, fração: 94.8%)
2025-09-22 22:13:27,210 - WARNING - COMPRA REJEITADA: Quantidade calculada = 0 (prob: 0.940, fração: 97.4%)
2025-09-22 22:13:27,211 - WARNING - COMPRA REJEITADA: Quantidade calculada = 0 (prob: 0.949, fração: 97.6%)
2025-09-22 22:13:27,211 - WARNING - COMPRA REJEITADA: Quantidade calculada = 0 (prob: 0.872, fração: 95.1%)
2025-09-22 22:13:27,211 - WARNING - COMPRA REJEITADA: Quantidade calculada = 0 (prob: 0.784, fração: 89.0%)
2025-09-22 22:13:27,211 - WARNING - COMPRA REJEITADA: Quantidade calculada = 0 (prob: 0.956, fração: 97.8%)
2025-09-22 22:13:27,211 - WARNING - COMPRA REJEITADA: Quantidade calculada = 0 (prob: 0.939, fração: 97.4%)
2025-09-22 22:13:27,211 - WARNING - COMPRA REJEITADA: Quantidade calculada = 0 (prob: 0.762, fração: 86.7%)
2025-09-22 22:13:27,212 - WARNING - COMPRA REJEITADA: Quantidade calculada = 0 (prob: 0.597, fração: 59.4%)
2025-09-22 22:13:27,212 - INFO - VENDA: 2024-08-01 | Preço base: R$ 27.86 | Preço exec c/ slippage: R$ 27.86 | Ações: 3600 | Valor líquido: R$ 100203.62 | Slippage: 0.7 bps
2025-09-22 22:13:27,212 - INFO - PROGRESSO: Data 2024-08-06 | Pred: 0 | Cash: R$ 103,014.61 | Ações: 0
2025-09-22 22:13:27,212 - INFO - COMPRA: 2024-08-07 | Preço base: R$ 28.16 | Preço exec c/ slippage: R$ 28.17 | Ações: 3000 | Custo: R$ 84581.83 | Prob: 0.731 | Fração: 83.0%
2025-09-22 22:13:27,213 - INFO - COMPRA: 2024-08-08 | Preço base: R$ 28.12 | Preço exec c/ slippage: R$ 28.12 | Ações: 500 | Custo: R$ 14076.03 | Prob: 0.733 | Fração: 83.3%
2025-09-22 22:13:27,213 - INFO - COMPRA: 2024-08-09 | Preço base: R$ 28.85 | Preço exec c/ slippage: R$ 28.85 | Ações: 100 | Custo: R$ 2887.66 | Prob: 0.941 | Fração: 97.4%
2025-09-22 22:13:27,213 - WARNING - COMPRA REJEITADA: Quantidade calculada = 0 (prob: 0.961, fração: 97.9%)
2025-09-22 22:13:27,213 - WARNING - COMPRA REJEITADA: Quantidade calculada = 0 (prob: 0.945, fração: 97.5%)
2025-09-22 22:13:27,213 - WARNING - COMPRA REJEITADA: Quantidade calculada = 0 (prob: 0.861, fração: 94.5%)
2025-09-22 22:13:27,213 - WARNING - COMPRA REJEITADA: Quantidade calculada = 0 (prob: 0.946, fração: 97.6%)
2025-09-22 22:13:27,214 - WARNING - COMPRA REJEITADA: Quantidade calculada = 0 (prob: 0.828, fração: 92.5%)
2025-09-22 22:13:27,214 - WARNING - COMPRA REJEITADA: Quantidade calculada = 0 (prob: 0.913, fração: 96.7%)
2025-09-22 22:13:27,214 - WARNING - COMPRA REJEITADA: Quantidade calculada = 0 (prob: 0.905, fração: 96.4%)
2025-09-22 22:13:27,214 - WARNING - COMPRA REJEITADA: Quantidade calculada = 0 (prob: 0.708, fração: 79.8%)
2025-09-22 22:13:27,214 - WARNING - COMPRA REJEITADA: Quantidade calculada = 0 (prob: 0.890, fração: 95.8%)
2025-09-22 22:13:27,215 - WARNING - COMPRA REJEITADA: Quantidade calculada = 0 (prob: 0.159, fração: 21.0%)
2025-09-22 22:13:27,215 - WARNING - COMPRA REJEITADA: Quantidade calculada = 0 (prob: 0.825, fração: 92.3%)
2025-09-22 22:13:27,215 - WARNING - COMPRA REJEITADA: Quantidade calculada = 0 (prob: 0.801, fração: 90.6%)
2025-09-22 22:13:27,215 - WARNING - COMPRA REJEITADA: Quantidade calculada = 0 (prob: 0.744, fração: 84.7%)
2025-09-22 22:13:27,215 - INFO - VENDA: 2024-08-29 | Preço base: R$ 30.64 | Preço exec c/ slippage: R$ 30.64 | Ações: 3600 | Valor líquido: R$ 110197.06 | Slippage: 0.7 bps
2025-09-22 22:13:27,215 - INFO - COMPRA: 2024-09-04 | Preço base: R$ 31.05 | Preço exec c/ slippage: R$ 31.05 | Ações: 3400 | Custo: R$ 105680.27 | Prob: 0.914 | Fração: 96.7%
2025-09-22 22:13:27,215 - INFO - COMPRA: 2024-09-05 | Preço base: R$ 31.28 | Preço exec c/ slippage: R$ 31.28 | Ações: 100 | Custo: R$ 3131.54 | Prob: 0.880 | Fração: 95.4%
2025-09-22 22:13:27,217 - WARNING - COMPRA REJEITADA: Quantidade calculada = 0 (prob: -0.369, fração: 20.0%)
2025-09-22 22:13:27,217 - WARNING - COMPRA REJEITADA: Quantidade calculada = 0 (prob: 0.743, fração: 84.6%)
2025-09-22 22:13:27,217 - WARNING - COMPRA REJEITADA: Quantidade calculada = 0 (prob: 0.782, fração: 88.8%)
2025-09-22 22:13:27,217 - WARNING - COMPRA REJEITADA: Quantidade calculada = 0 (prob: 0.916, fração: 96.7%)
2025-09-22 22:13:27,217 - WARNING - COMPRA REJEITADA: Quantidade calculada = 0 (prob: 0.236, fração: 22.0%)
2025-09-22 22:13:27,217 - WARNING - COMPRA REJEITADA: Quantidade calculada = 0 (prob: 0.834, fração: 92.9%)
2025-09-22 22:13:27,217 - WARNING - COMPRA REJEITADA: Quantidade calculada = 0 (prob: 0.851, fração: 94.0%)
2025-09-22 22:13:27,217 - WARNING - COMPRA REJEITADA: Quantidade calculada = 0 (prob: 0.848, fração: 93.8%)
2025-09-22 22:13:27,217 - INFO - VENDA: 2024-09-18 | Preço base: R$ 30.63 | Preço exec c/ slippage: R$ 30.63 | Ações: 3500 | Valor líquido: R$ 107100.25 | Slippage: 0.7 bps
2025-09-22 22:13:27,217 - INFO - COMPRA: 2024-09-25 | Preço base: R$ 30.61 | Preço exec c/ slippage: R$ 30.61 | Ações: 1800 | Custo: R$ 55159.76 | Prob: 0.559 | Fração: 51.9%
2025-09-22 22:13:27,219 - INFO - COMPRA: 2024-09-26 | Preço base: R$ 30.65 | Preço exec c/ slippage: R$ 30.65 | Ações: 1700 | Custo: R$ 52152.37 | Prob: 0.874 | Fração: 95.1%
2025-09-22 22:13:27,219 - WARNING - COMPRA REJEITADA: Quantidade calculada = 0 (prob: 0.822, fração: 92.1%)
2025-09-22 22:13:27,219 - WARNING - COMPRA REJEITADA: Quantidade calculada = 0 (prob: -0.799, fração: 20.0%)
2025-09-22 22:13:27,219 - INFO - VENDA: 2024-10-01 | Preço base: R$ 30.10 | Preço exec c/ slippage: R$ 30.10 | Ações: 3500 | Valor líquido: R$ 105229.55 | Slippage: 0.7 bps
2025-09-22 22:13:27,220 - INFO - COMPRA: 2024-10-08 | Preço base: R$ 29.46 | Preço exec c/ slippage: R$ 29.46 | Ações: 2200 | Custo: R$ 64881.86 | Prob: 0.607 | Fração: 61.3%
2025-09-22 22:13:27,221 - INFO - COMPRA: 2024-10-09 | Preço base: R$ 29.12 | Preço exec c/ slippage: R$ 29.13 | Ações: 300 | Custo: R$ 8746.64 | Prob: 0.257 | Fração: 22.5%
2025-09-22 22:13:27,221 - INFO - COMPRA: 2024-10-10 | Preço base: R$ 29.23 | Preço exec c/ slippage: R$ 29.23 | Ações: 900 | Custo: R$ 26330.73 | Prob: 0.698 | Fração: 78.2%
2025-09-22 22:13:27,221 - INFO - COMPRA: 2024-10-11 | Preço base: R$ 29.15 | Preço exec c/ slippage: R$ 29.15 | Ações: 100 | Custo: R$ 2918.06 | Prob: 0.546 | Fração: 49.4%
2025-09-22 22:13:27,221 - INFO - COMPRA: 2024-10-14 | Preço base: R$ 29.28 | Preço exec c/ slippage: R$ 29.29 | Ações: 100 | Custo: R$ 2931.50 | Prob: 0.725 | Fração: 82.1%
2025-09-22 22:13:27,222 - INFO - PROGRESSO: Data 2024-10-15 | Pred: 1 | Cash: R$ 2,812.81 | Ações: 3600
2025-09-22 22:13:27,222 - WARNING - COMPRA REJEITADA: Quantidade calculada = 0 (prob: 0.453, fração: 34.9%)
2025-09-22 22:13:27,222 - INFO - VENDA: 2024-10-16 | Preço base: R$ 29.11 | Preço exec c/ slippage: R$ 29.11 | Ações: 3600 | Valor líquido: R$ 104675.53 | Slippage: 0.7 bps
2025-09-22 22:13:27,222 - INFO - COMPRA: 2024-10-24 | Preço base: R$ 29.96 | Preço exec c/ slippage: R$ 29.96 | Ações: 3400 | Custo: R$ 101956.98 | Prob: 0.874 | Fração: 95.2%
2025-09-22 22:13:27,222 - WARNING - COMPRA REJEITADA: Quantidade calculada = 0 (prob: -0.193, fração: 20.0%)
2025-09-22 22:13:27,223 - INFO - COMPRA: 2024-10-28 | Preço base: R$ 30.09 | Preço exec c/ slippage: R$ 30.09 | Ações: 100 | Custo: R$ 3012.14 | Prob: 0.825 | Fração: 92.4%
2025-09-22 22:13:27,223 - WARNING - COMPRA REJEITADA: Quantidade calculada = 0 (prob: -0.146, fração: 20.0%)
2025-09-22 22:13:27,223 - INFO - VENDA: 2024-10-30 | Preço base: R$ 29.58 | Preço exec c/ slippage: R$ 29.58 | Ações: 3500 | Valor líquido: R$ 103410.65 | Slippage: 0.7 bps
2025-09-22 22:13:27,223 - INFO - COMPRA: 2024-11-05 | Preço base: R$ 30.11 | Preço exec c/ slippage: R$ 30.12 | Ações: 3200 | Custo: R$ 96465.04 | Prob: 0.820 | Fração: 92.0%
2025-09-22 22:13:27,223 - INFO - COMPRA: 2024-11-06 | Preço base: R$ 30.33 | Preço exec c/ slippage: R$ 30.33 | Ações: 300 | Custo: R$ 9109.06 | Prob: 0.867 | Fração: 94.8%
2025-09-22 22:13:27,224 - WARNING - COMPRA REJEITADA: Quantidade calculada = 0 (prob: -0.667, fração: 20.0%)
2025-09-22 22:13:27,224 - WARNING - COMPRA REJEITADA: Quantidade calculada = 0 (prob: -0.160, fração: 20.0%)
2025-09-22 22:13:27,224 - WARNING - COMPRA REJEITADA: Quantidade calculada = 0 (prob: 0.362, fração: 26.8%)
2025-09-22 22:13:27,224 - INFO - VENDA: 2024-11-12 | Preço base: R$ 29.21 | Preço exec c/ slippage: R$ 29.21 | Ações: 3500 | Valor líquido: R$ 102142.05 | Slippage: 0.7 bps
2025-09-22 22:13:27,225 - INFO - COMPRA: 2024-12-03 | Preço base: R$ 27.22 | Preço exec c/ slippage: R$ 27.23 | Ações: 2800 | Custo: R$ 76306.41 | Prob: 0.677 | Fração: 74.7%
2025-09-22 22:13:27,225 - INFO - COMPRA: 2024-12-04 | Preço base: R$ 27.70 | Preço exec c/ slippage: R$ 27.70 | Ações: 600 | Custo: R$ 16638.80 | Prob: 0.609 | Fração: 61.9%
2025-09-22 22:13:27,225 - INFO - COMPRA: 2024-12-05 | Preço base: R$ 27.95 | Preço exec c/ slippage: R$ 27.96 | Ações: 200 | Custo: R$ 5596.71 | Prob: 0.622 | Fração: 64.4%
2025-09-22 22:13:27,226 - WARNING - COMPRA REJEITADA: Quantidade calculada = 0 (prob: 0.019, fração: 20.2%)
2025-09-22 22:13:27,227 - WARNING - COMPRA REJEITADA: Quantidade calculada = 0 (prob: 0.536, fração: 47.6%)
2025-09-22 22:13:27,227 - WARNING - COMPRA REJEITADA: Quantidade calculada = 0 (prob: 0.483, fração: 39.0%)
2025-09-22 22:13:27,227 - WARNING - COMPRA REJEITADA: Quantidade calculada = 0 (prob: 0.450, fração: 34.6%)
2025-09-22 22:13:27,227 - INFO - VENDA: 2024-12-12 | Preço base: R$ 27.58 | Preço exec c/ slippage: R$ 27.58 | Ações: 3600 | Valor líquido: R$ 99198.02 | Slippage: 0.7 bps
2025-09-22 22:13:27,227 - INFO - RESUMO FINAL DO BACKTESTING:
2025-09-22 22:13:27,227 - INFO -   Total de trades: 47
2025-09-22 22:13:27,227 - INFO -   Compras realizadas: 34
2025-09-22 22:13:27,228 - INFO -   Vendas realizadas: 13
2025-09-22 22:13:27,228 - INFO -   Capital inicial: R$ 100,000.00
2025-09-22 22:13:27,228 - INFO -   Capital final: R$ 104,661.67
2025-09-22 22:13:27,228 - INFO -   Cash final: R$ 104,661.67
2025-09-22 22:13:27,228 - INFO -   Ações finais: 0
2025-09-22 22:13:27,228 - INFO -   Retorno total: +4.66%
