2025-09-10 11:02:35,344 - INFO - THRESHOLDS FINANCEIROS: buy=0.80 sell=0.15 hold_min_days=3
2025-09-10 11:02:35,346 - INFO - PROBABILIDADE MÉDIA: 0.605
2025-09-10 11:02:35,346 - INFO - ============================================================
2025-09-10 11:02:35,346 - INFO - INICIANDO BACKTESTING
2025-09-10 11:02:35,346 - INFO - ============================================================
2025-09-10 11:02:35,347 - INFO - Tamanho test_df: 251
2025-09-10 11:02:35,347 - INFO - Tamanho predictions: 251
2025-09-10 11:02:35,347 - INFO - Capital inicial: R$ 100,000.00
2025-09-10 11:02:35,349 - INFO - Custo de transação: 0.100%
2025-09-10 11:02:35,349 - INFO - DISTRIBUIÇÃO DAS PREDIÇÕES:
2025-09-10 11:02:35,349 - INFO -   - Total: 251
2025-09-10 11:02:35,349 - INFO -   - Predições de alta (1): 0
2025-09-10 11:02:35,351 - INFO -   - Predições de baixa (0): 251
2025-09-10 11:02:35,351 - INFO -   - Percentual de alta: 0.0%
2025-09-10 11:02:35,351 - INFO - EXECUÇÃO DOS TRADES:
2025-09-10 11:02:35,351 - INFO - PROGRESSO: Data 2024-01-02 | Pred: 0 | Cash: R$ 100,000.00 | Ações: 0
2025-09-10 11:02:35,358 - INFO - PROGRESSO: Data 2024-03-14 | Pred: 0 | Cash: R$ 100,000.00 | Ações: 0
2025-09-10 11:02:35,363 - INFO - PROGRESSO: Data 2024-05-27 | Pred: 0 | Cash: R$ 100,000.00 | Ações: 0
2025-09-10 11:02:35,369 - INFO - PROGRESSO: Data 2024-08-06 | Pred: 0 | Cash: R$ 100,000.00 | Ações: 0
2025-09-10 11:02:35,375 - INFO - PROGRESSO: Data 2024-10-15 | Pred: 0 | Cash: R$ 100,000.00 | Ações: 0
2025-09-10 11:02:35,380 - INFO - RESUMO FINAL DO BACKTESTING:
2025-09-10 11:02:35,380 - INFO -   Total de trades: 0
2025-09-10 11:02:35,380 - INFO -   Compras realizadas: 0
2025-09-10 11:02:35,380 - INFO -   Vendas realizadas: 0
2025-09-10 11:02:35,380 - INFO -   Capital inicial: R$ 100,000.00
2025-09-10 11:02:35,380 - INFO -   Capital final: R$ 100,000.00
2025-09-10 11:02:35,380 - INFO -   Cash final: R$ 100,000.00
2025-09-10 11:02:35,384 - INFO -   Ações finais: 0
2025-09-10 11:02:35,384 - INFO -   Retorno total: +0.00%
2025-09-10 11:02:35,384 - WARNING - AVISO: Nenhum trade foi executado!
2025-09-10 11:02:35,384 - WARNING -   - Verificar se há predições de alta (1) nas predições
2025-09-10 11:02:35,384 - WARNING -   - Verificar se há predições de baixa (0) quando há ações
2025-09-10 11:02:35,384 - WARNING -   - Verificar se os dados têm variação suficiente
