2025-09-01 23:21:54,437 - INFO - THRESHOLD OTIMIZADO: 0.386
2025-09-01 23:21:54,437 - INFO - F1-SCORE VALIDAÇÃO: 0.649
2025-09-01 23:21:54,438 - INFO - PROBABILIDADES MÉDIAS: Alta=0.513, Baixa=0.487
2025-09-01 23:21:54,438 - INFO - ============================================================
2025-09-01 23:21:54,438 - INFO - INICIANDO BACKTESTING
2025-09-01 23:21:54,438 - INFO - ============================================================
2025-09-01 23:21:54,438 - INFO - Tamanho test_df: 251
2025-09-01 23:21:54,438 - INFO - Tamanho predictions: 251
2025-09-01 23:21:54,438 - INFO - Capital inicial: R$ 100,000.00
2025-09-01 23:21:54,441 - INFO - Custo de transação: 0.100%
2025-09-01 23:21:54,441 - INFO - DISTRIBUIÇÃO DAS PREDIÇÕES:
2025-09-01 23:21:54,441 - INFO -   - Total: 251
2025-09-01 23:21:54,441 - INFO -   - Predições de alta (1): 251
2025-09-01 23:21:54,441 - INFO -   - Predições de baixa (0): 0
2025-09-01 23:21:54,441 - INFO -   - Percentual de alta: 100.0%
2025-09-01 23:21:54,441 - INFO - EXECUÇÃO DOS TRADES:
2025-09-01 23:21:54,441 - INFO - PROGRESSO: Data 2024-01-02 | Pred: 1 | Cash: R$ 100,000.00 | Ações: 0
2025-09-01 23:21:54,441 - INFO - COMPRA: 2024-01-02 | Preço: R$ 29.21 | Ações: 3420 | Custo: R$ 100000.00
2025-09-01 23:21:54,446 - INFO - PROGRESSO: Data 2024-03-14 | Pred: 1 | Cash: R$ 0.00 | Ações: 3420
2025-09-01 23:21:54,451 - INFO - PROGRESSO: Data 2024-05-27 | Pred: 1 | Cash: R$ 0.00 | Ações: 3420
2025-09-01 23:21:54,456 - INFO - PROGRESSO: Data 2024-08-06 | Pred: 1 | Cash: R$ 0.00 | Ações: 3420
2025-09-01 23:21:54,459 - INFO - PROGRESSO: Data 2024-10-15 | Pred: 1 | Cash: R$ 0.00 | Ações: 3420
2025-09-01 23:21:54,463 - INFO - RESUMO FINAL DO BACKTESTING:
2025-09-01 23:21:54,463 - INFO -   Total de trades: 1
2025-09-01 23:21:54,463 - INFO -   Compras realizadas: 1
2025-09-01 23:21:54,463 - INFO -   Vendas realizadas: 0
2025-09-01 23:21:54,463 - INFO -   Capital inicial: R$ 100,000.00
2025-09-01 23:21:54,463 - INFO -   Capital final: R$ 117,266.52
2025-09-01 23:21:54,463 - INFO -   Cash final: R$ 0.00
2025-09-01 23:21:54,463 - INFO -   Ações finais: 3420
2025-09-01 23:21:54,463 - INFO -   Retorno total: +17.27%
