2025-09-01 23:46:44,491 - INFO - THRESHOLD OTIMIZADO: 0.500
2025-09-01 23:46:44,491 - INFO - F1-SCORE VALIDAÇÃO: 0.312
2025-09-01 23:46:44,493 - INFO - PROBABILIDADES MÉDIAS: Alta=0.194, Baixa=0.806
2025-09-01 23:46:44,493 - INFO - ============================================================
2025-09-01 23:46:44,494 - INFO - INICIANDO BACKTESTING
2025-09-01 23:46:44,494 - INFO - ============================================================
2025-09-01 23:46:44,494 - INFO - Tamanho test_df: 251
2025-09-01 23:46:44,494 - INFO - Tamanho predictions: 251
2025-09-01 23:46:44,494 - INFO - Capital inicial: R$ 100,000.00
2025-09-01 23:46:44,495 - INFO - Custo de transação: 0.100%
2025-09-01 23:46:44,495 - INFO - DISTRIBUIÇÃO DAS PREDIÇÕES:
2025-09-01 23:46:44,495 - INFO -   - Total: 251
2025-09-01 23:46:44,495 - INFO -   - Predições de alta (1): 1
2025-09-01 23:46:44,496 - INFO -   - Predições de baixa (0): 250
2025-09-01 23:46:44,496 - INFO -   - Percentual de alta: 0.4%
2025-09-01 23:46:44,496 - INFO - EXECUÇÃO DOS TRADES:
2025-09-01 23:46:44,497 - INFO - PROGRESSO: Data 2024-01-02 | Pred: 0 | Cash: R$ 100,000.00 | Ações: 0
2025-09-01 23:46:44,502 - INFO - PROGRESSO: Data 2024-03-14 | Pred: 0 | Cash: R$ 100,000.00 | Ações: 0
2025-09-01 23:46:44,509 - INFO - PROGRESSO: Data 2024-05-27 | Pred: 0 | Cash: R$ 100,000.00 | Ações: 0
2025-09-01 23:46:44,513 - INFO - PROGRESSO: Data 2024-08-06 | Pred: 0 | Cash: R$ 100,000.00 | Ações: 0
2025-09-01 23:46:44,518 - INFO - COMPRA: 2024-10-11 | Preço: R$ 33.01 | Ações: 3026 | Custo: R$ 100000.00
2025-09-01 23:46:44,518 - INFO - VENDA: 2024-10-14 | Preço: R$ 33.09 | Ações: 3026 | Valor líquido: R$ 100038.95
2025-09-01 23:46:44,520 - INFO - PROGRESSO: Data 2024-10-15 | Pred: 0 | Cash: R$ 100,038.95 | Ações: 0
2025-09-01 23:46:44,524 - INFO - RESUMO FINAL DO BACKTESTING:
2025-09-01 23:46:44,524 - INFO -   Total de trades: 2
2025-09-01 23:46:44,524 - INFO -   Compras realizadas: 1
2025-09-01 23:46:44,524 - INFO -   Vendas realizadas: 1
2025-09-01 23:46:44,524 - INFO -   Capital inicial: R$ 100,000.00
2025-09-01 23:46:44,524 - INFO -   Capital final: R$ 100,038.95
2025-09-01 23:46:44,524 - INFO -   Cash final: R$ 100,038.95
2025-09-01 23:46:44,524 - INFO -   Ações finais: 0
2025-09-01 23:46:44,524 - INFO -   Retorno total: +0.04%
