2025-08-29 17:02:47,389 - INFO - ============================================================
2025-08-29 17:02:47,389 - INFO - INICIANDO BACKTESTING
2025-08-29 17:02:47,390 - INFO - ============================================================
2025-08-29 17:02:47,390 - INFO - Tamanho test_df: 251
2025-08-29 17:02:47,390 - INFO - Tamanho predictions: 251
2025-08-29 17:02:47,390 - INFO - Capital inicial: R$ 100,000.00
2025-08-29 17:02:47,390 - INFO - Custo de transação: 0.100%
2025-08-29 17:02:47,390 - INFO - DISTRIBUIÇÃO DAS PREDIÇÕES:
2025-08-29 17:02:47,392 - INFO -   - Total: 251
2025-08-29 17:02:47,394 - INFO -   - Predições de alta (1): 203
2025-08-29 17:02:47,394 - INFO -   - Predições de baixa (0): 48
2025-08-29 17:02:47,396 - INFO -   - Percentual de alta: 80.9%
2025-08-29 17:02:47,396 - INFO - EXECUÇÃO DOS TRADES:
2025-08-29 17:02:47,396 - INFO - PROGRESSO: Data 2024-01-02 | Pred: 1 | Cash: R$ 100,000.00 | Ações: 0
2025-08-29 17:02:47,396 - INFO - COMPRA: 2024-01-02 | Preço: R$ 29.22 | Ações: 3419 | Custo: R$ 100000.00
2025-08-29 17:02:47,396 - INFO - VENDA: 2024-01-03 | Preço: R$ 30.24 | Ações: 3419 | Valor líquido: R$ 103285.28
2025-08-29 17:02:47,398 - INFO - COMPRA: 2024-01-09 | Preço: R$ 29.45 | Ações: 3503 | Custo: R$ 103285.28
2025-08-29 17:02:47,399 - INFO - VENDA: 2024-01-10 | Preço: R$ 29.36 | Ações: 3503 | Valor líquido: R$ 102754.25
2025-08-29 17:02:47,399 - INFO - COMPRA: 2024-01-12 | Preço: R$ 29.37 | Ações: 3495 | Custo: R$ 102754.25
2025-08-29 17:02:47,399 - INFO - VENDA: 2024-01-16 | Preço: R$ 29.35 | Ações: 3495 | Valor líquido: R$ 102494.95
2025-08-29 17:02:47,399 - INFO - COMPRA: 2024-01-18 | Preço: R$ 29.23 | Ações: 3503 | Custo: R$ 102494.95
2025-08-29 17:02:47,400 - INFO - COMPRA: 2024-01-19 | Preço: R$ 28.99 | Ações: 0 | Custo: R$ 0.00
2025-08-29 17:02:47,400 - INFO - VENDA: 2024-01-22 | Preço: R$ 29.25 | Ações: 3503 | Valor líquido: R$ 102371.33
2025-08-29 17:02:47,400 - WARNING - COMPRA REJEITADA: Cash insuficiente (R$ 102371.33 < R$ 102371.33)
2025-08-29 17:02:47,400 - WARNING - COMPRA REJEITADA: Cash insuficiente (R$ 102371.33 < R$ 102371.33)
2025-08-29 17:02:47,402 - INFO - COMPRA: 2024-01-26 | Preço: R$ 30.92 | Ações: 3307 | Custo: R$ 102371.33
2025-08-29 17:02:47,404 - INFO - VENDA: 2024-02-21 | Preço: R$ 32.99 | Ações: 3307 | Valor líquido: R$ 108986.40
2025-08-29 17:02:47,404 - WARNING - COMPRA REJEITADA: Cash insuficiente (R$ 108986.40 < R$ 108986.40)
2025-08-29 17:02:47,406 - INFO - COMPRA: 2024-02-23 | Preço: R$ 32.39 | Ações: 3361 | Custo: R$ 108986.40
2025-08-29 17:02:47,406 - INFO - VENDA: 2024-02-26 | Preço: R$ 33.01 | Ações: 3361 | Valor líquido: R$ 110845.41
2025-08-29 17:02:47,406 - WARNING - COMPRA REJEITADA: Cash insuficiente (R$ 110845.41 < R$ 110845.41)
2025-08-29 17:02:47,406 - INFO - COMPRA: 2024-02-28 | Preço: R$ 31.38 | Ações: 3529 | Custo: R$ 110845.41
2025-08-29 17:02:47,406 - INFO - VENDA: 2024-03-01 | Preço: R$ 31.13 | Ações: 3529 | Valor líquido: R$ 109751.82
2025-08-29 17:02:47,406 - INFO - COMPRA: 2024-03-04 | Preço: R$ 31.00 | Ações: 3537 | Custo: R$ 109751.82
2025-08-29 17:02:47,406 - INFO - VENDA: 2024-03-06 | Preço: R$ 31.42 | Ações: 3537 | Valor líquido: R$ 111007.54
2025-08-29 17:02:47,408 - WARNING - COMPRA REJEITADA: Cash insuficiente (R$ 111007.54 < R$ 111007.54)
2025-08-29 17:02:47,409 - INFO - COMPRA: 2024-03-11 | Preço: R$ 28.10 | Ações: 3946 | Custo: R$ 111007.54
2025-08-29 17:02:47,409 - INFO - VENDA: 2024-03-12 | Preço: R$ 28.53 | Ações: 3946 | Valor líquido: R$ 112462.01
2025-08-29 17:02:47,409 - INFO - PROGRESSO: Data 2024-03-14 | Pred: 1 | Cash: R$ 112,462.01 | Ações: 0
2025-08-29 17:02:47,409 - INFO - COMPRA: 2024-03-14 | Preço: R$ 28.06 | Ações: 4004 | Custo: R$ 112462.01
2025-08-29 17:02:47,409 - INFO - VENDA: 2024-03-19 | Preço: R$ 28.01 | Ações: 4004 | Valor líquido: R$ 112020.87
2025-08-29 17:02:47,409 - INFO - COMPRA: 2024-03-20 | Preço: R$ 28.49 | Ações: 3928 | Custo: R$ 112020.87
2025-08-29 17:02:47,409 - INFO - COMPRA: 2024-03-21 | Preço: R$ 27.75 | Ações: 0 | Custo: R$ 0.00
2025-08-29 17:02:47,411 - INFO - VENDA: 2024-04-05 | Preço: R$ 29.40 | Ações: 3928 | Valor líquido: R$ 115376.98
2025-08-29 17:02:47,411 - WARNING - COMPRA REJEITADA: Cash insuficiente (R$ 115376.98 < R$ 115376.98)
2025-08-29 17:02:47,411 - WARNING - COMPRA REJEITADA: Cash insuficiente (R$ 115376.98 < R$ 115376.98)
2025-08-29 17:02:47,411 - WARNING - COMPRA REJEITADA: Cash insuficiente (R$ 115376.98 < R$ 115376.98)
2025-08-29 17:02:47,411 - WARNING - COMPRA REJEITADA: Cash insuficiente (R$ 115376.98 < R$ 115376.98)
2025-08-29 17:02:47,413 - WARNING - COMPRA REJEITADA: Cash insuficiente (R$ 115376.98 < R$ 115376.98)
2025-08-29 17:02:47,413 - WARNING - COMPRA REJEITADA: Cash insuficiente (R$ 115376.98 < R$ 115376.98)
2025-08-29 17:02:47,413 - WARNING - COMPRA REJEITADA: Cash insuficiente (R$ 115376.98 < R$ 115376.98)
2025-08-29 17:02:47,413 - WARNING - COMPRA REJEITADA: Cash insuficiente (R$ 115376.98 < R$ 115376.98)
2025-08-29 17:02:47,413 - WARNING - COMPRA REJEITADA: Cash insuficiente (R$ 115376.98 < R$ 115376.98)
2025-08-29 17:02:47,413 - INFO - COMPRA: 2024-04-24 | Preço: R$ 32.00 | Ações: 3601 | Custo: R$ 115376.98
2025-08-29 17:02:47,415 - INFO - VENDA: 2024-05-07 | Preço: R$ 33.48 | Ações: 3601 | Valor líquido: R$ 120439.76
2025-08-29 17:02:47,415 - INFO - COMPRA: 2024-05-08 | Preço: R$ 34.07 | Ações: 3532 | Custo: R$ 120439.76
2025-08-29 17:02:47,417 - INFO - VENDA: 2024-05-24 | Preço: R$ 30.46 | Ações: 3532 | Valor líquido: R$ 107494.19
2025-08-29 17:02:47,417 - INFO - PROGRESSO: Data 2024-05-27 | Pred: 1 | Cash: R$ 107,494.19 | Ações: 0
2025-08-29 17:02:47,417 - WARNING - COMPRA REJEITADA: Cash insuficiente (R$ 107494.19 < R$ 107494.19)
2025-08-29 17:02:47,417 - WARNING - COMPRA REJEITADA: Cash insuficiente (R$ 107494.19 < R$ 107494.19)
2025-08-29 17:02:47,417 - INFO - COMPRA: 2024-05-29 | Preço: R$ 31.47 | Ações: 3413 | Custo: R$ 107494.19
2025-08-29 17:02:47,419 - INFO - VENDA: 2024-06-06 | Preço: R$ 31.71 | Ações: 3413 | Valor líquido: R$ 108099.65
2025-08-29 17:02:47,419 - INFO - COMPRA: 2024-06-07 | Preço: R$ 30.85 | Ações: 3500 | Custo: R$ 108099.65
2025-08-29 17:02:47,419 - INFO - VENDA: 2024-06-10 | Preço: R$ 31.37 | Ações: 3500 | Valor líquido: R$ 109682.22
2025-08-29 17:02:47,419 - INFO - COMPRA: 2024-06-11 | Preço: R$ 31.53 | Ações: 3475 | Custo: R$ 109682.22
2025-08-29 17:02:47,420 - INFO - VENDA: 2024-06-20 | Preço: R$ 31.19 | Ações: 3475 | Valor líquido: R$ 108278.09
2025-08-29 17:02:47,420 - WARNING - COMPRA REJEITADA: Cash insuficiente (R$ 108278.09 < R$ 108278.09)
2025-08-29 17:02:47,420 - INFO - COMPRA: 2024-06-24 | Preço: R$ 31.61 | Ações: 3422 | Custo: R$ 108278.09
2025-08-29 17:02:47,422 - INFO - VENDA: 2024-06-28 | Preço: R$ 32.69 | Ações: 3422 | Valor líquido: R$ 111736.70
2025-08-29 17:02:47,422 - INFO - COMPRA: 2024-07-01 | Preço: R$ 33.13 | Ações: 3369 | Custo: R$ 111736.70
2025-08-29 17:02:47,423 - INFO - COMPRA: 2024-07-02 | Preço: R$ 33.02 | Ações: 0 | Custo: R$ 0.00
2025-08-29 17:02:47,423 - INFO - VENDA: 2024-07-03 | Preço: R$ 32.34 | Ações: 3369 | Valor líquido: R$ 108842.64
2025-08-29 17:02:47,423 - INFO - COMPRA: 2024-07-04 | Preço: R$ 31.96 | Ações: 3403 | Custo: R$ 108842.64
2025-08-29 17:02:47,425 - INFO - VENDA: 2024-07-18 | Preço: R$ 32.85 | Ações: 3403 | Valor líquido: R$ 111670.73
2025-08-29 17:02:47,426 - WARNING - COMPRA REJEITADA: Cash insuficiente (R$ 111670.73 < R$ 111670.73)
2025-08-29 17:02:47,426 - INFO - COMPRA: 2024-07-23 | Preço: R$ 32.13 | Ações: 3472 | Custo: R$ 111670.73
2025-08-29 17:02:47,426 - INFO - PROGRESSO: Data 2024-08-06 | Pred: 1 | Cash: R$ 0.00 | Ações: 3472
2025-08-29 17:02:47,428 - INFO - VENDA: 2024-08-26 | Preço: R$ 34.44 | Ações: 3472 | Valor líquido: R$ 119458.58
2025-08-29 17:02:47,430 - INFO - COMPRA: 2024-08-27 | Preço: R$ 34.17 | Ações: 3492 | Custo: R$ 119458.58
2025-08-29 17:02:47,430 - INFO - VENDA: 2024-08-29 | Preço: R$ 34.42 | Ações: 3492 | Valor líquido: R$ 120077.16
2025-08-29 17:02:47,430 - INFO - COMPRA: 2024-09-02 | Preço: R$ 34.04 | Ações: 3524 | Custo: R$ 120077.16
2025-08-29 17:02:47,433 - INFO - VENDA: 2024-10-02 | Preço: R$ 32.86 | Ações: 3524 | Valor líquido: R$ 115666.57
2025-08-29 17:02:47,433 - WARNING - COMPRA REJEITADA: Cash insuficiente (R$ 115666.57 < R$ 115666.57)
2025-08-29 17:02:47,435 - INFO - COMPRA: 2024-10-04 | Preço: R$ 33.38 | Ações: 3461 | Custo: R$ 115666.57
2025-08-29 17:02:47,435 - INFO - VENDA: 2024-10-10 | Preço: R$ 33.00 | Ações: 3461 | Valor líquido: R$ 114100.25
2025-08-29 17:02:47,435 - INFO - COMPRA: 2024-10-11 | Preço: R$ 32.88 | Ações: 3466 | Custo: R$ 114100.25
2025-08-29 17:02:47,435 - INFO - PROGRESSO: Data 2024-10-15 | Pred: 1 | Cash: R$ 0.00 | Ações: 3466
2025-08-29 17:02:47,437 - INFO - VENDA: 2024-10-24 | Preço: R$ 31.56 | Ações: 3466 | Valor líquido: R$ 109283.34
2025-08-29 17:02:47,437 - INFO - COMPRA: 2024-10-28 | Preço: R$ 31.88 | Ações: 3424 | Custo: R$ 109283.34
2025-08-29 17:02:47,439 - INFO - VENDA: 2024-10-29 | Preço: R$ 31.70 | Ações: 3424 | Valor líquido: R$ 108434.55
2025-08-29 17:02:47,439 - INFO - COMPRA: 2024-10-30 | Preço: R$ 31.48 | Ações: 3441 | Custo: R$ 108434.55
2025-08-29 17:02:47,439 - INFO - VENDA: 2024-11-11 | Preço: R$ 31.91 | Ações: 3441 | Valor líquido: R$ 109696.21
2025-08-29 17:02:47,439 - INFO - COMPRA: 2024-11-12 | Preço: R$ 32.43 | Ações: 3380 | Custo: R$ 109696.21
2025-08-29 17:02:47,442 - INFO - VENDA: 2024-11-18 | Preço: R$ 33.44 | Ações: 3380 | Valor líquido: R$ 112884.29
2025-08-29 17:02:47,442 - INFO - COMPRA: 2024-11-22 | Preço: R$ 34.56 | Ações: 3263 | Custo: R$ 112884.29
2025-08-29 17:02:47,445 - INFO - VENDA: 2024-12-10 | Preço: R$ 35.41 | Ações: 3263 | Valor líquido: R$ 115433.71
2025-08-29 17:02:47,445 - WARNING - COMPRA REJEITADA: Cash insuficiente (R$ 115433.71 < R$ 115433.71)
2025-08-29 17:02:47,445 - INFO - COMPRA: 2024-12-12 | Preço: R$ 35.22 | Ações: 3274 | Custo: R$ 115433.71
2025-08-29 17:02:47,445 - INFO - VENDA: 2024-12-13 | Preço: R$ 34.85 | Ações: 3274 | Valor líquido: R$ 113979.42
2025-08-29 17:02:47,445 - INFO - COMPRA: 2024-12-17 | Preço: R$ 34.93 | Ações: 3260 | Custo: R$ 113979.42
2025-08-29 17:02:47,445 - INFO - COMPRA: 2024-12-18 | Preço: R$ 34.36 | Ações: 0 | Custo: R$ 0.00
2025-08-29 17:02:47,447 - INFO - VENDA: 2024-12-26 | Preço: R$ 34.10 | Ações: 3260 | Valor líquido: R$ 111065.03
2025-08-29 17:02:47,447 - INFO - RESUMO FINAL DO BACKTESTING:
2025-08-29 17:02:47,447 - INFO -   Total de trades: 64
2025-08-29 17:02:47,447 - INFO -   Compras realizadas: 34
2025-08-29 17:02:47,447 - INFO -   Vendas realizadas: 30
2025-08-29 17:02:47,447 - INFO -   Capital inicial: R$ 100,000.00
2025-08-29 17:02:47,447 - INFO -   Capital final: R$ 111,065.03
2025-08-29 17:02:47,447 - INFO -   Cash final: R$ 111,065.03
2025-08-29 17:02:47,447 - INFO -   Ações finais: 0
2025-08-29 17:02:47,447 - INFO -   Retorno total: +11.07%
