2025-09-01 23:24:03,070 - INFO - THRESHOLD OTIMIZADO: 0.500
2025-09-01 23:24:03,072 - INFO - F1-SCORE VALIDAÇÃO: 0.436
2025-09-01 23:24:03,074 - INFO - PROBABILIDADES MÉDIAS: Alta=0.318, Baixa=0.682
2025-09-01 23:24:03,075 - INFO - ============================================================
2025-09-01 23:24:03,075 - INFO - INICIANDO BACKTESTING
2025-09-01 23:24:03,075 - INFO - ============================================================
2025-09-01 23:24:03,075 - INFO - Tamanho test_df: 251
2025-09-01 23:24:03,078 - INFO - Tamanho predictions: 251
2025-09-01 23:24:03,078 - INFO - Capital inicial: R$ 100,000.00
2025-09-01 23:24:03,082 - INFO - Custo de transação: 0.100%
2025-09-01 23:24:03,082 - INFO - DISTRIBUIÇÃO DAS PREDIÇÕES:
2025-09-01 23:24:03,083 - INFO -   - Total: 251
2025-09-01 23:24:03,083 - INFO -   - Predições de alta (1): 1
2025-09-01 23:24:03,083 - INFO -   - Predições de baixa (0): 250
2025-09-01 23:24:03,083 - INFO -   - Percentual de alta: 0.4%
2025-09-01 23:24:03,084 - INFO - EXECUÇÃO DOS TRADES:
2025-09-01 23:24:03,084 - INFO - PROGRESSO: Data 2024-01-02 | Pred: 0 | Cash: R$ 100,000.00 | Ações: 0
2025-09-01 23:24:03,088 - INFO - COMPRA: 2024-03-04 | Preço: R$ 30.98 | Ações: 3224 | Custo: R$ 100000.00
2025-09-01 23:24:03,089 - INFO - VENDA: 2024-03-05 | Preço: R$ 30.89 | Ações: 3224 | Valor líquido: R$ 99501.38
2025-09-01 23:24:03,089 - INFO - PROGRESSO: Data 2024-03-14 | Pred: 0 | Cash: R$ 99,501.38 | Ações: 0
2025-09-01 23:24:03,093 - INFO - PROGRESSO: Data 2024-05-27 | Pred: 0 | Cash: R$ 99,501.38 | Ações: 0
2025-09-01 23:24:03,097 - INFO - PROGRESSO: Data 2024-08-06 | Pred: 0 | Cash: R$ 99,501.38 | Ações: 0
2025-09-01 23:24:03,100 - INFO - PROGRESSO: Data 2024-10-15 | Pred: 0 | Cash: R$ 99,501.38 | Ações: 0
2025-09-01 23:24:03,106 - INFO - RESUMO FINAL DO BACKTESTING:
2025-09-01 23:24:03,108 - INFO -   Total de trades: 2
2025-09-01 23:24:03,109 - INFO -   Compras realizadas: 1
2025-09-01 23:24:03,109 - INFO -   Vendas realizadas: 1
2025-09-01 23:24:03,109 - INFO -   Capital inicial: R$ 100,000.00
2025-09-01 23:24:03,109 - INFO -   Capital final: R$ 99,501.38
2025-09-01 23:24:03,109 - INFO -   Cash final: R$ 99,501.38
2025-09-01 23:24:03,110 - INFO -   Ações finais: 0
2025-09-01 23:24:03,110 - INFO -   Retorno total: -0.50%
