2025-09-16 02:05:34,512 - INFO - THRESHOLDS FINANCEIROS: buy=0.55 sell=0.30 hold_min_days=3
2025-09-16 02:05:34,512 - INFO - PROBABILIDADE MÉDIA: 0.456
2025-09-16 02:05:34,512 - INFO - ============================================================
2025-09-16 02:05:34,512 - INFO - INICIANDO BACKTESTING REALISTA
2025-09-16 02:05:34,512 - INFO - ============================================================
2025-09-16 02:05:34,512 - INFO - Tamanho test_df: 251
2025-09-16 02:05:34,514 - INFO - Tamanho predictions: 251
2025-09-16 02:05:34,514 - INFO - Tamanho probabilities: 251
2025-09-16 02:05:34,515 - INFO - Capital inicial: R$ 100,000.00
2025-09-16 02:05:34,515 - INFO - Custo de transação: 0.100%
2025-09-16 02:05:34,524 - INFO - CDI real carregado: 253 dias disponíveis
2025-09-16 02:05:34,525 - INFO - Slippage: 10.0 bps (0.100%) | Lote: 100 | CDI: Real
2025-09-16 02:05:34,525 - INFO - DISTRIBUIÇÃO DAS PREDIÇÕES:
2025-09-16 02:05:34,525 - INFO -   - Total: 251
2025-09-16 02:05:34,525 - INFO -   - Predições de alta (1): 141
2025-09-16 02:05:34,525 - INFO -   - Predições de baixa (0): 110
2025-09-16 02:05:34,526 - INFO -   - Percentual de alta: 56.2%
2025-09-16 02:05:34,526 - INFO - EXECUÇÃO DOS TRADES:
2025-09-16 02:05:34,526 - INFO - PROGRESSO: Data 2024-01-02 | Pred: 0 | Cash: R$ 100,000.00 | Ações: 0
2025-09-16 02:05:34,535 - INFO - COMPRA: 2024-03-08 | Preço base: R$ 27.58 | Preço exec c/ slippage: R$ 27.60 | Ações: 1900 | Custo: R$ 52497.69 | Prob: 0.564 | Fração: 52.9%
2025-09-16 02:05:34,537 - INFO - COMPRA: 2024-03-11 | Preço base: R$ 28.10 | Preço exec c/ slippage: R$ 28.13 | Ações: 800 | Custo: R$ 22525.68 | Prob: 0.541 | Fração: 48.6%
2025-09-16 02:05:34,537 - INFO - COMPRA: 2024-03-12 | Preço base: R$ 28.53 | Preço exec c/ slippage: R$ 28.55 | Ações: 500 | Custo: R$ 14291.57 | Prob: 0.598 | Fração: 59.6%
2025-09-16 02:05:34,537 - INFO - COMPRA: 2024-03-13 | Preço base: R$ 28.40 | Preço exec c/ slippage: R$ 28.43 | Ações: 200 | Custo: R$ 5691.84 | Prob: 0.567 | Fração: 53.5%
2025-09-16 02:05:34,537 - INFO - PROGRESSO: Data 2024-03-14 | Pred: 1 | Cash: R$ 7,021.90 | Ações: 3400
2025-09-16 02:05:34,537 - INFO - COMPRA: 2024-03-14 | Preço base: R$ 28.06 | Preço exec c/ slippage: R$ 28.09 | Ações: 100 | Custo: R$ 2811.84 | Prob: 0.533 | Fração: 47.1%
2025-09-16 02:05:34,537 - INFO - COMPRA: 2024-03-15 | Preço base: R$ 28.15 | Preço exec c/ slippage: R$ 28.18 | Ações: 100 | Custo: R$ 2820.36 | Prob: 0.680 | Fração: 75.3%
2025-09-16 02:05:34,539 - WARNING - COMPRA REJEITADA: Quantidade calculada = 0 (prob: 0.610, fração: 62.0%)
2025-09-16 02:05:34,539 - WARNING - COMPRA REJEITADA: Quantidade calculada = 0 (prob: 0.652, fração: 70.1%)
2025-09-16 02:05:34,540 - WARNING - COMPRA REJEITADA: Quantidade calculada = 0 (prob: 0.537, fração: 47.8%)
2025-09-16 02:05:34,540 - WARNING - COMPRA REJEITADA: Quantidade calculada = 0 (prob: 0.622, fração: 64.3%)
2025-09-16 02:05:34,541 - WARNING - COMPRA REJEITADA: Quantidade calculada = 0 (prob: 0.598, fração: 59.6%)
2025-09-16 02:05:34,541 - WARNING - COMPRA REJEITADA: Quantidade calculada = 0 (prob: 0.624, fração: 64.8%)
2025-09-16 02:05:34,541 - WARNING - COMPRA REJEITADA: Quantidade calculada = 0 (prob: 0.654, fração: 70.6%)
2025-09-16 02:05:34,542 - WARNING - COMPRA REJEITADA: Quantidade calculada = 0 (prob: 0.598, fração: 59.6%)
2025-09-16 02:05:34,542 - WARNING - COMPRA REJEITADA: Quantidade calculada = 0 (prob: 0.585, fração: 57.0%)
2025-09-16 02:05:34,542 - WARNING - COMPRA REJEITADA: Quantidade calculada = 0 (prob: 0.636, fração: 67.2%)
2025-09-16 02:05:34,542 - WARNING - COMPRA REJEITADA: Quantidade calculada = 0 (prob: 0.483, fração: 38.9%)
2025-09-16 02:05:34,542 - WARNING - COMPRA REJEITADA: Quantidade calculada = 0 (prob: 0.484, fração: 39.0%)
2025-09-16 02:05:34,542 - WARNING - COMPRA REJEITADA: Quantidade calculada = 0 (prob: 0.382, fração: 28.1%)
2025-09-16 02:05:34,542 - WARNING - COMPRA REJEITADA: Quantidade calculada = 0 (prob: 0.490, fração: 39.9%)
2025-09-16 02:05:34,544 - WARNING - COMPRA REJEITADA: Quantidade calculada = 0 (prob: 0.481, fração: 38.7%)
2025-09-16 02:05:34,544 - WARNING - COMPRA REJEITADA: Quantidade calculada = 0 (prob: 0.533, fração: 47.0%)
2025-09-16 02:05:34,544 - WARNING - COMPRA REJEITADA: Quantidade calculada = 0 (prob: 0.453, fração: 34.9%)
2025-09-16 02:05:34,544 - WARNING - COMPRA REJEITADA: Quantidade calculada = 0 (prob: 0.633, fração: 66.5%)
2025-09-16 02:05:34,544 - WARNING - COMPRA REJEITADA: Quantidade calculada = 0 (prob: 0.519, fração: 44.6%)
2025-09-16 02:05:34,546 - WARNING - COMPRA REJEITADA: Quantidade calculada = 0 (prob: 0.487, fração: 39.6%)
2025-09-16 02:05:34,546 - WARNING - COMPRA REJEITADA: Quantidade calculada = 0 (prob: 0.586, fração: 57.3%)
2025-09-16 02:05:34,546 - WARNING - COMPRA REJEITADA: Quantidade calculada = 0 (prob: 0.594, fração: 58.9%)
2025-09-16 02:05:34,546 - WARNING - COMPRA REJEITADA: Quantidade calculada = 0 (prob: 0.582, fração: 56.4%)
2025-09-16 02:05:34,546 - WARNING - COMPRA REJEITADA: Quantidade calculada = 0 (prob: 0.457, fração: 35.4%)
2025-09-16 02:05:34,546 - INFO - VENDA: 2024-04-22 | Preço base: R$ 32.00 | Preço exec c/ slippage: R$ 31.97 | Ações: 3600 | Valor líquido: R$ 114987.12
2025-09-16 02:05:34,550 - INFO - PROGRESSO: Data 2024-05-27 | Pred: 0 | Cash: R$ 117,507.34 | Ações: 0
2025-09-16 02:05:34,550 - INFO - COMPRA: 2024-05-29 | Preço base: R$ 31.47 | Preço exec c/ slippage: R$ 31.50 | Ações: 2000 | Custo: R$ 63062.70 | Prob: 0.572 | Fração: 54.5%
2025-09-16 02:05:34,551 - INFO - COMPRA: 2024-05-31 | Preço base: R$ 32.22 | Preço exec c/ slippage: R$ 32.25 | Ações: 800 | Custo: R$ 25823.62 | Prob: 0.554 | Fração: 50.9%
2025-09-16 02:05:34,551 - INFO - COMPRA: 2024-06-03 | Preço base: R$ 31.86 | Preço exec c/ slippage: R$ 31.89 | Ações: 400 | Custo: R$ 12768.83 | Prob: 0.568 | Fração: 53.7%
2025-09-16 02:05:34,551 - INFO - COMPRA: 2024-06-04 | Preço base: R$ 31.74 | Preço exec c/ slippage: R$ 31.77 | Ações: 300 | Custo: R$ 9541.70 | Prob: 0.640 | Fração: 67.9%
2025-09-16 02:05:34,552 - INFO - COMPRA: 2024-06-05 | Preço base: R$ 31.76 | Preço exec c/ slippage: R$ 31.79 | Ações: 100 | Custo: R$ 3182.23 | Prob: 0.622 | Fração: 64.3%
2025-09-16 02:05:34,552 - WARNING - COMPRA REJEITADA: Quantidade calculada = 0 (prob: 0.582, fração: 56.5%)
2025-09-16 02:05:34,552 - WARNING - COMPRA REJEITADA: Quantidade calculada = 0 (prob: 0.581, fração: 56.3%)
2025-09-16 02:05:34,553 - WARNING - COMPRA REJEITADA: Quantidade calculada = 0 (prob: 0.620, fração: 63.9%)
2025-09-16 02:05:34,553 - WARNING - COMPRA REJEITADA: Quantidade calculada = 0 (prob: 0.609, fração: 61.7%)
2025-09-16 02:05:34,553 - WARNING - COMPRA REJEITADA: Quantidade calculada = 0 (prob: 0.494, fração: 40.6%)
2025-09-16 02:05:34,554 - WARNING - COMPRA REJEITADA: Quantidade calculada = 0 (prob: 0.494, fração: 40.6%)
2025-09-16 02:05:34,555 - WARNING - COMPRA REJEITADA: Quantidade calculada = 0 (prob: 0.517, fração: 44.3%)
2025-09-16 02:05:34,555 - WARNING - COMPRA REJEITADA: Quantidade calculada = 0 (prob: 0.558, fração: 51.7%)
2025-09-16 02:05:34,555 - WARNING - COMPRA REJEITADA: Quantidade calculada = 0 (prob: 0.531, fração: 46.6%)
2025-09-16 02:05:34,556 - WARNING - COMPRA REJEITADA: Quantidade calculada = 0 (prob: 0.578, fração: 55.6%)
2025-09-16 02:05:34,556 - WARNING - COMPRA REJEITADA: Quantidade calculada = 0 (prob: 0.575, fração: 55.0%)
2025-09-16 02:05:34,556 - WARNING - COMPRA REJEITADA: Quantidade calculada = 0 (prob: 0.520, fração: 44.8%)
2025-09-16 02:05:34,556 - WARNING - COMPRA REJEITADA: Quantidade calculada = 0 (prob: 0.558, fração: 51.8%)
2025-09-16 02:05:34,556 - WARNING - COMPRA REJEITADA: Quantidade calculada = 0 (prob: 0.564, fração: 52.9%)
2025-09-16 02:05:34,556 - WARNING - COMPRA REJEITADA: Quantidade calculada = 0 (prob: 0.596, fração: 59.1%)
2025-09-16 02:05:34,558 - WARNING - COMPRA REJEITADA: Quantidade calculada = 0 (prob: 0.674, fração: 74.1%)
2025-09-16 02:05:34,558 - WARNING - COMPRA REJEITADA: Quantidade calculada = 0 (prob: 0.769, fração: 87.6%)
2025-09-16 02:05:34,558 - WARNING - COMPRA REJEITADA: Quantidade calculada = 0 (prob: 0.482, fração: 38.8%)
2025-09-16 02:05:34,558 - WARNING - COMPRA REJEITADA: Quantidade calculada = 0 (prob: 0.519, fração: 44.7%)
2025-09-16 02:05:34,558 - WARNING - COMPRA REJEITADA: Quantidade calculada = 0 (prob: 0.505, fração: 42.4%)
2025-09-16 02:05:34,558 - WARNING - COMPRA REJEITADA: Quantidade calculada = 0 (prob: 0.469, fração: 36.9%)
2025-09-16 02:05:34,560 - WARNING - COMPRA REJEITADA: Quantidade calculada = 0 (prob: 0.468, fração: 36.8%)
2025-09-16 02:05:34,560 - WARNING - COMPRA REJEITADA: Quantidade calculada = 0 (prob: 0.403, fração: 29.8%)
2025-09-16 02:05:34,560 - WARNING - COMPRA REJEITADA: Quantidade calculada = 0 (prob: 0.460, fração: 35.8%)
2025-09-16 02:05:34,560 - WARNING - COMPRA REJEITADA: Quantidade calculada = 0 (prob: 0.463, fração: 36.2%)
2025-09-16 02:05:34,560 - WARNING - COMPRA REJEITADA: Quantidade calculada = 0 (prob: 0.421, fração: 31.5%)
2025-09-16 02:05:34,560 - WARNING - COMPRA REJEITADA: Quantidade calculada = 0 (prob: 0.414, fração: 30.8%)
2025-09-16 02:05:34,562 - WARNING - COMPRA REJEITADA: Quantidade calculada = 0 (prob: 0.483, fração: 38.9%)
2025-09-16 02:05:34,562 - WARNING - COMPRA REJEITADA: Quantidade calculada = 0 (prob: 0.394, fração: 29.0%)
2025-09-16 02:05:34,562 - WARNING - COMPRA REJEITADA: Quantidade calculada = 0 (prob: 0.380, fração: 28.0%)
2025-09-16 02:05:34,562 - WARNING - COMPRA REJEITADA: Quantidade calculada = 0 (prob: 0.501, fração: 41.6%)
2025-09-16 02:05:34,562 - WARNING - COMPRA REJEITADA: Quantidade calculada = 0 (prob: 0.380, fração: 28.0%)
2025-09-16 02:05:34,562 - WARNING - COMPRA REJEITADA: Quantidade calculada = 0 (prob: 0.357, fração: 26.5%)
2025-09-16 02:05:34,564 - WARNING - COMPRA REJEITADA: Quantidade calculada = 0 (prob: 0.440, fração: 33.5%)
2025-09-16 02:05:34,564 - WARNING - COMPRA REJEITADA: Quantidade calculada = 0 (prob: 0.400, fração: 29.5%)
2025-09-16 02:05:34,564 - WARNING - COMPRA REJEITADA: Quantidade calculada = 0 (prob: 0.398, fração: 29.4%)
2025-09-16 02:05:34,565 - WARNING - COMPRA REJEITADA: Quantidade calculada = 0 (prob: 0.404, fração: 29.9%)
2025-09-16 02:05:34,565 - WARNING - COMPRA REJEITADA: Quantidade calculada = 0 (prob: 0.484, fração: 39.1%)
2025-09-16 02:05:34,565 - WARNING - COMPRA REJEITADA: Quantidade calculada = 0 (prob: 0.459, fração: 35.7%)
2025-09-16 02:05:34,565 - WARNING - COMPRA REJEITADA: Quantidade calculada = 0 (prob: 0.422, fração: 31.5%)
2025-09-16 02:05:34,566 - WARNING - COMPRA REJEITADA: Quantidade calculada = 0 (prob: 0.600, fração: 59.9%)
2025-09-16 02:05:34,566 - WARNING - COMPRA REJEITADA: Quantidade calculada = 0 (prob: 0.577, fração: 55.3%)
2025-09-16 02:05:34,566 - WARNING - COMPRA REJEITADA: Quantidade calculada = 0 (prob: 0.525, fração: 45.6%)
2025-09-16 02:05:34,567 - INFO - PROGRESSO: Data 2024-08-06 | Pred: 1 | Cash: R$ 3,318.92 | Ações: 3600
2025-09-16 02:05:34,567 - WARNING - COMPRA REJEITADA: Quantidade calculada = 0 (prob: 0.537, fração: 47.7%)
2025-09-16 02:05:34,567 - WARNING - COMPRA REJEITADA: Quantidade calculada = 0 (prob: 0.624, fração: 64.7%)
2025-09-16 02:05:34,568 - WARNING - COMPRA REJEITADA: Quantidade calculada = 0 (prob: 0.577, fração: 55.4%)
2025-09-16 02:05:34,568 - WARNING - COMPRA REJEITADA: Quantidade calculada = 0 (prob: 0.491, fração: 40.1%)
2025-09-16 02:05:34,568 - WARNING - COMPRA REJEITADA: Quantidade calculada = 0 (prob: 0.553, fração: 50.9%)
2025-09-16 02:05:34,569 - WARNING - COMPRA REJEITADA: Quantidade calculada = 0 (prob: 0.720, fração: 81.5%)
2025-09-16 02:05:34,569 - WARNING - COMPRA REJEITADA: Quantidade calculada = 0 (prob: 0.558, fração: 51.7%)
2025-09-16 02:05:34,569 - WARNING - COMPRA REJEITADA: Quantidade calculada = 0 (prob: 0.685, fração: 76.1%)
2025-09-16 02:05:34,570 - WARNING - COMPRA REJEITADA: Quantidade calculada = 0 (prob: 0.688, fração: 76.5%)
2025-09-16 02:05:34,570 - WARNING - COMPRA REJEITADA: Quantidade calculada = 0 (prob: 0.640, fração: 67.9%)
2025-09-16 02:05:34,570 - WARNING - COMPRA REJEITADA: Quantidade calculada = 0 (prob: 0.588, fração: 57.5%)
2025-09-16 02:05:34,571 - WARNING - COMPRA REJEITADA: Quantidade calculada = 0 (prob: 0.652, fração: 70.2%)
2025-09-16 02:05:34,571 - WARNING - COMPRA REJEITADA: Quantidade calculada = 0 (prob: 0.547, fração: 49.7%)
2025-09-16 02:05:34,571 - WARNING - COMPRA REJEITADA: Quantidade calculada = 0 (prob: 0.578, fração: 55.7%)
2025-09-16 02:05:34,572 - WARNING - COMPRA REJEITADA: Quantidade calculada = 0 (prob: 0.417, fração: 31.1%)
2025-09-16 02:05:34,572 - WARNING - COMPRA REJEITADA: Quantidade calculada = 0 (prob: 0.334, fração: 25.2%)
2025-09-16 02:05:34,572 - INFO - VENDA: 2024-08-28 | Preço base: R$ 34.80 | Preço exec c/ slippage: R$ 34.76 | Ações: 3600 | Valor líquido: R$ 125013.22
2025-09-16 02:05:34,574 - INFO - COMPRA: 2024-09-17 | Preço base: R$ 32.39 | Preço exec c/ slippage: R$ 32.42 | Ações: 2200 | Custo: R$ 71402.62 | Prob: 0.579 | Fração: 55.8%
2025-09-16 02:05:34,575 - INFO - COMPRA: 2024-09-18 | Preço base: R$ 32.09 | Preço exec c/ slippage: R$ 32.12 | Ações: 400 | Custo: R$ 12862.71 | Prob: 0.362 | Fração: 26.8%
2025-09-16 02:05:34,575 - INFO - COMPRA: 2024-09-19 | Preço base: R$ 31.83 | Preço exec c/ slippage: R$ 31.86 | Ações: 500 | Custo: R$ 15946.48 | Prob: 0.476 | Fração: 37.9%
2025-09-16 02:05:34,576 - INFO - COMPRA: 2024-09-20 | Preço base: R$ 31.93 | Preço exec c/ slippage: R$ 31.97 | Ações: 400 | Custo: R$ 12799.39 | Prob: 0.534 | Fração: 47.3%
2025-09-16 02:05:34,576 - INFO - COMPRA: 2024-09-23 | Preço base: R$ 32.67 | Preço exec c/ slippage: R$ 32.70 | Ações: 200 | Custo: R$ 6547.42 | Prob: 0.588 | Fração: 57.6%
2025-09-16 02:05:34,576 - INFO - COMPRA: 2024-09-24 | Preço base: R$ 32.56 | Preço exec c/ slippage: R$ 32.59 | Ações: 100 | Custo: R$ 3262.28 | Prob: 0.624 | Fração: 64.7%
2025-09-16 02:05:34,577 - WARNING - COMPRA REJEITADA: Quantidade calculada = 0 (prob: 0.546, fração: 49.5%)
2025-09-16 02:05:34,577 - INFO - COMPRA: 2024-09-26 | Preço base: R$ 31.93 | Preço exec c/ slippage: R$ 31.96 | Ações: 100 | Custo: R$ 3198.97 | Prob: 0.644 | Fração: 68.7%
2025-09-16 02:05:34,577 - WARNING - COMPRA REJEITADA: Quantidade calculada = 0 (prob: 0.524, fração: 45.6%)
2025-09-16 02:05:34,578 - WARNING - COMPRA REJEITADA: Quantidade calculada = 0 (prob: 0.616, fração: 63.1%)
2025-09-16 02:05:34,578 - WARNING - COMPRA REJEITADA: Quantidade calculada = 0 (prob: 0.548, fração: 49.7%)
2025-09-16 02:05:34,578 - WARNING - COMPRA REJEITADA: Quantidade calculada = 0 (prob: 0.693, fração: 77.3%)
2025-09-16 02:05:34,579 - WARNING - COMPRA REJEITADA: Quantidade calculada = 0 (prob: 0.621, fração: 64.3%)
2025-09-16 02:05:34,579 - WARNING - COMPRA REJEITADA: Quantidade calculada = 0 (prob: 0.708, fração: 79.7%)
2025-09-16 02:05:34,579 - WARNING - COMPRA REJEITADA: Quantidade calculada = 0 (prob: 0.569, fração: 53.8%)
2025-09-16 02:05:34,580 - WARNING - COMPRA REJEITADA: Quantidade calculada = 0 (prob: 0.731, fração: 83.0%)
2025-09-16 02:05:34,580 - WARNING - COMPRA REJEITADA: Quantidade calculada = 0 (prob: 0.659, fração: 71.5%)
2025-09-16 02:05:34,580 - WARNING - COMPRA REJEITADA: Quantidade calculada = 0 (prob: 0.776, fração: 88.3%)
2025-09-16 02:05:34,581 - WARNING - COMPRA REJEITADA: Quantidade calculada = 0 (prob: 0.669, fração: 73.2%)
2025-09-16 02:05:34,581 - WARNING - COMPRA REJEITADA: Quantidade calculada = 0 (prob: 0.778, fração: 88.5%)
2025-09-16 02:05:34,581 - INFO - PROGRESSO: Data 2024-10-15 | Pred: 1 | Cash: R$ 3,124.12 | Ações: 3900
2025-09-16 02:05:34,581 - WARNING - COMPRA REJEITADA: Quantidade calculada = 0 (prob: 0.584, fração: 56.9%)
2025-09-16 02:05:34,581 - WARNING - COMPRA REJEITADA: Quantidade calculada = 0 (prob: 0.693, fração: 77.3%)
2025-09-16 02:05:34,581 - WARNING - COMPRA REJEITADA: Quantidade calculada = 0 (prob: 0.661, fração: 71.9%)
2025-09-16 02:05:34,581 - WARNING - COMPRA REJEITADA: Quantidade calculada = 0 (prob: 0.616, fração: 63.2%)
2025-09-16 02:05:34,583 - WARNING - COMPRA REJEITADA: Quantidade calculada = 0 (prob: 0.556, fração: 51.3%)
2025-09-16 02:05:34,583 - WARNING - COMPRA REJEITADA: Quantidade calculada = 0 (prob: 0.618, fração: 63.6%)
2025-09-16 02:05:34,583 - WARNING - COMPRA REJEITADA: Quantidade calculada = 0 (prob: 0.601, fração: 60.2%)
2025-09-16 02:05:34,583 - WARNING - COMPRA REJEITADA: Quantidade calculada = 0 (prob: 0.688, fração: 76.5%)
2025-09-16 02:05:34,583 - WARNING - COMPRA REJEITADA: Quantidade calculada = 0 (prob: 0.616, fração: 63.1%)
2025-09-16 02:05:34,585 - WARNING - COMPRA REJEITADA: Quantidade calculada = 0 (prob: 0.596, fração: 59.3%)
2025-09-16 02:05:34,585 - WARNING - COMPRA REJEITADA: Quantidade calculada = 0 (prob: 0.592, fração: 58.3%)
2025-09-16 02:05:34,585 - WARNING - COMPRA REJEITADA: Quantidade calculada = 0 (prob: 0.556, fração: 51.4%)
2025-09-16 02:05:34,585 - WARNING - COMPRA REJEITADA: Quantidade calculada = 0 (prob: 0.588, fração: 57.7%)
2025-09-16 02:05:34,585 - WARNING - COMPRA REJEITADA: Quantidade calculada = 0 (prob: 0.611, fração: 62.2%)
2025-09-16 02:05:34,585 - WARNING - COMPRA REJEITADA: Quantidade calculada = 0 (prob: 0.567, fração: 53.4%)
2025-09-16 02:05:34,587 - WARNING - COMPRA REJEITADA: Quantidade calculada = 0 (prob: 0.493, fração: 40.4%)
2025-09-16 02:05:34,587 - WARNING - COMPRA REJEITADA: Quantidade calculada = 0 (prob: 0.502, fração: 41.9%)
2025-09-16 02:05:34,587 - WARNING - COMPRA REJEITADA: Quantidade calculada = 0 (prob: 0.583, fração: 56.6%)
2025-09-16 02:05:34,587 - WARNING - COMPRA REJEITADA: Quantidade calculada = 0 (prob: 0.469, fração: 37.1%)
2025-09-16 02:05:34,587 - WARNING - COMPRA REJEITADA: Quantidade calculada = 0 (prob: 0.640, fração: 68.0%)
2025-09-16 02:05:34,589 - WARNING - COMPRA REJEITADA: Quantidade calculada = 0 (prob: 0.578, fração: 55.6%)
2025-09-16 02:05:34,589 - WARNING - COMPRA REJEITADA: Quantidade calculada = 0 (prob: 0.590, fração: 57.9%)
2025-09-16 02:05:34,590 - WARNING - COMPRA REJEITADA: Quantidade calculada = 0 (prob: 0.682, fração: 75.5%)
2025-09-16 02:05:34,590 - WARNING - COMPRA REJEITADA: Quantidade calculada = 0 (prob: 0.477, fração: 38.1%)
2025-09-16 02:05:34,591 - WARNING - COMPRA REJEITADA: Quantidade calculada = 0 (prob: 0.441, fração: 33.6%)
2025-09-16 02:05:34,591 - WARNING - COMPRA REJEITADA: Quantidade calculada = 0 (prob: 0.468, fração: 36.9%)
2025-09-16 02:05:34,591 - WARNING - COMPRA REJEITADA: Quantidade calculada = 0 (prob: 0.406, fração: 30.0%)
2025-09-16 02:05:34,592 - INFO - VENDA: 2024-11-25 | Preço base: R$ 34.54 | Preço exec c/ slippage: R$ 34.51 | Ações: 3900 | Valor líquido: R$ 134440.44
2025-09-16 02:05:34,595 - INFO - RESUMO FINAL DO BACKTESTING:
2025-09-16 02:05:34,595 - INFO -   Total de trades: 21
2025-09-16 02:05:34,595 - INFO -   Compras realizadas: 18
2025-09-16 02:05:34,596 - INFO -   Vendas realizadas: 3
2025-09-16 02:05:34,596 - INFO -   Capital inicial: R$ 100,000.00
2025-09-16 02:05:34,596 - INFO -   Capital final: R$ 138,982.57
2025-09-16 02:05:34,596 - INFO -   Cash final: R$ 138,982.57
2025-09-16 02:05:34,596 - INFO -   Ações finais: 0
2025-09-16 02:05:34,596 - INFO -   Retorno total: +38.98%
