2025-09-11 15:06:33,158 - INFO - THRESHOLDS FINANCEIROS: buy=0.55 sell=0.30 hold_min_days=3
2025-09-11 15:06:33,159 - INFO - PROBABILIDADE MÉDIA: 0.456
2025-09-11 15:06:33,159 - INFO - ============================================================
2025-09-11 15:06:33,160 - INFO - INICIANDO BACKTESTING
2025-09-11 15:06:33,160 - INFO - ============================================================
2025-09-11 15:06:33,160 - INFO - Tamanho test_df: 251
2025-09-11 15:06:33,161 - INFO - Tamanho predictions: 251
2025-09-11 15:06:33,161 - INFO - Capital inicial: R$ 100,000.00
2025-09-11 15:06:33,163 - INFO - Custo de transação: 0.100%
2025-09-11 15:06:33,164 - INFO - DISTRIBUIÇÃO DAS PREDIÇÕES:
2025-09-11 15:06:33,164 - INFO -   - Total: 251
2025-09-11 15:06:33,165 - INFO -   - Predições de alta (1): 141
2025-09-11 15:06:33,165 - INFO -   - Predições de baixa (0): 110
2025-09-11 15:06:33,165 - INFO -   - Percentual de alta: 56.2%
2025-09-11 15:06:33,166 - INFO - EXECUÇÃO DOS TRADES:
2025-09-11 15:06:33,166 - INFO - PROGRESSO: Data 2024-01-02 | Pred: 0 | Cash: R$ 100,000.00 | Ações: 0
2025-09-11 15:06:33,175 - INFO - COMPRA: 2024-03-08 | Preço: R$ 27.58 | Ações: 3623 | Custo: R$ 100000.00
2025-09-11 15:06:33,176 - INFO - PROGRESSO: Data 2024-03-14 | Pred: 1 | Cash: R$ 0.00 | Ações: 3623
2025-09-11 15:06:33,179 - INFO - VENDA: 2024-04-22 | Preço: R$ 32.00 | Ações: 3623 | Valor líquido: R$ 115832.04
2025-09-11 15:06:33,182 - INFO - PROGRESSO: Data 2024-05-27 | Pred: 0 | Cash: R$ 115,832.04 | Ações: 0
2025-09-11 15:06:33,183 - INFO - COMPRA: 2024-05-29 | Preço: R$ 31.47 | Ações: 3677 | Custo: R$ 115832.04
2025-09-11 15:06:33,183 - INFO - COMPRA: 2024-05-31 | Preço: R$ 32.22 | Ações: 0 | Custo: R$ 0.00
2025-09-11 15:06:33,187 - INFO - PROGRESSO: Data 2024-08-06 | Pred: 1 | Cash: R$ 0.00 | Ações: 3677
2025-09-11 15:06:33,189 - INFO - VENDA: 2024-08-28 | Preço: R$ 34.80 | Ações: 3677 | Valor líquido: R$ 127822.76
2025-09-11 15:06:33,190 - WARNING - COMPRA REJEITADA: Cash insuficiente (R$ 127822.76 < R$ 127822.76)
2025-09-11 15:06:33,191 - INFO - COMPRA: 2024-09-18 | Preço: R$ 32.09 | Ações: 3979 | Custo: R$ 127822.76
2025-09-11 15:06:33,192 - INFO - PROGRESSO: Data 2024-10-15 | Pred: 1 | Cash: R$ 0.00 | Ações: 3979
2025-09-11 15:06:33,194 - INFO - VENDA: 2024-11-25 | Preço: R$ 34.54 | Ações: 3979 | Valor líquido: R$ 137299.73
2025-09-11 15:06:33,196 - INFO - RESUMO FINAL DO BACKTESTING:
2025-09-11 15:06:33,196 - INFO -   Total de trades: 7
2025-09-11 15:06:33,196 - INFO -   Compras realizadas: 4
2025-09-11 15:06:33,196 - INFO -   Vendas realizadas: 3
2025-09-11 15:06:33,196 - INFO -   Capital inicial: R$ 100,000.00
2025-09-11 15:06:33,197 - INFO -   Capital final: R$ 137,299.73
2025-09-11 15:06:33,197 - INFO -   Cash final: R$ 137,299.73
2025-09-11 15:06:33,197 - INFO -   Ações finais: 0
2025-09-11 15:06:33,197 - INFO -   Retorno total: +37.30%
