2025-09-17 16:49:51,346 - INFO - THRESHOLDS FINANCEIROS: buy=0.55 sell=0.20 hold_min_days=3
2025-09-17 16:49:51,347 - INFO - PROBABILIDADE MÉDIA: 0.510
2025-09-17 16:49:51,347 - INFO - ============================================================
2025-09-17 16:49:51,347 - INFO - INICIANDO BACKTESTING REALISTA
2025-09-17 16:49:51,347 - INFO - ============================================================
2025-09-17 16:49:51,347 - INFO - Tamanho test_df: 251
2025-09-17 16:49:51,348 - INFO - Tamanho predictions: 251
2025-09-17 16:49:51,348 - INFO - Tamanho probabilities: 251
2025-09-17 16:49:51,350 - INFO - Capital inicial: R$ 100,000.00
2025-09-17 16:49:51,350 - INFO - Custo de transação: 0.100%
2025-09-17 16:49:51,365 - INFO - CDI real carregado: 253 dias disponíveis
2025-09-17 16:49:51,366 - INFO - Slippage Dinâmico: 0.2-2.0 bps | Lote: 100 | CDI: Real
2025-09-17 16:49:51,372 - INFO - DISTRIBUIÇÃO DAS PREDIÇÕES:
2025-09-17 16:49:51,374 - INFO -   - Total: 251
2025-09-17 16:49:51,375 - INFO -   - Predições de alta (1): 250
2025-09-17 16:49:51,375 - INFO -   - Predições de baixa (0): 1
2025-09-17 16:49:51,375 - INFO -   - Percentual de alta: 99.6%
2025-09-17 16:49:51,375 - INFO - EXECUÇÃO DOS TRADES:
2025-09-17 16:49:51,376 - INFO - PROGRESSO: Data 2024-01-02 | Pred: 0 | Cash: R$ 100,000.00 | Ações: 0
2025-09-17 16:49:51,378 - INFO - COMPRA: 2024-01-03 | Preço base: R$ 30.24 | Preço exec c/ slippage: R$ 30.24 | Ações: 2900 | Custo: R$ 87796.58 | Prob: 0.792 | Fração: 89.7%
2025-09-17 16:49:51,379 - INFO - COMPRA: 2024-01-04 | Preço base: R$ 30.05 | Preço exec c/ slippage: R$ 30.05 | Ações: 300 | Custo: R$ 9024.27 | Prob: 0.701 | Fração: 78.7%
2025-09-17 16:49:51,379 - WARNING - COMPRA REJEITADA: Quantidade calculada = 0 (prob: 0.459, fração: 35.7%)
2025-09-17 16:49:51,381 - WARNING - COMPRA REJEITADA: Quantidade calculada = 0 (prob: 0.326, fração: 24.9%)
2025-09-17 16:49:51,381 - WARNING - COMPRA REJEITADA: Quantidade calculada = 0 (prob: 0.294, fração: 23.6%)
2025-09-17 16:49:51,384 - WARNING - COMPRA REJEITADA: Quantidade calculada = 0 (prob: 0.232, fração: 22.0%)
2025-09-17 16:49:51,384 - WARNING - COMPRA REJEITADA: Quantidade calculada = 0 (prob: 0.249, fração: 22.3%)
2025-09-17 16:49:51,386 - WARNING - COMPRA REJEITADA: Quantidade calculada = 0 (prob: 0.289, fração: 23.4%)
2025-09-17 16:49:51,387 - WARNING - COMPRA REJEITADA: Quantidade calculada = 0 (prob: 0.357, fração: 26.5%)
2025-09-17 16:49:51,388 - WARNING - COMPRA REJEITADA: Quantidade calculada = 0 (prob: 0.300, fração: 23.8%)
2025-09-17 16:49:51,389 - WARNING - COMPRA REJEITADA: Quantidade calculada = 0 (prob: 0.324, fração: 24.8%)
2025-09-17 16:49:51,391 - WARNING - COMPRA REJEITADA: Quantidade calculada = 0 (prob: 0.413, fração: 30.7%)
2025-09-17 16:49:51,393 - WARNING - COMPRA REJEITADA: Quantidade calculada = 0 (prob: 0.440, fração: 33.4%)
2025-09-17 16:49:51,394 - WARNING - COMPRA REJEITADA: Quantidade calculada = 0 (prob: 0.540, fração: 48.3%)
2025-09-17 16:49:51,395 - WARNING - COMPRA REJEITADA: Quantidade calculada = 0 (prob: 0.489, fração: 39.8%)
2025-09-17 16:49:51,396 - WARNING - COMPRA REJEITADA: Quantidade calculada = 0 (prob: 0.491, fração: 40.1%)
2025-09-17 16:49:51,396 - WARNING - COMPRA REJEITADA: Quantidade calculada = 0 (prob: 0.821, fração: 92.1%)
2025-09-17 16:49:51,398 - WARNING - COMPRA REJEITADA: Quantidade calculada = 0 (prob: 0.548, fração: 49.9%)
2025-09-17 16:49:51,400 - WARNING - COMPRA REJEITADA: Quantidade calculada = 0 (prob: 0.529, fração: 46.4%)
2025-09-17 16:49:51,400 - WARNING - COMPRA REJEITADA: Quantidade calculada = 0 (prob: 0.416, fração: 30.9%)
2025-09-17 16:49:51,400 - WARNING - COMPRA REJEITADA: Quantidade calculada = 0 (prob: 0.770, fração: 87.6%)
2025-09-17 16:49:51,402 - WARNING - COMPRA REJEITADA: Quantidade calculada = 0 (prob: 0.781, fração: 88.8%)
2025-09-17 16:49:51,402 - WARNING - COMPRA REJEITADA: Quantidade calculada = 0 (prob: 0.372, fração: 27.4%)
2025-09-17 16:49:51,403 - WARNING - COMPRA REJEITADA: Quantidade calculada = 0 (prob: 0.285, fração: 23.3%)
2025-09-17 16:49:51,405 - WARNING - COMPRA REJEITADA: Quantidade calculada = 0 (prob: 0.421, fração: 31.4%)
2025-09-17 16:49:51,406 - WARNING - COMPRA REJEITADA: Quantidade calculada = 0 (prob: 0.470, fração: 37.1%)
2025-09-17 16:49:51,407 - WARNING - COMPRA REJEITADA: Quantidade calculada = 0 (prob: 0.290, fração: 23.5%)
2025-09-17 16:49:51,407 - WARNING - COMPRA REJEITADA: Quantidade calculada = 0 (prob: 0.292, fração: 23.5%)
2025-09-17 16:49:51,408 - WARNING - COMPRA REJEITADA: Quantidade calculada = 0 (prob: 0.250, fração: 22.3%)
2025-09-17 16:49:51,409 - WARNING - COMPRA REJEITADA: Quantidade calculada = 0 (prob: 0.261, fração: 22.6%)
2025-09-17 16:49:51,409 - WARNING - COMPRA REJEITADA: Quantidade calculada = 0 (prob: 0.358, fração: 26.5%)
2025-09-17 16:49:51,410 - WARNING - COMPRA REJEITADA: Quantidade calculada = 0 (prob: 0.383, fração: 28.2%)
2025-09-17 16:49:51,410 - WARNING - COMPRA REJEITADA: Quantidade calculada = 0 (prob: 0.344, fração: 25.7%)
2025-09-17 16:49:51,411 - WARNING - COMPRA REJEITADA: Quantidade calculada = 0 (prob: 0.311, fração: 24.2%)
2025-09-17 16:49:51,412 - WARNING - COMPRA REJEITADA: Quantidade calculada = 0 (prob: 0.285, fração: 23.3%)
2025-09-17 16:49:51,412 - WARNING - COMPRA REJEITADA: Quantidade calculada = 0 (prob: 0.436, fração: 33.0%)
2025-09-17 16:49:51,412 - WARNING - COMPRA REJEITADA: Quantidade calculada = 0 (prob: 0.286, fração: 23.3%)
2025-09-17 16:49:51,414 - WARNING - COMPRA REJEITADA: Quantidade calculada = 0 (prob: 0.299, fração: 23.8%)
2025-09-17 16:49:51,414 - WARNING - COMPRA REJEITADA: Quantidade calculada = 0 (prob: 0.469, fração: 36.9%)
2025-09-17 16:49:51,414 - WARNING - COMPRA REJEITADA: Quantidade calculada = 0 (prob: 0.617, fração: 63.4%)
2025-09-17 16:49:51,414 - WARNING - COMPRA REJEITADA: Quantidade calculada = 0 (prob: 0.469, fração: 37.0%)
2025-09-17 16:49:51,416 - WARNING - COMPRA REJEITADA: Quantidade calculada = 0 (prob: 0.548, fração: 49.8%)
2025-09-17 16:49:51,416 - WARNING - COMPRA REJEITADA: Quantidade calculada = 0 (prob: 0.527, fração: 46.0%)
2025-09-17 16:49:51,416 - WARNING - COMPRA REJEITADA: Quantidade calculada = 0 (prob: 0.750, fração: 85.4%)
2025-09-17 16:49:51,416 - INFO - COMPRA: 2024-03-07 | Preço base: R$ 27.75 | Preço exec c/ slippage: R$ 27.75 | Ações: 100 | Custo: R$ 2778.24 | Prob: 0.778 | Fração: 88.5%
2025-09-17 16:49:51,418 - WARNING - COMPRA REJEITADA: Quantidade calculada = 0 (prob: 0.666, fração: 72.7%)
2025-09-17 16:49:51,418 - WARNING - COMPRA REJEITADA: Quantidade calculada = 0 (prob: 0.719, fração: 81.3%)
2025-09-17 16:49:51,418 - WARNING - COMPRA REJEITADA: Quantidade calculada = 0 (prob: 0.822, fração: 92.1%)
2025-09-17 16:49:51,419 - WARNING - COMPRA REJEITADA: Quantidade calculada = 0 (prob: 0.783, fração: 88.9%)
2025-09-17 16:49:51,419 - INFO - PROGRESSO: Data 2024-03-14 | Pred: 1 | Cash: R$ 511.00 | Ações: 3300
2025-09-17 16:49:51,420 - WARNING - COMPRA REJEITADA: Quantidade calculada = 0 (prob: 0.669, fração: 73.2%)
2025-09-17 16:49:51,421 - WARNING - COMPRA REJEITADA: Quantidade calculada = 0 (prob: 0.797, fração: 90.2%)
2025-09-17 16:49:51,421 - WARNING - COMPRA REJEITADA: Quantidade calculada = 0 (prob: 0.635, fração: 66.9%)
2025-09-17 16:49:51,421 - WARNING - COMPRA REJEITADA: Quantidade calculada = 0 (prob: 0.787, fração: 89.3%)
2025-09-17 16:49:51,423 - WARNING - COMPRA REJEITADA: Quantidade calculada = 0 (prob: 0.726, fração: 82.3%)
2025-09-17 16:49:51,423 - WARNING - COMPRA REJEITADA: Quantidade calculada = 0 (prob: 0.761, fração: 86.7%)
2025-09-17 16:49:51,423 - WARNING - COMPRA REJEITADA: Quantidade calculada = 0 (prob: 0.640, fração: 67.8%)
2025-09-17 16:49:51,423 - WARNING - COMPRA REJEITADA: Quantidade calculada = 0 (prob: 0.592, fração: 58.4%)
2025-09-17 16:49:51,425 - WARNING - COMPRA REJEITADA: Quantidade calculada = 0 (prob: 0.542, fração: 48.7%)
2025-09-17 16:49:51,426 - WARNING - COMPRA REJEITADA: Quantidade calculada = 0 (prob: 0.470, fração: 37.1%)
2025-09-17 16:49:51,426 - WARNING - COMPRA REJEITADA: Quantidade calculada = 0 (prob: 0.525, fração: 45.7%)
2025-09-17 16:49:51,427 - WARNING - COMPRA REJEITADA: Quantidade calculada = 0 (prob: 0.446, fração: 34.1%)
2025-09-17 16:49:51,428 - WARNING - COMPRA REJEITADA: Quantidade calculada = 0 (prob: 0.597, fração: 59.4%)
2025-09-17 16:49:51,429 - WARNING - COMPRA REJEITADA: Quantidade calculada = 0 (prob: 0.385, fração: 28.3%)
2025-09-17 16:49:51,430 - WARNING - COMPRA REJEITADA: Quantidade calculada = 0 (prob: 0.812, fração: 91.4%)
2025-09-17 16:49:51,430 - WARNING - COMPRA REJEITADA: Quantidade calculada = 0 (prob: 0.679, fração: 75.0%)
2025-09-17 16:49:51,431 - WARNING - COMPRA REJEITADA: Quantidade calculada = 0 (prob: 0.452, fração: 34.9%)
2025-09-17 16:49:51,431 - WARNING - COMPRA REJEITADA: Quantidade calculada = 0 (prob: 0.455, fração: 35.2%)
2025-09-17 16:49:51,431 - WARNING - COMPRA REJEITADA: Quantidade calculada = 0 (prob: 0.675, fração: 74.3%)
2025-09-17 16:49:51,432 - WARNING - COMPRA REJEITADA: Quantidade calculada = 0 (prob: 0.486, fração: 39.4%)
2025-09-17 16:49:51,433 - WARNING - COMPRA REJEITADA: Quantidade calculada = 0 (prob: 0.369, fração: 27.2%)
2025-09-17 16:49:51,434 - WARNING - COMPRA REJEITADA: Quantidade calculada = 0 (prob: 0.457, fração: 35.4%)
2025-09-17 16:49:51,435 - WARNING - COMPRA REJEITADA: Quantidade calculada = 0 (prob: 0.466, fração: 36.5%)
2025-09-17 16:49:51,435 - WARNING - COMPRA REJEITADA: Quantidade calculada = 0 (prob: 0.577, fração: 55.4%)
2025-09-17 16:49:51,436 - WARNING - COMPRA REJEITADA: Quantidade calculada = 0 (prob: 0.630, fração: 65.9%)
2025-09-17 16:49:51,436 - WARNING - COMPRA REJEITADA: Quantidade calculada = 0 (prob: 0.751, fração: 85.6%)
2025-09-17 16:49:51,437 - WARNING - COMPRA REJEITADA: Quantidade calculada = 0 (prob: 0.765, fração: 87.1%)
2025-09-17 16:49:51,439 - WARNING - COMPRA REJEITADA: Quantidade calculada = 0 (prob: 0.534, fração: 47.2%)
2025-09-17 16:49:51,439 - WARNING - COMPRA REJEITADA: Quantidade calculada = 0 (prob: 0.603, fração: 60.7%)
2025-09-17 16:49:51,440 - WARNING - COMPRA REJEITADA: Quantidade calculada = 0 (prob: 0.808, fração: 91.1%)
2025-09-17 16:49:51,441 - WARNING - COMPRA REJEITADA: Quantidade calculada = 0 (prob: 0.466, fração: 36.7%)
2025-09-17 16:49:51,441 - WARNING - COMPRA REJEITADA: Quantidade calculada = 0 (prob: 0.466, fração: 36.7%)
2025-09-17 16:49:51,442 - WARNING - COMPRA REJEITADA: Quantidade calculada = 0 (prob: 0.553, fração: 50.8%)
2025-09-17 16:49:51,442 - WARNING - COMPRA REJEITADA: Quantidade calculada = 0 (prob: 0.466, fração: 36.7%)
2025-09-17 16:49:51,443 - WARNING - COMPRA REJEITADA: Quantidade calculada = 0 (prob: 0.517, fração: 44.2%)
2025-09-17 16:49:51,443 - WARNING - COMPRA REJEITADA: Quantidade calculada = 0 (prob: 0.322, fração: 24.7%)
2025-09-17 16:49:51,444 - WARNING - COMPRA REJEITADA: Quantidade calculada = 0 (prob: 0.449, fração: 34.5%)
2025-09-17 16:49:51,444 - WARNING - COMPRA REJEITADA: Quantidade calculada = 0 (prob: 0.509, fração: 43.0%)
2025-09-17 16:49:51,445 - WARNING - COMPRA REJEITADA: Quantidade calculada = 0 (prob: 0.541, fração: 48.6%)
2025-09-17 16:49:51,445 - WARNING - COMPRA REJEITADA: Quantidade calculada = 0 (prob: 0.488, fração: 39.6%)
2025-09-17 16:49:51,446 - WARNING - COMPRA REJEITADA: Quantidade calculada = 0 (prob: 0.519, fração: 44.7%)
2025-09-17 16:49:51,446 - WARNING - COMPRA REJEITADA: Quantidade calculada = 0 (prob: 0.577, fração: 55.3%)
2025-09-17 16:49:51,446 - WARNING - COMPRA REJEITADA: Quantidade calculada = 0 (prob: 0.471, fração: 37.3%)
2025-09-17 16:49:51,446 - WARNING - COMPRA REJEITADA: Quantidade calculada = 0 (prob: 0.528, fração: 46.3%)
2025-09-17 16:49:51,446 - WARNING - COMPRA REJEITADA: Quantidade calculada = 0 (prob: 0.571, fração: 54.3%)
2025-09-17 16:49:51,446 - WARNING - COMPRA REJEITADA: Quantidade calculada = 0 (prob: 0.558, fração: 51.6%)
2025-09-17 16:49:51,446 - WARNING - COMPRA REJEITADA: Quantidade calculada = 0 (prob: 0.507, fração: 42.6%)
2025-09-17 16:49:51,446 - WARNING - COMPRA REJEITADA: Quantidade calculada = 0 (prob: 0.592, fração: 58.5%)
2025-09-17 16:49:51,446 - WARNING - COMPRA REJEITADA: Quantidade calculada = 0 (prob: 0.748, fração: 85.2%)
2025-09-17 16:49:51,451 - WARNING - COMPRA REJEITADA: Quantidade calculada = 0 (prob: 0.572, fração: 54.5%)
2025-09-17 16:49:51,451 - INFO - PROGRESSO: Data 2024-05-27 | Pred: 1 | Cash: R$ 521.36 | Ações: 3300
2025-09-17 16:49:51,451 - WARNING - COMPRA REJEITADA: Quantidade calculada = 0 (prob: 0.585, fração: 57.1%)
2025-09-17 16:49:51,451 - WARNING - COMPRA REJEITADA: Quantidade calculada = 0 (prob: 0.866, fração: 94.8%)
2025-09-17 16:49:51,451 - WARNING - COMPRA REJEITADA: Quantidade calculada = 0 (prob: 0.701, fração: 78.7%)
2025-09-17 16:49:51,451 - WARNING - COMPRA REJEITADA: Quantidade calculada = 0 (prob: 0.857, fração: 94.3%)
2025-09-17 16:49:51,451 - WARNING - COMPRA REJEITADA: Quantidade calculada = 0 (prob: 0.752, fração: 85.6%)
2025-09-17 16:49:51,451 - WARNING - COMPRA REJEITADA: Quantidade calculada = 0 (prob: 0.528, fração: 46.1%)
2025-09-17 16:49:51,451 - WARNING - COMPRA REJEITADA: Quantidade calculada = 0 (prob: 0.513, fração: 43.6%)
2025-09-17 16:49:51,456 - WARNING - COMPRA REJEITADA: Quantidade calculada = 0 (prob: 0.513, fração: 43.6%)
2025-09-17 16:49:51,456 - WARNING - COMPRA REJEITADA: Quantidade calculada = 0 (prob: 0.634, fração: 66.7%)
2025-09-17 16:49:51,456 - WARNING - COMPRA REJEITADA: Quantidade calculada = 0 (prob: 0.503, fração: 41.9%)
2025-09-17 16:49:51,456 - WARNING - COMPRA REJEITADA: Quantidade calculada = 0 (prob: 0.577, fração: 55.3%)
2025-09-17 16:49:51,456 - WARNING - COMPRA REJEITADA: Quantidade calculada = 0 (prob: 0.644, fração: 68.6%)
2025-09-17 16:49:51,456 - WARNING - COMPRA REJEITADA: Quantidade calculada = 0 (prob: 0.711, fração: 80.2%)
2025-09-17 16:49:51,456 - WARNING - COMPRA REJEITADA: Quantidade calculada = 0 (prob: 0.755, fração: 85.9%)
2025-09-17 16:49:51,456 - WARNING - COMPRA REJEITADA: Quantidade calculada = 0 (prob: 0.751, fração: 85.6%)
2025-09-17 16:49:51,456 - WARNING - COMPRA REJEITADA: Quantidade calculada = 0 (prob: 0.628, fração: 65.5%)
2025-09-17 16:49:51,456 - WARNING - COMPRA REJEITADA: Quantidade calculada = 0 (prob: 0.544, fração: 49.1%)
2025-09-17 16:49:51,456 - WARNING - COMPRA REJEITADA: Quantidade calculada = 0 (prob: 0.582, fração: 56.5%)
2025-09-17 16:49:51,462 - WARNING - COMPRA REJEITADA: Quantidade calculada = 0 (prob: 0.608, fração: 61.5%)
2025-09-17 16:49:51,462 - WARNING - COMPRA REJEITADA: Quantidade calculada = 0 (prob: 0.486, fração: 39.3%)
2025-09-17 16:49:51,463 - WARNING - COMPRA REJEITADA: Quantidade calculada = 0 (prob: 0.403, fração: 29.8%)
2025-09-17 16:49:51,463 - WARNING - COMPRA REJEITADA: Quantidade calculada = 0 (prob: 0.404, fração: 29.8%)
2025-09-17 16:49:51,464 - WARNING - COMPRA REJEITADA: Quantidade calculada = 0 (prob: 0.552, fração: 50.6%)
2025-09-17 16:49:51,464 - WARNING - COMPRA REJEITADA: Quantidade calculada = 0 (prob: 0.545, fração: 49.3%)
2025-09-17 16:49:51,464 - WARNING - COMPRA REJEITADA: Quantidade calculada = 0 (prob: 0.591, fração: 58.2%)
2025-09-17 16:49:51,466 - WARNING - COMPRA REJEITADA: Quantidade calculada = 0 (prob: 0.549, fração: 49.9%)
2025-09-17 16:49:51,466 - WARNING - COMPRA REJEITADA: Quantidade calculada = 0 (prob: 0.354, fração: 26.3%)
2025-09-17 16:49:51,466 - WARNING - COMPRA REJEITADA: Quantidade calculada = 0 (prob: 0.276, fração: 23.0%)
2025-09-17 16:49:51,466 - WARNING - COMPRA REJEITADA: Quantidade calculada = 0 (prob: 0.312, fração: 24.3%)
2025-09-17 16:49:51,466 - WARNING - COMPRA REJEITADA: Quantidade calculada = 0 (prob: 0.671, fração: 73.6%)
2025-09-17 16:49:51,466 - WARNING - COMPRA REJEITADA: Quantidade calculada = 0 (prob: 0.455, fração: 35.2%)
2025-09-17 16:49:51,466 - WARNING - COMPRA REJEITADA: Quantidade calculada = 0 (prob: 0.356, fração: 26.4%)
2025-09-17 16:49:51,470 - WARNING - COMPRA REJEITADA: Quantidade calculada = 0 (prob: 0.492, fração: 40.3%)
2025-09-17 16:49:51,471 - WARNING - COMPRA REJEITADA: Quantidade calculada = 0 (prob: 0.391, fração: 28.8%)
2025-09-17 16:49:51,471 - WARNING - COMPRA REJEITADA: Quantidade calculada = 0 (prob: 0.354, fração: 26.3%)
2025-09-17 16:49:51,472 - WARNING - COMPRA REJEITADA: Quantidade calculada = 0 (prob: 0.405, fração: 30.0%)
2025-09-17 16:49:51,472 - WARNING - COMPRA REJEITADA: Quantidade calculada = 0 (prob: 0.360, fração: 26.7%)
2025-09-17 16:49:51,472 - WARNING - COMPRA REJEITADA: Quantidade calculada = 0 (prob: 0.356, fração: 26.4%)
2025-09-17 16:49:51,473 - WARNING - COMPRA REJEITADA: Quantidade calculada = 0 (prob: 0.402, fração: 29.7%)
2025-09-17 16:49:51,473 - WARNING - COMPRA REJEITADA: Quantidade calculada = 0 (prob: 0.257, fração: 22.5%)
2025-09-17 16:49:51,474 - WARNING - COMPRA REJEITADA: Quantidade calculada = 0 (prob: 0.373, fração: 27.5%)
2025-09-17 16:49:51,474 - WARNING - COMPRA REJEITADA: Quantidade calculada = 0 (prob: 0.492, fração: 40.3%)
2025-09-17 16:49:51,474 - WARNING - COMPRA REJEITADA: Quantidade calculada = 0 (prob: 0.626, fração: 65.1%)
2025-09-17 16:49:51,475 - WARNING - COMPRA REJEITADA: Quantidade calculada = 0 (prob: 0.481, fração: 38.6%)
2025-09-17 16:49:51,475 - WARNING - COMPRA REJEITADA: Quantidade calculada = 0 (prob: 0.510, fração: 43.2%)
2025-09-17 16:49:51,476 - WARNING - COMPRA REJEITADA: Quantidade calculada = 0 (prob: 0.573, fração: 54.7%)
2025-09-17 16:49:51,476 - WARNING - COMPRA REJEITADA: Quantidade calculada = 0 (prob: 0.651, fração: 70.1%)
2025-09-17 16:49:51,477 - WARNING - COMPRA REJEITADA: Quantidade calculada = 0 (prob: 0.542, fração: 48.7%)
2025-09-17 16:49:51,477 - WARNING - COMPRA REJEITADA: Quantidade calculada = 0 (prob: 0.540, fração: 48.3%)
2025-09-17 16:49:51,478 - WARNING - COMPRA REJEITADA: Quantidade calculada = 0 (prob: 0.709, fração: 79.8%)
2025-09-17 16:49:51,478 - INFO - PROGRESSO: Data 2024-08-06 | Pred: 1 | Cash: R$ 531.70 | Ações: 3300
2025-09-17 16:49:51,478 - WARNING - COMPRA REJEITADA: Quantidade calculada = 0 (prob: 0.580, fração: 56.1%)
2025-09-17 16:49:51,478 - WARNING - COMPRA REJEITADA: Quantidade calculada = 0 (prob: 0.606, fração: 61.3%)
2025-09-17 16:49:51,478 - WARNING - COMPRA REJEITADA: Quantidade calculada = 0 (prob: 0.703, fração: 78.9%)
2025-09-17 16:49:51,478 - WARNING - COMPRA REJEITADA: Quantidade calculada = 0 (prob: 0.678, fração: 74.8%)
2025-09-17 16:49:51,478 - WARNING - COMPRA REJEITADA: Quantidade calculada = 0 (prob: 0.686, fração: 76.2%)
2025-09-17 16:49:51,478 - WARNING - COMPRA REJEITADA: Quantidade calculada = 0 (prob: 0.459, fração: 35.7%)
2025-09-17 16:49:51,478 - WARNING - COMPRA REJEITADA: Quantidade calculada = 0 (prob: 0.592, fração: 58.4%)
2025-09-17 16:49:51,478 - WARNING - COMPRA REJEITADA: Quantidade calculada = 0 (prob: 0.583, fração: 56.6%)
2025-09-17 16:49:51,478 - WARNING - COMPRA REJEITADA: Quantidade calculada = 0 (prob: 0.553, fração: 50.7%)
2025-09-17 16:49:51,478 - WARNING - COMPRA REJEITADA: Quantidade calculada = 0 (prob: 0.524, fração: 45.5%)
2025-09-17 16:49:51,478 - WARNING - COMPRA REJEITADA: Quantidade calculada = 0 (prob: 0.495, fração: 40.7%)
2025-09-17 16:49:51,478 - WARNING - COMPRA REJEITADA: Quantidade calculada = 0 (prob: 0.433, fração: 32.7%)
2025-09-17 16:49:51,478 - WARNING - COMPRA REJEITADA: Quantidade calculada = 0 (prob: 0.376, fração: 27.7%)
2025-09-17 16:49:51,478 - WARNING - COMPRA REJEITADA: Quantidade calculada = 0 (prob: 0.286, fração: 23.3%)
2025-09-17 16:49:51,478 - WARNING - COMPRA REJEITADA: Quantidade calculada = 0 (prob: 0.905, fração: 96.4%)
2025-09-17 16:49:51,478 - WARNING - COMPRA REJEITADA: Quantidade calculada = 0 (prob: 0.582, fração: 56.3%)
2025-09-17 16:49:51,478 - WARNING - COMPRA REJEITADA: Quantidade calculada = 0 (prob: 0.569, fração: 53.9%)
2025-09-17 16:49:51,478 - WARNING - COMPRA REJEITADA: Quantidade calculada = 0 (prob: 0.391, fração: 28.8%)
2025-09-17 16:49:51,478 - WARNING - COMPRA REJEITADA: Quantidade calculada = 0 (prob: 0.713, fração: 80.5%)
2025-09-17 16:49:51,478 - WARNING - COMPRA REJEITADA: Quantidade calculada = 0 (prob: 0.318, fração: 24.5%)
2025-09-17 16:49:51,478 - WARNING - COMPRA REJEITADA: Quantidade calculada = 0 (prob: 0.284, fração: 23.3%)
2025-09-17 16:49:51,478 - WARNING - COMPRA REJEITADA: Quantidade calculada = 0 (prob: 0.320, fração: 24.6%)
2025-09-17 16:49:51,478 - WARNING - COMPRA REJEITADA: Quantidade calculada = 0 (prob: 0.233, fração: 22.0%)
2025-09-17 16:49:51,478 - WARNING - COMPRA REJEITADA: Quantidade calculada = 0 (prob: 0.269, fração: 22.8%)
2025-09-17 16:49:51,486 - WARNING - COMPRA REJEITADA: Quantidade calculada = 0 (prob: 0.399, fração: 29.5%)
2025-09-17 16:49:51,486 - WARNING - COMPRA REJEITADA: Quantidade calculada = 0 (prob: 0.438, fração: 33.2%)
2025-09-17 16:49:51,486 - WARNING - COMPRA REJEITADA: Quantidade calculada = 0 (prob: 0.452, fração: 34.8%)
2025-09-17 16:49:51,486 - WARNING - COMPRA REJEITADA: Quantidade calculada = 0 (prob: 0.463, fração: 36.2%)
2025-09-17 16:49:51,486 - WARNING - COMPRA REJEITADA: Quantidade calculada = 0 (prob: 0.440, fração: 33.4%)
2025-09-17 16:49:51,486 - WARNING - COMPRA REJEITADA: Quantidade calculada = 0 (prob: 0.609, fração: 61.8%)
2025-09-17 16:49:51,486 - WARNING - COMPRA REJEITADA: Quantidade calculada = 0 (prob: 0.575, fração: 55.0%)
2025-09-17 16:49:51,486 - WARNING - COMPRA REJEITADA: Quantidade calculada = 0 (prob: 0.592, fração: 58.4%)
2025-09-17 16:49:51,486 - WARNING - COMPRA REJEITADA: Quantidade calculada = 0 (prob: 0.527, fração: 46.0%)
2025-09-17 16:49:51,486 - WARNING - COMPRA REJEITADA: Quantidade calculada = 0 (prob: 0.687, fração: 76.4%)
2025-09-17 16:49:51,486 - WARNING - COMPRA REJEITADA: Quantidade calculada = 0 (prob: 0.596, fração: 59.2%)
2025-09-17 16:49:51,486 - WARNING - COMPRA REJEITADA: Quantidade calculada = 0 (prob: 0.618, fração: 63.5%)
2025-09-17 16:49:51,486 - WARNING - COMPRA REJEITADA: Quantidade calculada = 0 (prob: 0.715, fração: 80.7%)
2025-09-17 16:49:51,486 - WARNING - COMPRA REJEITADA: Quantidade calculada = 0 (prob: 0.660, fração: 71.7%)
2025-09-17 16:49:51,486 - WARNING - COMPRA REJEITADA: Quantidade calculada = 0 (prob: 0.517, fração: 44.4%)
2025-09-17 16:49:51,486 - WARNING - COMPRA REJEITADA: Quantidade calculada = 0 (prob: 0.536, fração: 47.6%)
2025-09-17 16:49:51,486 - WARNING - COMPRA REJEITADA: Quantidade calculada = 0 (prob: 0.812, fração: 91.4%)
2025-09-17 16:49:51,486 - WARNING - COMPRA REJEITADA: Quantidade calculada = 0 (prob: 0.541, fração: 48.5%)
2025-09-17 16:49:51,486 - WARNING - COMPRA REJEITADA: Quantidade calculada = 0 (prob: 0.710, fração: 80.0%)
2025-09-17 16:49:51,486 - WARNING - COMPRA REJEITADA: Quantidade calculada = 0 (prob: 0.606, fração: 61.2%)
2025-09-17 16:49:51,486 - WARNING - COMPRA REJEITADA: Quantidade calculada = 0 (prob: 0.642, fração: 68.4%)
2025-09-17 16:49:51,486 - WARNING - COMPRA REJEITADA: Quantidade calculada = 0 (prob: 0.355, fração: 26.3%)
2025-09-17 16:49:51,491 - WARNING - COMPRA REJEITADA: Quantidade calculada = 0 (prob: 0.300, fração: 23.8%)
2025-09-17 16:49:51,491 - WARNING - COMPRA REJEITADA: Quantidade calculada = 0 (prob: 0.426, fração: 32.0%)
2025-09-17 16:49:51,491 - WARNING - COMPRA REJEITADA: Quantidade calculada = 0 (prob: 0.448, fração: 34.4%)
2025-09-17 16:49:51,491 - WARNING - COMPRA REJEITADA: Quantidade calculada = 0 (prob: 0.395, fração: 29.1%)
2025-09-17 16:49:51,491 - INFO - PROGRESSO: Data 2024-10-15 | Pred: 1 | Cash: R$ 542.32 | Ações: 3300
2025-09-17 16:49:51,491 - WARNING - COMPRA REJEITADA: Quantidade calculada = 0 (prob: 0.296, fração: 23.6%)
2025-09-17 16:49:51,491 - WARNING - COMPRA REJEITADA: Quantidade calculada = 0 (prob: 0.311, fração: 24.2%)
2025-09-17 16:49:51,491 - WARNING - COMPRA REJEITADA: Quantidade calculada = 0 (prob: 0.362, fração: 26.8%)
2025-09-17 16:49:51,491 - WARNING - COMPRA REJEITADA: Quantidade calculada = 0 (prob: 0.370, fração: 27.3%)
2025-09-17 16:49:51,491 - WARNING - COMPRA REJEITADA: Quantidade calculada = 0 (prob: 0.308, fração: 24.1%)
2025-09-17 16:49:51,491 - WARNING - COMPRA REJEITADA: Quantidade calculada = 0 (prob: 0.432, fração: 32.6%)
2025-09-17 16:49:51,494 - WARNING - COMPRA REJEITADA: Quantidade calculada = 0 (prob: 0.498, fração: 41.3%)
2025-09-17 16:49:51,494 - WARNING - COMPRA REJEITADA: Quantidade calculada = 0 (prob: 0.569, fração: 53.8%)
2025-09-17 16:49:51,494 - WARNING - COMPRA REJEITADA: Quantidade calculada = 0 (prob: 0.527, fração: 45.9%)
2025-09-17 16:49:51,494 - WARNING - COMPRA REJEITADA: Quantidade calculada = 0 (prob: 0.534, fração: 47.3%)
2025-09-17 16:49:51,494 - WARNING - COMPRA REJEITADA: Quantidade calculada = 0 (prob: 0.534, fração: 47.3%)
2025-09-17 16:49:51,494 - WARNING - COMPRA REJEITADA: Quantidade calculada = 0 (prob: 0.520, fração: 44.8%)
2025-09-17 16:49:51,494 - WARNING - COMPRA REJEITADA: Quantidade calculada = 0 (prob: 0.471, fração: 37.3%)
2025-09-17 16:49:51,494 - WARNING - COMPRA REJEITADA: Quantidade calculada = 0 (prob: 0.405, fração: 29.9%)
2025-09-17 16:49:51,494 - WARNING - COMPRA REJEITADA: Quantidade calculada = 0 (prob: 0.428, fração: 32.1%)
2025-09-17 16:49:51,496 - WARNING - COMPRA REJEITADA: Quantidade calculada = 0 (prob: 0.398, fração: 29.4%)
2025-09-17 16:49:51,496 - WARNING - COMPRA REJEITADA: Quantidade calculada = 0 (prob: 0.384, fração: 28.3%)
2025-09-17 16:49:51,496 - WARNING - COMPRA REJEITADA: Quantidade calculada = 0 (prob: 0.384, fração: 28.3%)
2025-09-17 16:49:51,496 - WARNING - COMPRA REJEITADA: Quantidade calculada = 0 (prob: 0.702, fração: 78.8%)
2025-09-17 16:49:51,496 - WARNING - COMPRA REJEITADA: Quantidade calculada = 0 (prob: 0.469, fração: 37.1%)
2025-09-17 16:49:51,496 - WARNING - COMPRA REJEITADA: Quantidade calculada = 0 (prob: 0.663, fração: 72.2%)
2025-09-17 16:49:51,496 - WARNING - COMPRA REJEITADA: Quantidade calculada = 0 (prob: 0.576, fração: 55.2%)
2025-09-17 16:49:51,496 - WARNING - COMPRA REJEITADA: Quantidade calculada = 0 (prob: 0.577, fração: 55.5%)
2025-09-17 16:49:51,496 - WARNING - COMPRA REJEITADA: Quantidade calculada = 0 (prob: 0.680, fração: 75.1%)
2025-09-17 16:49:51,496 - WARNING - COMPRA REJEITADA: Quantidade calculada = 0 (prob: 0.584, fração: 56.9%)
2025-09-17 16:49:51,496 - WARNING - COMPRA REJEITADA: Quantidade calculada = 0 (prob: 0.583, fração: 56.5%)
2025-09-17 16:49:51,496 - WARNING - COMPRA REJEITADA: Quantidade calculada = 0 (prob: 0.883, fração: 95.5%)
2025-09-17 16:49:51,496 - WARNING - COMPRA REJEITADA: Quantidade calculada = 0 (prob: 0.584, fração: 56.8%)
2025-09-17 16:49:51,496 - WARNING - COMPRA REJEITADA: Quantidade calculada = 0 (prob: 0.416, fração: 31.0%)
2025-09-17 16:49:51,501 - WARNING - COMPRA REJEITADA: Quantidade calculada = 0 (prob: 0.282, fração: 23.2%)
2025-09-17 16:49:51,501 - WARNING - COMPRA REJEITADA: Quantidade calculada = 0 (prob: 0.230, fração: 21.9%)
2025-09-17 16:49:51,501 - WARNING - COMPRA REJEITADA: Quantidade calculada = 0 (prob: 0.443, fração: 33.8%)
2025-09-17 16:49:51,501 - WARNING - COMPRA REJEITADA: Quantidade calculada = 0 (prob: 0.295, fração: 23.6%)
2025-09-17 16:49:51,501 - WARNING - COMPRA REJEITADA: Quantidade calculada = 0 (prob: 0.314, fração: 24.4%)
2025-09-17 16:49:51,501 - WARNING - COMPRA REJEITADA: Quantidade calculada = 0 (prob: 0.298, fração: 23.7%)
2025-09-17 16:49:51,501 - WARNING - COMPRA REJEITADA: Quantidade calculada = 0 (prob: 0.305, fração: 24.0%)
2025-09-17 16:49:51,501 - WARNING - COMPRA REJEITADA: Quantidade calculada = 0 (prob: 0.245, fração: 22.2%)
2025-09-17 16:49:51,501 - WARNING - COMPRA REJEITADA: Quantidade calculada = 0 (prob: 0.342, fração: 25.6%)
2025-09-17 16:49:51,505 - WARNING - COMPRA REJEITADA: Quantidade calculada = 0 (prob: 0.353, fração: 26.2%)
2025-09-17 16:49:51,505 - WARNING - COMPRA REJEITADA: Quantidade calculada = 0 (prob: 0.589, fração: 57.8%)
2025-09-17 16:49:51,505 - WARNING - COMPRA REJEITADA: Quantidade calculada = 0 (prob: 0.237, fração: 22.1%)
2025-09-17 16:49:51,507 - WARNING - COMPRA REJEITADA: Quantidade calculada = 0 (prob: 0.217, fração: 21.7%)
2025-09-17 16:49:51,507 - WARNING - COMPRA REJEITADA: Quantidade calculada = 0 (prob: 0.292, fração: 23.5%)
2025-09-17 16:49:51,507 - WARNING - COMPRA REJEITADA: Quantidade calculada = 0 (prob: 0.341, fração: 25.6%)
2025-09-17 16:49:51,507 - WARNING - COMPRA REJEITADA: Quantidade calculada = 0 (prob: 0.613, fração: 62.6%)
2025-09-17 16:49:51,507 - WARNING - COMPRA REJEITADA: Quantidade calculada = 0 (prob: 0.459, fração: 35.7%)
2025-09-17 16:49:51,507 - WARNING - COMPRA REJEITADA: Quantidade calculada = 0 (prob: 0.641, fração: 68.1%)
2025-09-17 16:49:51,507 - WARNING - COMPRA REJEITADA: Quantidade calculada = 0 (prob: 0.672, fração: 73.7%)
2025-09-17 16:49:51,507 - WARNING - COMPRA REJEITADA: Quantidade calculada = 0 (prob: 0.508, fração: 42.8%)
2025-09-17 16:49:51,510 - WARNING - COMPRA REJEITADA: Quantidade calculada = 0 (prob: 0.532, fração: 46.9%)
2025-09-17 16:49:51,510 - INFO - RESUMO FINAL DO BACKTESTING:
2025-09-17 16:49:51,510 - INFO -   Total de trades: 3
2025-09-17 16:49:51,510 - INFO -   Compras realizadas: 3
2025-09-17 16:49:51,510 - INFO -   Vendas realizadas: 0
2025-09-17 16:49:51,510 - INFO -   Capital inicial: R$ 100,000.00
2025-09-17 16:49:51,510 - INFO -   Capital final: R$ 113,689.46
2025-09-17 16:49:51,510 - INFO -   Cash final: R$ 553.85
2025-09-17 16:49:51,510 - INFO -   Ações finais: 3300
2025-09-17 16:49:51,510 - INFO -   Retorno total: +13.69%
