2025-09-17 18:43:34,563 - INFO - THRESHOLDS FINANCEIROS: buy=0.50 sell=0.05 hold_min_days=3
2025-09-17 18:43:34,564 - INFO - PROBABILIDADE MÉDIA: 0.439
2025-09-17 18:43:34,564 - INFO - ============================================================
2025-09-17 18:43:34,564 - INFO - INICIANDO BACKTESTING REALISTA
2025-09-17 18:43:34,564 - INFO - ============================================================
2025-09-17 18:43:34,564 - INFO - Tamanho test_df: 251
2025-09-17 18:43:34,564 - INFO - Tamanho predictions: 251
2025-09-17 18:43:34,564 - INFO - Tamanho probabilities: 251
2025-09-17 18:43:34,567 - INFO - Capital inicial: R$ 100,000.00
2025-09-17 18:43:34,567 - INFO - Custo de transação: 0.100%
2025-09-17 18:43:34,571 - INFO - CDI real carregado: 253 dias disponíveis
2025-09-17 18:43:34,572 - INFO - Slippage Dinâmico: 0.2-2.0 bps | Lote: 100 | CDI: Real
2025-09-17 18:43:34,576 - INFO - DISTRIBUIÇÃO DAS PREDIÇÕES:
2025-09-17 18:43:34,576 - INFO -   - Total: 251
2025-09-17 18:43:34,576 - INFO -   - Predições de alta (1): 250
2025-09-17 18:43:34,576 - INFO -   - Predições de baixa (0): 1
2025-09-17 18:43:34,576 - INFO -   - Percentual de alta: 99.6%
2025-09-17 18:43:34,576 - INFO - EXECUÇÃO DOS TRADES:
2025-09-17 18:43:34,576 - INFO - PROGRESSO: Data 2024-01-02 | Pred: 0 | Cash: R$ 100,000.00 | Ações: 0
2025-09-17 18:43:34,579 - INFO - COMPRA: 2024-01-03 | Preço base: R$ 30.24 | Preço exec c/ slippage: R$ 30.24 | Ações: 3000 | Custo: R$ 90824.05 | Prob: 0.833 | Fração: 92.9%
2025-09-17 18:43:34,579 - INFO - COMPRA: 2024-01-04 | Preço base: R$ 30.05 | Preço exec c/ slippage: R$ 30.05 | Ações: 100 | Custo: R$ 3008.09 | Prob: 0.455 | Fração: 35.2%
2025-09-17 18:43:34,579 - INFO - COMPRA: 2024-01-05 | Preço base: R$ 29.67 | Preço exec c/ slippage: R$ 29.67 | Ações: 100 | Custo: R$ 2970.17 | Prob: 0.578 | Fração: 55.7%
2025-09-17 18:43:34,580 - WARNING - COMPRA REJEITADA: Quantidade calculada = 0 (prob: 0.415, fração: 30.8%)
2025-09-17 18:43:34,580 - WARNING - COMPRA REJEITADA: Quantidade calculada = 0 (prob: 0.216, fração: 21.7%)
2025-09-17 18:43:34,580 - WARNING - COMPRA REJEITADA: Quantidade calculada = 0 (prob: 0.358, fração: 26.6%)
2025-09-17 18:43:34,581 - WARNING - COMPRA REJEITADA: Quantidade calculada = 0 (prob: 0.752, fração: 85.7%)
2025-09-17 18:43:34,581 - WARNING - COMPRA REJEITADA: Quantidade calculada = 0 (prob: 0.413, fração: 30.6%)
2025-09-17 18:43:34,581 - WARNING - COMPRA REJEITADA: Quantidade calculada = 0 (prob: 0.778, fração: 88.5%)
2025-09-17 18:43:34,581 - WARNING - COMPRA REJEITADA: Quantidade calculada = 0 (prob: 0.337, fração: 25.4%)
2025-09-17 18:43:34,581 - WARNING - COMPRA REJEITADA: Quantidade calculada = 0 (prob: 0.216, fração: 21.7%)
2025-09-17 18:43:34,581 - WARNING - COMPRA REJEITADA: Quantidade calculada = 0 (prob: 0.413, fração: 30.6%)
2025-09-17 18:43:34,582 - WARNING - COMPRA REJEITADA: Quantidade calculada = 0 (prob: 0.216, fração: 21.7%)
2025-09-17 18:43:34,582 - WARNING - COMPRA REJEITADA: Quantidade calculada = 0 (prob: 0.355, fração: 26.4%)
2025-09-17 18:43:34,582 - WARNING - COMPRA REJEITADA: Quantidade calculada = 0 (prob: 0.721, fração: 81.6%)
2025-09-17 18:43:34,582 - WARNING - COMPRA REJEITADA: Quantidade calculada = 0 (prob: 0.378, fração: 27.8%)
2025-09-17 18:43:34,582 - WARNING - COMPRA REJEITADA: Quantidade calculada = 0 (prob: 0.721, fração: 81.6%)
2025-09-17 18:43:34,583 - WARNING - COMPRA REJEITADA: Quantidade calculada = 0 (prob: 0.398, fração: 29.4%)
2025-09-17 18:43:34,585 - WARNING - COMPRA REJEITADA: Quantidade calculada = 0 (prob: 0.794, fração: 90.0%)
2025-09-17 18:43:34,586 - WARNING - COMPRA REJEITADA: Quantidade calculada = 0 (prob: 0.398, fração: 29.4%)
2025-09-17 18:43:34,588 - WARNING - COMPRA REJEITADA: Quantidade calculada = 0 (prob: 0.794, fração: 90.0%)
2025-09-17 18:43:34,589 - WARNING - COMPRA REJEITADA: Quantidade calculada = 0 (prob: 0.559, fração: 51.8%)
2025-09-17 18:43:34,590 - WARNING - COMPRA REJEITADA: Quantidade calculada = 0 (prob: 0.216, fração: 21.7%)
2025-09-17 18:43:34,592 - WARNING - COMPRA REJEITADA: Quantidade calculada = 0 (prob: 0.437, fração: 33.1%)
2025-09-17 18:43:34,594 - WARNING - COMPRA REJEITADA: Quantidade calculada = 0 (prob: 0.794, fração: 90.0%)
2025-09-17 18:43:34,596 - WARNING - COMPRA REJEITADA: Quantidade calculada = 0 (prob: 0.537, fração: 47.9%)
2025-09-17 18:43:34,598 - WARNING - COMPRA REJEITADA: Quantidade calculada = 0 (prob: 0.232, fração: 22.0%)
2025-09-17 18:43:34,599 - WARNING - COMPRA REJEITADA: Quantidade calculada = 0 (prob: 0.358, fração: 26.6%)
2025-09-17 18:43:34,600 - WARNING - COMPRA REJEITADA: Quantidade calculada = 0 (prob: 0.242, fração: 22.2%)
2025-09-17 18:43:34,602 - WARNING - COMPRA REJEITADA: Quantidade calculada = 0 (prob: 0.376, fração: 27.7%)
2025-09-17 18:43:34,603 - WARNING - COMPRA REJEITADA: Quantidade calculada = 0 (prob: 0.769, fração: 87.5%)
2025-09-17 18:43:34,604 - WARNING - COMPRA REJEITADA: Quantidade calculada = 0 (prob: 0.393, fração: 28.9%)
2025-09-17 18:43:34,605 - WARNING - COMPRA REJEITADA: Quantidade calculada = 0 (prob: 0.216, fração: 21.7%)
2025-09-17 18:43:34,606 - WARNING - COMPRA REJEITADA: Quantidade calculada = 0 (prob: 0.393, fração: 28.9%)
2025-09-17 18:43:34,608 - WARNING - COMPRA REJEITADA: Quantidade calculada = 0 (prob: 0.216, fração: 21.7%)
2025-09-17 18:43:34,610 - WARNING - COMPRA REJEITADA: Quantidade calculada = 0 (prob: 0.378, fração: 27.8%)
2025-09-17 18:43:34,611 - WARNING - COMPRA REJEITADA: Quantidade calculada = 0 (prob: 0.721, fração: 81.6%)
2025-09-17 18:43:34,612 - WARNING - COMPRA REJEITADA: Quantidade calculada = 0 (prob: 0.378, fração: 27.8%)
2025-09-17 18:43:34,613 - WARNING - COMPRA REJEITADA: Quantidade calculada = 0 (prob: 0.215, fração: 21.7%)
2025-09-17 18:43:34,614 - WARNING - COMPRA REJEITADA: Quantidade calculada = 0 (prob: 0.361, fração: 26.7%)
2025-09-17 18:43:34,616 - WARNING - COMPRA REJEITADA: Quantidade calculada = 0 (prob: 0.363, fração: 26.9%)
2025-09-17 18:43:34,617 - WARNING - COMPRA REJEITADA: Quantidade calculada = 0 (prob: 0.397, fração: 29.3%)
2025-09-17 18:43:34,618 - WARNING - COMPRA REJEITADA: Quantidade calculada = 0 (prob: 0.231, fração: 22.0%)
2025-09-17 18:43:34,619 - WARNING - COMPRA REJEITADA: Quantidade calculada = 0 (prob: 0.346, fração: 25.8%)
2025-09-17 18:43:34,620 - WARNING - COMPRA REJEITADA: Quantidade calculada = 0 (prob: 0.216, fração: 21.7%)
2025-09-17 18:43:34,622 - WARNING - COMPRA REJEITADA: Quantidade calculada = 0 (prob: 0.294, fração: 23.6%)
2025-09-17 18:43:34,623 - WARNING - COMPRA REJEITADA: Quantidade calculada = 0 (prob: 0.230, fração: 21.9%)
2025-09-17 18:43:34,624 - WARNING - COMPRA REJEITADA: Quantidade calculada = 0 (prob: 0.387, fração: 28.5%)
2025-09-17 18:43:34,625 - WARNING - COMPRA REJEITADA: Quantidade calculada = 0 (prob: 0.269, fração: 22.8%)
2025-09-17 18:43:34,626 - INFO - PROGRESSO: Data 2024-03-14 | Pred: 1 | Cash: R$ 3,313.99 | Ações: 3200
2025-09-17 18:43:34,627 - WARNING - COMPRA REJEITADA: Quantidade calculada = 0 (prob: 0.386, fração: 28.4%)
2025-09-17 18:43:34,628 - WARNING - COMPRA REJEITADA: Quantidade calculada = 0 (prob: 0.540, fração: 48.3%)
2025-09-17 18:43:34,629 - WARNING - COMPRA REJEITADA: Quantidade calculada = 0 (prob: 0.386, fração: 28.4%)
2025-09-17 18:43:34,630 - WARNING - COMPRA REJEITADA: Quantidade calculada = 0 (prob: 0.304, fração: 23.9%)
2025-09-17 18:43:34,632 - WARNING - COMPRA REJEITADA: Quantidade calculada = 0 (prob: 0.405, fração: 30.0%)
2025-09-17 18:43:34,633 - WARNING - COMPRA REJEITADA: Quantidade calculada = 0 (prob: 0.304, fração: 23.9%)
2025-09-17 18:43:34,634 - WARNING - COMPRA REJEITADA: Quantidade calculada = 0 (prob: 0.405, fração: 30.0%)
2025-09-17 18:43:34,635 - INFO - COMPRA: 2024-03-25 | Preço base: R$ 28.35 | Preço exec c/ slippage: R$ 28.35 | Ações: 100 | Custo: R$ 2837.83 | Prob: 0.778 | Fração: 88.5%
2025-09-17 18:43:34,636 - WARNING - COMPRA REJEITADA: Quantidade calculada = 0 (prob: 0.464, fração: 36.3%)
2025-09-17 18:43:34,637 - WARNING - COMPRA REJEITADA: Quantidade calculada = 0 (prob: 0.827, fração: 92.5%)
2025-09-17 18:43:34,639 - WARNING - COMPRA REJEITADA: Quantidade calculada = 0 (prob: 0.453, fração: 35.0%)
2025-09-17 18:43:34,641 - WARNING - COMPRA REJEITADA: Quantidade calculada = 0 (prob: 0.827, fração: 92.5%)
2025-09-17 18:43:34,643 - WARNING - COMPRA REJEITADA: Quantidade calculada = 0 (prob: 0.491, fração: 40.1%)
2025-09-17 18:43:34,645 - WARNING - COMPRA REJEITADA: Quantidade calculada = 0 (prob: 0.304, fração: 23.9%)
2025-09-17 18:43:34,646 - WARNING - COMPRA REJEITADA: Quantidade calculada = 0 (prob: 0.483, fração: 38.9%)
2025-09-17 18:43:34,647 - WARNING - COMPRA REJEITADA: Quantidade calculada = 0 (prob: 0.692, fração: 77.2%)
2025-09-17 18:43:34,649 - WARNING - COMPRA REJEITADA: Quantidade calculada = 0 (prob: 0.451, fração: 34.7%)
2025-09-17 18:43:34,651 - WARNING - COMPRA REJEITADA: Quantidade calculada = 0 (prob: 0.582, fração: 56.3%)
2025-09-17 18:43:34,652 - WARNING - COMPRA REJEITADA: Quantidade calculada = 0 (prob: 0.463, fração: 36.3%)
2025-09-17 18:43:34,654 - WARNING - COMPRA REJEITADA: Quantidade calculada = 0 (prob: 0.252, fração: 22.4%)
2025-09-17 18:43:34,655 - WARNING - COMPRA REJEITADA: Quantidade calculada = 0 (prob: 0.448, fração: 34.3%)
2025-09-17 18:43:34,656 - WARNING - COMPRA REJEITADA: Quantidade calculada = 0 (prob: 0.787, fração: 89.3%)
2025-09-17 18:43:34,656 - WARNING - COMPRA REJEITADA: Quantidade calculada = 0 (prob: 0.463, fração: 36.3%)
2025-09-17 18:43:34,657 - WARNING - COMPRA REJEITADA: Quantidade calculada = 0 (prob: 0.787, fração: 89.3%)
2025-09-17 18:43:34,657 - WARNING - COMPRA REJEITADA: Quantidade calculada = 0 (prob: 0.415, fração: 30.8%)
2025-09-17 18:43:34,657 - WARNING - COMPRA REJEITADA: Quantidade calculada = 0 (prob: 0.768, fração: 87.4%)
2025-09-17 18:43:34,657 - WARNING - COMPRA REJEITADA: Quantidade calculada = 0 (prob: 0.418, fração: 31.2%)
2025-09-17 18:43:34,657 - WARNING - COMPRA REJEITADA: Quantidade calculada = 0 (prob: 0.284, fração: 23.3%)
2025-09-17 18:43:34,657 - WARNING - COMPRA REJEITADA: Quantidade calculada = 0 (prob: 0.415, fração: 30.8%)
2025-09-17 18:43:34,657 - WARNING - COMPRA REJEITADA: Quantidade calculada = 0 (prob: 0.808, fração: 91.1%)
2025-09-17 18:43:34,658 - WARNING - COMPRA REJEITADA: Quantidade calculada = 0 (prob: 0.518, fração: 44.5%)
2025-09-17 18:43:34,658 - WARNING - COMPRA REJEITADA: Quantidade calculada = 0 (prob: 0.833, fração: 92.9%)
2025-09-17 18:43:34,659 - WARNING - COMPRA REJEITADA: Quantidade calculada = 0 (prob: 0.518, fração: 44.5%)
2025-09-17 18:43:34,659 - WARNING - COMPRA REJEITADA: Quantidade calculada = 0 (prob: 0.747, fração: 85.1%)
2025-09-17 18:43:34,659 - WARNING - COMPRA REJEITADA: Quantidade calculada = 0 (prob: 0.396, fração: 29.2%)
2025-09-17 18:43:34,659 - WARNING - COMPRA REJEITADA: Quantidade calculada = 0 (prob: 0.778, fração: 88.5%)
2025-09-17 18:43:34,659 - WARNING - COMPRA REJEITADA: Quantidade calculada = 0 (prob: 0.488, fração: 39.6%)
2025-09-17 18:43:34,660 - WARNING - COMPRA REJEITADA: Quantidade calculada = 0 (prob: 0.833, fração: 92.9%)
2025-09-17 18:43:34,660 - WARNING - COMPRA REJEITADA: Quantidade calculada = 0 (prob: 0.518, fração: 44.5%)
2025-09-17 18:43:34,660 - WARNING - COMPRA REJEITADA: Quantidade calculada = 0 (prob: 0.357, fração: 26.5%)
2025-09-17 18:43:34,660 - WARNING - COMPRA REJEITADA: Quantidade calculada = 0 (prob: 0.511, fração: 43.2%)
2025-09-17 18:43:34,660 - WARNING - COMPRA REJEITADA: Quantidade calculada = 0 (prob: 0.216, fração: 21.7%)
2025-09-17 18:43:34,660 - WARNING - COMPRA REJEITADA: Quantidade calculada = 0 (prob: 0.318, fração: 24.5%)
2025-09-17 18:43:34,661 - WARNING - COMPRA REJEITADA: Quantidade calculada = 0 (prob: 0.215, fração: 21.7%)
2025-09-17 18:43:34,661 - WARNING - COMPRA REJEITADA: Quantidade calculada = 0 (prob: 0.322, fração: 24.7%)
2025-09-17 18:43:34,661 - WARNING - COMPRA REJEITADA: Quantidade calculada = 0 (prob: 0.463, fração: 36.2%)
2025-09-17 18:43:34,661 - WARNING - COMPRA REJEITADA: Quantidade calculada = 0 (prob: 0.341, fração: 25.6%)
2025-09-17 18:43:34,661 - WARNING - COMPRA REJEITADA: Quantidade calculada = 0 (prob: 0.708, fração: 79.7%)
2025-09-17 18:43:34,662 - WARNING - COMPRA REJEITADA: Quantidade calculada = 0 (prob: 0.341, fração: 25.6%)
2025-09-17 18:43:34,662 - WARNING - COMPRA REJEITADA: Quantidade calculada = 0 (prob: 0.258, fração: 22.5%)
2025-09-17 18:43:34,662 - INFO - PROGRESSO: Data 2024-05-27 | Pred: 1 | Cash: R$ 494.19 | Ações: 3300
2025-09-17 18:43:34,662 - WARNING - COMPRA REJEITADA: Quantidade calculada = 0 (prob: 0.446, fração: 34.1%)
2025-09-17 18:43:34,662 - WARNING - COMPRA REJEITADA: Quantidade calculada = 0 (prob: 0.747, fração: 85.1%)
2025-09-17 18:43:34,662 - WARNING - COMPRA REJEITADA: Quantidade calculada = 0 (prob: 0.388, fração: 28.6%)
2025-09-17 18:43:34,662 - WARNING - COMPRA REJEITADA: Quantidade calculada = 0 (prob: 0.747, fração: 85.1%)
2025-09-17 18:43:34,663 - WARNING - COMPRA REJEITADA: Quantidade calculada = 0 (prob: 0.410, fração: 30.4%)
2025-09-17 18:43:34,663 - WARNING - COMPRA REJEITADA: Quantidade calculada = 0 (prob: 0.252, fração: 22.4%)
2025-09-17 18:43:34,664 - WARNING - COMPRA REJEITADA: Quantidade calculada = 0 (prob: 0.446, fração: 34.1%)
2025-09-17 18:43:34,664 - WARNING - COMPRA REJEITADA: Quantidade calculada = 0 (prob: 0.635, fração: 67.0%)
2025-09-17 18:43:34,666 - WARNING - COMPRA REJEITADA: Quantidade calculada = 0 (prob: 0.410, fração: 30.4%)
2025-09-17 18:43:34,666 - WARNING - COMPRA REJEITADA: Quantidade calculada = 0 (prob: 0.747, fração: 85.1%)
2025-09-17 18:43:34,666 - WARNING - COMPRA REJEITADA: Quantidade calculada = 0 (prob: 0.388, fração: 28.6%)
2025-09-17 18:43:34,666 - WARNING - COMPRA REJEITADA: Quantidade calculada = 0 (prob: 0.269, fração: 22.8%)
2025-09-17 18:43:34,667 - WARNING - COMPRA REJEITADA: Quantidade calculada = 0 (prob: 0.389, fração: 28.7%)
2025-09-17 18:43:34,667 - WARNING - COMPRA REJEITADA: Quantidade calculada = 0 (prob: 0.269, fração: 22.8%)
2025-09-17 18:43:34,667 - WARNING - COMPRA REJEITADA: Quantidade calculada = 0 (prob: 0.365, fração: 27.0%)
2025-09-17 18:43:34,667 - WARNING - COMPRA REJEITADA: Quantidade calculada = 0 (prob: 0.747, fração: 85.1%)
2025-09-17 18:43:34,667 - WARNING - COMPRA REJEITADA: Quantidade calculada = 0 (prob: 0.446, fração: 34.1%)
2025-09-17 18:43:34,668 - WARNING - COMPRA REJEITADA: Quantidade calculada = 0 (prob: 0.776, fração: 88.3%)
2025-09-17 18:43:34,668 - WARNING - COMPRA REJEITADA: Quantidade calculada = 0 (prob: 0.411, fração: 30.5%)
2025-09-17 18:43:34,668 - WARNING - COMPRA REJEITADA: Quantidade calculada = 0 (prob: 0.801, fração: 90.5%)
2025-09-17 18:43:34,668 - WARNING - COMPRA REJEITADA: Quantidade calculada = 0 (prob: 0.444, fração: 33.9%)
2025-09-17 18:43:34,668 - WARNING - COMPRA REJEITADA: Quantidade calculada = 0 (prob: 0.553, fração: 50.7%)
2025-09-17 18:43:34,668 - WARNING - COMPRA REJEITADA: Quantidade calculada = 0 (prob: 0.463, fração: 36.3%)
2025-09-17 18:43:34,668 - WARNING - COMPRA REJEITADA: Quantidade calculada = 0 (prob: 0.810, fração: 91.3%)
2025-09-17 18:43:34,669 - WARNING - COMPRA REJEITADA: Quantidade calculada = 0 (prob: 0.500, fração: 41.5%)
2025-09-17 18:43:34,669 - WARNING - COMPRA REJEITADA: Quantidade calculada = 0 (prob: 0.252, fração: 22.4%)
2025-09-17 18:43:34,669 - WARNING - COMPRA REJEITADA: Quantidade calculada = 0 (prob: 0.415, fração: 30.8%)
2025-09-17 18:43:34,669 - WARNING - COMPRA REJEITADA: Quantidade calculada = 0 (prob: 0.216, fração: 21.7%)
2025-09-17 18:43:34,669 - WARNING - COMPRA REJEITADA: Quantidade calculada = 0 (prob: 0.362, fração: 26.7%)
2025-09-17 18:43:34,669 - WARNING - COMPRA REJEITADA: Quantidade calculada = 0 (prob: 0.752, fração: 85.7%)
2025-09-17 18:43:34,670 - WARNING - COMPRA REJEITADA: Quantidade calculada = 0 (prob: 0.358, fração: 26.6%)
2025-09-17 18:43:34,670 - WARNING - COMPRA REJEITADA: Quantidade calculada = 0 (prob: 0.216, fração: 21.7%)
2025-09-17 18:43:34,670 - WARNING - COMPRA REJEITADA: Quantidade calculada = 0 (prob: 0.411, fração: 30.5%)
2025-09-17 18:43:34,670 - WARNING - COMPRA REJEITADA: Quantidade calculada = 0 (prob: 0.242, fração: 22.2%)
2025-09-17 18:43:34,670 - WARNING - COMPRA REJEITADA: Quantidade calculada = 0 (prob: 0.393, fração: 28.9%)
2025-09-17 18:43:34,671 - WARNING - COMPRA REJEITADA: Quantidade calculada = 0 (prob: 0.258, fração: 22.5%)
2025-09-17 18:43:34,671 - WARNING - COMPRA REJEITADA: Quantidade calculada = 0 (prob: 0.411, fração: 30.5%)
2025-09-17 18:43:34,671 - WARNING - COMPRA REJEITADA: Quantidade calculada = 0 (prob: 0.315, fração: 24.4%)
2025-09-17 18:43:34,671 - WARNING - COMPRA REJEITADA: Quantidade calculada = 0 (prob: 0.376, fração: 27.7%)
2025-09-17 18:43:34,671 - WARNING - COMPRA REJEITADA: Quantidade calculada = 0 (prob: 0.216, fração: 21.7%)
2025-09-17 18:43:34,671 - WARNING - COMPRA REJEITADA: Quantidade calculada = 0 (prob: 0.346, fração: 25.8%)
2025-09-17 18:43:34,672 - WARNING - COMPRA REJEITADA: Quantidade calculada = 0 (prob: 0.737, fração: 83.8%)
2025-09-17 18:43:34,672 - WARNING - COMPRA REJEITADA: Quantidade calculada = 0 (prob: 0.355, fração: 26.4%)
2025-09-17 18:43:34,672 - WARNING - COMPRA REJEITADA: Quantidade calculada = 0 (prob: 0.269, fração: 22.8%)
2025-09-17 18:43:34,672 - WARNING - COMPRA REJEITADA: Quantidade calculada = 0 (prob: 0.363, fração: 26.9%)
2025-09-17 18:43:34,672 - WARNING - COMPRA REJEITADA: Quantidade calculada = 0 (prob: 0.242, fração: 22.2%)
2025-09-17 18:43:34,672 - WARNING - COMPRA REJEITADA: Quantidade calculada = 0 (prob: 0.323, fração: 24.7%)
2025-09-17 18:43:34,673 - WARNING - COMPRA REJEITADA: Quantidade calculada = 0 (prob: 0.252, fração: 22.4%)
2025-09-17 18:43:34,673 - WARNING - COMPRA REJEITADA: Quantidade calculada = 0 (prob: 0.386, fração: 28.4%)
2025-09-17 18:43:34,673 - WARNING - COMPRA REJEITADA: Quantidade calculada = 0 (prob: 0.329, fração: 25.0%)
2025-09-17 18:43:34,673 - INFO - PROGRESSO: Data 2024-08-06 | Pred: 1 | Cash: R$ 503.99 | Ações: 3300
2025-09-17 18:43:34,673 - WARNING - COMPRA REJEITADA: Quantidade calculada = 0 (prob: 0.410, fração: 30.4%)
2025-09-17 18:43:34,673 - WARNING - COMPRA REJEITADA: Quantidade calculada = 0 (prob: 0.311, fração: 24.2%)
2025-09-17 18:43:34,673 - WARNING - COMPRA REJEITADA: Quantidade calculada = 0 (prob: 0.410, fração: 30.4%)
2025-09-17 18:43:34,675 - WARNING - COMPRA REJEITADA: Quantidade calculada = 0 (prob: 0.267, fração: 22.8%)
2025-09-17 18:43:34,675 - WARNING - COMPRA REJEITADA: Quantidade calculada = 0 (prob: 0.388, fração: 28.6%)
2025-09-17 18:43:34,675 - WARNING - COMPRA REJEITADA: Quantidade calculada = 0 (prob: 0.269, fração: 22.8%)
2025-09-17 18:43:34,675 - WARNING - COMPRA REJEITADA: Quantidade calculada = 0 (prob: 0.408, fração: 30.3%)
2025-09-17 18:43:34,675 - WARNING - COMPRA REJEITADA: Quantidade calculada = 0 (prob: 0.787, fração: 89.3%)
2025-09-17 18:43:34,675 - WARNING - COMPRA REJEITADA: Quantidade calculada = 0 (prob: 0.445, fração: 34.0%)
2025-09-17 18:43:34,675 - WARNING - COMPRA REJEITADA: Quantidade calculada = 0 (prob: 0.326, fração: 24.9%)
2025-09-17 18:43:34,675 - WARNING - COMPRA REJEITADA: Quantidade calculada = 0 (prob: 0.445, fração: 34.0%)
2025-09-17 18:43:34,676 - WARNING - COMPRA REJEITADA: Quantidade calculada = 0 (prob: 0.252, fração: 22.4%)
2025-09-17 18:43:34,676 - WARNING - COMPRA REJEITADA: Quantidade calculada = 0 (prob: 0.405, fração: 30.0%)
2025-09-17 18:43:34,676 - WARNING - COMPRA REJEITADA: Quantidade calculada = 0 (prob: 0.216, fração: 21.7%)
2025-09-17 18:43:34,676 - WARNING - COMPRA REJEITADA: Quantidade calculada = 0 (prob: 0.411, fração: 30.5%)
2025-09-17 18:43:34,676 - WARNING - COMPRA REJEITADA: Quantidade calculada = 0 (prob: 0.216, fração: 21.7%)
2025-09-17 18:43:34,676 - WARNING - COMPRA REJEITADA: Quantidade calculada = 0 (prob: 0.415, fração: 30.8%)
2025-09-17 18:43:34,676 - WARNING - COMPRA REJEITADA: Quantidade calculada = 0 (prob: 0.216, fração: 21.7%)
2025-09-17 18:43:34,677 - WARNING - COMPRA REJEITADA: Quantidade calculada = 0 (prob: 0.417, fração: 31.1%)
2025-09-17 18:43:34,677 - WARNING - COMPRA REJEITADA: Quantidade calculada = 0 (prob: 0.242, fração: 22.2%)
2025-09-17 18:43:34,677 - WARNING - COMPRA REJEITADA: Quantidade calculada = 0 (prob: 0.376, fração: 27.7%)
2025-09-17 18:43:34,677 - WARNING - COMPRA REJEITADA: Quantidade calculada = 0 (prob: 0.376, fração: 27.7%)
2025-09-17 18:43:34,677 - WARNING - COMPRA REJEITADA: Quantidade calculada = 0 (prob: 0.344, fração: 25.7%)
2025-09-17 18:43:34,677 - WARNING - COMPRA REJEITADA: Quantidade calculada = 0 (prob: 0.216, fração: 21.7%)
2025-09-17 18:43:34,677 - WARNING - COMPRA REJEITADA: Quantidade calculada = 0 (prob: 0.363, fração: 26.9%)
2025-09-17 18:43:34,678 - WARNING - COMPRA REJEITADA: Quantidade calculada = 0 (prob: 0.216, fração: 21.7%)
2025-09-17 18:43:34,678 - WARNING - COMPRA REJEITADA: Quantidade calculada = 0 (prob: 0.363, fração: 26.9%)
2025-09-17 18:43:34,678 - WARNING - COMPRA REJEITADA: Quantidade calculada = 0 (prob: 0.242, fração: 22.2%)
2025-09-17 18:43:34,678 - WARNING - COMPRA REJEITADA: Quantidade calculada = 0 (prob: 0.363, fração: 26.9%)
2025-09-17 18:43:34,678 - WARNING - COMPRA REJEITADA: Quantidade calculada = 0 (prob: 0.737, fração: 83.8%)
2025-09-17 18:43:34,678 - WARNING - COMPRA REJEITADA: Quantidade calculada = 0 (prob: 0.397, fração: 29.3%)
2025-09-17 18:43:34,679 - WARNING - COMPRA REJEITADA: Quantidade calculada = 0 (prob: 0.216, fração: 21.7%)
2025-09-17 18:43:34,679 - WARNING - COMPRA REJEITADA: Quantidade calculada = 0 (prob: 0.410, fração: 30.4%)
2025-09-17 18:43:34,679 - WARNING - COMPRA REJEITADA: Quantidade calculada = 0 (prob: 0.329, fração: 25.0%)
2025-09-17 18:43:34,679 - WARNING - COMPRA REJEITADA: Quantidade calculada = 0 (prob: 0.388, fração: 28.6%)
2025-09-17 18:43:34,679 - WARNING - COMPRA REJEITADA: Quantidade calculada = 0 (prob: 0.637, fração: 67.4%)
2025-09-17 18:43:34,679 - WARNING - COMPRA REJEITADA: Quantidade calculada = 0 (prob: 0.410, fração: 30.4%)
2025-09-17 18:43:34,679 - WARNING - COMPRA REJEITADA: Quantidade calculada = 0 (prob: 0.269, fração: 22.8%)
2025-09-17 18:43:34,680 - WARNING - COMPRA REJEITADA: Quantidade calculada = 0 (prob: 0.410, fração: 30.4%)
2025-09-17 18:43:34,680 - WARNING - COMPRA REJEITADA: Quantidade calculada = 0 (prob: 0.317, fração: 24.4%)
2025-09-17 18:43:34,680 - WARNING - COMPRA REJEITADA: Quantidade calculada = 0 (prob: 0.410, fração: 30.4%)
2025-09-17 18:43:34,680 - WARNING - COMPRA REJEITADA: Quantidade calculada = 0 (prob: 0.776, fração: 88.3%)
2025-09-17 18:43:34,680 - WARNING - COMPRA REJEITADA: Quantidade calculada = 0 (prob: 0.405, fração: 30.0%)
2025-09-17 18:43:34,680 - WARNING - COMPRA REJEITADA: Quantidade calculada = 0 (prob: 0.298, fração: 23.7%)
2025-09-17 18:43:34,681 - WARNING - COMPRA REJEITADA: Quantidade calculada = 0 (prob: 0.463, fração: 36.3%)
2025-09-17 18:43:34,681 - WARNING - COMPRA REJEITADA: Quantidade calculada = 0 (prob: 0.252, fração: 22.4%)
2025-09-17 18:43:34,681 - WARNING - COMPRA REJEITADA: Quantidade calculada = 0 (prob: 0.408, fração: 30.3%)
2025-09-17 18:43:34,681 - WARNING - COMPRA REJEITADA: Quantidade calculada = 0 (prob: 0.801, fração: 90.5%)
2025-09-17 18:43:34,681 - WARNING - COMPRA REJEITADA: Quantidade calculada = 0 (prob: 0.444, fração: 33.9%)
2025-09-17 18:43:34,682 - WARNING - COMPRA REJEITADA: Quantidade calculada = 0 (prob: 0.679, fração: 75.1%)
2025-09-17 18:43:34,682 - INFO - PROGRESSO: Data 2024-10-15 | Pred: 1 | Cash: R$ 514.06 | Ações: 3300
2025-09-17 18:43:34,682 - WARNING - COMPRA REJEITADA: Quantidade calculada = 0 (prob: 0.408, fração: 30.3%)
2025-09-17 18:43:34,682 - WARNING - COMPRA REJEITADA: Quantidade calculada = 0 (prob: 0.280, fração: 23.1%)
2025-09-17 18:43:34,682 - WARNING - COMPRA REJEITADA: Quantidade calculada = 0 (prob: 0.402, fração: 29.7%)
2025-09-17 18:43:34,682 - WARNING - COMPRA REJEITADA: Quantidade calculada = 0 (prob: 0.268, fração: 22.8%)
2025-09-17 18:43:34,682 - WARNING - COMPRA REJEITADA: Quantidade calculada = 0 (prob: 0.386, fração: 28.4%)
2025-09-17 18:43:34,683 - WARNING - COMPRA REJEITADA: Quantidade calculada = 0 (prob: 0.269, fração: 22.8%)
2025-09-17 18:43:34,683 - WARNING - COMPRA REJEITADA: Quantidade calculada = 0 (prob: 0.386, fração: 28.4%)
2025-09-17 18:43:34,683 - WARNING - COMPRA REJEITADA: Quantidade calculada = 0 (prob: 0.774, fração: 88.0%)
2025-09-17 18:43:34,683 - WARNING - COMPRA REJEITADA: Quantidade calculada = 0 (prob: 0.388, fração: 28.6%)
2025-09-17 18:43:34,683 - WARNING - COMPRA REJEITADA: Quantidade calculada = 0 (prob: 0.311, fração: 24.2%)
2025-09-17 18:43:34,683 - WARNING - COMPRA REJEITADA: Quantidade calculada = 0 (prob: 0.410, fração: 30.4%)
2025-09-17 18:43:34,684 - WARNING - COMPRA REJEITADA: Quantidade calculada = 0 (prob: 0.269, fração: 22.8%)
2025-09-17 18:43:34,684 - WARNING - COMPRA REJEITADA: Quantidade calculada = 0 (prob: 0.386, fração: 28.4%)
2025-09-17 18:43:34,684 - WARNING - COMPRA REJEITADA: Quantidade calculada = 0 (prob: 0.269, fração: 22.8%)
2025-09-17 18:43:34,684 - WARNING - COMPRA REJEITADA: Quantidade calculada = 0 (prob: 0.399, fração: 29.5%)
2025-09-17 18:43:34,684 - WARNING - COMPRA REJEITADA: Quantidade calculada = 0 (prob: 0.298, fração: 23.7%)
2025-09-17 18:43:34,684 - WARNING - COMPRA REJEITADA: Quantidade calculada = 0 (prob: 0.386, fração: 28.4%)
2025-09-17 18:43:34,684 - WARNING - COMPRA REJEITADA: Quantidade calculada = 0 (prob: 0.637, fração: 67.4%)
2025-09-17 18:43:34,685 - WARNING - COMPRA REJEITADA: Quantidade calculada = 0 (prob: 0.413, fração: 30.7%)
2025-09-17 18:43:34,685 - WARNING - COMPRA REJEITADA: Quantidade calculada = 0 (prob: 0.588, fração: 57.7%)
2025-09-17 18:43:34,685 - WARNING - COMPRA REJEITADA: Quantidade calculada = 0 (prob: 0.427, fração: 32.0%)
2025-09-17 18:43:34,685 - WARNING - COMPRA REJEITADA: Quantidade calculada = 0 (prob: 0.346, fração: 25.8%)
2025-09-17 18:43:34,685 - WARNING - COMPRA REJEITADA: Quantidade calculada = 0 (prob: 0.463, fração: 36.3%)
2025-09-17 18:43:34,685 - WARNING - COMPRA REJEITADA: Quantidade calculada = 0 (prob: 0.802, fração: 90.6%)
2025-09-17 18:43:34,685 - WARNING - COMPRA REJEITADA: Quantidade calculada = 0 (prob: 0.463, fração: 36.3%)
2025-09-17 18:43:34,685 - WARNING - COMPRA REJEITADA: Quantidade calculada = 0 (prob: 0.687, fração: 76.4%)
2025-09-17 18:43:34,685 - WARNING - COMPRA REJEITADA: Quantidade calculada = 0 (prob: 0.540, fração: 48.3%)
2025-09-17 18:43:34,685 - WARNING - COMPRA REJEITADA: Quantidade calculada = 0 (prob: 0.232, fração: 22.0%)
2025-09-17 18:43:34,687 - WARNING - COMPRA REJEITADA: Quantidade calculada = 0 (prob: 0.437, fração: 33.1%)
2025-09-17 18:43:34,687 - WARNING - COMPRA REJEITADA: Quantidade calculada = 0 (prob: 0.216, fração: 21.7%)
2025-09-17 18:43:34,687 - WARNING - COMPRA REJEITADA: Quantidade calculada = 0 (prob: 0.396, fração: 29.2%)
2025-09-17 18:43:34,687 - WARNING - COMPRA REJEITADA: Quantidade calculada = 0 (prob: 0.752, fração: 85.7%)
2025-09-17 18:43:34,687 - WARNING - COMPRA REJEITADA: Quantidade calculada = 0 (prob: 0.415, fração: 30.8%)
2025-09-17 18:43:34,687 - WARNING - COMPRA REJEITADA: Quantidade calculada = 0 (prob: 0.778, fração: 88.5%)
2025-09-17 18:43:34,687 - WARNING - COMPRA REJEITADA: Quantidade calculada = 0 (prob: 0.376, fração: 27.7%)
2025-09-17 18:43:34,688 - WARNING - COMPRA REJEITADA: Quantidade calculada = 0 (prob: 0.752, fração: 85.7%)
2025-09-17 18:43:34,688 - WARNING - COMPRA REJEITADA: Quantidade calculada = 0 (prob: 0.358, fração: 26.6%)
2025-09-17 18:43:34,688 - WARNING - COMPRA REJEITADA: Quantidade calculada = 0 (prob: 0.752, fração: 85.7%)
2025-09-17 18:43:34,688 - WARNING - COMPRA REJEITADA: Quantidade calculada = 0 (prob: 0.411, fração: 30.5%)
2025-09-17 18:43:34,688 - WARNING - COMPRA REJEITADA: Quantidade calculada = 0 (prob: 0.769, fração: 87.5%)
2025-09-17 18:43:34,688 - WARNING - COMPRA REJEITADA: Quantidade calculada = 0 (prob: 0.358, fração: 26.6%)
2025-09-17 18:43:34,689 - WARNING - COMPRA REJEITADA: Quantidade calculada = 0 (prob: 0.242, fração: 22.2%)
2025-09-17 18:43:34,689 - WARNING - COMPRA REJEITADA: Quantidade calculada = 0 (prob: 0.413, fração: 30.6%)
2025-09-17 18:43:34,689 - WARNING - COMPRA REJEITADA: Quantidade calculada = 0 (prob: 0.721, fração: 81.6%)
2025-09-17 18:43:34,689 - WARNING - COMPRA REJEITADA: Quantidade calculada = 0 (prob: 0.363, fração: 26.9%)
2025-09-17 18:43:34,689 - WARNING - COMPRA REJEITADA: Quantidade calculada = 0 (prob: 0.216, fração: 21.7%)
2025-09-17 18:43:34,689 - WARNING - COMPRA REJEITADA: Quantidade calculada = 0 (prob: 0.321, fração: 24.6%)
2025-09-17 18:43:34,689 - WARNING - COMPRA REJEITADA: Quantidade calculada = 0 (prob: 0.363, fração: 26.9%)
2025-09-17 18:43:34,690 - WARNING - COMPRA REJEITADA: Quantidade calculada = 0 (prob: 0.397, fração: 29.3%)
2025-09-17 18:43:34,690 - WARNING - COMPRA REJEITADA: Quantidade calculada = 0 (prob: 0.242, fração: 22.2%)
2025-09-17 18:43:34,690 - INFO - RESUMO FINAL DO BACKTESTING:
2025-09-17 18:43:34,690 - INFO -   Total de trades: 4
2025-09-17 18:43:34,690 - INFO -   Compras realizadas: 4
2025-09-17 18:43:34,690 - INFO -   Vendas realizadas: 0
2025-09-17 18:43:34,690 - INFO -   Capital inicial: R$ 100,000.00
2025-09-17 18:43:34,690 - INFO -   Capital final: R$ 113,660.60
2025-09-17 18:43:34,690 - INFO -   Cash final: R$ 524.98
2025-09-17 18:43:34,690 - INFO -   Ações finais: 3300
2025-09-17 18:43:34,690 - INFO -   Retorno total: +13.66%
