2025-09-09 16:05:42,685 - INFO - THRESHOLDS FINANCEIROS: buy=0.55 sell=0.15 hold_min_days=3
2025-09-09 16:05:42,685 - INFO - PROBABILIDADE MÉDIA: 0.328
2025-09-09 16:05:42,685 - INFO - ============================================================
2025-09-09 16:05:42,685 - INFO - INICIANDO BACKTESTING
2025-09-09 16:05:42,685 - INFO - ============================================================
2025-09-09 16:05:42,685 - INFO - Tamanho test_df: 251
2025-09-09 16:05:42,685 - INFO - Tamanho predictions: 251
2025-09-09 16:05:42,688 - INFO - Capital inicial: R$ 100,000.00
2025-09-09 16:05:42,690 - INFO - Custo de transação: 0.100%
2025-09-09 16:05:42,690 - INFO - DISTRIBUIÇÃO DAS PREDIÇÕES:
2025-09-09 16:05:42,690 - INFO -   - Total: 251
2025-09-09 16:05:42,690 - INFO -   - Predições de alta (1): 116
2025-09-09 16:05:42,690 - INFO -   - Predições de baixa (0): 135
2025-09-09 16:05:42,690 - INFO -   - Percentual de alta: 46.2%
2025-09-09 16:05:42,690 - INFO - EXECUÇÃO DOS TRADES:
2025-09-09 16:05:42,690 - INFO - PROGRESSO: Data 2024-01-02 | Pred: 0 | Cash: R$ 100,000.00 | Ações: 0
2025-09-09 16:05:42,693 - INFO - COMPRA: 2024-01-12 | Preço: R$ 60.61 | Ações: 1648 | Custo: R$ 100000.00
2025-09-09 16:05:42,693 - INFO - VENDA: 2024-01-19 | Preço: R$ 57.44 | Ações: 1648 | Valor líquido: R$ 94587.37
2025-09-09 16:05:42,695 - INFO - COMPRA: 2024-02-01 | Preço: R$ 57.24 | Ações: 1651 | Custo: R$ 94587.37
2025-09-09 16:05:42,695 - INFO - VENDA: 2024-02-07 | Preço: R$ 57.44 | Ações: 1651 | Valor líquido: R$ 94721.17
2025-09-09 16:05:42,696 - WARNING - COMPRA REJEITADA: Cash insuficiente (R$ 94721.17 < R$ 94721.17)
2025-09-09 16:05:42,696 - INFO - COMPRA: 2024-03-01 | Preço: R$ 56.98 | Ações: 1661 | Custo: R$ 94721.17
2025-09-09 16:05:42,698 - INFO - VENDA: 2024-03-07 | Preço: R$ 56.34 | Ações: 1661 | Valor líquido: R$ 93472.93
2025-09-09 16:05:42,698 - INFO - PROGRESSO: Data 2024-03-14 | Pred: 0 | Cash: R$ 93,472.93 | Ações: 0
2025-09-09 16:05:42,700 - INFO - COMPRA: 2024-03-15 | Preço: R$ 53.78 | Ações: 1736 | Custo: R$ 93472.93
2025-09-09 16:05:42,701 - INFO - VENDA: 2024-03-21 | Preço: R$ 54.68 | Ações: 1736 | Valor líquido: R$ 94843.77
2025-09-09 16:05:42,703 - INFO - COMPRA: 2024-04-12 | Preço: R$ 55.39 | Ações: 1711 | Custo: R$ 94843.77
2025-09-09 16:05:42,705 - INFO - VENDA: 2024-05-02 | Preço: R$ 57.05 | Ações: 1711 | Valor líquido: R$ 97495.40
2025-09-09 16:05:42,706 - INFO - PROGRESSO: Data 2024-05-27 | Pred: 0 | Cash: R$ 97,495.40 | Ações: 0
2025-09-09 16:05:42,708 - INFO - COMPRA: 2024-06-03 | Preço: R$ 54.58 | Ações: 1784 | Custo: R$ 97495.40
2025-09-09 16:05:42,710 - INFO - VENDA: 2024-06-20 | Preço: R$ 54.26 | Ações: 1784 | Valor líquido: R$ 96730.01
2025-09-09 16:05:42,711 - INFO - COMPRA: 2024-06-27 | Preço: R$ 54.84 | Ações: 1762 | Custo: R$ 96730.01
2025-09-09 16:05:42,711 - INFO - COMPRA: 2024-06-28 | Preço: R$ 55.76 | Ações: 0 | Custo: R$ 0.00
2025-09-09 16:05:42,714 - INFO - COMPRA: 2024-07-01 | Preço: R$ 56.08 | Ações: 0 | Custo: R$ 0.00
2025-09-09 16:05:42,714 - INFO - VENDA: 2024-07-03 | Preço: R$ 57.47 | Ações: 1762 | Valor líquido: R$ 101169.50
2025-09-09 16:05:42,714 - INFO - COMPRA: 2024-07-09 | Preço: R$ 55.72 | Ações: 1814 | Custo: R$ 101169.50
2025-09-09 16:05:42,714 - INFO - VENDA: 2024-07-16 | Preço: R$ 55.02 | Ações: 1814 | Valor líquido: R$ 99694.60
2025-09-09 16:05:42,717 - WARNING - COMPRA REJEITADA: Cash insuficiente (R$ 99694.60 < R$ 99694.60)
2025-09-09 16:05:42,717 - INFO - COMPRA: 2024-07-23 | Preço: R$ 53.58 | Ações: 1859 | Custo: R$ 99694.60
2025-09-09 16:05:42,718 - INFO - VENDA: 2024-07-26 | Preço: R$ 54.85 | Ações: 1859 | Valor líquido: R$ 101856.49
2025-09-09 16:05:42,718 - INFO - PROGRESSO: Data 2024-08-06 | Pred: 0 | Cash: R$ 101,856.49 | Ações: 0
2025-09-09 16:05:42,720 - INFO - COMPRA: 2024-08-07 | Preço: R$ 52.56 | Ações: 1936 | Custo: R$ 101856.49
2025-09-09 16:05:42,720 - INFO - COMPRA: 2024-08-08 | Preço: R$ 52.64 | Ações: 0 | Custo: R$ 0.00
2025-09-09 16:05:42,720 - INFO - COMPRA: 2024-08-09 | Preço: R$ 52.62 | Ações: 0 | Custo: R$ 0.00
2025-09-09 16:05:42,723 - INFO - VENDA: 2024-08-22 | Preço: R$ 53.69 | Ações: 1936 | Valor líquido: R$ 103845.39
2025-09-09 16:05:42,724 - INFO - COMPRA: 2024-09-02 | Preço: R$ 53.41 | Ações: 1943 | Custo: R$ 103845.39
2025-09-09 16:05:42,726 - INFO - VENDA: 2024-09-13 | Preço: R$ 53.85 | Ações: 1943 | Valor líquido: R$ 104496.33
2025-09-09 16:05:42,726 - INFO - COMPRA: 2024-09-25 | Preço: R$ 57.69 | Ações: 1809 | Custo: R$ 104496.33
2025-09-09 16:05:42,726 - INFO - VENDA: 2024-10-02 | Preço: R$ 58.64 | Ações: 1809 | Valor líquido: R$ 106003.46
2025-09-09 16:05:42,729 - WARNING - COMPRA REJEITADA: Cash insuficiente (R$ 106003.46 < R$ 106003.46)
2025-09-09 16:05:42,729 - WARNING - COMPRA REJEITADA: Cash insuficiente (R$ 106003.46 < R$ 106003.46)
2025-09-09 16:05:42,729 - INFO - COMPRA: 2024-10-11 | Preço: R$ 57.43 | Ações: 1844 | Custo: R$ 106003.46
2025-09-09 16:05:42,731 - INFO - PROGRESSO: Data 2024-10-15 | Pred: 1 | Cash: R$ 0.00 | Ações: 1844
2025-09-09 16:05:42,732 - INFO - VENDA: 2024-10-16 | Preço: R$ 56.24 | Ações: 1844 | Valor líquido: R$ 103584.85
2025-09-09 16:05:42,733 - INFO - COMPRA: 2024-11-04 | Preço: R$ 58.01 | Ações: 1784 | Custo: R$ 103584.85
2025-09-09 16:05:42,733 - INFO - COMPRA: 2024-11-05 | Preço: R$ 56.49 | Ações: 0 | Custo: R$ 0.00
2025-09-09 16:05:42,735 - INFO - VENDA: 2024-11-25 | Preço: R$ 53.72 | Ações: 1784 | Valor líquido: R$ 95725.14
2025-09-09 16:05:42,735 - INFO - COMPRA: 2024-11-29 | Preço: R$ 54.24 | Ações: 1763 | Custo: R$ 95725.14
2025-09-09 16:05:42,735 - INFO - COMPRA: 2024-12-02 | Preço: R$ 54.65 | Ações: 0 | Custo: R$ 0.00
2025-09-09 16:05:42,738 - INFO - VENDA: 2024-12-09 | Preço: R$ 55.06 | Ações: 1763 | Valor líquido: R$ 96978.66
2025-09-09 16:05:42,738 - INFO - COMPRA: 2024-12-13 | Preço: R$ 51.93 | Ações: 1866 | Custo: R$ 96978.66
2025-09-09 16:05:42,740 - INFO - RESUMO FINAL DO BACKTESTING:
2025-09-09 16:05:42,740 - INFO -   Total de trades: 37
2025-09-09 16:05:42,740 - INFO -   Compras realizadas: 22
2025-09-09 16:05:42,740 - INFO -   Vendas realizadas: 15
2025-09-09 16:05:42,740 - INFO -   Capital inicial: R$ 100,000.00
2025-09-09 16:05:42,740 - INFO -   Capital final: R$ 94,626.70
2025-09-09 16:05:42,741 - INFO -   Cash final: R$ 0.00
2025-09-09 16:05:42,741 - INFO -   Ações finais: 1866
2025-09-09 16:05:42,741 - INFO -   Retorno total: -5.37%
