2025-09-09 15:32:50,586 - INFO - THRESHOLDS FINANCEIROS: buy=0.55 sell=0.35 hold_min_days=3
2025-09-09 15:32:50,587 - INFO - PROBABILIDADE MÉDIA: 0.361
2025-09-09 15:32:50,587 - INFO - ============================================================
2025-09-09 15:32:50,587 - INFO - INICIANDO BACKTESTING
2025-09-09 15:32:50,587 - INFO - ============================================================
2025-09-09 15:32:50,587 - INFO - Tamanho test_df: 251
2025-09-09 15:32:50,588 - INFO - Tamanho predictions: 251
2025-09-09 15:32:50,588 - INFO - Capital inicial: R$ 100,000.00
2025-09-09 15:32:50,590 - INFO - Custo de transação: 0.100%
2025-09-09 15:32:50,590 - INFO - DISTRIBUIÇÃO DAS PREDIÇÕES:
2025-09-09 15:32:50,590 - INFO -   - Total: 251
2025-09-09 15:32:50,591 - INFO -   - Predições de alta (1): 99
2025-09-09 15:32:50,591 - INFO -   - Predições de baixa (0): 152
2025-09-09 15:32:50,591 - INFO -   - Percentual de alta: 39.4%
2025-09-09 15:32:50,591 - INFO - EXECUÇÃO DOS TRADES:
2025-09-09 15:32:50,591 - INFO - PROGRESSO: Data 2024-01-02 | Pred: 0 | Cash: R$ 100,000.00 | Ações: 0
2025-09-09 15:32:50,591 - INFO - COMPRA: 2024-01-15 | Preço: R$ 60.93 | Ações: 1639 | Custo: R$ 100000.00
2025-09-09 15:32:50,591 - INFO - COMPRA: 2024-01-16 | Preço: R$ 59.80 | Ações: 0 | Custo: R$ 0.00
2025-09-09 15:32:50,591 - INFO - VENDA: 2024-01-19 | Preço: R$ 57.44 | Ações: 1639 | Valor líquido: R$ 94085.39
2025-09-09 15:32:50,595 - INFO - COMPRA: 2024-02-05 | Preço: R$ 56.23 | Ações: 1672 | Custo: R$ 94085.39
2025-09-09 15:32:50,595 - INFO - VENDA: 2024-02-09 | Preço: R$ 56.16 | Ações: 1672 | Valor líquido: R$ 93783.70
2025-09-09 15:32:50,597 - INFO - COMPRA: 2024-03-04 | Preço: R$ 56.17 | Ações: 1668 | Custo: R$ 93783.70
2025-09-09 15:32:50,597 - INFO - VENDA: 2024-03-08 | Preço: R$ 55.13 | Ações: 1668 | Valor líquido: R$ 91866.20
2025-09-09 15:32:50,597 - INFO - PROGRESSO: Data 2024-03-14 | Pred: 0 | Cash: R$ 91,866.20 | Ações: 0
2025-09-09 15:32:50,599 - INFO - COMPRA: 2024-03-22 | Preço: R$ 54.25 | Ações: 1692 | Custo: R$ 91866.20
2025-09-09 15:32:50,599 - INFO - VENDA: 2024-03-28 | Preço: R$ 54.77 | Ações: 1692 | Valor líquido: R$ 92554.10
2025-09-09 15:32:50,599 - INFO - COMPRA: 2024-04-12 | Preço: R$ 55.39 | Ações: 1669 | Custo: R$ 92554.10
2025-09-09 15:32:50,599 - INFO - VENDA: 2024-04-30 | Preço: R$ 56.64 | Ações: 1669 | Valor líquido: R$ 94444.88
2025-09-09 15:32:50,601 - INFO - COMPRA: 2024-05-08 | Preço: R$ 56.81 | Ações: 1661 | Custo: R$ 94444.88
2025-09-09 15:32:50,601 - INFO - VENDA: 2024-05-14 | Preço: R$ 57.30 | Ações: 1661 | Valor líquido: R$ 95067.45
2025-09-09 15:32:50,601 - INFO - PROGRESSO: Data 2024-05-27 | Pred: 1 | Cash: R$ 95,067.45 | Ações: 0
2025-09-09 15:32:50,603 - INFO - COMPRA: 2024-05-27 | Preço: R$ 58.04 | Ações: 1636 | Custo: R$ 95067.45
2025-09-09 15:32:50,603 - INFO - COMPRA: 2024-05-28 | Preço: R$ 56.40 | Ações: 0 | Custo: R$ 0.00
2025-09-09 15:32:50,603 - INFO - COMPRA: 2024-05-29 | Preço: R$ 55.92 | Ações: 0 | Custo: R$ 0.00
2025-09-09 15:32:50,603 - INFO - COMPRA: 2024-05-31 | Preço: R$ 55.87 | Ações: 0 | Custo: R$ 0.00
2025-09-09 15:32:50,605 - INFO - VENDA: 2024-06-07 | Preço: R$ 53.88 | Ações: 1636 | Valor líquido: R$ 88075.63
2025-09-09 15:32:50,605 - INFO - COMPRA: 2024-06-17 | Preço: R$ 53.66 | Ações: 1640 | Custo: R$ 88075.63
2025-09-09 15:32:50,605 - INFO - VENDA: 2024-06-21 | Preço: R$ 53.76 | Ações: 1640 | Valor líquido: R$ 88074.43
2025-09-09 15:32:50,605 - INFO - COMPRA: 2024-06-27 | Preço: R$ 54.84 | Ações: 1604 | Custo: R$ 88074.43
2025-09-09 15:32:50,607 - INFO - VENDA: 2024-07-16 | Preço: R$ 55.02 | Ações: 1604 | Valor líquido: R$ 88183.46
2025-09-09 15:32:50,607 - INFO - COMPRA: 2024-07-22 | Preço: R$ 53.88 | Ações: 1635 | Custo: R$ 88183.46
2025-09-09 15:32:50,607 - INFO - VENDA: 2024-07-26 | Preço: R$ 54.85 | Ações: 1635 | Valor líquido: R$ 89590.25
2025-09-09 15:32:50,609 - INFO - PROGRESSO: Data 2024-08-06 | Pred: 0 | Cash: R$ 89,590.25 | Ações: 0
2025-09-09 15:32:50,609 - INFO - COMPRA: 2024-08-07 | Preço: R$ 52.56 | Ações: 1703 | Custo: R$ 89590.25
2025-09-09 15:32:50,609 - INFO - VENDA: 2024-08-15 | Preço: R$ 51.56 | Ações: 1703 | Valor líquido: R$ 87718.03
2025-09-09 15:32:50,609 - INFO - COMPRA: 2024-09-03 | Preço: R$ 52.25 | Ações: 1677 | Custo: R$ 87718.03
2025-09-09 15:32:50,611 - INFO - VENDA: 2024-09-11 | Preço: R$ 53.54 | Ações: 1677 | Valor líquido: R$ 89704.32
2025-09-09 15:32:50,611 - INFO - COMPRA: 2024-09-17 | Preço: R$ 53.07 | Ações: 1688 | Custo: R$ 89704.32
2025-09-09 15:32:50,611 - INFO - VENDA: 2024-09-24 | Preço: R$ 55.96 | Ações: 1688 | Valor líquido: R$ 94390.75
2025-09-09 15:32:50,615 - INFO - PROGRESSO: Data 2024-10-15 | Pred: 0 | Cash: R$ 94,390.75 | Ações: 0
2025-09-09 15:32:50,615 - INFO - COMPRA: 2024-10-24 | Preço: R$ 55.82 | Ações: 1689 | Custo: R$ 94390.75
2025-09-09 15:32:50,615 - INFO - VENDA: 2024-10-31 | Preço: R$ 57.27 | Ações: 1689 | Valor líquido: R$ 96643.93
2025-09-09 15:32:50,617 - INFO - COMPRA: 2024-11-18 | Preço: R$ 53.27 | Ações: 1812 | Custo: R$ 96643.93
2025-09-09 15:32:50,617 - INFO - COMPRA: 2024-11-19 | Preço: R$ 52.99 | Ações: 0 | Custo: R$ 0.00
2025-09-09 15:32:50,617 - INFO - COMPRA: 2024-11-21 | Preço: R$ 52.94 | Ações: 0 | Custo: R$ 0.00
2025-09-09 15:32:50,617 - INFO - COMPRA: 2024-11-22 | Preço: R$ 53.62 | Ações: 0 | Custo: R$ 0.00
2025-09-09 15:32:50,617 - INFO - VENDA: 2024-11-25 | Preço: R$ 53.72 | Ações: 1812 | Valor líquido: R$ 97268.50
2025-09-09 15:32:50,617 - WARNING - COMPRA REJEITADA: Cash insuficiente (R$ 97268.50 < R$ 97268.50)
2025-09-09 15:32:50,617 - INFO - COMPRA: 2024-12-05 | Preço: R$ 52.96 | Ações: 1835 | Custo: R$ 97268.50
2025-09-09 15:32:50,619 - INFO - VENDA: 2024-12-19 | Preço: R$ 49.67 | Ações: 1835 | Valor líquido: R$ 91038.56
2025-09-09 15:32:50,619 - INFO - RESUMO FINAL DO BACKTESTING:
2025-09-09 15:32:50,619 - INFO -   Total de trades: 39
2025-09-09 15:32:50,619 - INFO -   Compras realizadas: 23
2025-09-09 15:32:50,619 - INFO -   Vendas realizadas: 16
2025-09-09 15:32:50,619 - INFO -   Capital inicial: R$ 100,000.00
2025-09-09 15:32:50,619 - INFO -   Capital final: R$ 91,038.56
2025-09-09 15:32:50,619 - INFO -   Cash final: R$ 91,038.56
2025-09-09 15:32:50,619 - INFO -   Ações finais: 0
2025-09-09 15:32:50,619 - INFO -   Retorno total: -8.96%
