2025-09-22 22:46:38,552 - INFO - THRESHOLDS FINANCEIROS: buy=0.53 sell=0.50 hold_min_days=3
2025-09-22 22:46:38,554 - INFO - SCORE MÉDIO: -0.057
2025-09-22 22:46:38,555 - INFO - ============================================================
2025-09-22 22:46:38,556 - INFO - INICIANDO BACKTESTING REALISTA
2025-09-22 22:46:38,557 - INFO - ============================================================
2025-09-22 22:46:38,557 - INFO - Tamanho test_df: 251
2025-09-22 22:46:38,558 - INFO - Tamanho predictions: 251
2025-09-22 22:46:38,559 - INFO - Tamanho probabilities: 251
2025-09-22 22:46:38,562 - INFO - Capital inicial: R$ 100,000.00
2025-09-22 22:46:38,565 - INFO - Custo de transação: 0.100%
2025-09-22 22:46:38,597 - INFO - CDI real carregado: 253 dias disponíveis
2025-09-22 22:46:38,598 - INFO - Slippage Dinâmico: 0.2-2.0 bps | Lote: 100 | CDI: Real
2025-09-22 22:46:38,610 - INFO - DISTRIBUIÇÃO DAS PREDIÇÕES:
2025-09-22 22:46:38,611 - INFO -   - Total: 251
2025-09-22 22:46:38,612 - INFO -   - Predições de alta (1): 77
2025-09-22 22:46:38,613 - INFO -   - Predições de baixa (0): 174
2025-09-22 22:46:38,614 - INFO -   - Percentual de alta: 30.7%
2025-09-22 22:46:38,614 - INFO - EXECUÇÃO DOS TRADES:
2025-09-22 22:46:38,615 - INFO - PROGRESSO: Data 2024-01-02 | Pred: 1 | Cash: R$ 100,000.00 | Ações: 0
2025-09-22 22:46:38,618 - INFO - COMPRA: 2024-01-02 | Preço base: R$ 65.28 | Preço exec c/ slippage: R$ 65.29 | Ações: 1400 | Custo: R$ 91493.87 | Prob: 0.884 | Fração: 95.6%
2025-09-22 22:46:38,621 - WARNING - COMPRA REJEITADA: Quantidade calculada = 0 (prob: 0.003, fração: 20.2%)
2025-09-22 22:46:38,623 - WARNING - COMPRA REJEITADA: Quantidade calculada = 0 (prob: -0.255, fração: 20.0%)
2025-09-22 22:46:38,625 - WARNING - COMPRA REJEITADA: Quantidade calculada = 0 (prob: -0.928, fração: 20.0%)
2025-09-22 22:46:38,627 - INFO - VENDA: 2024-01-08 | Preço base: R$ 63.06 | Preço exec c/ slippage: R$ 63.06 | Ações: 1400 | Valor líquido: R$ 88192.12 | Slippage: 0.7 bps
2025-09-22 22:46:38,636 - INFO - COMPRA: 2024-01-23 | Preço base: R$ 59.83 | Preço exec c/ slippage: R$ 59.83 | Ações: 1500 | Custo: R$ 89837.72 | Prob: 0.852 | Fração: 94.0%
2025-09-22 22:46:38,639 - WARNING - COMPRA REJEITADA: Quantidade calculada = 0 (prob: -0.366, fração: 20.0%)
2025-09-22 22:46:38,641 - WARNING - COMPRA REJEITADA: Quantidade calculada = 0 (prob: -0.725, fração: 20.0%)
2025-09-22 22:46:38,644 - WARNING - COMPRA REJEITADA: Quantidade calculada = 0 (prob: -0.252, fração: 20.0%)
2025-09-22 22:46:38,646 - INFO - VENDA: 2024-01-29 | Preço base: R$ 59.06 | Preço exec c/ slippage: R$ 59.06 | Ações: 1500 | Valor líquido: R$ 88498.11 | Slippage: 0.7 bps
2025-09-22 22:46:38,654 - INFO - COMPRA: 2024-02-16 | Preço base: R$ 57.05 | Preço exec c/ slippage: R$ 57.06 | Ações: 1600 | Custo: R$ 91383.20 | Prob: 0.900 | Fração: 96.2%
2025-09-22 22:46:38,656 - WARNING - COMPRA REJEITADA: Quantidade calculada = 0 (prob: -0.795, fração: 20.0%)
2025-09-22 22:46:38,657 - WARNING - COMPRA REJEITADA: Quantidade calculada = 0 (prob: -0.783, fração: 20.0%)
2025-09-22 22:46:38,657 - WARNING - COMPRA REJEITADA: Quantidade calculada = 0 (prob: -0.577, fração: 20.0%)
2025-09-22 22:46:38,657 - INFO - VENDA: 2024-02-22 | Preço base: R$ 58.08 | Preço exec c/ slippage: R$ 58.08 | Ações: 1600 | Valor líquido: R$ 92833.72 | Slippage: 0.7 bps
2025-09-22 22:46:38,658 - INFO - COMPRA: 2024-03-13 | Preço base: R$ 54.32 | Preço exec c/ slippage: R$ 54.33 | Ações: 1600 | Custo: R$ 87011.85 | Prob: 0.791 | Fração: 89.7%
2025-09-22 22:46:38,658 - INFO - PROGRESSO: Data 2024-03-14 | Pred: 1 | Cash: R$ 11,369.38 | Ações: 1600
2025-09-22 22:46:38,658 - WARNING - COMPRA REJEITADA: Quantidade calculada = 0 (prob: 0.258, fração: 22.5%)
2025-09-22 22:46:38,658 - WARNING - COMPRA REJEITADA: Quantidade calculada = 0 (prob: -0.382, fração: 20.0%)
2025-09-22 22:46:38,658 - WARNING - COMPRA REJEITADA: Quantidade calculada = 0 (prob: 0.330, fração: 25.0%)
2025-09-22 22:46:38,659 - INFO - VENDA: 2024-03-19 | Preço base: R$ 54.60 | Preço exec c/ slippage: R$ 54.60 | Ações: 1600 | Valor líquido: R$ 87266.36 | Slippage: 0.7 bps
2025-09-22 22:46:38,659 - INFO - COMPRA: 2024-03-27 | Preço base: R$ 53.90 | Preço exec c/ slippage: R$ 53.90 | Ações: 1100 | Custo: R$ 59350.53 | Prob: 0.619 | Fração: 63.9%
2025-09-22 22:46:38,659 - INFO - COMPRA: 2024-03-28 | Preço base: R$ 54.77 | Preço exec c/ slippage: R$ 54.77 | Ações: 100 | Custo: R$ 5482.70 | Prob: 0.043 | Fração: 20.3%
2025-09-22 22:46:38,659 - INFO - COMPRA: 2024-04-01 | Preço base: R$ 54.56 | Preço exec c/ slippage: R$ 54.57 | Ações: 100 | Custo: R$ 5462.23 | Prob: -0.178 | Fração: 20.0%
2025-09-22 22:46:38,660 - INFO - COMPRA: 2024-04-02 | Preço base: R$ 54.56 | Preço exec c/ slippage: R$ 54.57 | Ações: 100 | Custo: R$ 5462.22 | Prob: 0.015 | Fração: 20.2%
2025-09-22 22:46:38,660 - INFO - VENDA: 2024-04-03 | Preço base: R$ 54.15 | Preço exec c/ slippage: R$ 54.14 | Ações: 1400 | Valor líquido: R$ 75724.03 | Slippage: 0.7 bps
2025-09-22 22:46:38,661 - INFO - COMPRA: 2024-04-19 | Preço base: R$ 56.04 | Preço exec c/ slippage: R$ 56.04 | Ações: 1500 | Custo: R$ 84150.27 | Prob: 0.774 | Fração: 88.1%
2025-09-22 22:46:38,661 - WARNING - COMPRA REJEITADA: Quantidade calculada = 0 (prob: 0.135, fração: 20.8%)
2025-09-22 22:46:38,661 - WARNING - COMPRA REJEITADA: Quantidade calculada = 0 (prob: -0.772, fração: 20.0%)
2025-09-22 22:46:38,661 - WARNING - COMPRA REJEITADA: Quantidade calculada = 0 (prob: -0.203, fração: 20.0%)
2025-09-22 22:46:38,661 - INFO - VENDA: 2024-04-25 | Preço base: R$ 55.32 | Preço exec c/ slippage: R$ 55.32 | Ações: 1500 | Valor líquido: R$ 82891.39 | Slippage: 0.7 bps
2025-09-22 22:46:38,661 - INFO - COMPRA: 2024-05-16 | Preço base: R$ 58.01 | Preço exec c/ slippage: R$ 58.02 | Ações: 1000 | Custo: R$ 58075.95 | Prob: 0.619 | Fração: 63.8%
2025-09-22 22:46:38,661 - INFO - COMPRA: 2024-05-17 | Preço base: R$ 58.81 | Preço exec c/ slippage: R$ 58.81 | Ações: 600 | Custo: R$ 35320.76 | Prob: 0.869 | Fração: 94.9%
2025-09-22 22:46:38,661 - WARNING - COMPRA REJEITADA: Quantidade calculada = 0 (prob: 0.738, fração: 84.0%)
2025-09-22 22:46:38,661 - WARNING - COMPRA REJEITADA: Quantidade calculada = 0 (prob: 0.744, fração: 84.7%)
2025-09-22 22:46:38,661 - INFO - VENDA: 2024-05-22 | Preço base: R$ 57.99 | Preço exec c/ slippage: R$ 57.98 | Ações: 1600 | Valor líquido: R$ 92680.56 | Slippage: 0.7 bps
2025-09-22 22:46:38,661 - INFO - PROGRESSO: Data 2024-05-27 | Pred: 0 | Cash: R$ 98,122.29 | Ações: 0
2025-09-22 22:46:38,661 - INFO - COMPRA: 2024-06-06 | Preço base: R$ 53.96 | Preço exec c/ slippage: R$ 53.96 | Ações: 1000 | Custo: R$ 54017.30 | Prob: 0.586 | Fração: 57.1%
2025-09-22 22:46:38,661 - INFO - COMPRA: 2024-06-07 | Preço base: R$ 53.88 | Preço exec c/ slippage: R$ 53.88 | Ações: 500 | Custo: R$ 26968.52 | Prob: 0.617 | Fração: 63.5%
2025-09-22 22:46:38,661 - INFO - COMPRA: 2024-06-10 | Preço base: R$ 53.70 | Preço exec c/ slippage: R$ 53.71 | Ações: 200 | Custo: R$ 10751.79 | Prob: 0.776 | Fração: 88.3%
2025-09-22 22:46:38,661 - INFO - COMPRA: 2024-06-11 | Preço base: R$ 54.38 | Preço exec c/ slippage: R$ 54.38 | Ações: 100 | Custo: R$ 5443.53 | Prob: 0.730 | Fração: 82.9%
2025-09-22 22:46:38,661 - INFO - VENDA: 2024-06-12 | Preço base: R$ 53.63 | Preço exec c/ slippage: R$ 53.63 | Ações: 1800 | Valor líquido: R$ 96432.00 | Slippage: 0.7 bps
2025-09-22 22:46:38,661 - INFO - COMPRA: 2024-06-28 | Preço base: R$ 55.76 | Preço exec c/ slippage: R$ 55.76 | Ações: 1100 | Custo: R$ 61396.76 | Prob: 0.638 | Fração: 67.5%
2025-09-22 22:46:38,661 - INFO - COMPRA: 2024-07-01 | Preço base: R$ 56.08 | Preço exec c/ slippage: R$ 56.09 | Ações: 200 | Custo: R$ 11228.85 | Prob: 0.477 | Fração: 38.2%
2025-09-22 22:46:38,661 - WARNING - COMPRA REJEITADA: Quantidade calculada = 0 (prob: 0.102, fração: 20.5%)
2025-09-22 22:46:38,661 - INFO - COMPRA: 2024-07-03 | Preço base: R$ 57.47 | Preço exec c/ slippage: R$ 57.48 | Ações: 200 | Custo: R$ 11506.55 | Prob: 0.615 | Fração: 63.0%
2025-09-22 22:46:38,661 - INFO - VENDA: 2024-07-04 | Preço base: R$ 56.28 | Preço exec c/ slippage: R$ 56.28 | Ações: 1500 | Valor líquido: R$ 84330.13 | Slippage: 0.7 bps
2025-09-22 22:46:38,661 - INFO - COMPRA: 2024-07-12 | Preço base: R$ 55.84 | Preço exec c/ slippage: R$ 55.84 | Ações: 800 | Custo: R$ 44716.21 | Prob: 0.540 | Fração: 48.3%
2025-09-22 22:46:38,661 - INFO - COMPRA: 2024-07-15 | Preço base: R$ 55.38 | Preço exec c/ slippage: R$ 55.39 | Ações: 100 | Custo: R$ 5544.11 | Prob: -0.251 | Fração: 20.0%
2025-09-22 22:46:38,661 - INFO - COMPRA: 2024-07-16 | Preço base: R$ 55.02 | Preço exec c/ slippage: R$ 55.02 | Ações: 100 | Custo: R$ 5507.62 | Prob: -0.528 | Fração: 20.0%
2025-09-22 22:46:38,661 - INFO - COMPRA: 2024-07-17 | Preço base: R$ 54.86 | Preço exec c/ slippage: R$ 54.86 | Ações: 100 | Custo: R$ 5491.60 | Prob: -0.194 | Fração: 20.0%
2025-09-22 22:46:38,661 - INFO - VENDA: 2024-07-18 | Preço base: R$ 54.41 | Preço exec c/ slippage: R$ 54.41 | Ações: 1100 | Valor líquido: R$ 59790.65 | Slippage: 0.7 bps
2025-09-22 22:46:38,661 - INFO - COMPRA: 2024-07-26 | Preço base: R$ 54.85 | Preço exec c/ slippage: R$ 54.85 | Ações: 1700 | Custo: R$ 93342.86 | Prob: 0.898 | Fração: 96.1%
2025-09-22 22:46:38,661 - WARNING - COMPRA REJEITADA: Quantidade calculada = 0 (prob: 0.211, fração: 21.6%)
2025-09-22 22:46:38,661 - WARNING - COMPRA REJEITADA: Quantidade calculada = 0 (prob: -0.641, fração: 20.0%)
2025-09-22 22:46:38,661 - WARNING - COMPRA REJEITADA: Quantidade calculada = 0 (prob: -0.062, fração: 20.1%)
2025-09-22 22:46:38,661 - INFO - VENDA: 2024-08-01 | Preço base: R$ 53.92 | Preço exec c/ slippage: R$ 53.91 | Ações: 1700 | Valor líquido: R$ 91557.90 | Slippage: 0.7 bps
2025-09-22 22:46:38,661 - INFO - PROGRESSO: Data 2024-08-06 | Pred: 0 | Cash: R$ 95,768.04 | Ações: 0
2025-09-22 22:46:38,661 - INFO - COMPRA: 2024-08-19 | Preço base: R$ 52.88 | Preço exec c/ slippage: R$ 52.88 | Ações: 1400 | Custo: R$ 74111.82 | Prob: 0.704 | Fração: 79.1%
2025-09-22 22:46:38,661 - WARNING - COMPRA REJEITADA: Quantidade calculada = 0 (prob: -0.388, fração: 20.0%)
2025-09-22 22:46:38,661 - INFO - COMPRA: 2024-08-21 | Preço base: R$ 53.67 | Preço exec c/ slippage: R$ 53.68 | Ações: 300 | Custo: R$ 16119.02 | Prob: 0.928 | Fração: 97.1%
2025-09-22 22:46:38,661 - WARNING - COMPRA REJEITADA: Quantidade calculada = 0 (prob: 0.747, fração: 85.1%)
2025-09-22 22:46:38,661 - INFO - VENDA: 2024-08-23 | Preço base: R$ 53.91 | Preço exec c/ slippage: R$ 53.91 | Ações: 1700 | Valor líquido: R$ 91553.42 | Slippage: 0.7 bps
2025-09-22 22:46:38,661 - INFO - COMPRA: 2024-09-12 | Preço base: R$ 53.54 | Preço exec c/ slippage: R$ 53.55 | Ações: 900 | Custo: R$ 48241.00 | Prob: 0.564 | Fração: 52.8%
2025-09-22 22:46:38,661 - INFO - COMPRA: 2024-09-13 | Preço base: R$ 53.85 | Preço exec c/ slippage: R$ 53.85 | Ações: 100 | Custo: R$ 5390.53 | Prob: 0.079 | Fração: 20.4%
2025-09-22 22:46:38,661 - INFO - COMPRA: 2024-09-16 | Preço base: R$ 53.79 | Preço exec c/ slippage: R$ 53.80 | Ações: 100 | Custo: R$ 5385.00 | Prob: -0.285 | Fração: 20.0%
2025-09-22 22:46:38,661 - INFO - COMPRA: 2024-09-17 | Preço base: R$ 53.07 | Preço exec c/ slippage: R$ 53.08 | Ações: 100 | Custo: R$ 5313.04 | Prob: 0.365 | Fração: 27.0%
2025-09-22 22:46:38,661 - INFO - VENDA: 2024-09-18 | Preço base: R$ 53.98 | Preço exec c/ slippage: R$ 53.97 | Ações: 1200 | Valor líquido: R$ 64703.45 | Slippage: 0.7 bps
2025-09-22 22:46:38,661 - INFO - COMPRA: 2024-09-24 | Preço base: R$ 55.96 | Preço exec c/ slippage: R$ 55.96 | Ações: 1700 | Custo: R$ 95231.43 | Prob: 0.992 | Fração: 98.4%
2025-09-22 22:46:38,661 - WARNING - COMPRA REJEITADA: Quantidade calculada = 0 (prob: 0.265, fração: 22.7%)
2025-09-22 22:46:38,661 - WARNING - COMPRA REJEITADA: Quantidade calculada = 0 (prob: 0.991, fração: 98.4%)
2025-09-22 22:46:38,661 - WARNING - COMPRA REJEITADA: Quantidade calculada = 0 (prob: 0.708, fração: 79.7%)
2025-09-22 22:46:38,661 - INFO - VENDA: 2024-09-30 | Preço base: R$ 58.52 | Preço exec c/ slippage: R$ 58.52 | Ações: 1700 | Valor líquido: R$ 99378.51 | Slippage: 0.7 bps
2025-09-22 22:46:38,661 - INFO - COMPRA: 2024-10-09 | Preço base: R$ 56.63 | Preço exec c/ slippage: R$ 56.64 | Ações: 1000 | Custo: R$ 56691.74 | Prob: 0.585 | Fração: 57.0%
2025-09-22 22:46:38,661 - INFO - COMPRA: 2024-10-10 | Preço base: R$ 56.21 | Preço exec c/ slippage: R$ 56.21 | Ações: 100 | Custo: R$ 5626.71 | Prob: 0.197 | Fração: 21.4%
2025-09-22 22:46:38,661 - INFO - COMPRA: 2024-10-11 | Preço base: R$ 57.43 | Preço exec c/ slippage: R$ 57.44 | Ações: 100 | Custo: R$ 5749.41 | Prob: 0.249 | Fração: 22.3%
2025-09-22 22:46:38,661 - INFO - COMPRA: 2024-10-14 | Preço base: R$ 56.31 | Preço exec c/ slippage: R$ 56.31 | Ações: 100 | Custo: R$ 5636.85 | Prob: -0.134 | Fração: 20.1%
2025-09-22 22:46:38,661 - INFO - PROGRESSO: Data 2024-10-15 | Pred: 0 | Cash: R$ 29,383.25 | Ações: 1300
2025-09-22 22:46:38,661 - INFO - VENDA: 2024-10-15 | Preço base: R$ 57.07 | Preço exec c/ slippage: R$ 57.07 | Ações: 1300 | Valor líquido: R$ 74116.56 | Slippage: 0.7 bps
2025-09-22 22:46:38,661 - INFO - COMPRA: 2024-10-22 | Preço base: R$ 55.19 | Preço exec c/ slippage: R$ 55.20 | Ações: 1200 | Custo: R$ 66303.13 | Prob: 0.632 | Fração: 66.3%
2025-09-22 22:46:38,661 - INFO - COMPRA: 2024-10-23 | Preço base: R$ 54.69 | Preço exec c/ slippage: R$ 54.69 | Ações: 100 | Custo: R$ 5474.48 | Prob: -0.616 | Fração: 20.0%
2025-09-22 22:46:38,661 - INFO - COMPRA: 2024-10-24 | Preço base: R$ 55.82 | Preço exec c/ slippage: R$ 55.82 | Ações: 100 | Custo: R$ 5587.96 | Prob: 0.282 | Fração: 23.2%
2025-09-22 22:46:38,661 - WARNING - COMPRA REJEITADA: Quantidade calculada = 0 (prob: -0.460, fração: 20.0%)
2025-09-22 22:46:38,661 - INFO - COMPRA: 2024-10-28 | Preço base: R$ 58.29 | Preço exec c/ slippage: R$ 58.29 | Ações: 400 | Custo: R$ 23340.86 | Prob: 0.828 | Fração: 92.6%
2025-09-22 22:46:38,661 - INFO - VENDA: 2024-10-29 | Preço base: R$ 57.60 | Preço exec c/ slippage: R$ 57.59 | Ações: 1800 | Valor líquido: R$ 103567.13 | Slippage: 0.7 bps
2025-09-22 22:46:38,661 - INFO - COMPRA: 2024-11-07 | Preço base: R$ 57.13 | Preço exec c/ slippage: R$ 57.13 | Ações: 1800 | Custo: R$ 102942.35 | Prob: 0.967 | Fração: 98.0%
2025-09-22 22:46:38,661 - WARNING - COMPRA REJEITADA: Quantidade calculada = 0 (prob: -0.557, fração: 20.0%)
2025-09-22 22:46:38,661 - WARNING - COMPRA REJEITADA: Quantidade calculada = 0 (prob: -0.983, fração: 20.0%)
2025-09-22 22:46:38,661 - WARNING - COMPRA REJEITADA: Quantidade calculada = 0 (prob: -0.209, fração: 20.0%)
2025-09-22 22:46:38,661 - INFO - VENDA: 2024-11-13 | Preço base: R$ 52.68 | Preço exec c/ slippage: R$ 52.67 | Ações: 1800 | Valor líquido: R$ 94718.37 | Slippage: 0.7 bps
2025-09-22 22:46:38,661 - INFO - COMPRA: 2024-11-29 | Preço base: R$ 54.24 | Preço exec c/ slippage: R$ 54.24 | Ações: 1200 | Custo: R$ 65151.75 | Prob: 0.637 | Fração: 67.3%
2025-09-22 22:46:38,676 - INFO - COMPRA: 2024-12-02 | Preço base: R$ 54.65 | Preço exec c/ slippage: R$ 54.65 | Ações: 100 | Custo: R$ 5470.79 | Prob: -0.004 | Fração: 20.2%
2025-09-22 22:46:38,676 - INFO - COMPRA: 2024-12-03 | Preço base: R$ 53.82 | Preço exec c/ slippage: R$ 53.82 | Ações: 100 | Custo: R$ 5387.76 | Prob: -0.337 | Fração: 20.0%
2025-09-22 22:46:38,676 - WARNING - COMPRA REJEITADA: Quantidade calculada = 0 (prob: -0.222, fração: 20.0%)
2025-09-22 22:46:38,676 - INFO - VENDA: 2024-12-05 | Preço base: R$ 52.96 | Preço exec c/ slippage: R$ 52.96 | Ações: 1400 | Valor líquido: R$ 74069.55 | Slippage: 0.7 bps
2025-09-22 22:46:38,676 - INFO - COMPRA: 2024-12-17 | Preço base: R$ 51.86 | Preço exec c/ slippage: R$ 51.86 | Ações: 800 | Custo: R$ 41528.58 | Prob: 0.531 | Fração: 46.7%
2025-09-22 22:46:38,676 - INFO - COMPRA: 2024-12-18 | Preço base: R$ 51.16 | Preço exec c/ slippage: R$ 51.16 | Ações: 400 | Custo: R$ 20485.00 | Prob: 0.470 | Fração: 37.2%
2025-09-22 22:46:38,676 - INFO - COMPRA: 2024-12-19 | Preço base: R$ 49.67 | Preço exec c/ slippage: R$ 49.67 | Ações: 100 | Custo: R$ 4972.31 | Prob: -0.796 | Fração: 20.0%
2025-09-22 22:46:38,676 - INFO - COMPRA: 2024-12-20 | Preço base: R$ 50.83 | Preço exec c/ slippage: R$ 50.84 | Ações: 200 | Custo: R$ 10177.33 | Prob: 0.528 | Fração: 46.1%
2025-09-22 22:46:38,676 - INFO - VENDA: 2024-12-23 | Preço base: R$ 51.00 | Preço exec c/ slippage: R$ 51.00 | Ações: 1500 | Valor líquido: R$ 76418.27 | Slippage: 0.7 bps
2025-09-22 22:46:38,676 - INFO - RESUMO FINAL DO BACKTESTING:
2025-09-22 22:46:38,676 - INFO -   Total de trades: 65
2025-09-22 22:46:38,676 - INFO -   Compras realizadas: 46
2025-09-22 22:46:38,676 - INFO -   Vendas realizadas: 19
2025-09-22 22:46:38,676 - INFO -   Capital inicial: R$ 100,000.00
2025-09-22 22:46:38,676 - INFO -   Capital final: R$ 97,010.96
2025-09-22 22:46:38,676 - INFO -   Cash final: R$ 97,010.96
2025-09-22 22:46:38,676 - INFO -   Ações finais: 0
2025-09-22 22:46:38,676 - INFO -   Retorno total: -2.99%
