2025-09-10 15:50:12,144 - INFO - THRESHOLDS FINANCEIROS: buy=0.55 sell=0.25 hold_min_days=3
2025-09-10 15:50:12,147 - INFO - PROBABILIDADE MÉDIA: 0.387
2025-09-10 15:50:12,149 - INFO - ============================================================
2025-09-10 15:50:12,149 - INFO - INICIANDO BACKTESTING
2025-09-10 15:50:12,151 - INFO - ============================================================
2025-09-10 15:50:12,152 - INFO - Tamanho test_df: 251
2025-09-10 15:50:12,153 - INFO - Tamanho predictions: 251
2025-09-10 15:50:12,154 - INFO - Capital inicial: R$ 100,000.00
2025-09-10 15:50:12,158 - INFO - Custo de transação: 0.100%
2025-09-10 15:50:12,159 - INFO - DISTRIBUIÇÃO DAS PREDIÇÕES:
2025-09-10 15:50:12,159 - INFO -   - Total: 251
2025-09-10 15:50:12,160 - INFO -   - Predições de alta (1): 134
2025-09-10 15:50:12,161 - INFO -   - Predições de baixa (0): 117
2025-09-10 15:50:12,162 - INFO -   - Percentual de alta: 53.4%
2025-09-10 15:50:12,162 - INFO - EXECUÇÃO DOS TRADES:
2025-09-10 15:50:12,163 - INFO - PROGRESSO: Data 2024-01-02 | Pred: 0 | Cash: R$ 100,000.00 | Ações: 0
2025-09-10 15:50:12,166 - INFO - COMPRA: 2024-01-03 | Preço: R$ 65.04 | Ações: 1536 | Custo: R$ 100000.00
2025-09-10 15:50:12,178 - INFO - VENDA: 2024-02-02 | Preço: R$ 56.08 | Ações: 1536 | Valor líquido: R$ 86050.41
2025-09-10 15:50:12,182 - INFO - COMPRA: 2024-02-14 | Preço: R$ 55.74 | Ações: 1542 | Custo: R$ 86050.41
2025-09-10 15:50:12,185 - INFO - VENDA: 2024-02-20 | Preço: R$ 55.84 | Ações: 1542 | Valor líquido: R$ 86035.82
2025-09-10 15:50:12,190 - INFO - COMPRA: 2024-03-05 | Preço: R$ 56.36 | Ações: 1525 | Custo: R$ 86035.82
2025-09-10 15:50:12,194 - INFO - PROGRESSO: Data 2024-03-14 | Pred: 1 | Cash: R$ 0.00 | Ações: 1525
2025-09-10 15:50:12,195 - INFO - VENDA: 2024-03-15 | Preço: R$ 53.78 | Ações: 1525 | Valor líquido: R$ 81942.63
2025-09-10 15:50:12,198 - INFO - COMPRA: 2024-03-22 | Preço: R$ 54.25 | Ações: 1509 | Custo: R$ 81942.63
2025-09-10 15:50:12,200 - INFO - VENDA: 2024-03-28 | Preço: R$ 54.77 | Ações: 1509 | Valor líquido: R$ 82556.22
2025-09-10 15:50:12,207 - INFO - COMPRA: 2024-04-26 | Preço: R$ 55.91 | Ações: 1475 | Custo: R$ 82556.22
2025-09-10 15:50:12,209 - INFO - VENDA: 2024-05-03 | Preço: R$ 57.10 | Ações: 1475 | Valor líquido: R$ 84147.06
2025-09-10 15:50:12,216 - INFO - PROGRESSO: Data 2024-05-27 | Pred: 0 | Cash: R$ 84,147.06 | Ações: 0
2025-09-10 15:50:12,220 - INFO - COMPRA: 2024-06-05 | Preço: R$ 54.03 | Ações: 1556 | Custo: R$ 84147.06
2025-09-10 15:50:12,224 - INFO - VENDA: 2024-06-20 | Preço: R$ 54.26 | Ações: 1556 | Valor líquido: R$ 84338.23
2025-09-10 15:50:12,225 - INFO - COMPRA: 2024-06-27 | Preço: R$ 54.84 | Ações: 1536 | Custo: R$ 84338.23
2025-09-10 15:50:12,233 - INFO - VENDA: 2024-07-24 | Preço: R$ 53.79 | Ações: 1536 | Valor líquido: R$ 82559.47
2025-09-10 15:50:12,235 - WARNING - COMPRA REJEITADA: Cash insuficiente (R$ 82559.47 < R$ 82559.47)
2025-09-10 15:50:12,238 - WARNING - COMPRA REJEITADA: Cash insuficiente (R$ 82559.47 < R$ 82559.47)
2025-09-10 15:50:12,238 - INFO - COMPRA: 2024-08-01 | Preço: R$ 53.92 | Ações: 1530 | Custo: R$ 82559.47
2025-09-10 15:50:12,240 - INFO - PROGRESSO: Data 2024-08-06 | Pred: 1 | Cash: R$ 0.00 | Ações: 1530
2025-09-10 15:50:12,240 - INFO - VENDA: 2024-08-16 | Preço: R$ 52.09 | Ações: 1530 | Valor líquido: R$ 79601.89
2025-09-10 15:50:12,240 - INFO - COMPRA: 2024-08-30 | Preço: R$ 54.21 | Ações: 1467 | Custo: R$ 79601.89
2025-09-10 15:50:12,240 - INFO - VENDA: 2024-09-06 | Preço: R$ 52.63 | Ações: 1467 | Valor líquido: R$ 77133.30
2025-09-10 15:50:12,241 - INFO - COMPRA: 2024-09-16 | Preço: R$ 53.79 | Ações: 1432 | Custo: R$ 77133.30
2025-09-10 15:50:12,241 - INFO - VENDA: 2024-09-24 | Preço: R$ 55.96 | Ações: 1432 | Valor líquido: R$ 80078.41
2025-09-10 15:50:12,241 - INFO - COMPRA: 2024-10-09 | Preço: R$ 56.63 | Ações: 1413 | Custo: R$ 80078.41
2025-09-10 15:50:12,241 - INFO - PROGRESSO: Data 2024-10-15 | Pred: 1 | Cash: R$ 0.00 | Ações: 1413
2025-09-10 15:50:12,241 - INFO - VENDA: 2024-10-16 | Preço: R$ 56.24 | Ações: 1413 | Valor líquido: R$ 79359.18
2025-09-10 15:50:12,241 - INFO - COMPRA: 2024-10-24 | Preço: R$ 55.82 | Ações: 1420 | Custo: R$ 79359.18
2025-09-10 15:50:12,241 - INFO - VENDA: 2024-11-12 | Preço: R$ 52.83 | Ações: 1420 | Valor líquido: R$ 74950.96
2025-09-10 15:50:12,241 - INFO - COMPRA: 2024-11-19 | Preço: R$ 52.99 | Ações: 1413 | Custo: R$ 74950.96
2025-09-10 15:50:12,241 - INFO - VENDA: 2024-11-27 | Preço: R$ 53.36 | Ações: 1413 | Valor líquido: R$ 75321.57
2025-09-10 15:50:12,241 - INFO - COMPRA: 2024-12-04 | Preço: R$ 52.95 | Ações: 1421 | Custo: R$ 75321.57
2025-09-10 15:50:12,241 - INFO - VENDA: 2024-12-27 | Preço: R$ 51.05 | Ações: 1421 | Valor líquido: R$ 72463.04
2025-09-10 15:50:12,241 - INFO - RESUMO FINAL DO BACKTESTING:
2025-09-10 15:50:12,241 - INFO -   Total de trades: 28
2025-09-10 15:50:12,241 - INFO -   Compras realizadas: 14
2025-09-10 15:50:12,241 - INFO -   Vendas realizadas: 14
2025-09-10 15:50:12,241 - INFO -   Capital inicial: R$ 100,000.00
2025-09-10 15:50:12,241 - INFO -   Capital final: R$ 72,463.04
2025-09-10 15:50:12,241 - INFO -   Cash final: R$ 72,463.04
2025-09-10 15:50:12,241 - INFO -   Ações finais: 0
2025-09-10 15:50:12,241 - INFO -   Retorno total: -27.54%
