2025-09-17 17:40:18,574 - INFO - THRESHOLDS FINANCEIROS: buy=0.85 sell=0.15 hold_min_days=3
2025-09-17 17:40:18,575 - INFO - PROBABILIDADE MÉDIA: 0.384
2025-09-17 17:40:18,576 - INFO - ============================================================
2025-09-17 17:40:18,576 - INFO - INICIANDO BACKTESTING REALISTA
2025-09-17 17:40:18,576 - INFO - ============================================================
2025-09-17 17:40:18,577 - INFO - Tamanho test_df: 251
2025-09-17 17:40:18,577 - INFO - Tamanho predictions: 251
2025-09-17 17:40:18,577 - INFO - Tamanho probabilities: 251
2025-09-17 17:40:18,581 - INFO - Capital inicial: R$ 100,000.00
2025-09-17 17:40:18,582 - INFO - Custo de transação: 0.100%
2025-09-17 17:40:18,599 - INFO - CDI real carregado: 253 dias disponíveis
2025-09-17 17:40:18,600 - INFO - Slippage Dinâmico: 0.2-2.0 bps | Lote: 100 | CDI: Real
2025-09-17 17:40:18,607 - INFO - DISTRIBUIÇÃO DAS PREDIÇÕES:
2025-09-17 17:40:18,608 - INFO -   - Total: 251
2025-09-17 17:40:18,608 - INFO -   - Predições de alta (1): 83
2025-09-17 17:40:18,609 - INFO -   - Predições de baixa (0): 168
2025-09-17 17:40:18,609 - INFO -   - Percentual de alta: 33.1%
2025-09-17 17:40:18,610 - INFO - EXECUÇÃO DOS TRADES:
2025-09-17 17:40:18,610 - INFO - PROGRESSO: Data 2024-01-02 | Pred: 0 | Cash: R$ 100,000.00 | Ações: 0
2025-09-17 17:40:18,616 - INFO - COMPRA: 2024-01-24 | Preço base: R$ 59.57 | Preço exec c/ slippage: R$ 59.58 | Ações: 1600 | Custo: R$ 95418.02 | Prob: 0.921 | Fração: 96.9%
2025-09-17 17:40:18,617 - WARNING - COMPRA REJEITADA: Quantidade calculada = 0 (prob: 0.133, fração: 20.7%)
2025-09-17 17:40:18,618 - WARNING - COMPRA REJEITADA: Quantidade calculada = 0 (prob: 0.520, fração: 44.8%)
2025-09-17 17:40:18,619 - WARNING - COMPRA REJEITADA: Quantidade calculada = 0 (prob: 0.543, fração: 49.0%)
2025-09-17 17:40:18,620 - WARNING - COMPRA REJEITADA: Quantidade calculada = 0 (prob: 0.816, fração: 91.8%)
2025-09-17 17:40:18,620 - WARNING - COMPRA REJEITADA: Quantidade calculada = 0 (prob: 0.300, fração: 23.8%)
2025-09-17 17:40:18,621 - WARNING - COMPRA REJEITADA: Quantidade calculada = 0 (prob: 0.447, fração: 34.3%)
2025-09-17 17:40:18,622 - INFO - VENDA: 2024-02-02 | Preço base: R$ 56.08 | Preço exec c/ slippage: R$ 56.08 | Ações: 1600 | Valor líquido: R$ 89637.24 | Slippage: 0.7 bps
2025-09-17 17:40:18,625 - INFO - COMPRA: 2024-02-16 | Preço base: R$ 57.05 | Preço exec c/ slippage: R$ 57.06 | Ações: 1600 | Custo: R$ 91383.20 | Prob: 0.932 | Fração: 97.2%
2025-09-17 17:40:18,625 - WARNING - COMPRA REJEITADA: Quantidade calculada = 0 (prob: 0.172, fração: 21.1%)
2025-09-17 17:40:18,627 - WARNING - COMPRA REJEITADA: Quantidade calculada = 0 (prob: 0.113, fração: 20.6%)
2025-09-17 17:40:18,628 - WARNING - COMPRA REJEITADA: Quantidade calculada = 0 (prob: 0.220, fração: 21.8%)
2025-09-17 17:40:18,629 - WARNING - COMPRA REJEITADA: Quantidade calculada = 0 (prob: 0.813, fração: 91.5%)
2025-09-17 17:40:18,630 - INFO - VENDA: 2024-02-23 | Preço base: R$ 56.63 | Preço exec c/ slippage: R$ 56.62 | Ações: 1600 | Valor líquido: R$ 90507.78 | Slippage: 0.7 bps
2025-09-17 17:40:18,634 - INFO - PROGRESSO: Data 2024-03-14 | Pred: 0 | Cash: R$ 94,945.25 | Ações: 0
2025-09-17 17:40:18,638 - INFO - COMPRA: 2024-04-08 | Preço base: R$ 56.57 | Preço exec c/ slippage: R$ 56.58 | Ações: 1600 | Custo: R$ 90614.80 | Prob: 0.889 | Fração: 95.8%
2025-09-17 17:40:18,638 - WARNING - COMPRA REJEITADA: Quantidade calculada = 0 (prob: 0.645, fração: 68.9%)
2025-09-17 17:40:18,640 - WARNING - COMPRA REJEITADA: Quantidade calculada = 0 (prob: 0.838, fração: 93.2%)
2025-09-17 17:40:18,641 - WARNING - COMPRA REJEITADA: Quantidade calculada = 0 (prob: 0.441, fração: 33.5%)
2025-09-17 17:40:18,642 - WARNING - COMPRA REJEITADA: Quantidade calculada = 0 (prob: 0.785, fração: 89.1%)
2025-09-17 17:40:18,642 - WARNING - COMPRA REJEITADA: Quantidade calculada = 0 (prob: 0.704, fração: 79.1%)
2025-09-17 17:40:18,644 - WARNING - COMPRA REJEITADA: Quantidade calculada = 0 (prob: 0.674, fração: 74.2%)
2025-09-17 17:40:18,645 - WARNING - COMPRA REJEITADA: Quantidade calculada = 0 (prob: 0.535, fração: 47.4%)
2025-09-17 17:40:18,646 - WARNING - COMPRA REJEITADA: Quantidade calculada = 0 (prob: 0.543, fração: 49.0%)
2025-09-17 17:40:18,647 - WARNING - COMPRA REJEITADA: Quantidade calculada = 0 (prob: 0.641, fração: 68.1%)
2025-09-17 17:40:18,648 - WARNING - COMPRA REJEITADA: Quantidade calculada = 0 (prob: 0.340, fração: 25.6%)
2025-09-17 17:40:18,649 - WARNING - COMPRA REJEITADA: Quantidade calculada = 0 (prob: 0.307, fração: 24.0%)
2025-09-17 17:40:18,649 - WARNING - COMPRA REJEITADA: Quantidade calculada = 0 (prob: 0.609, fração: 61.8%)
2025-09-17 17:40:18,651 - WARNING - COMPRA REJEITADA: Quantidade calculada = 0 (prob: 0.301, fração: 23.8%)
2025-09-17 17:40:18,651 - WARNING - COMPRA REJEITADA: Quantidade calculada = 0 (prob: 0.626, fração: 65.2%)
2025-09-17 17:40:18,653 - WARNING - COMPRA REJEITADA: Quantidade calculada = 0 (prob: 0.602, fração: 60.4%)
2025-09-17 17:40:18,654 - WARNING - COMPRA REJEITADA: Quantidade calculada = 0 (prob: 0.309, fração: 24.1%)
2025-09-17 17:40:18,656 - WARNING - COMPRA REJEITADA: Quantidade calculada = 0 (prob: 0.561, fração: 52.3%)
2025-09-17 17:40:18,657 - WARNING - COMPRA REJEITADA: Quantidade calculada = 0 (prob: 0.278, fração: 23.1%)
2025-09-17 17:40:18,658 - WARNING - COMPRA REJEITADA: Quantidade calculada = 0 (prob: 0.163, fração: 21.0%)
2025-09-17 17:40:18,659 - WARNING - COMPRA REJEITADA: Quantidade calculada = 0 (prob: 0.327, fração: 24.9%)
2025-09-17 17:40:18,660 - WARNING - COMPRA REJEITADA: Quantidade calculada = 0 (prob: 0.300, fração: 23.8%)
2025-09-17 17:40:18,661 - WARNING - COMPRA REJEITADA: Quantidade calculada = 0 (prob: 0.208, fração: 21.6%)
2025-09-17 17:40:18,663 - WARNING - COMPRA REJEITADA: Quantidade calculada = 0 (prob: 0.170, fração: 21.1%)
2025-09-17 17:40:18,665 - INFO - VENDA: 2024-05-13 | Preço base: R$ 57.32 | Preço exec c/ slippage: R$ 57.32 | Ações: 1600 | Valor líquido: R$ 91614.75 | Slippage: 0.7 bps
2025-09-17 17:40:18,668 - INFO - PROGRESSO: Data 2024-05-27 | Pred: 0 | Cash: R$ 96,993.73 | Ações: 0
2025-09-17 17:40:18,673 - INFO - PROGRESSO: Data 2024-08-06 | Pred: 0 | Cash: R$ 98,916.64 | Ações: 0
2025-09-17 17:40:18,676 - INFO - COMPRA: 2024-08-27 | Preço base: R$ 54.71 | Preço exec c/ slippage: R$ 54.72 | Ações: 1700 | Custo: R$ 93114.13 | Prob: 0.948 | Fração: 97.6%
2025-09-17 17:40:18,678 - WARNING - COMPRA REJEITADA: Quantidade calculada = 0 (prob: 0.595, fração: 59.1%)
2025-09-17 17:40:18,679 - WARNING - COMPRA REJEITADA: Quantidade calculada = 0 (prob: 0.128, fração: 20.7%)
2025-09-17 17:40:18,680 - WARNING - COMPRA REJEITADA: Quantidade calculada = 0 (prob: 0.583, fração: 56.6%)
2025-09-17 17:40:18,681 - INFO - VENDA: 2024-09-02 | Preço base: R$ 53.41 | Preço exec c/ slippage: R$ 53.40 | Ações: 1700 | Valor líquido: R$ 90692.63 | Slippage: 0.7 bps
2025-09-17 17:40:18,683 - INFO - COMPRA: 2024-09-11 | Preço base: R$ 53.54 | Preço exec c/ slippage: R$ 53.55 | Ações: 1700 | Custo: R$ 91122.32 | Prob: 0.951 | Fração: 97.7%
2025-09-17 17:40:18,684 - WARNING - COMPRA REJEITADA: Quantidade calculada = 0 (prob: 0.317, fração: 24.5%)
2025-09-17 17:40:18,685 - WARNING - COMPRA REJEITADA: Quantidade calculada = 0 (prob: 0.325, fração: 24.8%)
2025-09-17 17:40:18,685 - WARNING - COMPRA REJEITADA: Quantidade calculada = 0 (prob: 0.647, fração: 69.2%)
2025-09-17 17:40:18,685 - WARNING - COMPRA REJEITADA: Quantidade calculada = 0 (prob: 0.360, fração: 26.6%)
2025-09-17 17:40:18,685 - INFO - VENDA: 2024-09-18 | Preço base: R$ 53.98 | Preço exec c/ slippage: R$ 53.97 | Ações: 1700 | Valor líquido: R$ 91662.94 | Slippage: 0.7 bps
2025-09-17 17:40:18,685 - INFO - COMPRA: 2024-09-24 | Preço base: R$ 55.96 | Preço exec c/ slippage: R$ 55.96 | Ações: 1700 | Custo: R$ 95231.43 | Prob: 0.958 | Fração: 97.8%
2025-09-17 17:40:18,685 - WARNING - COMPRA REJEITADA: Quantidade calculada = 0 (prob: 0.659, fração: 71.5%)
2025-09-17 17:40:18,685 - WARNING - COMPRA REJEITADA: Quantidade calculada = 0 (prob: 0.958, fração: 97.8%)
2025-09-17 17:40:18,685 - WARNING - COMPRA REJEITADA: Quantidade calculada = 0 (prob: 0.760, fração: 86.5%)
2025-09-17 17:40:18,685 - WARNING - COMPRA REJEITADA: Quantidade calculada = 0 (prob: 0.428, fração: 32.1%)
2025-09-17 17:40:18,685 - INFO - VENDA: 2024-10-01 | Preço base: R$ 59.37 | Preço exec c/ slippage: R$ 59.36 | Ações: 1700 | Valor líquido: R$ 100818.29 | Slippage: 0.7 bps
2025-09-17 17:40:18,685 - INFO - PROGRESSO: Data 2024-10-15 | Pred: 0 | Cash: R$ 104,075.74 | Ações: 0
2025-09-17 17:40:18,685 - INFO - COMPRA: 2024-10-16 | Preço base: R$ 56.24 | Preço exec c/ slippage: R$ 56.24 | Ações: 1800 | Custo: R$ 101331.54 | Prob: 0.950 | Fração: 97.7%
2025-09-17 17:40:18,685 - WARNING - COMPRA REJEITADA: Quantidade calculada = 0 (prob: 0.240, fração: 22.1%)
2025-09-17 17:40:18,685 - WARNING - COMPRA REJEITADA: Quantidade calculada = 0 (prob: 0.192, fração: 21.3%)
2025-09-17 17:40:18,685 - WARNING - COMPRA REJEITADA: Quantidade calculada = 0 (prob: 0.349, fração: 26.0%)
2025-09-17 17:40:18,685 - WARNING - COMPRA REJEITADA: Quantidade calculada = 0 (prob: 0.352, fração: 26.2%)
2025-09-17 17:40:18,685 - WARNING - COMPRA REJEITADA: Quantidade calculada = 0 (prob: 0.443, fração: 33.7%)
2025-09-17 17:40:18,685 - WARNING - COMPRA REJEITADA: Quantidade calculada = 0 (prob: 0.229, fração: 21.9%)
2025-09-17 17:40:18,685 - WARNING - COMPRA REJEITADA: Quantidade calculada = 0 (prob: 0.677, fração: 74.6%)
2025-09-17 17:40:18,685 - INFO - VENDA: 2024-10-28 | Preço base: R$ 58.29 | Preço exec c/ slippage: R$ 58.29 | Ações: 1800 | Valor líquido: R$ 104809.94 | Slippage: 0.7 bps
2025-09-17 17:40:18,685 - INFO - COMPRA: 2024-11-07 | Preço base: R$ 57.13 | Preço exec c/ slippage: R$ 57.13 | Ações: 1800 | Custo: R$ 102942.35 | Prob: 0.963 | Fração: 97.9%
2025-09-17 17:40:18,685 - WARNING - COMPRA REJEITADA: Quantidade calculada = 0 (prob: 0.088, fração: 20.5%)
2025-09-17 17:40:18,685 - WARNING - COMPRA REJEITADA: Quantidade calculada = 0 (prob: 0.116, fração: 20.6%)
2025-09-17 17:40:18,685 - WARNING - COMPRA REJEITADA: Quantidade calculada = 0 (prob: 0.464, fração: 36.3%)
2025-09-17 17:40:18,685 - WARNING - COMPRA REJEITADA: Quantidade calculada = 0 (prob: 0.926, fração: 97.0%)
2025-09-17 17:40:18,685 - WARNING - COMPRA REJEITADA: Quantidade calculada = 0 (prob: 0.428, fração: 32.1%)
2025-09-17 17:40:18,685 - WARNING - COMPRA REJEITADA: Quantidade calculada = 0 (prob: 0.640, fração: 67.8%)
2025-09-17 17:40:18,685 - WARNING - COMPRA REJEITADA: Quantidade calculada = 0 (prob: 0.920, fração: 96.9%)
2025-09-17 17:40:18,685 - WARNING - COMPRA REJEITADA: Quantidade calculada = 0 (prob: 0.842, fração: 93.5%)
2025-09-17 17:40:18,685 - WARNING - COMPRA REJEITADA: Quantidade calculada = 0 (prob: 0.803, fração: 90.7%)
2025-09-17 17:40:18,685 - WARNING - COMPRA REJEITADA: Quantidade calculada = 0 (prob: 0.528, fração: 46.1%)
2025-09-17 17:40:18,700 - WARNING - COMPRA REJEITADA: Quantidade calculada = 0 (prob: 0.195, fração: 21.4%)
2025-09-17 17:40:18,700 - WARNING - COMPRA REJEITADA: Quantidade calculada = 0 (prob: 0.380, fração: 28.0%)
2025-09-17 17:40:18,700 - WARNING - COMPRA REJEITADA: Quantidade calculada = 0 (prob: 0.756, fração: 86.1%)
2025-09-17 17:40:18,700 - WARNING - COMPRA REJEITADA: Quantidade calculada = 0 (prob: 0.812, fração: 91.5%)
2025-09-17 17:40:18,700 - WARNING - COMPRA REJEITADA: Quantidade calculada = 0 (prob: 0.389, fração: 28.7%)
2025-09-17 17:40:18,700 - WARNING - COMPRA REJEITADA: Quantidade calculada = 0 (prob: 0.307, fração: 24.1%)
2025-09-17 17:40:18,702 - WARNING - COMPRA REJEITADA: Quantidade calculada = 0 (prob: 0.298, fração: 23.7%)
2025-09-17 17:40:18,702 - INFO - VENDA: 2024-12-05 | Preço base: R$ 52.96 | Preço exec c/ slippage: R$ 52.96 | Ações: 1800 | Valor líquido: R$ 95232.05 | Slippage: 0.7 bps
2025-09-17 17:40:18,702 - INFO - COMPRA: 2024-12-18 | Preço base: R$ 51.16 | Preço exec c/ slippage: R$ 51.16 | Ações: 1800 | Custo: R$ 92183.27 | Prob: 0.863 | Fração: 94.6%
2025-09-17 17:40:18,702 - WARNING - COMPRA REJEITADA: Quantidade calculada = 0 (prob: 0.157, fração: 20.9%)
2025-09-17 17:40:18,702 - WARNING - COMPRA REJEITADA: Quantidade calculada = 0 (prob: 0.154, fração: 20.9%)
2025-09-17 17:40:18,702 - WARNING - COMPRA REJEITADA: Quantidade calculada = 0 (prob: 0.411, fração: 30.5%)
2025-09-17 17:40:18,704 - INFO - COMPRA: 2024-12-26 | Preço base: R$ 50.89 | Preço exec c/ slippage: R$ 50.89 | Ações: 100 | Custo: R$ 5094.25 | Prob: 0.666 | Fração: 72.8%
2025-09-17 17:40:18,704 - WARNING - COMPRA REJEITADA: Quantidade calculada = 0 (prob: 0.477, fração: 38.1%)
2025-09-17 17:40:18,704 - INFO - RESUMO FINAL DO BACKTESTING:
2025-09-17 17:40:18,704 - INFO -   Total de trades: 18
2025-09-17 17:40:18,704 - INFO -   Compras realizadas: 10
2025-09-17 17:40:18,704 - INFO -   Vendas realizadas: 8
2025-09-17 17:40:18,704 - INFO -   Capital inicial: R$ 100,000.00
2025-09-17 17:40:18,704 - INFO -   Capital final: R$ 99,783.63
2025-09-17 17:40:18,704 - INFO -   Cash final: R$ 3,413.51
2025-09-17 17:40:18,704 - INFO -   Ações finais: 1900
2025-09-17 17:40:18,704 - INFO -   Retorno total: -0.22%
