2025-09-10 10:52:17,477 - INFO - THRESHOLDS FINANCEIROS: buy=0.75 sell=0.25 hold_min_days=3
2025-09-10 10:52:17,477 - INFO - PROBABILIDADE MÉDIA: 0.416
2025-09-10 10:52:17,477 - INFO - ============================================================
2025-09-10 10:52:17,477 - INFO - INICIANDO BACKTESTING
2025-09-10 10:52:17,477 - INFO - ============================================================
2025-09-10 10:52:17,477 - INFO - Tamanho test_df: 251
2025-09-10 10:52:17,479 - INFO - Tamanho predictions: 251
2025-09-10 10:52:17,479 - INFO - Capital inicial: R$ 100,000.00
2025-09-10 10:52:17,482 - INFO - Custo de transação: 0.100%
2025-09-10 10:52:17,482 - INFO - DISTRIBUIÇÃO DAS PREDIÇÕES:
2025-09-10 10:52:17,482 - INFO -   - Total: 251
2025-09-10 10:52:17,482 - INFO -   - Predições de alta (1): 42
2025-09-10 10:52:17,482 - INFO -   - Predições de baixa (0): 209
2025-09-10 10:52:17,482 - INFO -   - Percentual de alta: 16.7%
2025-09-10 10:52:17,482 - INFO - EXECUÇÃO DOS TRADES:
2025-09-10 10:52:17,482 - INFO - PROGRESSO: Data 2024-01-02 | Pred: 0 | Cash: R$ 100,000.00 | Ações: 0
2025-09-10 10:52:17,484 - INFO - COMPRA: 2024-01-15 | Preço: R$ 60.93 | Ações: 1639 | Custo: R$ 100000.00
2025-09-10 10:52:17,484 - INFO - COMPRA: 2024-01-16 | Preço: R$ 59.80 | Ações: 0 | Custo: R$ 0.00
2025-09-10 10:52:17,487 - INFO - VENDA: 2024-01-24 | Preço: R$ 59.57 | Ações: 1639 | Valor líquido: R$ 97570.04
2025-09-10 10:52:17,492 - INFO - PROGRESSO: Data 2024-03-14 | Pred: 0 | Cash: R$ 97,570.04 | Ações: 0
2025-09-10 10:52:17,498 - INFO - PROGRESSO: Data 2024-05-27 | Pred: 0 | Cash: R$ 97,570.04 | Ações: 0
2025-09-10 10:52:17,500 - INFO - COMPRA: 2024-06-14 | Preço: R$ 53.38 | Ações: 1826 | Custo: R$ 97570.04
2025-09-10 10:52:17,500 - INFO - VENDA: 2024-06-20 | Preço: R$ 54.26 | Ações: 1826 | Valor líquido: R$ 98980.70
2025-09-10 10:52:17,503 - INFO - PROGRESSO: Data 2024-08-06 | Pred: 0 | Cash: R$ 98,980.70 | Ações: 0
2025-09-10 10:52:17,506 - INFO - COMPRA: 2024-09-02 | Preço: R$ 53.41 | Ações: 1852 | Custo: R$ 98980.70
2025-09-10 10:52:17,509 - INFO - VENDA: 2024-09-06 | Preço: R$ 52.63 | Ações: 1852 | Valor líquido: R$ 97351.06
2025-09-10 10:52:17,509 - INFO - PROGRESSO: Data 2024-10-15 | Pred: 0 | Cash: R$ 97,351.06 | Ações: 0
2025-09-10 10:52:17,515 - INFO - COMPRA: 2024-11-19 | Preço: R$ 52.99 | Ações: 1835 | Custo: R$ 97351.06
2025-09-10 10:52:17,518 - INFO - RESUMO FINAL DO BACKTESTING:
2025-09-10 10:52:17,518 - INFO -   Total de trades: 8
2025-09-10 10:52:17,518 - INFO -   Compras realizadas: 5
2025-09-10 10:52:17,518 - INFO -   Vendas realizadas: 3
2025-09-10 10:52:17,518 - INFO -   Capital inicial: R$ 100,000.00
2025-09-10 10:52:17,518 - INFO -   Capital final: R$ 93,087.76
2025-09-10 10:52:17,518 - INFO -   Cash final: R$ 0.00
2025-09-10 10:52:17,518 - INFO -   Ações finais: 1835
2025-09-10 10:52:17,518 - INFO -   Retorno total: -6.91%
