2025-09-24 10:01:24,225 - INFO - THRESHOLDS FINANCEIROS: buy=0.50 sell=0.05 hold_min_days=3
2025-09-24 10:01:24,225 - INFO - SCORE MÉDIO: -0.056
2025-09-24 10:01:24,225 - INFO - ============================================================
2025-09-24 10:01:24,227 - INFO - INICIANDO BACKTESTING REALISTA
2025-09-24 10:01:24,228 - INFO - ============================================================
2025-09-24 10:01:24,228 - INFO - Tamanho test_df: 251
2025-09-24 10:01:24,228 - INFO - Tamanho predictions: 251
2025-09-24 10:01:24,228 - INFO - Tamanho probabilities: 251
2025-09-24 10:01:24,231 - INFO - Capital inicial: R$ 100,000.00
2025-09-24 10:01:24,231 - INFO - Custo de transação: 0.100%
2025-09-24 10:01:24,242 - INFO - CDI real carregado: 253 dias disponíveis
2025-09-24 10:01:24,242 - INFO - Slippage Dinâmico: 0.2-2.0 bps | Lote: 100 | CDI: Real
2025-09-24 10:01:24,244 - INFO - DISTRIBUIÇÃO DAS PREDIÇÕES:
2025-09-24 10:01:24,244 - INFO -   - Total: 251
2025-09-24 10:01:24,244 - INFO -   - Predições de alta (1): 50
2025-09-24 10:01:24,247 - INFO -   - Predições de baixa (0): 201
2025-09-24 10:01:24,247 - INFO -   - Percentual de alta: 19.9%
2025-09-24 10:01:24,247 - INFO - EXECUÇÃO DOS TRADES:
2025-09-24 10:01:24,247 - INFO - PROGRESSO: Data 2024-01-02 | Pred: 0 | Cash: R$ 100,000.00 | Ações: 0
2025-09-24 10:01:24,251 - INFO - PROGRESSO: Data 2024-03-14 | Pred: 0 | Cash: R$ 100,000.00 | Ações: 0
2025-09-24 10:01:24,257 - INFO - PROGRESSO: Data 2024-05-27 | Pred: 0 | Cash: R$ 100,000.00 | Ações: 0
2025-09-24 10:01:24,261 - INFO - PROGRESSO: Data 2024-08-06 | Pred: 0 | Cash: R$ 100,000.00 | Ações: 0
2025-09-24 10:01:24,261 - INFO - COMPRA: 2024-08-14 | Preço base: R$ 51.52 | Preço exec c/ slippage: R$ 51.52 | Ações: 1500 | Custo: R$ 77357.45 | Prob: 0.704 | Fração: 79.1%
2025-09-24 10:01:24,263 - INFO - COMPRA: 2024-08-15 | Preço base: R$ 51.56 | Preço exec c/ slippage: R$ 51.57 | Ações: 200 | Custo: R$ 10323.47 | Prob: 0.560 | Fração: 52.1%
2025-09-24 10:01:24,263 - INFO - COMPRA: 2024-08-16 | Preço base: R$ 52.09 | Preço exec c/ slippage: R$ 52.09 | Ações: 100 | Custo: R$ 5214.32 | Prob: 0.724 | Fração: 82.1%
2025-09-24 10:01:24,264 - WARNING - COMPRA REJEITADA: Quantidade calculada = 0 (prob: 0.643, fração: 68.5%)
2025-09-24 10:01:24,264 - WARNING - COMPRA REJEITADA: Quantidade calculada = 0 (prob: 0.591, fração: 58.2%)
2025-09-24 10:01:24,264 - WARNING - COMPRA REJEITADA: Quantidade calculada = 0 (prob: 0.626, fração: 65.2%)
2025-09-24 10:01:24,264 - WARNING - COMPRA REJEITADA: Quantidade calculada = 0 (prob: 0.443, fração: 33.8%)
2025-09-24 10:01:24,264 - INFO - VENDA: 2024-08-23 | Preço base: R$ 53.91 | Preço exec c/ slippage: R$ 53.91 | Ações: 1800 | Valor líquido: R$ 96938.86 | Slippage: 0.7 bps
2025-09-24 10:01:24,268 - INFO - COMPRA: 2024-09-23 | Preço base: R$ 55.49 | Preço exec c/ slippage: R$ 55.49 | Ações: 900 | Custo: R$ 49992.96 | Prob: 0.554 | Fração: 50.9%
2025-09-24 10:01:24,268 - INFO - COMPRA: 2024-09-24 | Preço base: R$ 55.96 | Preço exec c/ slippage: R$ 55.96 | Ações: 800 | Custo: R$ 44814.55 | Prob: 0.812 | Fração: 91.4%
2025-09-24 10:01:24,268 - WARNING - COMPRA REJEITADA: Quantidade calculada = 0 (prob: 0.303, fração: 23.9%)
2025-09-24 10:01:24,270 - INFO - COMPRA: 2024-09-26 | Preço base: R$ 59.63 | Preço exec c/ slippage: R$ 59.63 | Ações: 100 | Custo: R$ 5968.97 | Prob: 0.813 | Fração: 91.5%
2025-09-24 10:01:24,270 - WARNING - COMPRA REJEITADA: Quantidade calculada = 0 (prob: 0.303, fração: 23.9%)
2025-09-24 10:01:24,270 - INFO - VENDA: 2024-09-30 | Preço base: R$ 58.52 | Preço exec c/ slippage: R$ 58.52 | Ações: 1800 | Valor líquido: R$ 105224.24 | Slippage: 0.7 bps
2025-09-24 10:01:24,272 - INFO - PROGRESSO: Data 2024-10-15 | Pred: 0 | Cash: R$ 108,491.38 | Ações: 0
2025-09-24 10:01:24,274 - INFO - COMPRA: 2024-10-28 | Preço base: R$ 58.29 | Preço exec c/ slippage: R$ 58.29 | Ações: 1300 | Custo: R$ 75858.21 | Prob: 0.667 | Fração: 72.9%
2025-09-24 10:01:24,274 - INFO - COMPRA: 2024-10-29 | Preço base: R$ 57.60 | Preço exec c/ slippage: R$ 57.60 | Ações: 100 | Custo: R$ 5766.01 | Prob: -0.046 | Fração: 20.1%
2025-09-24 10:01:24,274 - WARNING - COMPRA REJEITADA: Quantidade calculada = 0 (prob: -0.183, fração: 20.0%)
2025-09-24 10:01:24,276 - WARNING - COMPRA REJEITADA: Quantidade calculada = 0 (prob: -0.306, fração: 20.0%)
2025-09-24 10:01:24,276 - INFO - VENDA: 2024-11-01 | Preço base: R$ 57.51 | Preço exec c/ slippage: R$ 57.50 | Ações: 1400 | Valor líquido: R$ 80423.53 | Slippage: 0.7 bps
2025-09-24 10:01:24,276 - INFO - COMPRA: 2024-11-07 | Preço base: R$ 57.13 | Preço exec c/ slippage: R$ 57.13 | Ações: 1500 | Custo: R$ 85785.13 | Prob: 0.744 | Fração: 84.7%
2025-09-24 10:01:24,276 - WARNING - COMPRA REJEITADA: Quantidade calculada = 0 (prob: -0.103, fração: 20.1%)
2025-09-24 10:01:24,276 - WARNING - COMPRA REJEITADA: Quantidade calculada = 0 (prob: -0.249, fração: 20.0%)
2025-09-24 10:01:24,278 - WARNING - COMPRA REJEITADA: Quantidade calculada = 0 (prob: 0.148, fração: 20.9%)
2025-09-24 10:01:24,278 - WARNING - COMPRA REJEITADA: Quantidade calculada = 0 (prob: 0.133, fração: 20.7%)
2025-09-24 10:01:24,278 - WARNING - COMPRA REJEITADA: Quantidade calculada = 0 (prob: 0.275, fração: 23.0%)
2025-09-24 10:01:24,278 - INFO - COMPRA: 2024-11-18 | Preço base: R$ 53.27 | Preço exec c/ slippage: R$ 53.27 | Ações: 100 | Custo: R$ 5332.41 | Prob: 0.425 | Fração: 31.9%
2025-09-24 10:01:24,278 - WARNING - COMPRA REJEITADA: Quantidade calculada = 0 (prob: 0.409, fração: 30.3%)
2025-09-24 10:01:24,280 - WARNING - COMPRA REJEITADA: Quantidade calculada = 0 (prob: 0.422, fração: 31.5%)
2025-09-24 10:01:24,280 - WARNING - COMPRA REJEITADA: Quantidade calculada = 0 (prob: 0.388, fração: 28.6%)
2025-09-24 10:01:24,280 - WARNING - COMPRA REJEITADA: Quantidade calculada = 0 (prob: 0.256, fração: 22.5%)
2025-09-24 10:01:24,280 - WARNING - COMPRA REJEITADA: Quantidade calculada = 0 (prob: 0.112, fração: 20.6%)
2025-09-24 10:01:24,280 - WARNING - COMPRA REJEITADA: Quantidade calculada = 0 (prob: 0.353, fração: 26.2%)
2025-09-24 10:01:24,280 - WARNING - COMPRA REJEITADA: Quantidade calculada = 0 (prob: 0.253, fração: 22.4%)
2025-09-24 10:01:24,282 - INFO - COMPRA: 2024-11-29 | Preço base: R$ 54.24 | Preço exec c/ slippage: R$ 54.24 | Ações: 100 | Custo: R$ 5429.28 | Prob: 0.452 | Fração: 34.9%
2025-09-24 10:01:24,282 - WARNING - COMPRA REJEITADA: Quantidade calculada = 0 (prob: 0.223, fração: 21.8%)
2025-09-24 10:01:24,282 - WARNING - COMPRA REJEITADA: Quantidade calculada = 0 (prob: 0.147, fração: 20.9%)
2025-09-24 10:01:24,282 - WARNING - COMPRA REJEITADA: Quantidade calculada = 0 (prob: 0.156, fração: 20.9%)
2025-09-24 10:01:24,282 - WARNING - COMPRA REJEITADA: Quantidade calculada = 0 (prob: 0.335, fração: 25.3%)
2025-09-24 10:01:24,282 - WARNING - COMPRA REJEITADA: Quantidade calculada = 0 (prob: 0.215, fração: 21.7%)
2025-09-24 10:01:24,282 - INFO - COMPRA: 2024-12-09 | Preço base: R$ 55.06 | Preço exec c/ slippage: R$ 55.06 | Ações: 100 | Custo: R$ 5511.38 | Prob: 0.719 | Fração: 81.4%
2025-09-24 10:01:24,284 - WARNING - COMPRA REJEITADA: Quantidade calculada = 0 (prob: 0.469, fração: 37.0%)
2025-09-24 10:01:24,284 - WARNING - COMPRA REJEITADA: Quantidade calculada = 0 (prob: 0.167, fração: 21.0%)
2025-09-24 10:01:24,284 - WARNING - COMPRA REJEITADA: Quantidade calculada = 0 (prob: 0.406, fração: 30.1%)
2025-09-24 10:01:24,284 - WARNING - COMPRA REJEITADA: Quantidade calculada = 0 (prob: 0.468, fração: 36.9%)
2025-09-24 10:01:24,284 - WARNING - COMPRA REJEITADA: Quantidade calculada = 0 (prob: 0.557, fração: 51.6%)
2025-09-24 10:01:24,286 - WARNING - COMPRA REJEITADA: Quantidade calculada = 0 (prob: 0.633, fração: 66.5%)
2025-09-24 10:01:24,286 - WARNING - COMPRA REJEITADA: Quantidade calculada = 0 (prob: 0.550, fração: 50.2%)
2025-09-24 10:01:24,286 - WARNING - COMPRA REJEITADA: Quantidade calculada = 0 (prob: 0.425, fração: 31.8%)
2025-09-24 10:01:24,288 - WARNING - COMPRA REJEITADA: Quantidade calculada = 0 (prob: 0.537, fração: 47.9%)
2025-09-24 10:01:24,288 - WARNING - COMPRA REJEITADA: Quantidade calculada = 0 (prob: 0.495, fração: 40.7%)
2025-09-24 10:01:24,288 - WARNING - COMPRA REJEITADA: Quantidade calculada = 0 (prob: 0.486, fração: 39.4%)
2025-09-24 10:01:24,288 - WARNING - COMPRA REJEITADA: Quantidade calculada = 0 (prob: 0.345, fração: 25.8%)
2025-09-24 10:01:24,288 - INFO - RESUMO FINAL DO BACKTESTING:
2025-09-24 10:01:24,288 - INFO -   Total de trades: 15
2025-09-24 10:01:24,290 - INFO -   Compras realizadas: 12
2025-09-24 10:01:24,290 - INFO -   Vendas realizadas: 3
2025-09-24 10:01:24,290 - INFO -   Capital inicial: R$ 100,000.00
2025-09-24 10:01:24,290 - INFO -   Capital final: R$ 96,530.48
2025-09-24 10:01:24,290 - INFO -   Cash final: R$ 5,232.47
2025-09-24 10:01:24,290 - INFO -   Ações finais: 1800
2025-09-24 10:01:24,290 - INFO -   Retorno total: -3.47%
