2025-09-10 11:12:45,070 - INFO - THRESHOLDS FINANCEIROS: buy=0.55 sell=0.25 hold_min_days=3
2025-09-10 11:12:45,070 - INFO - PROBABILIDADE MÉDIA: 0.432
2025-09-10 11:12:45,071 - INFO - ============================================================
2025-09-10 11:12:45,071 - INFO - INICIANDO BACKTESTING
2025-09-10 11:12:45,071 - INFO - ============================================================
2025-09-10 11:12:45,071 - INFO - Tamanho test_df: 251
2025-09-10 11:12:45,071 - INFO - Tamanho predictions: 251
2025-09-10 11:12:45,071 - INFO - Capital inicial: R$ 100,000.00
2025-09-10 11:12:45,074 - INFO - Custo de transação: 0.100%
2025-09-10 11:12:45,074 - INFO - DISTRIBUIÇÃO DAS PREDIÇÕES:
2025-09-10 11:12:45,074 - INFO -   - Total: 251
2025-09-10 11:12:45,075 - INFO -   - Predições de alta (1): 153
2025-09-10 11:12:45,075 - INFO -   - Predições de baixa (0): 98
2025-09-10 11:12:45,075 - INFO -   - Percentual de alta: 61.0%
2025-09-10 11:12:45,075 - INFO - EXECUÇÃO DOS TRADES:
2025-09-10 11:12:45,075 - INFO - PROGRESSO: Data 2024-01-02 | Pred: 0 | Cash: R$ 100,000.00 | Ações: 0
2025-09-10 11:12:45,077 - INFO - COMPRA: 2024-01-15 | Preço: R$ 60.93 | Ações: 1639 | Custo: R$ 100000.00
2025-09-10 11:12:45,077 - INFO - COMPRA: 2024-01-16 | Preço: R$ 59.80 | Ações: 0 | Custo: R$ 0.00
2025-09-10 11:12:45,078 - INFO - VENDA: 2024-01-25 | Preço: R$ 57.79 | Ações: 1639 | Valor líquido: R$ 94642.95
2025-09-10 11:12:45,079 - INFO - COMPRA: 2024-02-05 | Preço: R$ 56.23 | Ações: 1682 | Custo: R$ 94642.95
2025-09-10 11:12:45,080 - INFO - VENDA: 2024-02-16 | Preço: R$ 57.05 | Ações: 1682 | Valor líquido: R$ 95840.56
2025-09-10 11:12:45,081 - INFO - COMPRA: 2024-03-04 | Preço: R$ 56.17 | Ações: 1705 | Custo: R$ 95840.56
2025-09-10 11:12:45,083 - INFO - PROGRESSO: Data 2024-03-14 | Pred: 1 | Cash: R$ 0.00 | Ações: 1705
2025-09-10 11:12:45,084 - INFO - VENDA: 2024-03-27 | Preço: R$ 53.90 | Ações: 1705 | Valor líquido: R$ 91782.01
2025-09-10 11:12:45,087 - INFO - COMPRA: 2024-04-22 | Preço: R$ 55.71 | Ações: 1646 | Custo: R$ 91782.01
2025-09-10 11:12:45,089 - INFO - VENDA: 2024-05-21 | Preço: R$ 58.68 | Ações: 1646 | Valor líquido: R$ 96481.16
2025-09-10 11:12:45,089 - INFO - PROGRESSO: Data 2024-05-27 | Pred: 0 | Cash: R$ 96,481.16 | Ações: 0
2025-09-10 11:12:45,092 - INFO - COMPRA: 2024-07-04 | Preço: R$ 56.28 | Ações: 1713 | Custo: R$ 96481.16
2025-09-10 11:12:45,095 - INFO - PROGRESSO: Data 2024-08-06 | Pred: 1 | Cash: R$ 0.00 | Ações: 1713
2025-09-10 11:12:45,097 - INFO - VENDA: 2024-08-21 | Preço: R$ 53.67 | Ações: 1713 | Valor líquido: R$ 91827.71
2025-09-10 11:12:45,097 - INFO - COMPRA: 2024-08-30 | Preço: R$ 54.21 | Ações: 1692 | Custo: R$ 91827.71
2025-09-10 11:12:45,097 - INFO - COMPRA: 2024-09-02 | Preço: R$ 53.41 | Ações: 0 | Custo: R$ 0.00
2025-09-10 11:12:45,098 - INFO - COMPRA: 2024-09-03 | Preço: R$ 52.25 | Ações: 0 | Custo: R$ 0.00
2025-09-10 11:12:45,100 - INFO - VENDA: 2024-09-30 | Preço: R$ 58.52 | Ações: 1692 | Valor líquido: R$ 98935.89
2025-09-10 11:12:45,102 - INFO - PROGRESSO: Data 2024-10-15 | Pred: 0 | Cash: R$ 98,935.89 | Ações: 0
2025-09-10 11:12:45,103 - INFO - COMPRA: 2024-10-22 | Preço: R$ 55.19 | Ações: 1791 | Custo: R$ 98935.89
2025-09-10 11:12:45,108 - INFO - RESUMO FINAL DO BACKTESTING:
2025-09-10 11:12:45,109 - INFO -   Total de trades: 16
2025-09-10 11:12:45,109 - INFO -   Compras realizadas: 10
2025-09-10 11:12:45,109 - INFO -   Vendas realizadas: 6
2025-09-10 11:12:45,109 - INFO -   Capital inicial: R$ 100,000.00
2025-09-10 11:12:45,109 - INFO -   Capital final: R$ 90,827.92
2025-09-10 11:12:45,109 - INFO -   Cash final: R$ 0.00
2025-09-10 11:12:45,109 - INFO -   Ações finais: 1791
2025-09-10 11:12:45,109 - INFO -   Retorno total: -9.17%
