2025-09-10 10:36:46,430 - INFO - THRESHOLDS FINANCEIROS: buy=0.55 sell=0.20 hold_min_days=3
2025-09-10 10:36:46,430 - INFO - PROBABILIDADE MÉDIA: 0.481
2025-09-10 10:36:46,430 - INFO - ============================================================
2025-09-10 10:36:46,430 - INFO - INICIANDO BACKTESTING
2025-09-10 10:36:46,431 - INFO - ============================================================
2025-09-10 10:36:46,431 - INFO - Tamanho test_df: 251
2025-09-10 10:36:46,431 - INFO - Tamanho predictions: 251
2025-09-10 10:36:46,431 - INFO - Capital inicial: R$ 100,000.00
2025-09-10 10:36:46,434 - INFO - Custo de transação: 0.100%
2025-09-10 10:36:46,434 - INFO - DISTRIBUIÇÃO DAS PREDIÇÕES:
2025-09-10 10:36:46,434 - INFO -   - Total: 251
2025-09-10 10:36:46,434 - INFO -   - Predições de alta (1): 172
2025-09-10 10:36:46,434 - INFO -   - Predições de baixa (0): 79
2025-09-10 10:36:46,434 - INFO -   - Percentual de alta: 68.5%
2025-09-10 10:36:46,434 - INFO - EXECUÇÃO DOS TRADES:
2025-09-10 10:36:46,436 - INFO - PROGRESSO: Data 2024-01-02 | Pred: 0 | Cash: R$ 100,000.00 | Ações: 0
2025-09-10 10:36:46,438 - INFO - COMPRA: 2024-01-15 | Preço: R$ 60.93 | Ações: 1639 | Custo: R$ 100000.00
2025-09-10 10:36:46,440 - INFO - COMPRA: 2024-01-16 | Preço: R$ 59.80 | Ações: 0 | Custo: R$ 0.00
2025-09-10 10:36:46,440 - INFO - VENDA: 2024-01-24 | Preço: R$ 59.57 | Ações: 1639 | Valor líquido: R$ 97570.04
2025-09-10 10:36:46,442 - INFO - COMPRA: 2024-02-01 | Preço: R$ 57.24 | Ações: 1703 | Custo: R$ 97570.04
2025-09-10 10:36:46,442 - INFO - VENDA: 2024-02-07 | Preço: R$ 57.44 | Ações: 1703 | Valor líquido: R$ 97708.06
2025-09-10 10:36:46,444 - INFO - COMPRA: 2024-02-28 | Preço: R$ 56.64 | Ações: 1723 | Custo: R$ 97708.06
2025-09-10 10:36:46,445 - INFO - VENDA: 2024-03-07 | Preço: R$ 56.34 | Ações: 1723 | Valor líquido: R$ 96999.99
2025-09-10 10:36:46,446 - INFO - PROGRESSO: Data 2024-03-14 | Pred: 1 | Cash: R$ 96,999.99 | Ações: 0
2025-09-10 10:36:46,446 - INFO - COMPRA: 2024-03-14 | Preço: R$ 53.44 | Ações: 1813 | Custo: R$ 96999.99
2025-09-10 10:36:46,446 - INFO - VENDA: 2024-03-20 | Preço: R$ 55.51 | Ações: 1813 | Valor líquido: R$ 100559.24
2025-09-10 10:36:46,448 - INFO - COMPRA: 2024-04-04 | Preço: R$ 53.60 | Ações: 1874 | Custo: R$ 100559.24
2025-09-10 10:36:46,450 - INFO - VENDA: 2024-05-02 | Preço: R$ 57.05 | Ações: 1874 | Valor líquido: R$ 106834.65
2025-09-10 10:36:46,452 - INFO - COMPRA: 2024-05-17 | Preço: R$ 58.81 | Ações: 1815 | Custo: R$ 106834.65
2025-09-10 10:36:46,452 - INFO - VENDA: 2024-05-23 | Preço: R$ 57.79 | Ações: 1815 | Valor líquido: R$ 104783.46
2025-09-10 10:36:46,452 - INFO - PROGRESSO: Data 2024-05-27 | Pred: 0 | Cash: R$ 104,783.46 | Ações: 0
2025-09-10 10:36:46,454 - WARNING - COMPRA REJEITADA: Cash insuficiente (R$ 104783.46 < R$ 104783.46)
2025-09-10 10:36:46,456 - WARNING - COMPRA REJEITADA: Cash insuficiente (R$ 104783.46 < R$ 104783.46)
2025-09-10 10:36:46,456 - INFO - COMPRA: 2024-06-05 | Preço: R$ 54.03 | Ações: 1937 | Custo: R$ 104783.46
2025-09-10 10:36:46,461 - INFO - PROGRESSO: Data 2024-08-06 | Pred: 1 | Cash: R$ 0.00 | Ações: 1937
2025-09-10 10:36:46,468 - INFO - VENDA: 2024-10-08 | Preço: R$ 55.91 | Ações: 1937 | Valor líquido: R$ 108215.89
2025-09-10 10:36:46,468 - INFO - PROGRESSO: Data 2024-10-15 | Pred: 0 | Cash: R$ 108,215.89 | Ações: 0
2025-09-10 10:36:46,470 - INFO - COMPRA: 2024-10-17 | Preço: R$ 56.39 | Ações: 1917 | Custo: R$ 108215.89
2025-09-10 10:36:46,471 - INFO - VENDA: 2024-10-23 | Preço: R$ 54.69 | Ações: 1917 | Valor líquido: R$ 104734.44
2025-09-10 10:36:46,472 - INFO - COMPRA: 2024-10-29 | Preço: R$ 57.60 | Ações: 1817 | Custo: R$ 104734.44
2025-09-10 10:36:46,474 - INFO - VENDA: 2024-12-06 | Preço: R$ 53.91 | Ações: 1817 | Valor líquido: R$ 97835.57
2025-09-10 10:36:46,476 - INFO - COMPRA: 2024-12-12 | Preço: R$ 52.52 | Ações: 1861 | Custo: R$ 97835.57
2025-09-10 10:36:46,476 - INFO - VENDA: 2024-12-23 | Preço: R$ 51.00 | Ações: 1861 | Valor líquido: R$ 94822.22
2025-09-10 10:36:46,478 - INFO - RESUMO FINAL DO BACKTESTING:
2025-09-10 10:36:46,478 - INFO -   Total de trades: 21
2025-09-10 10:36:46,478 - INFO -   Compras realizadas: 11
2025-09-10 10:36:46,478 - INFO -   Vendas realizadas: 10
2025-09-10 10:36:46,478 - INFO -   Capital inicial: R$ 100,000.00
2025-09-10 10:36:46,478 - INFO -   Capital final: R$ 94,822.22
2025-09-10 10:36:46,479 - INFO -   Cash final: R$ 94,822.22
2025-09-10 10:36:46,479 - INFO -   Ações finais: 0
2025-09-10 10:36:46,479 - INFO -   Retorno total: -5.18%
