2025-09-01 23:46:45,087 - INFO - THRESHOLD OTIMIZADO: 0.500
2025-09-01 23:46:45,087 - INFO - F1-SCORE VALIDAÇÃO: 0.174
2025-09-01 23:46:45,089 - INFO - PROBABILIDADES MÉDIAS: Alta=0.050, Baixa=0.950
2025-09-01 23:46:45,089 - INFO - ============================================================
2025-09-01 23:46:45,091 - INFO - INICIANDO BACKTESTING
2025-09-01 23:46:45,091 - INFO - ============================================================
2025-09-01 23:46:45,091 - INFO - Tamanho test_df: 251
2025-09-01 23:46:45,093 - INFO - Tamanho predictions: 251
2025-09-01 23:46:45,093 - INFO - Capital inicial: R$ 100,000.00
2025-09-01 23:46:45,097 - INFO - Custo de transação: 0.100%
2025-09-01 23:46:45,098 - INFO - DISTRIBUIÇÃO DAS PREDIÇÕES:
2025-09-01 23:46:45,099 - INFO -   - Total: 251
2025-09-01 23:46:45,101 - INFO -   - Predições de alta (1): 0
2025-09-01 23:46:45,101 - INFO -   - Predições de baixa (0): 251
2025-09-01 23:46:45,101 - INFO -   - Percentual de alta: 0.0%
2025-09-01 23:46:45,101 - INFO - EXECUÇÃO DOS TRADES:
2025-09-01 23:46:45,101 - INFO - PROGRESSO: Data 2024-01-02 | Pred: 0 | Cash: R$ 100,000.00 | Ações: 0
2025-09-01 23:46:45,105 - INFO - PROGRESSO: Data 2024-03-14 | Pred: 0 | Cash: R$ 100,000.00 | Ações: 0
2025-09-01 23:46:45,111 - INFO - PROGRESSO: Data 2024-05-27 | Pred: 0 | Cash: R$ 100,000.00 | Ações: 0
2025-09-01 23:46:45,114 - INFO - PROGRESSO: Data 2024-08-06 | Pred: 0 | Cash: R$ 100,000.00 | Ações: 0
2025-09-01 23:46:45,118 - INFO - PROGRESSO: Data 2024-10-15 | Pred: 0 | Cash: R$ 100,000.00 | Ações: 0
2025-09-01 23:46:45,123 - INFO - RESUMO FINAL DO BACKTESTING:
2025-09-01 23:46:45,123 - INFO -   Total de trades: 0
2025-09-01 23:46:45,123 - INFO -   Compras realizadas: 0
2025-09-01 23:46:45,123 - INFO -   Vendas realizadas: 0
2025-09-01 23:46:45,123 - INFO -   Capital inicial: R$ 100,000.00
2025-09-01 23:46:45,123 - INFO -   Capital final: R$ 100,000.00
2025-09-01 23:46:45,123 - INFO -   Cash final: R$ 100,000.00
2025-09-01 23:46:45,123 - INFO -   Ações finais: 0
2025-09-01 23:46:45,123 - INFO -   Retorno total: +0.00%
2025-09-01 23:46:45,123 - WARNING - AVISO: Nenhum trade foi executado!
2025-09-01 23:46:45,123 - WARNING -   - Verificar se há predições de alta (1) nas predições
2025-09-01 23:46:45,125 - WARNING -   - Verificar se há predições de baixa (0) quando há ações
2025-09-01 23:46:45,125 - WARNING -   - Verificar se os dados têm variação suficiente
