2025-09-09 10:55:21,473 - INFO - THRESHOLDS FINANCEIROS: buy=0.80 sell=0.30 hold_min_days=3
2025-09-09 10:55:21,474 - INFO - PROBABILIDADE MÉDIA: 0.301
2025-09-09 10:55:21,475 - INFO - ============================================================
2025-09-09 10:55:21,475 - INFO - INICIANDO BACKTESTING
2025-09-09 10:55:21,476 - INFO - ============================================================
2025-09-09 10:55:21,476 - INFO - Tamanho test_df: 251
2025-09-09 10:55:21,476 - INFO - Tamanho predictions: 251
2025-09-09 10:55:21,476 - INFO - Capital inicial: R$ 100,000.00
2025-09-09 10:55:21,478 - INFO - Custo de transação: 0.100%
2025-09-09 10:55:21,479 - INFO - DISTRIBUIÇÃO DAS PREDIÇÕES:
2025-09-09 10:55:21,479 - INFO -   - Total: 251
2025-09-09 10:55:21,479 - INFO -   - Predições de alta (1): 28
2025-09-09 10:55:21,479 - INFO -   - Predições de baixa (0): 223
2025-09-09 10:55:21,479 - INFO -   - Percentual de alta: 11.2%
2025-09-09 10:55:21,481 - INFO - EXECUÇÃO DOS TRADES:
2025-09-09 10:55:21,482 - INFO - PROGRESSO: Data 2024-01-02 | Pred: 0 | Cash: R$ 100,000.00 | Ações: 0
2025-09-09 10:55:21,485 - WARNING - COMPRA REJEITADA: Cash insuficiente (R$ 100000.00 < R$ 100000.00)
2025-09-09 10:55:21,485 - INFO - COMPRA: 2024-01-08 | Preço: R$ 22.71 | Ações: 4400 | Custo: R$ 100000.00
2025-09-09 10:55:21,485 - INFO - COMPRA: 2024-01-09 | Preço: R$ 22.78 | Ações: 0 | Custo: R$ 0.00
2025-09-09 10:55:21,485 - INFO - COMPRA: 2024-01-10 | Preço: R$ 23.03 | Ações: 0 | Custo: R$ 0.00
2025-09-09 10:55:21,487 - INFO - VENDA: 2024-01-18 | Preço: R$ 23.02 | Ações: 4400 | Valor líquido: R$ 101179.65
2025-09-09 10:55:21,490 - INFO - COMPRA: 2024-03-11 | Preço: R$ 23.77 | Ações: 4252 | Custo: R$ 101179.65
2025-09-09 10:55:21,492 - INFO - PROGRESSO: Data 2024-03-14 | Pred: 1 | Cash: R$ 0.00 | Ações: 4252
2025-09-09 10:55:21,494 - INFO - VENDA: 2024-03-21 | Preço: R$ 23.33 | Ações: 4252 | Valor líquido: R$ 99103.26
2025-09-09 10:55:21,499 - INFO - PROGRESSO: Data 2024-05-27 | Pred: 0 | Cash: R$ 99,103.26 | Ações: 0
2025-09-09 10:55:21,507 - INFO - PROGRESSO: Data 2024-08-06 | Pred: 0 | Cash: R$ 99,103.26 | Ações: 0
2025-09-09 10:55:21,511 - INFO - COMPRA: 2024-09-13 | Preço: R$ 26.00 | Ações: 3808 | Custo: R$ 99103.26
2025-09-09 10:55:21,511 - INFO - VENDA: 2024-09-24 | Preço: R$ 26.22 | Ações: 3808 | Valor líquido: R$ 99752.76
2025-09-09 10:55:21,515 - INFO - COMPRA: 2024-10-11 | Preço: R$ 24.95 | Ações: 3994 | Custo: R$ 99752.76
2025-09-09 10:55:21,515 - INFO - PROGRESSO: Data 2024-10-15 | Pred: 1 | Cash: R$ 0.00 | Ações: 3994
2025-09-09 10:55:21,517 - INFO - VENDA: 2024-10-17 | Preço: R$ 25.97 | Ações: 3994 | Valor líquido: R$ 103619.58
2025-09-09 10:55:21,521 - INFO - RESUMO FINAL DO BACKTESTING:
2025-09-09 10:55:21,523 - INFO -   Total de trades: 10
2025-09-09 10:55:21,523 - INFO -   Compras realizadas: 6
2025-09-09 10:55:21,523 - INFO -   Vendas realizadas: 4
2025-09-09 10:55:21,523 - INFO -   Capital inicial: R$ 100,000.00
2025-09-09 10:55:21,523 - INFO -   Capital final: R$ 103,619.58
2025-09-09 10:55:21,523 - INFO -   Cash final: R$ 103,619.58
2025-09-09 10:55:21,524 - INFO -   Ações finais: 0
2025-09-09 10:55:21,524 - INFO -   Retorno total: +3.62%
