2025-09-17 17:40:20,019 - INFO - THRESHOLDS FINANCEIROS: buy=0.55 sell=0.15 hold_min_days=3
2025-09-17 17:40:20,019 - INFO - PROBABILIDADE MÉDIA: 0.464
2025-09-17 17:40:20,019 - INFO - ============================================================
2025-09-17 17:40:20,020 - INFO - INICIANDO BACKTESTING REALISTA
2025-09-17 17:40:20,020 - INFO - ============================================================
2025-09-17 17:40:20,020 - INFO - Tamanho test_df: 251
2025-09-17 17:40:20,020 - INFO - Tamanho predictions: 251
2025-09-17 17:40:20,020 - INFO - Tamanho probabilities: 251
2025-09-17 17:40:20,021 - INFO - Capital inicial: R$ 100,000.00
2025-09-17 17:40:20,024 - INFO - Custo de transação: 0.100%
2025-09-17 17:40:20,040 - INFO - CDI real carregado: 253 dias disponíveis
2025-09-17 17:40:20,040 - INFO - Slippage Dinâmico: 0.2-2.0 bps | Lote: 100 | CDI: Real
2025-09-17 17:40:20,048 - INFO - DISTRIBUIÇÃO DAS PREDIÇÕES:
2025-09-17 17:40:20,048 - INFO -   - Total: 251
2025-09-17 17:40:20,049 - INFO -   - Predições de alta (1): 182
2025-09-17 17:40:20,050 - INFO -   - Predições de baixa (0): 69
2025-09-17 17:40:20,050 - INFO -   - Percentual de alta: 72.5%
2025-09-17 17:40:20,050 - INFO - EXECUÇÃO DOS TRADES:
2025-09-17 17:40:20,051 - INFO - PROGRESSO: Data 2024-01-02 | Pred: 0 | Cash: R$ 100,000.00 | Ações: 0
2025-09-17 17:40:20,054 - INFO - COMPRA: 2024-01-12 | Preço base: R$ 23.08 | Preço exec c/ slippage: R$ 23.08 | Ações: 3000 | Custo: R$ 69322.68 | Prob: 0.648 | Fração: 69.4%
2025-09-17 17:40:20,055 - INFO - COMPRA: 2024-01-15 | Preço base: R$ 22.85 | Preço exec c/ slippage: R$ 22.85 | Ações: 800 | Custo: R$ 18296.59 | Prob: 0.610 | Fração: 62.0%
2025-09-17 17:40:20,056 - INFO - COMPRA: 2024-01-16 | Preço base: R$ 23.01 | Preço exec c/ slippage: R$ 23.01 | Ações: 300 | Custo: R$ 6908.97 | Prob: 0.609 | Fração: 61.8%
2025-09-17 17:40:20,056 - INFO - COMPRA: 2024-01-17 | Preço base: R$ 23.18 | Preço exec c/ slippage: R$ 23.18 | Ações: 200 | Custo: R$ 4640.58 | Prob: 0.763 | Fração: 86.9%
2025-09-17 17:40:20,058 - WARNING - COMPRA REJEITADA: Quantidade calculada = 0 (prob: 0.666, fração: 72.8%)
2025-09-17 17:40:20,058 - WARNING - COMPRA REJEITADA: Quantidade calculada = 0 (prob: 0.525, fração: 45.6%)
2025-09-17 17:40:20,060 - WARNING - COMPRA REJEITADA: Quantidade calculada = 0 (prob: 0.469, fração: 36.9%)
2025-09-17 17:40:20,060 - WARNING - COMPRA REJEITADA: Quantidade calculada = 0 (prob: 0.453, fração: 34.9%)
2025-09-17 17:40:20,062 - WARNING - COMPRA REJEITADA: Quantidade calculada = 0 (prob: 0.450, fração: 34.6%)
2025-09-17 17:40:20,063 - WARNING - COMPRA REJEITADA: Quantidade calculada = 0 (prob: 0.410, fração: 30.4%)
2025-09-17 17:40:20,064 - WARNING - COMPRA REJEITADA: Quantidade calculada = 0 (prob: 0.479, fração: 38.4%)
2025-09-17 17:40:20,064 - WARNING - COMPRA REJEITADA: Quantidade calculada = 0 (prob: 0.282, fração: 23.2%)
2025-09-17 17:40:20,065 - WARNING - COMPRA REJEITADA: Quantidade calculada = 0 (prob: 0.285, fração: 23.3%)
2025-09-17 17:40:20,066 - WARNING - COMPRA REJEITADA: Quantidade calculada = 0 (prob: 0.859, fração: 94.4%)
2025-09-17 17:40:20,066 - WARNING - COMPRA REJEITADA: Quantidade calculada = 0 (prob: 0.622, fração: 64.3%)
2025-09-17 17:40:20,068 - WARNING - COMPRA REJEITADA: Quantidade calculada = 0 (prob: 0.487, fração: 39.5%)
2025-09-17 17:40:20,068 - WARNING - COMPRA REJEITADA: Quantidade calculada = 0 (prob: 0.642, fração: 68.2%)
2025-09-17 17:40:20,071 - WARNING - COMPRA REJEITADA: Quantidade calculada = 0 (prob: 0.954, fração: 97.8%)
2025-09-17 17:40:20,071 - WARNING - COMPRA REJEITADA: Quantidade calculada = 0 (prob: 0.608, fração: 61.6%)
2025-09-17 17:40:20,073 - WARNING - COMPRA REJEITADA: Quantidade calculada = 0 (prob: 0.152, fração: 20.9%)
2025-09-17 17:40:20,074 - WARNING - COMPRA REJEITADA: Quantidade calculada = 0 (prob: 0.321, fração: 24.6%)
2025-09-17 17:40:20,075 - WARNING - COMPRA REJEITADA: Quantidade calculada = 0 (prob: 0.949, fração: 97.6%)
2025-09-17 17:40:20,075 - WARNING - COMPRA REJEITADA: Quantidade calculada = 0 (prob: 0.278, fração: 23.1%)
2025-09-17 17:40:20,077 - INFO - VENDA: 2024-02-16 | Preço base: R$ 23.78 | Preço exec c/ slippage: R$ 23.78 | Ações: 4300 | Valor líquido: R$ 102138.36 | Slippage: 0.7 bps
2025-09-17 17:40:20,079 - INFO - COMPRA: 2024-02-22 | Preço base: R$ 25.64 | Preço exec c/ slippage: R$ 25.65 | Ações: 3900 | Custo: R$ 100116.88 | Prob: 0.952 | Fração: 97.7%
2025-09-17 17:40:20,079 - WARNING - COMPRA REJEITADA: Quantidade calculada = 0 (prob: 0.435, fração: 32.9%)
2025-09-17 17:40:20,081 - WARNING - COMPRA REJEITADA: Quantidade calculada = 0 (prob: 0.072, fração: 20.4%)
2025-09-17 17:40:20,081 - WARNING - COMPRA REJEITADA: Quantidade calculada = 0 (prob: 0.430, fração: 32.4%)
2025-09-17 17:40:20,083 - INFO - VENDA: 2024-02-28 | Preço base: R$ 25.32 | Preço exec c/ slippage: R$ 25.31 | Ações: 3900 | Valor líquido: R$ 98626.23 | Slippage: 0.7 bps
2025-09-17 17:40:20,085 - INFO - COMPRA: 2024-03-07 | Preço base: R$ 23.91 | Preço exec c/ slippage: R$ 23.91 | Ações: 4100 | Custo: R$ 98119.90 | Prob: 0.915 | Fração: 96.7%
2025-09-17 17:40:20,085 - WARNING - COMPRA REJEITADA: Quantidade calculada = 0 (prob: 0.199, fração: 21.4%)
2025-09-17 17:40:20,087 - WARNING - COMPRA REJEITADA: Quantidade calculada = 0 (prob: 0.262, fração: 22.6%)
2025-09-17 17:40:20,088 - WARNING - COMPRA REJEITADA: Quantidade calculada = 0 (prob: 0.305, fração: 24.0%)
2025-09-17 17:40:20,088 - WARNING - COMPRA REJEITADA: Quantidade calculada = 0 (prob: 0.349, fração: 26.0%)
2025-09-17 17:40:20,089 - INFO - PROGRESSO: Data 2024-03-14 | Pred: 1 | Cash: R$ 4,186.73 | Ações: 4100
2025-09-17 17:40:20,089 - INFO - COMPRA: 2024-03-14 | Preço base: R$ 24.22 | Preço exec c/ slippage: R$ 24.22 | Ações: 100 | Custo: R$ 2424.10 | Prob: 0.610 | Fração: 62.0%
2025-09-17 17:40:20,089 - WARNING - COMPRA REJEITADA: Quantidade calculada = 0 (prob: 0.198, fração: 21.4%)
2025-09-17 17:40:20,091 - WARNING - COMPRA REJEITADA: Quantidade calculada = 0 (prob: 0.647, fração: 69.2%)
2025-09-17 17:40:20,092 - WARNING - COMPRA REJEITADA: Quantidade calculada = 0 (prob: 0.286, fração: 23.3%)
2025-09-17 17:40:20,093 - WARNING - COMPRA REJEITADA: Quantidade calculada = 0 (prob: 0.493, fração: 40.4%)
2025-09-17 17:40:20,094 - WARNING - COMPRA REJEITADA: Quantidade calculada = 0 (prob: 0.523, fração: 45.4%)
2025-09-17 17:40:20,095 - WARNING - COMPRA REJEITADA: Quantidade calculada = 0 (prob: 0.643, fração: 68.4%)
2025-09-17 17:40:20,095 - WARNING - COMPRA REJEITADA: Quantidade calculada = 0 (prob: 0.258, fração: 22.5%)
2025-09-17 17:40:20,095 - WARNING - COMPRA REJEITADA: Quantidade calculada = 0 (prob: 0.530, fração: 46.5%)
2025-09-17 17:40:20,097 - WARNING - COMPRA REJEITADA: Quantidade calculada = 0 (prob: 0.501, fração: 41.7%)
2025-09-17 17:40:20,097 - WARNING - COMPRA REJEITADA: Quantidade calculada = 0 (prob: 0.538, fração: 48.1%)
2025-09-17 17:40:20,099 - WARNING - COMPRA REJEITADA: Quantidade calculada = 0 (prob: 0.674, fração: 74.2%)
2025-09-17 17:40:20,102 - WARNING - COMPRA REJEITADA: Quantidade calculada = 0 (prob: 0.441, fração: 33.6%)
2025-09-17 17:40:20,103 - WARNING - COMPRA REJEITADA: Quantidade calculada = 0 (prob: 0.920, fração: 96.9%)
2025-09-17 17:40:20,104 - WARNING - COMPRA REJEITADA: Quantidade calculada = 0 (prob: 0.654, fração: 70.5%)
2025-09-17 17:40:20,104 - WARNING - COMPRA REJEITADA: Quantidade calculada = 0 (prob: 0.226, fração: 21.9%)
2025-09-17 17:40:20,105 - WARNING - COMPRA REJEITADA: Quantidade calculada = 0 (prob: 0.447, fração: 34.3%)
2025-09-17 17:40:20,106 - WARNING - COMPRA REJEITADA: Quantidade calculada = 0 (prob: 0.428, fração: 32.1%)
2025-09-17 17:40:20,107 - WARNING - COMPRA REJEITADA: Quantidade calculada = 0 (prob: 0.360, fração: 26.7%)
2025-09-17 17:40:20,107 - INFO - VENDA: 2024-04-11 | Preço base: R$ 22.86 | Preço exec c/ slippage: R$ 22.86 | Ações: 4200 | Valor líquido: R$ 95898.61 | Slippage: 0.7 bps
2025-09-17 17:40:20,112 - INFO - COMPRA: 2024-05-02 | Preço base: R$ 23.28 | Preço exec c/ slippage: R$ 23.28 | Ações: 4000 | Custo: R$ 93222.62 | Prob: 0.929 | Fração: 97.1%
2025-09-17 17:40:20,113 - INFO - COMPRA: 2024-05-03 | Preço base: R$ 23.39 | Preço exec c/ slippage: R$ 23.39 | Ações: 100 | Custo: R$ 2341.76 | Prob: 0.628 | Fração: 65.5%
2025-09-17 17:40:20,114 - WARNING - COMPRA REJEITADA: Quantidade calculada = 0 (prob: 0.664, fração: 72.3%)
2025-09-17 17:40:20,114 - WARNING - COMPRA REJEITADA: Quantidade calculada = 0 (prob: 0.338, fração: 25.4%)
2025-09-17 17:40:20,115 - WARNING - COMPRA REJEITADA: Quantidade calculada = 0 (prob: 0.227, fração: 21.9%)
2025-09-17 17:40:20,116 - WARNING - COMPRA REJEITADA: Quantidade calculada = 0 (prob: 0.257, fração: 22.5%)
2025-09-17 17:40:20,116 - WARNING - COMPRA REJEITADA: Quantidade calculada = 0 (prob: 0.229, fração: 21.9%)
2025-09-17 17:40:20,116 - WARNING - COMPRA REJEITADA: Quantidade calculada = 0 (prob: 0.470, fração: 37.1%)
2025-09-17 17:40:20,116 - WARNING - COMPRA REJEITADA: Quantidade calculada = 0 (prob: 0.370, fração: 27.3%)
2025-09-17 17:40:20,116 - WARNING - COMPRA REJEITADA: Quantidade calculada = 0 (prob: 0.567, fração: 53.4%)
2025-09-17 17:40:20,116 - INFO - COMPRA: 2024-05-16 | Preço base: R$ 21.62 | Preço exec c/ slippage: R$ 21.62 | Ações: 100 | Custo: R$ 2164.61 | Prob: 0.911 | Fração: 96.6%
2025-09-17 17:40:20,116 - WARNING - COMPRA REJEITADA: Quantidade calculada = 0 (prob: 0.617, fração: 63.4%)
2025-09-17 17:40:20,116 - INFO - VENDA: 2024-05-20 | Preço base: R$ 21.27 | Preço exec c/ slippage: R$ 21.27 | Ações: 4200 | Valor líquido: R$ 89250.31 | Slippage: 0.7 bps
2025-09-17 17:40:20,116 - INFO - PROGRESSO: Data 2024-05-27 | Pred: 1 | Cash: R$ 89,935.24 | Ações: 0
2025-09-17 17:40:20,116 - INFO - COMPRA: 2024-05-27 | Preço base: R$ 21.57 | Preço exec c/ slippage: R$ 21.57 | Ações: 2300 | Custo: R$ 49668.44 | Prob: 0.578 | Fração: 55.7%
2025-09-17 17:40:20,116 - INFO - COMPRA: 2024-05-28 | Preço base: R$ 21.10 | Preço exec c/ slippage: R$ 21.10 | Ações: 300 | Custo: R$ 6335.37 | Prob: 0.099 | Fração: 20.5%
2025-09-17 17:40:20,116 - INFO - COMPRA: 2024-05-29 | Preço base: R$ 20.72 | Preço exec c/ slippage: R$ 20.72 | Ações: 400 | Custo: R$ 8297.61 | Prob: 0.402 | Fração: 29.7%
2025-09-17 17:40:20,116 - INFO - COMPRA: 2024-05-31 | Preço base: R$ 20.25 | Preço exec c/ slippage: R$ 20.25 | Ações: 200 | Custo: R$ 4054.37 | Prob: 0.141 | Fração: 20.8%
2025-09-17 17:40:20,116 - INFO - COMPRA: 2024-06-03 | Preço base: R$ 20.44 | Preço exec c/ slippage: R$ 20.44 | Ações: 500 | Custo: R$ 10229.44 | Prob: 0.549 | Fração: 50.1%
2025-09-17 17:40:20,116 - INFO - COMPRA: 2024-06-04 | Preço base: R$ 21.03 | Preço exec c/ slippage: R$ 21.03 | Ações: 500 | Custo: R$ 10523.91 | Prob: 0.951 | Fração: 97.7%
2025-09-17 17:40:20,116 - WARNING - COMPRA REJEITADA: Quantidade calculada = 0 (prob: 0.549, fração: 50.1%)
2025-09-17 17:40:20,116 - WARNING - COMPRA REJEITADA: Quantidade calculada = 0 (prob: 0.600, fração: 60.1%)
2025-09-17 17:40:20,116 - WARNING - COMPRA REJEITADA: Quantidade calculada = 0 (prob: 0.399, fração: 29.5%)
2025-09-17 17:40:20,116 - INFO - VENDA: 2024-06-10 | Preço base: R$ 20.83 | Preço exec c/ slippage: R$ 20.83 | Ações: 4200 | Valor líquido: R$ 87389.22 | Slippage: 0.7 bps
2025-09-17 17:40:20,116 - INFO - COMPRA: 2024-06-14 | Preço base: R$ 20.86 | Preço exec c/ slippage: R$ 20.86 | Ações: 4100 | Custo: R$ 85606.94 | Prob: 0.947 | Fração: 97.6%
2025-09-17 17:40:20,116 - WARNING - COMPRA REJEITADA: Quantidade calculada = 0 (prob: 0.437, fração: 33.1%)
2025-09-17 17:40:20,116 - WARNING - COMPRA REJEITADA: Quantidade calculada = 0 (prob: 0.547, fração: 49.7%)
2025-09-17 17:40:20,116 - WARNING - COMPRA REJEITADA: Quantidade calculada = 0 (prob: 0.513, fração: 43.6%)
2025-09-17 17:40:20,116 - INFO - COMPRA: 2024-06-20 | Preço base: R$ 20.73 | Preço exec c/ slippage: R$ 20.73 | Ações: 100 | Custo: R$ 2075.33 | Prob: 0.684 | Fração: 75.9%
2025-09-17 17:40:20,116 - WARNING - COMPRA REJEITADA: Quantidade calculada = 0 (prob: 0.458, fração: 35.6%)
2025-09-17 17:40:20,116 - WARNING - COMPRA REJEITADA: Quantidade calculada = 0 (prob: 0.893, fração: 96.0%)
2025-09-17 17:40:20,116 - WARNING - COMPRA REJEITADA: Quantidade calculada = 0 (prob: 0.644, fração: 68.7%)
2025-09-17 17:40:20,116 - WARNING - COMPRA REJEITADA: Quantidade calculada = 0 (prob: 0.938, fração: 97.4%)
2025-09-17 17:40:20,116 - WARNING - COMPRA REJEITADA: Quantidade calculada = 0 (prob: 0.481, fração: 38.7%)
2025-09-17 17:40:20,116 - INFO - VENDA: 2024-06-28 | Preço base: R$ 21.15 | Preço exec c/ slippage: R$ 21.15 | Ações: 4200 | Valor líquido: R$ 88729.54 | Slippage: 0.7 bps
2025-09-17 17:40:20,116 - INFO - COMPRA: 2024-07-04 | Preço base: R$ 21.60 | Preço exec c/ slippage: R$ 21.60 | Ações: 4000 | Custo: R$ 86485.32 | Prob: 0.936 | Fração: 97.3%
2025-09-17 17:40:20,116 - INFO - COMPRA: 2024-07-05 | Preço base: R$ 21.67 | Preço exec c/ slippage: R$ 21.67 | Ações: 100 | Custo: R$ 2169.60 | Prob: 0.742 | Fração: 84.5%
2025-09-17 17:40:20,116 - WARNING - COMPRA REJEITADA: Quantidade calculada = 0 (prob: 0.684, fração: 75.9%)
2025-09-17 17:40:20,116 - WARNING - COMPRA REJEITADA: Quantidade calculada = 0 (prob: 0.679, fração: 75.0%)
2025-09-17 17:40:20,116 - WARNING - COMPRA REJEITADA: Quantidade calculada = 0 (prob: 0.948, fração: 97.6%)
2025-09-17 17:40:20,116 - WARNING - COMPRA REJEITADA: Quantidade calculada = 0 (prob: 0.615, fração: 63.0%)
2025-09-17 17:40:20,116 - WARNING - COMPRA REJEITADA: Quantidade calculada = 0 (prob: 0.941, fração: 97.5%)
2025-09-17 17:40:20,116 - WARNING - COMPRA REJEITADA: Quantidade calculada = 0 (prob: 0.372, fração: 27.4%)
2025-09-17 17:40:20,116 - WARNING - COMPRA REJEITADA: Quantidade calculada = 0 (prob: 0.551, fração: 50.4%)
2025-09-17 17:40:20,116 - WARNING - COMPRA REJEITADA: Quantidade calculada = 0 (prob: 0.649, fração: 69.5%)
2025-09-17 17:40:20,116 - INFO - VENDA: 2024-07-18 | Preço base: R$ 23.04 | Preço exec c/ slippage: R$ 23.04 | Ações: 4100 | Valor líquido: R$ 94379.57 | Slippage: 0.8 bps
2025-09-17 17:40:20,116 - INFO - COMPRA: 2024-07-24 | Preço base: R$ 22.96 | Preço exec c/ slippage: R$ 22.97 | Ações: 4000 | Custo: R$ 91957.28 | Prob: 0.918 | Fração: 96.8%
2025-09-17 17:40:20,116 - WARNING - COMPRA REJEITADA: Quantidade calculada = 0 (prob: 0.346, fração: 25.8%)
2025-09-17 17:40:20,116 - WARNING - COMPRA REJEITADA: Quantidade calculada = 0 (prob: 0.375, fração: 27.6%)
2025-09-17 17:40:20,116 - WARNING - COMPRA REJEITADA: Quantidade calculada = 0 (prob: 0.373, fração: 27.5%)
2025-09-17 17:40:20,116 - INFO - VENDA: 2024-07-30 | Preço base: R$ 22.27 | Preço exec c/ slippage: R$ 22.27 | Ações: 4000 | Valor líquido: R$ 88985.88 | Slippage: 0.7 bps
2025-09-17 17:40:20,116 - INFO - PROGRESSO: Data 2024-08-06 | Pred: 0 | Cash: R$ 92,696.63 | Ações: 0
2025-09-17 17:40:20,116 - INFO - COMPRA: 2024-08-07 | Preço base: R$ 23.45 | Preço exec c/ slippage: R$ 23.45 | Ações: 3800 | Custo: R$ 89187.72 | Prob: 0.948 | Fração: 97.6%
2025-09-17 17:40:20,116 - WARNING - COMPRA REJEITADA: Quantidade calculada = 0 (prob: 0.259, fração: 22.6%)
2025-09-17 17:40:20,116 - INFO - COMPRA: 2024-08-09 | Preço base: R$ 24.16 | Preço exec c/ slippage: R$ 24.16 | Ações: 100 | Custo: R$ 2418.34 | Prob: 0.879 | Fração: 95.4%
2025-09-17 17:40:20,116 - WARNING - COMPRA REJEITADA: Quantidade calculada = 0 (prob: 0.248, fração: 22.3%)
2025-09-17 17:40:20,116 - WARNING - COMPRA REJEITADA: Quantidade calculada = 0 (prob: 0.879, fração: 95.4%)
2025-09-17 17:40:20,116 - WARNING - COMPRA REJEITADA: Quantidade calculada = 0 (prob: 0.325, fração: 24.8%)
2025-09-17 17:40:20,116 - INFO - VENDA: 2024-08-15 | Preço base: R$ 24.20 | Preço exec c/ slippage: R$ 24.19 | Ações: 3900 | Valor líquido: R$ 94260.84 | Slippage: 0.7 bps
2025-09-17 17:40:20,116 - INFO - COMPRA: 2024-08-23 | Preço base: R$ 25.09 | Preço exec c/ slippage: R$ 25.09 | Ações: 3700 | Custo: R$ 92922.40 | Prob: 0.936 | Fração: 97.3%
2025-09-17 17:40:20,116 - WARNING - COMPRA REJEITADA: Quantidade calculada = 0 (prob: 0.235, fração: 22.0%)
2025-09-17 17:40:20,116 - WARNING - COMPRA REJEITADA: Quantidade calculada = 0 (prob: 0.222, fração: 21.8%)
2025-09-17 17:40:20,116 - WARNING - COMPRA REJEITADA: Quantidade calculada = 0 (prob: 0.234, fração: 22.0%)
2025-09-17 17:40:20,116 - WARNING - COMPRA REJEITADA: Quantidade calculada = 0 (prob: 0.301, fração: 23.8%)
2025-09-17 17:40:20,116 - WARNING - COMPRA REJEITADA: Quantidade calculada = 0 (prob: 0.326, fração: 24.9%)
2025-09-17 17:40:20,116 - INFO - COMPRA: 2024-09-02 | Preço base: R$ 24.79 | Preço exec c/ slippage: R$ 24.79 | Ações: 100 | Custo: R$ 2481.86 | Prob: 0.870 | Fração: 95.0%
2025-09-17 17:40:20,116 - WARNING - COMPRA REJEITADA: Quantidade calculada = 0 (prob: 0.371, fração: 27.3%)
2025-09-17 17:40:20,116 - WARNING - COMPRA REJEITADA: Quantidade calculada = 0 (prob: 0.945, fração: 97.5%)
2025-09-17 17:40:20,116 - WARNING - COMPRA REJEITADA: Quantidade calculada = 0 (prob: 0.364, fração: 26.9%)
2025-09-17 17:40:20,116 - WARNING - COMPRA REJEITADA: Quantidade calculada = 0 (prob: 0.280, fração: 23.1%)
2025-09-17 17:40:20,116 - WARNING - COMPRA REJEITADA: Quantidade calculada = 0 (prob: 0.229, fração: 21.9%)
2025-09-17 17:40:20,116 - WARNING - COMPRA REJEITADA: Quantidade calculada = 0 (prob: 0.590, fração: 58.1%)
2025-09-17 17:40:20,116 - WARNING - COMPRA REJEITADA: Quantidade calculada = 0 (prob: 0.276, fração: 23.0%)
2025-09-17 17:40:20,116 - WARNING - COMPRA REJEITADA: Quantidade calculada = 0 (prob: 0.314, fração: 24.3%)
2025-09-17 17:40:20,116 - WARNING - COMPRA REJEITADA: Quantidade calculada = 0 (prob: 0.222, fração: 21.8%)
2025-09-17 17:40:20,116 - WARNING - COMPRA REJEITADA: Quantidade calculada = 0 (prob: 0.950, fração: 97.7%)
2025-09-17 17:40:20,116 - WARNING - COMPRA REJEITADA: Quantidade calculada = 0 (prob: 0.200, fração: 21.4%)
2025-09-17 17:40:20,116 - WARNING - COMPRA REJEITADA: Quantidade calculada = 0 (prob: 0.477, fração: 38.1%)
2025-09-17 17:40:20,116 - WARNING - COMPRA REJEITADA: Quantidade calculada = 0 (prob: 0.215, fração: 21.7%)
2025-09-17 17:40:20,116 - WARNING - COMPRA REJEITADA: Quantidade calculada = 0 (prob: 0.338, fração: 25.4%)
2025-09-17 17:40:20,116 - WARNING - COMPRA REJEITADA: Quantidade calculada = 0 (prob: 0.175, fração: 21.1%)
2025-09-17 17:40:20,116 - WARNING - COMPRA REJEITADA: Quantidade calculada = 0 (prob: 0.816, fração: 91.7%)
2025-09-17 17:40:20,116 - WARNING - COMPRA REJEITADA: Quantidade calculada = 0 (prob: 0.271, fração: 22.9%)
2025-09-17 17:40:20,116 - WARNING - COMPRA REJEITADA: Quantidade calculada = 0 (prob: 0.245, fração: 22.2%)
2025-09-17 17:40:20,116 - WARNING - COMPRA REJEITADA: Quantidade calculada = 0 (prob: 0.490, fração: 40.0%)
2025-09-17 17:40:20,116 - WARNING - COMPRA REJEITADA: Quantidade calculada = 0 (prob: 0.690, fração: 76.9%)
2025-09-17 17:40:20,116 - WARNING - COMPRA REJEITADA: Quantidade calculada = 0 (prob: 0.515, fração: 43.9%)
2025-09-17 17:40:20,116 - WARNING - COMPRA REJEITADA: Quantidade calculada = 0 (prob: 0.917, fração: 96.8%)
2025-09-17 17:40:20,116 - WARNING - COMPRA REJEITADA: Quantidade calculada = 0 (prob: 0.309, fração: 24.1%)
2025-09-17 17:40:20,116 - WARNING - COMPRA REJEITADA: Quantidade calculada = 0 (prob: 0.363, fração: 26.8%)
2025-09-17 17:40:20,116 - WARNING - COMPRA REJEITADA: Quantidade calculada = 0 (prob: 0.152, fração: 20.9%)
2025-09-17 17:40:20,116 - WARNING - COMPRA REJEITADA: Quantidade calculada = 0 (prob: 0.806, fração: 91.0%)
2025-09-17 17:40:20,116 - WARNING - COMPRA REJEITADA: Quantidade calculada = 0 (prob: 0.170, fração: 21.1%)
2025-09-17 17:40:20,116 - WARNING - COMPRA REJEITADA: Quantidade calculada = 0 (prob: 0.223, fração: 21.8%)
2025-09-17 17:40:20,116 - WARNING - COMPRA REJEITADA: Quantidade calculada = 0 (prob: 0.178, fração: 21.2%)
2025-09-17 17:40:20,116 - WARNING - COMPRA REJEITADA: Quantidade calculada = 0 (prob: 0.912, fração: 96.6%)
2025-09-17 17:40:20,116 - INFO - PROGRESSO: Data 2024-10-15 | Pred: 1 | Cash: R$ 222.18 | Ações: 3800
2025-09-17 17:40:20,116 - WARNING - COMPRA REJEITADA: Quantidade calculada = 0 (prob: 0.328, fração: 25.0%)
2025-09-17 17:40:20,116 - WARNING - COMPRA REJEITADA: Quantidade calculada = 0 (prob: 0.939, fração: 97.4%)
2025-09-17 17:40:20,116 - WARNING - COMPRA REJEITADA: Quantidade calculada = 0 (prob: 0.549, fração: 50.0%)
2025-09-17 17:40:20,116 - WARNING - COMPRA REJEITADA: Quantidade calculada = 0 (prob: 0.791, fração: 89.7%)
2025-09-17 17:40:20,116 - WARNING - COMPRA REJEITADA: Quantidade calculada = 0 (prob: 0.465, fração: 36.5%)
2025-09-17 17:40:20,116 - INFO - VENDA: 2024-10-22 | Preço base: R$ 25.27 | Preço exec c/ slippage: R$ 25.27 | Ações: 3800 | Valor líquido: R$ 95926.72 | Slippage: 0.8 bps
2025-09-17 17:40:20,116 - INFO - COMPRA: 2024-10-28 | Preço base: R$ 25.50 | Preço exec c/ slippage: R$ 25.51 | Ações: 2800 | Custo: R$ 71486.19 | Prob: 0.677 | Fração: 74.8%
2025-09-17 17:40:20,116 - INFO - COMPRA: 2024-10-29 | Preço base: R$ 24.59 | Preço exec c/ slippage: R$ 24.59 | Ações: 500 | Custo: R$ 12309.67 | Prob: 0.576 | Fração: 55.3%
2025-09-17 17:40:20,116 - INFO - COMPRA: 2024-10-30 | Preço base: R$ 24.82 | Preço exec c/ slippage: R$ 24.82 | Ações: 400 | Custo: R$ 9938.85 | Prob: 0.925 | Fração: 97.0%
2025-09-17 17:40:20,116 - WARNING - COMPRA REJEITADA: Quantidade calculada = 0 (prob: 0.466, fração: 36.7%)
2025-09-17 17:40:20,116 - WARNING - COMPRA REJEITADA: Quantidade calculada = 0 (prob: 0.348, fração: 26.0%)
2025-09-17 17:40:20,116 - WARNING - COMPRA REJEITADA: Quantidade calculada = 0 (prob: 0.579, fração: 55.9%)
2025-09-17 17:40:20,116 - WARNING - COMPRA REJEITADA: Quantidade calculada = 0 (prob: 0.361, fração: 26.7%)
2025-09-17 17:40:20,116 - WARNING - COMPRA REJEITADA: Quantidade calculada = 0 (prob: 0.443, fração: 33.8%)
2025-09-17 17:40:20,116 - WARNING - COMPRA REJEITADA: Quantidade calculada = 0 (prob: 0.643, fração: 68.4%)
2025-09-17 17:40:20,116 - WARNING - COMPRA REJEITADA: Quantidade calculada = 0 (prob: 0.418, fração: 31.2%)
2025-09-17 17:40:20,116 - INFO - COMPRA: 2024-11-11 | Preço base: R$ 24.90 | Preço exec c/ slippage: R$ 24.90 | Ações: 100 | Custo: R$ 2492.78 | Prob: 0.929 | Fração: 97.1%
2025-09-17 17:40:20,116 - WARNING - COMPRA REJEITADA: Quantidade calculada = 0 (prob: 0.485, fração: 39.3%)
2025-09-17 17:40:20,116 - WARNING - COMPRA REJEITADA: Quantidade calculada = 0 (prob: 0.333, fração: 25.2%)
2025-09-17 17:40:20,116 - WARNING - COMPRA REJEITADA: Quantidade calculada = 0 (prob: 0.400, fração: 29.5%)
2025-09-17 17:40:20,116 - WARNING - COMPRA REJEITADA: Quantidade calculada = 0 (prob: 0.515, fração: 44.0%)
2025-09-17 17:40:20,116 - WARNING - COMPRA REJEITADA: Quantidade calculada = 0 (prob: 0.349, fração: 26.0%)
2025-09-17 17:40:20,116 - WARNING - COMPRA REJEITADA: Quantidade calculada = 0 (prob: 0.394, fração: 29.1%)
2025-09-17 17:40:20,116 - WARNING - COMPRA REJEITADA: Quantidade calculada = 0 (prob: 0.464, fração: 36.4%)
2025-09-17 17:40:20,116 - WARNING - COMPRA REJEITADA: Quantidade calculada = 0 (prob: 0.482, fração: 38.8%)
2025-09-17 17:40:20,116 - WARNING - COMPRA REJEITADA: Quantidade calculada = 0 (prob: 0.586, fração: 57.3%)
2025-09-17 17:40:20,116 - WARNING - COMPRA REJEITADA: Quantidade calculada = 0 (prob: 0.279, fração: 23.1%)
2025-09-17 17:40:20,116 - WARNING - COMPRA REJEITADA: Quantidade calculada = 0 (prob: 0.411, fração: 30.5%)
2025-09-17 17:40:20,116 - WARNING - COMPRA REJEITADA: Quantidade calculada = 0 (prob: 0.443, fração: 33.8%)
2025-09-17 17:40:20,132 - WARNING - COMPRA REJEITADA: Quantidade calculada = 0 (prob: 0.479, fração: 38.3%)
2025-09-17 17:40:20,132 - WARNING - COMPRA REJEITADA: Quantidade calculada = 0 (prob: 0.921, fração: 96.9%)
2025-09-17 17:40:20,132 - WARNING - COMPRA REJEITADA: Quantidade calculada = 0 (prob: 0.419, fração: 31.3%)
2025-09-17 17:40:20,132 - WARNING - COMPRA REJEITADA: Quantidade calculada = 0 (prob: 0.916, fração: 96.7%)
2025-09-17 17:40:20,132 - WARNING - COMPRA REJEITADA: Quantidade calculada = 0 (prob: 0.488, fração: 39.6%)
2025-09-17 17:40:20,132 - WARNING - COMPRA REJEITADA: Quantidade calculada = 0 (prob: 0.219, fração: 21.7%)
2025-09-17 17:40:20,132 - WARNING - COMPRA REJEITADA: Quantidade calculada = 0 (prob: 0.481, fração: 38.6%)
2025-09-17 17:40:20,132 - WARNING - COMPRA REJEITADA: Quantidade calculada = 0 (prob: 0.922, fração: 96.9%)
2025-09-17 17:40:20,132 - WARNING - COMPRA REJEITADA: Quantidade calculada = 0 (prob: 0.259, fração: 22.6%)
2025-09-17 17:40:20,132 - INFO - VENDA: 2024-12-13 | Preço base: R$ 23.42 | Preço exec c/ slippage: R$ 23.42 | Ações: 3800 | Valor líquido: R$ 88909.09 | Slippage: 0.7 bps
2025-09-17 17:40:20,132 - INFO - COMPRA: 2024-12-19 | Preço base: R$ 23.29 | Preço exec c/ slippage: R$ 23.29 | Ações: 3600 | Custo: R$ 83932.43 | Prob: 0.860 | Fração: 94.5%
2025-09-17 17:40:20,132 - WARNING - COMPRA REJEITADA: Quantidade calculada = 0 (prob: 0.512, fração: 43.4%)
2025-09-17 17:40:20,132 - WARNING - COMPRA REJEITADA: Quantidade calculada = 0 (prob: 0.313, fração: 24.3%)
2025-09-17 17:40:20,132 - INFO - COMPRA: 2024-12-26 | Preço base: R$ 23.21 | Preço exec c/ slippage: R$ 23.21 | Ações: 100 | Custo: R$ 2323.65 | Prob: 0.538 | Fração: 47.9%
2025-09-17 17:40:20,132 - WARNING - COMPRA REJEITADA: Quantidade calculada = 0 (prob: 0.195, fração: 21.4%)
2025-09-17 17:40:20,132 - INFO - RESUMO FINAL DO BACKTESTING:
2025-09-17 17:40:20,132 - INFO -   Total de trades: 42
2025-09-17 17:40:20,132 - INFO -   Compras realizadas: 31
2025-09-17 17:40:20,132 - INFO -   Vendas realizadas: 11
2025-09-17 17:40:20,132 - INFO -   Capital inicial: R$ 100,000.00
2025-09-17 17:40:20,132 - INFO -   Capital final: R$ 86,226.93
2025-09-17 17:40:20,132 - INFO -   Cash final: R$ 2,925.76
2025-09-17 17:40:20,132 - INFO -   Ações finais: 3700
2025-09-17 17:40:20,132 - INFO -   Retorno total: -13.77%
