2025-09-22 22:13:31,669 - INFO - THRESHOLDS FINANCEIROS: buy=0.50 sell=0.05 hold_min_days=3
2025-09-22 22:13:31,669 - INFO - SCORE MÉDIO: 0.473
2025-09-22 22:13:31,671 - INFO - ============================================================
2025-09-22 22:13:31,671 - INFO - INICIANDO BACKTESTING REALISTA
2025-09-22 22:13:31,671 - INFO - ============================================================
2025-09-22 22:13:31,671 - INFO - Tamanho test_df: 251
2025-09-22 22:13:31,671 - INFO - Tamanho predictions: 251
2025-09-22 22:13:31,671 - INFO - Tamanho probabilities: 251
2025-09-22 22:13:31,672 - INFO - Capital inicial: R$ 100,000.00
2025-09-22 22:13:31,672 - INFO - Custo de transação: 0.100%
2025-09-22 22:13:31,675 - INFO - CDI real carregado: 253 dias disponíveis
2025-09-22 22:13:31,675 - INFO - Slippage Dinâmico: 0.2-2.0 bps | Lote: 100 | CDI: Real
2025-09-22 22:13:31,676 - INFO - DISTRIBUIÇÃO DAS PREDIÇÕES:
2025-09-22 22:13:31,677 - INFO -   - Total: 251
2025-09-22 22:13:31,677 - INFO -   - Predições de alta (1): 172
2025-09-22 22:13:31,677 - INFO -   - Predições de baixa (0): 79
2025-09-22 22:13:31,677 - INFO -   - Percentual de alta: 68.5%
2025-09-22 22:13:31,677 - INFO - EXECUÇÃO DOS TRADES:
2025-09-22 22:13:31,677 - INFO - PROGRESSO: Data 2024-01-02 | Pred: 1 | Cash: R$ 100,000.00 | Ações: 0
2025-09-22 22:13:31,677 - INFO - COMPRA: 2024-01-02 | Preço base: R$ 23.89 | Preço exec c/ slippage: R$ 23.89 | Ações: 2400 | Custo: R$ 57392.29 | Prob: 0.597 | Fração: 59.4%
2025-09-22 22:13:31,677 - INFO - COMPRA: 2024-01-03 | Preço base: R$ 23.62 | Preço exec c/ slippage: R$ 23.62 | Ações: 300 | Custo: R$ 7093.38 | Prob: -0.427 | Fração: 20.0%
2025-09-22 22:13:31,678 - INFO - COMPRA: 2024-01-04 | Preço base: R$ 23.09 | Preço exec c/ slippage: R$ 23.09 | Ações: 300 | Custo: R$ 6934.93 | Prob: 0.331 | Fração: 25.1%
2025-09-22 22:13:31,678 - INFO - COMPRA: 2024-01-05 | Preço base: R$ 22.86 | Preço exec c/ slippage: R$ 22.86 | Ações: 200 | Custo: R$ 4576.84 | Prob: -0.488 | Fração: 20.0%
2025-09-22 22:13:31,678 - INFO - COMPRA: 2024-01-08 | Preço base: R$ 22.71 | Preço exec c/ slippage: R$ 22.71 | Ações: 300 | Custo: R$ 6818.82 | Prob: 0.386 | Fração: 28.4%
2025-09-22 22:13:31,678 - INFO - COMPRA: 2024-01-09 | Preço base: R$ 22.78 | Preço exec c/ slippage: R$ 22.78 | Ações: 500 | Custo: R$ 11401.13 | Prob: 0.661 | Fração: 71.8%
2025-09-22 22:13:31,678 - WARNING - COMPRA REJEITADA: Quantidade calculada = 0 (prob: 0.340, fração: 25.5%)
2025-09-22 22:13:31,678 - WARNING - COMPRA REJEITADA: Quantidade calculada = 0 (prob: 0.090, fração: 20.5%)
2025-09-22 22:13:31,679 - WARNING - COMPRA REJEITADA: Quantidade calculada = 0 (prob: 0.425, fração: 31.9%)
2025-09-22 22:13:31,679 - WARNING - COMPRA REJEITADA: Quantidade calculada = 0 (prob: 0.398, fração: 29.4%)
2025-09-22 22:13:31,679 - WARNING - COMPRA REJEITADA: Quantidade calculada = 0 (prob: 0.432, fração: 32.6%)
2025-09-22 22:13:31,679 - INFO - COMPRA: 2024-01-17 | Preço base: R$ 23.18 | Preço exec c/ slippage: R$ 23.18 | Ações: 200 | Custo: R$ 4640.58 | Prob: 0.827 | Fração: 92.5%
2025-09-22 22:13:31,679 - WARNING - COMPRA REJEITADA: Quantidade calculada = 0 (prob: 0.423, fração: 31.6%)
2025-09-22 22:13:31,679 - WARNING - COMPRA REJEITADA: Quantidade calculada = 0 (prob: 0.577, fração: 55.5%)
2025-09-22 22:13:31,679 - WARNING - COMPRA REJEITADA: Quantidade calculada = 0 (prob: 0.589, fração: 57.7%)
2025-09-22 22:13:31,679 - WARNING - COMPRA REJEITADA: Quantidade calculada = 0 (prob: 0.621, fração: 64.2%)
2025-09-22 22:13:31,679 - WARNING - COMPRA REJEITADA: Quantidade calculada = 0 (prob: 0.464, fração: 36.4%)
2025-09-22 22:13:31,679 - WARNING - COMPRA REJEITADA: Quantidade calculada = 0 (prob: 0.595, fração: 59.0%)
2025-09-22 22:13:31,679 - WARNING - COMPRA REJEITADA: Quantidade calculada = 0 (prob: 0.630, fração: 66.0%)
2025-09-22 22:13:31,679 - WARNING - COMPRA REJEITADA: Quantidade calculada = 0 (prob: 0.395, fração: 29.2%)
2025-09-22 22:13:31,679 - WARNING - COMPRA REJEITADA: Quantidade calculada = 0 (prob: 0.577, fração: 55.5%)
2025-09-22 22:13:31,681 - WARNING - COMPRA REJEITADA: Quantidade calculada = 0 (prob: 0.864, fração: 94.7%)
2025-09-22 22:13:31,681 - WARNING - COMPRA REJEITADA: Quantidade calculada = 0 (prob: 0.611, fração: 62.1%)
2025-09-22 22:13:31,681 - WARNING - COMPRA REJEITADA: Quantidade calculada = 0 (prob: 0.610, fração: 61.9%)
2025-09-22 22:13:31,681 - WARNING - COMPRA REJEITADA: Quantidade calculada = 0 (prob: 0.715, fração: 80.7%)
2025-09-22 22:13:31,681 - WARNING - COMPRA REJEITADA: Quantidade calculada = 0 (prob: 0.879, fração: 95.4%)
2025-09-22 22:13:31,681 - WARNING - COMPRA REJEITADA: Quantidade calculada = 0 (prob: 0.681, fração: 75.3%)
2025-09-22 22:13:31,681 - WARNING - COMPRA REJEITADA: Quantidade calculada = 0 (prob: 0.505, fração: 42.3%)
2025-09-22 22:13:31,681 - WARNING - COMPRA REJEITADA: Quantidade calculada = 0 (prob: 0.613, fração: 62.6%)
2025-09-22 22:13:31,681 - WARNING - COMPRA REJEITADA: Quantidade calculada = 0 (prob: 0.876, fração: 95.2%)
2025-09-22 22:13:31,681 - WARNING - COMPRA REJEITADA: Quantidade calculada = 0 (prob: 0.609, fração: 61.8%)
2025-09-22 22:13:31,681 - INFO - VENDA: 2024-02-16 | Preço base: R$ 23.78 | Preço exec c/ slippage: R$ 23.78 | Ações: 4200 | Valor líquido: R$ 99763.05 | Slippage: 0.7 bps
2025-09-22 22:13:31,681 - INFO - COMPRA: 2024-02-22 | Preço base: R$ 25.64 | Preço exec c/ slippage: R$ 25.65 | Ações: 3700 | Custo: R$ 94982.68 | Prob: 0.876 | Fração: 95.2%
2025-09-22 22:13:31,684 - INFO - COMPRA: 2024-02-23 | Preço base: R$ 25.10 | Preço exec c/ slippage: R$ 25.10 | Ações: 100 | Custo: R$ 2512.89 | Prob: 0.686 | Fração: 76.3%
2025-09-22 22:13:31,684 - WARNING - COMPRA REJEITADA: Quantidade calculada = 0 (prob: -0.130, fração: 20.1%)
2025-09-22 22:13:31,684 - WARNING - COMPRA REJEITADA: Quantidade calculada = 0 (prob: 0.617, fração: 63.3%)
2025-09-22 22:13:31,684 - INFO - VENDA: 2024-02-28 | Preço base: R$ 25.32 | Preço exec c/ slippage: R$ 25.31 | Ações: 3800 | Valor líquido: R$ 96097.36 | Slippage: 0.7 bps
2025-09-22 22:13:31,684 - INFO - COMPRA: 2024-03-07 | Preço base: R$ 23.91 | Preço exec c/ slippage: R$ 23.91 | Ações: 3700 | Custo: R$ 88547.22 | Prob: 0.793 | Fração: 89.9%
2025-09-22 22:13:31,685 - INFO - COMPRA: 2024-03-08 | Preço base: R$ 23.62 | Preço exec c/ slippage: R$ 23.62 | Ações: 100 | Custo: R$ 2364.46 | Prob: 0.373 | Fração: 27.5%
2025-09-22 22:13:31,685 - INFO - COMPRA: 2024-03-11 | Preço base: R$ 23.77 | Preço exec c/ slippage: R$ 23.77 | Ações: 100 | Custo: R$ 2379.48 | Prob: 0.392 | Fração: 28.9%
2025-09-22 22:13:31,685 - WARNING - COMPRA REJEITADA: Quantidade calculada = 0 (prob: 0.396, fração: 29.2%)
2025-09-22 22:13:31,685 - WARNING - COMPRA REJEITADA: Quantidade calculada = 0 (prob: 0.385, fração: 28.3%)
2025-09-22 22:13:31,685 - INFO - PROGRESSO: Data 2024-03-14 | Pred: 1 | Cash: R$ 6,751.74 | Ações: 3900
2025-09-22 22:13:31,685 - INFO - COMPRA: 2024-03-14 | Preço base: R$ 24.22 | Preço exec c/ slippage: R$ 24.22 | Ações: 100 | Custo: R$ 2424.10 | Prob: 0.647 | Fração: 69.3%
2025-09-22 22:13:31,685 - INFO - VENDA: 2024-03-15 | Preço base: R$ 23.80 | Preço exec c/ slippage: R$ 23.80 | Ações: 4000 | Valor líquido: R$ 95085.21 | Slippage: 0.7 bps
2025-09-22 22:13:31,685 - INFO - COMPRA: 2024-03-21 | Preço base: R$ 23.33 | Preço exec c/ slippage: R$ 23.33 | Ações: 1900 | Custo: R$ 44371.50 | Prob: 0.531 | Fração: 46.7%
2025-09-22 22:13:31,687 - INFO - COMPRA: 2024-03-22 | Preço base: R$ 23.47 | Preço exec c/ slippage: R$ 23.47 | Ações: 800 | Custo: R$ 18795.55 | Prob: 0.450 | Fração: 34.6%
2025-09-22 22:13:31,687 - INFO - COMPRA: 2024-03-25 | Preço base: R$ 22.85 | Preço exec c/ slippage: R$ 22.85 | Ações: 300 | Custo: R$ 6862.53 | Prob: -0.432 | Fração: 20.0%
2025-09-22 22:13:31,687 - INFO - COMPRA: 2024-03-26 | Preço base: R$ 23.08 | Preço exec c/ slippage: R$ 23.08 | Ações: 300 | Custo: R$ 6932.20 | Prob: 0.365 | Fração: 26.9%
2025-09-22 22:13:31,687 - INFO - COMPRA: 2024-03-27 | Preço base: R$ 22.97 | Preço exec c/ slippage: R$ 22.97 | Ações: 200 | Custo: R$ 4598.70 | Prob: 0.265 | Fração: 22.7%
2025-09-22 22:13:31,687 - INFO - COMPRA: 2024-03-28 | Preço base: R$ 23.06 | Preço exec c/ slippage: R$ 23.06 | Ações: 200 | Custo: R$ 4616.17 | Prob: 0.475 | Fração: 37.8%
2025-09-22 22:13:31,688 - INFO - COMPRA: 2024-04-01 | Preço base: R$ 23.21 | Preço exec c/ slippage: R$ 23.21 | Ações: 500 | Custo: R$ 11618.11 | Prob: 0.817 | Fração: 91.8%
2025-09-22 22:13:31,688 - WARNING - COMPRA REJEITADA: Quantidade calculada = 0 (prob: 0.462, fração: 36.1%)
2025-09-22 22:13:31,688 - WARNING - COMPRA REJEITADA: Quantidade calculada = 0 (prob: 0.829, fração: 92.6%)
2025-09-22 22:13:31,688 - WARNING - COMPRA REJEITADA: Quantidade calculada = 0 (prob: 0.565, fração: 53.0%)
2025-09-22 22:13:31,688 - WARNING - COMPRA REJEITADA: Quantidade calculada = 0 (prob: 0.327, fração: 24.9%)
2025-09-22 22:13:31,688 - WARNING - COMPRA REJEITADA: Quantidade calculada = 0 (prob: 0.660, fração: 71.7%)
2025-09-22 22:13:31,689 - WARNING - COMPRA REJEITADA: Quantidade calculada = 0 (prob: 0.862, fração: 94.6%)
2025-09-22 22:13:31,689 - WARNING - COMPRA REJEITADA: Quantidade calculada = 0 (prob: 0.590, fração: 58.0%)
2025-09-22 22:13:31,689 - INFO - VENDA: 2024-04-11 | Preço base: R$ 22.86 | Preço exec c/ slippage: R$ 22.86 | Ações: 4200 | Valor líquido: R$ 95898.61 | Slippage: 0.7 bps
2025-09-22 22:13:31,689 - INFO - COMPRA: 2024-04-17 | Preço base: R$ 22.73 | Preço exec c/ slippage: R$ 22.73 | Ações: 3200 | Custo: R$ 72806.02 | Prob: 0.678 | Fração: 74.8%
2025-09-22 22:13:31,689 - INFO - COMPRA: 2024-04-18 | Preço base: R$ 22.55 | Preço exec c/ slippage: R$ 22.55 | Ações: 400 | Custo: R$ 9028.10 | Prob: 0.505 | Fração: 42.2%
2025-09-22 22:13:31,689 - INFO - COMPRA: 2024-04-19 | Preço base: R$ 22.63 | Preço exec c/ slippage: R$ 22.64 | Ações: 100 | Custo: R$ 2265.86 | Prob: 0.355 | Fração: 26.4%
2025-09-22 22:13:31,690 - INFO - COMPRA: 2024-04-22 | Preço base: R$ 22.49 | Preço exec c/ slippage: R$ 22.49 | Ações: 100 | Custo: R$ 2250.97 | Prob: 0.367 | Fração: 27.1%
2025-09-22 22:13:31,690 - INFO - VENDA: 2024-04-23 | Preço base: R$ 22.38 | Preço exec c/ slippage: R$ 22.38 | Ações: 3800 | Valor líquido: R$ 84966.23 | Slippage: 0.7 bps
2025-09-22 22:13:31,690 - INFO - COMPRA: 2024-05-02 | Preço base: R$ 23.28 | Preço exec c/ slippage: R$ 23.28 | Ações: 3900 | Custo: R$ 90892.06 | Prob: 0.872 | Fração: 95.1%
2025-09-22 22:13:31,690 - INFO - COMPRA: 2024-05-03 | Preço base: R$ 23.39 | Preço exec c/ slippage: R$ 23.39 | Ações: 100 | Custo: R$ 2341.76 | Prob: 0.619 | Fração: 63.7%
2025-09-22 22:13:31,690 - INFO - COMPRA: 2024-05-06 | Preço base: R$ 23.53 | Preço exec c/ slippage: R$ 23.53 | Ações: 100 | Custo: R$ 2355.78 | Prob: 0.814 | Fração: 91.6%
2025-09-22 22:13:31,690 - WARNING - COMPRA REJEITADA: Quantidade calculada = 0 (prob: 0.585, fração: 57.1%)
2025-09-22 22:13:31,691 - INFO - VENDA: 2024-05-08 | Preço base: R$ 21.67 | Preço exec c/ slippage: R$ 21.67 | Ações: 4100 | Valor líquido: R$ 88750.82 | Slippage: 0.7 bps
2025-09-22 22:13:31,691 - INFO - COMPRA: 2024-05-16 | Preço base: R$ 21.62 | Preço exec c/ slippage: R$ 21.62 | Ações: 3700 | Custo: R$ 80091.41 | Prob: 0.792 | Fração: 89.8%
2025-09-22 22:13:31,691 - INFO - COMPRA: 2024-05-17 | Preço base: R$ 21.66 | Preço exec c/ slippage: R$ 21.66 | Ações: 100 | Custo: R$ 2168.35 | Prob: 0.371 | Fração: 27.4%
2025-09-22 22:13:31,691 - WARNING - COMPRA REJEITADA: Quantidade calculada = 0 (prob: -0.420, fração: 20.0%)
2025-09-22 22:13:31,691 - INFO - COMPRA: 2024-05-21 | Preço base: R$ 21.08 | Preço exec c/ slippage: R$ 21.08 | Ações: 100 | Custo: R$ 2110.39 | Prob: 0.492 | Fração: 40.3%
2025-09-22 22:13:31,691 - INFO - COMPRA: 2024-05-22 | Preço base: R$ 21.32 | Preço exec c/ slippage: R$ 21.32 | Ações: 200 | Custo: R$ 4268.45 | Prob: 0.796 | Fração: 90.1%
2025-09-22 22:13:31,692 - WARNING - COMPRA REJEITADA: Quantidade calculada = 0 (prob: 0.524, fração: 45.5%)
2025-09-22 22:13:31,692 - WARNING - COMPRA REJEITADA: Quantidade calculada = 0 (prob: 0.522, fração: 45.2%)
2025-09-22 22:13:31,692 - INFO - PROGRESSO: Data 2024-05-27 | Pred: 1 | Cash: R$ 1,548.76 | Ações: 4100
2025-09-22 22:13:31,692 - WARNING - COMPRA REJEITADA: Quantidade calculada = 0 (prob: 0.374, fração: 27.6%)
2025-09-22 22:13:31,692 - INFO - VENDA: 2024-05-28 | Preço base: R$ 21.10 | Preço exec c/ slippage: R$ 21.09 | Ações: 4100 | Valor líquido: R$ 86398.55 | Slippage: 0.7 bps
2025-09-22 22:13:31,693 - INFO - COMPRA: 2024-06-04 | Preço base: R$ 21.03 | Preço exec c/ slippage: R$ 21.03 | Ações: 3800 | Custo: R$ 79982.41 | Prob: 0.813 | Fração: 91.5%
2025-09-22 22:13:31,693 - INFO - COMPRA: 2024-06-05 | Preço base: R$ 21.10 | Preço exec c/ slippage: R$ 21.10 | Ações: 100 | Custo: R$ 2112.26 | Prob: 0.542 | Fração: 48.6%
2025-09-22 22:13:31,693 - INFO - COMPRA: 2024-06-06 | Preço base: R$ 21.10 | Preço exec c/ slippage: R$ 21.10 | Ações: 200 | Custo: R$ 4223.58 | Prob: 0.725 | Fração: 82.1%
2025-09-22 22:13:31,693 - WARNING - COMPRA REJEITADA: Quantidade calculada = 0 (prob: 0.436, fração: 33.0%)
2025-09-22 22:13:31,693 - INFO - VENDA: 2024-06-10 | Preço base: R$ 20.83 | Preço exec c/ slippage: R$ 20.83 | Ações: 4100 | Valor líquido: R$ 85308.53 | Slippage: 0.7 bps
2025-09-22 22:13:31,693 - INFO - COMPRA: 2024-06-14 | Preço base: R$ 20.86 | Preço exec c/ slippage: R$ 20.86 | Ações: 3800 | Custo: R$ 79343.02 | Prob: 0.830 | Fração: 92.7%
2025-09-22 22:13:31,694 - INFO - COMPRA: 2024-06-17 | Preço base: R$ 20.64 | Preço exec c/ slippage: R$ 20.64 | Ações: 100 | Custo: R$ 2065.98 | Prob: 0.415 | Fração: 30.9%
2025-09-22 22:13:31,694 - INFO - COMPRA: 2024-06-18 | Preço base: R$ 20.61 | Preço exec c/ slippage: R$ 20.61 | Ações: 100 | Custo: R$ 2063.18 | Prob: 0.567 | Fração: 53.5%
2025-09-22 22:13:31,694 - WARNING - COMPRA REJEITADA: Quantidade calculada = 0 (prob: 0.421, fração: 31.4%)
2025-09-22 22:13:31,694 - INFO - COMPRA: 2024-06-20 | Preço base: R$ 20.73 | Preço exec c/ slippage: R$ 20.73 | Ações: 100 | Custo: R$ 2075.33 | Prob: 0.828 | Fração: 92.6%
2025-09-22 22:13:31,694 - WARNING - COMPRA REJEITADA: Quantidade calculada = 0 (prob: 0.451, fração: 34.7%)
2025-09-22 22:13:31,694 - WARNING - COMPRA REJEITADA: Quantidade calculada = 0 (prob: 0.862, fração: 94.6%)
2025-09-22 22:13:31,695 - WARNING - COMPRA REJEITADA: Quantidade calculada = 0 (prob: 0.569, fração: 53.8%)
2025-09-22 22:13:31,695 - WARNING - COMPRA REJEITADA: Quantidade calculada = 0 (prob: 0.875, fração: 95.2%)
2025-09-22 22:13:31,695 - WARNING - COMPRA REJEITADA: Quantidade calculada = 0 (prob: 0.581, fração: 56.2%)
2025-09-22 22:13:31,695 - INFO - VENDA: 2024-06-28 | Preço base: R$ 21.15 | Preço exec c/ slippage: R$ 21.15 | Ações: 4100 | Valor líquido: R$ 86616.93 | Slippage: 0.7 bps
2025-09-22 22:13:31,695 - INFO - COMPRA: 2024-07-04 | Preço base: R$ 21.60 | Preço exec c/ slippage: R$ 21.60 | Ações: 3800 | Custo: R$ 82161.06 | Prob: 0.874 | Fração: 95.1%
2025-09-22 22:13:31,696 - INFO - COMPRA: 2024-07-05 | Preço base: R$ 21.67 | Preço exec c/ slippage: R$ 21.67 | Ações: 200 | Custo: R$ 4339.20 | Prob: 0.697 | Fração: 78.0%
2025-09-22 22:13:31,696 - WARNING - COMPRA REJEITADA: Quantidade calculada = 0 (prob: 0.760, fração: 86.6%)
2025-09-22 22:13:31,696 - WARNING - COMPRA REJEITADA: Quantidade calculada = 0 (prob: 0.710, fração: 80.0%)
2025-09-22 22:13:31,696 - WARNING - COMPRA REJEITADA: Quantidade calculada = 0 (prob: 0.872, fração: 95.0%)
2025-09-22 22:13:31,696 - WARNING - COMPRA REJEITADA: Quantidade calculada = 0 (prob: 0.625, fração: 65.0%)
2025-09-22 22:13:31,696 - WARNING - COMPRA REJEITADA: Quantidade calculada = 0 (prob: 0.876, fração: 95.2%)
2025-09-22 22:13:31,697 - WARNING - COMPRA REJEITADA: Quantidade calculada = 0 (prob: 0.697, fração: 77.9%)
2025-09-22 22:13:31,697 - WARNING - COMPRA REJEITADA: Quantidade calculada = 0 (prob: 0.797, fração: 90.2%)
2025-09-22 22:13:31,697 - WARNING - COMPRA REJEITADA: Quantidade calculada = 0 (prob: 0.683, fração: 75.7%)
2025-09-22 22:13:31,697 - INFO - VENDA: 2024-07-18 | Preço base: R$ 23.04 | Preço exec c/ slippage: R$ 23.04 | Ações: 4000 | Valor líquido: R$ 92077.63 | Slippage: 0.8 bps
2025-09-22 22:13:31,697 - INFO - COMPRA: 2024-07-24 | Preço base: R$ 22.96 | Preço exec c/ slippage: R$ 22.97 | Ações: 3800 | Custo: R$ 87359.42 | Prob: 0.856 | Fração: 94.3%
2025-09-22 22:13:31,697 - INFO - COMPRA: 2024-07-25 | Preço base: R$ 22.83 | Preço exec c/ slippage: R$ 22.84 | Ações: 100 | Custo: R$ 2285.79 | Prob: 0.562 | Fração: 52.4%
2025-09-22 22:13:31,697 - WARNING - COMPRA REJEITADA: Quantidade calculada = 0 (prob: 0.545, fração: 49.3%)
2025-09-22 22:13:31,697 - INFO - COMPRA: 2024-07-29 | Preço base: R$ 22.79 | Preço exec c/ slippage: R$ 22.80 | Ações: 100 | Custo: R$ 2281.83 | Prob: 0.565 | Fração: 53.1%
2025-09-22 22:13:31,697 - INFO - VENDA: 2024-07-30 | Preço base: R$ 22.27 | Preço exec c/ slippage: R$ 22.27 | Ações: 4000 | Valor líquido: R$ 88985.88 | Slippage: 0.7 bps
2025-09-22 22:13:31,699 - INFO - PROGRESSO: Data 2024-08-06 | Pred: 1 | Cash: R$ 91,420.48 | Ações: 0
2025-09-22 22:13:31,699 - INFO - COMPRA: 2024-08-06 | Preço base: R$ 23.24 | Preço exec c/ slippage: R$ 23.24 | Ações: 1900 | Custo: R$ 44198.93 | Prob: 0.543 | Fração: 48.8%
2025-09-22 22:13:31,699 - INFO - COMPRA: 2024-08-07 | Preço base: R$ 23.45 | Preço exec c/ slippage: R$ 23.45 | Ações: 1800 | Custo: R$ 42246.77 | Prob: 0.855 | Fração: 94.2%
2025-09-22 22:13:31,699 - INFO - COMPRA: 2024-08-08 | Preço base: R$ 24.06 | Preço exec c/ slippage: R$ 24.06 | Ações: 100 | Custo: R$ 2408.42 | Prob: 0.572 | Fração: 54.5%
2025-09-22 22:13:31,699 - INFO - COMPRA: 2024-08-09 | Preço base: R$ 24.16 | Preço exec c/ slippage: R$ 24.16 | Ações: 100 | Custo: R$ 2418.34 | Prob: 0.859 | Fração: 94.4%
2025-09-22 22:13:31,699 - WARNING - COMPRA REJEITADA: Quantidade calculada = 0 (prob: 0.572, fração: 54.5%)
2025-09-22 22:13:31,699 - WARNING - COMPRA REJEITADA: Quantidade calculada = 0 (prob: 0.861, fração: 94.5%)
2025-09-22 22:13:31,699 - WARNING - COMPRA REJEITADA: Quantidade calculada = 0 (prob: 0.584, fração: 56.7%)
2025-09-22 22:13:31,701 - INFO - VENDA: 2024-08-15 | Preço base: R$ 24.20 | Preço exec c/ slippage: R$ 24.19 | Ações: 3900 | Valor líquido: R$ 94260.84 | Slippage: 0.7 bps
2025-09-22 22:13:31,701 - INFO - COMPRA: 2024-08-21 | Preço base: R$ 24.99 | Preço exec c/ slippage: R$ 24.99 | Ações: 3400 | Custo: R$ 85066.97 | Prob: 0.801 | Fração: 90.6%
2025-09-22 22:13:31,701 - INFO - COMPRA: 2024-08-22 | Preço base: R$ 24.62 | Preço exec c/ slippage: R$ 24.62 | Ações: 200 | Custo: R$ 4929.25 | Prob: 0.572 | Fração: 54.5%
2025-09-22 22:13:31,701 - INFO - COMPRA: 2024-08-23 | Preço base: R$ 25.09 | Preço exec c/ slippage: R$ 25.09 | Ações: 100 | Custo: R$ 2511.39 | Prob: 0.876 | Fração: 95.2%
2025-09-22 22:13:31,702 - WARNING - COMPRA REJEITADA: Quantidade calculada = 0 (prob: 0.631, fração: 66.1%)
2025-09-22 22:13:31,702 - WARNING - COMPRA REJEITADA: Quantidade calculada = 0 (prob: 0.444, fração: 33.9%)
2025-09-22 22:13:31,702 - WARNING - COMPRA REJEITADA: Quantidade calculada = 0 (prob: 0.565, fração: 53.0%)
2025-09-22 22:13:31,702 - WARNING - COMPRA REJEITADA: Quantidade calculada = 0 (prob: 0.465, fração: 36.5%)
2025-09-22 22:13:31,703 - WARNING - COMPRA REJEITADA: Quantidade calculada = 0 (prob: 0.560, fração: 52.1%)
2025-09-22 22:13:31,703 - WARNING - COMPRA REJEITADA: Quantidade calculada = 0 (prob: 0.856, fração: 94.2%)
2025-09-22 22:13:31,703 - WARNING - COMPRA REJEITADA: Quantidade calculada = 0 (prob: 0.674, fração: 74.2%)
2025-09-22 22:13:31,703 - WARNING - COMPRA REJEITADA: Quantidade calculada = 0 (prob: 0.876, fração: 95.2%)
2025-09-22 22:13:31,703 - WARNING - COMPRA REJEITADA: Quantidade calculada = 0 (prob: 0.698, fração: 78.2%)
2025-09-22 22:13:31,704 - WARNING - COMPRA REJEITADA: Quantidade calculada = 0 (prob: 0.599, fração: 59.8%)
2025-09-22 22:13:31,704 - WARNING - COMPRA REJEITADA: Quantidade calculada = 0 (prob: 0.642, fração: 68.3%)
2025-09-22 22:13:31,704 - WARNING - COMPRA REJEITADA: Quantidade calculada = 0 (prob: 0.793, fração: 89.9%)
2025-09-22 22:13:31,704 - WARNING - COMPRA REJEITADA: Quantidade calculada = 0 (prob: 0.703, fração: 79.0%)
2025-09-22 22:13:31,704 - WARNING - COMPRA REJEITADA: Quantidade calculada = 0 (prob: 0.573, fração: 54.6%)
2025-09-22 22:13:31,704 - WARNING - COMPRA REJEITADA: Quantidade calculada = 0 (prob: 0.675, fração: 74.3%)
2025-09-22 22:13:31,704 - WARNING - COMPRA REJEITADA: Quantidade calculada = 0 (prob: 0.876, fração: 95.2%)
2025-09-22 22:13:31,704 - WARNING - COMPRA REJEITADA: Quantidade calculada = 0 (prob: 0.624, fração: 64.7%)
2025-09-22 22:13:31,705 - WARNING - COMPRA REJEITADA: Quantidade calculada = 0 (prob: 0.801, fração: 90.6%)
2025-09-22 22:13:31,705 - WARNING - COMPRA REJEITADA: Quantidade calculada = 0 (prob: 0.644, fração: 68.6%)
2025-09-22 22:13:31,705 - WARNING - COMPRA REJEITADA: Quantidade calculada = 0 (prob: 0.724, fração: 82.1%)
2025-09-22 22:13:31,705 - WARNING - COMPRA REJEITADA: Quantidade calculada = 0 (prob: 0.564, fração: 53.0%)
2025-09-22 22:13:31,705 - WARNING - COMPRA REJEITADA: Quantidade calculada = 0 (prob: 0.858, fração: 94.3%)
2025-09-22 22:13:31,705 - WARNING - COMPRA REJEITADA: Quantidade calculada = 0 (prob: 0.576, fração: 55.3%)
2025-09-22 22:13:31,706 - INFO - VENDA: 2024-09-26 | Preço base: R$ 26.14 | Preço exec c/ slippage: R$ 26.14 | Ações: 3700 | Valor líquido: R$ 96626.18 | Slippage: 0.7 bps
2025-09-22 22:13:31,706 - INFO - COMPRA: 2024-10-02 | Preço base: R$ 26.30 | Preço exec c/ slippage: R$ 26.30 | Ações: 3500 | Custo: R$ 92147.91 | Prob: 0.860 | Fração: 94.5%
2025-09-22 22:13:31,706 - INFO - COMPRA: 2024-10-03 | Preço base: R$ 25.70 | Preço exec c/ slippage: R$ 25.70 | Ações: 100 | Custo: R$ 2572.50 | Prob: 0.557 | Fração: 51.5%
2025-09-22 22:13:31,706 - WARNING - COMPRA REJEITADA: Quantidade calculada = 0 (prob: 0.472, fração: 37.4%)
2025-09-22 22:13:31,706 - WARNING - COMPRA REJEITADA: Quantidade calculada = 0 (prob: 0.431, fração: 32.5%)
2025-09-22 22:13:31,707 - INFO - COMPRA: 2024-10-08 | Preço base: R$ 25.52 | Preço exec c/ slippage: R$ 25.52 | Ações: 100 | Custo: R$ 2554.47 | Prob: 0.799 | Fração: 90.3%
2025-09-22 22:13:31,707 - WARNING - COMPRA REJEITADA: Quantidade calculada = 0 (prob: 0.482, fração: 38.8%)
2025-09-22 22:13:31,707 - WARNING - COMPRA REJEITADA: Quantidade calculada = 0 (prob: 0.355, fração: 26.3%)
2025-09-22 22:13:31,707 - WARNING - COMPRA REJEITADA: Quantidade calculada = 0 (prob: 0.299, fração: 23.7%)
2025-09-22 22:13:31,707 - WARNING - COMPRA REJEITADA: Quantidade calculada = 0 (prob: 0.778, fração: 88.4%)
2025-09-22 22:13:31,707 - INFO - PROGRESSO: Data 2024-10-15 | Pred: 1 | Cash: R$ 1,617.74 | Ações: 3700
2025-09-22 22:13:31,707 - WARNING - COMPRA REJEITADA: Quantidade calculada = 0 (prob: 0.352, fração: 26.2%)
2025-09-22 22:13:31,708 - WARNING - COMPRA REJEITADA: Quantidade calculada = 0 (prob: 0.851, fração: 94.0%)
2025-09-22 22:13:31,708 - WARNING - COMPRA REJEITADA: Quantidade calculada = 0 (prob: 0.558, fração: 51.7%)
2025-09-22 22:13:31,708 - WARNING - COMPRA REJEITADA: Quantidade calculada = 0 (prob: 0.856, fração: 94.3%)
2025-09-22 22:13:31,708 - WARNING - COMPRA REJEITADA: Quantidade calculada = 0 (prob: 0.545, fração: 49.3%)
2025-09-22 22:13:31,708 - INFO - VENDA: 2024-10-22 | Preço base: R$ 25.27 | Preço exec c/ slippage: R$ 25.27 | Ações: 3700 | Valor líquido: R$ 93402.33 | Slippage: 0.8 bps
2025-09-22 22:13:31,708 - INFO - COMPRA: 2024-10-28 | Preço base: R$ 25.50 | Preço exec c/ slippage: R$ 25.51 | Ações: 3500 | Custo: R$ 89357.74 | Prob: 0.860 | Fração: 94.5%
2025-09-22 22:13:31,709 - WARNING - COMPRA REJEITADA: Quantidade calculada = 0 (prob: 0.360, fração: 26.7%)
2025-09-22 22:13:31,709 - INFO - COMPRA: 2024-10-30 | Preço base: R$ 24.82 | Preço exec c/ slippage: R$ 24.82 | Ações: 200 | Custo: R$ 4969.42 | Prob: 0.790 | Fração: 89.6%
2025-09-22 22:13:31,709 - WARNING - COMPRA REJEITADA: Quantidade calculada = 0 (prob: 0.458, fração: 35.6%)
2025-09-22 22:13:31,709 - WARNING - COMPRA REJEITADA: Quantidade calculada = 0 (prob: 0.118, fração: 20.6%)
2025-09-22 22:13:31,709 - WARNING - COMPRA REJEITADA: Quantidade calculada = 0 (prob: 0.668, fração: 73.1%)
2025-09-22 22:13:31,709 - WARNING - COMPRA REJEITADA: Quantidade calculada = 0 (prob: 0.210, fração: 21.6%)
2025-09-22 22:13:31,710 - WARNING - COMPRA REJEITADA: Quantidade calculada = 0 (prob: 0.542, fração: 48.7%)
2025-09-22 22:13:31,710 - WARNING - COMPRA REJEITADA: Quantidade calculada = 0 (prob: 0.862, fração: 94.6%)
2025-09-22 22:13:31,710 - WARNING - COMPRA REJEITADA: Quantidade calculada = 0 (prob: 0.369, fração: 27.2%)
2025-09-22 22:13:31,710 - WARNING - COMPRA REJEITADA: Quantidade calculada = 0 (prob: 0.846, fração: 93.7%)
2025-09-22 22:13:31,710 - WARNING - COMPRA REJEITADA: Quantidade calculada = 0 (prob: 0.570, fração: 54.1%)
2025-09-22 22:13:31,711 - WARNING - COMPRA REJEITADA: Quantidade calculada = 0 (prob: 0.254, fração: 22.4%)
2025-09-22 22:13:31,711 - WARNING - COMPRA REJEITADA: Quantidade calculada = 0 (prob: 0.369, fração: 27.2%)
2025-09-22 22:13:31,711 - WARNING - COMPRA REJEITADA: Quantidade calculada = 0 (prob: 0.361, fração: 26.7%)
2025-09-22 22:13:31,711 - WARNING - COMPRA REJEITADA: Quantidade calculada = 0 (prob: 0.575, fração: 54.9%)
2025-09-22 22:13:31,711 - INFO - VENDA: 2024-11-21 | Preço base: R$ 24.39 | Preço exec c/ slippage: R$ 24.39 | Ações: 3700 | Valor líquido: R$ 90143.63 | Slippage: 0.7 bps
2025-09-22 22:13:31,712 - INFO - COMPRA: 2024-11-29 | Preço base: R$ 23.29 | Preço exec c/ slippage: R$ 23.29 | Ações: 2900 | Custo: R$ 67612.24 | Prob: 0.684 | Fração: 75.9%
2025-09-22 22:13:31,712 - INFO - COMPRA: 2024-12-02 | Preço base: R$ 23.49 | Preço exec c/ slippage: R$ 23.49 | Ações: 200 | Custo: R$ 4703.67 | Prob: 0.382 | Fração: 28.1%
2025-09-22 22:13:31,712 - INFO - COMPRA: 2024-12-03 | Preço base: R$ 24.12 | Preço exec c/ slippage: R$ 24.12 | Ações: 700 | Custo: R$ 16901.38 | Prob: 0.845 | Fração: 93.6%
2025-09-22 22:13:31,712 - WARNING - COMPRA REJEITADA: Quantidade calculada = 0 (prob: 0.462, fração: 36.1%)
2025-09-22 22:13:31,712 - WARNING - COMPRA REJEITADA: Quantidade calculada = 0 (prob: 0.863, fração: 94.6%)
2025-09-22 22:13:31,712 - WARNING - COMPRA REJEITADA: Quantidade calculada = 0 (prob: 0.578, fração: 55.6%)
2025-09-22 22:13:31,712 - INFO - VENDA: 2024-12-09 | Preço base: R$ 24.32 | Preço exec c/ slippage: R$ 24.32 | Ações: 3800 | Valor líquido: R$ 92310.07 | Slippage: 0.7 bps
2025-09-22 22:13:31,713 - INFO - COMPRA: 2024-12-17 | Preço base: R$ 23.21 | Preço exec c/ slippage: R$ 23.21 | Ações: 1900 | Custo: R$ 44144.35 | Prob: 0.536 | Fração: 47.6%
2025-09-22 22:13:31,713 - INFO - COMPRA: 2024-12-18 | Preço base: R$ 23.25 | Preço exec c/ slippage: R$ 23.25 | Ações: 800 | Custo: R$ 18621.14 | Prob: 0.487 | Fração: 39.6%
2025-09-22 22:13:31,713 - INFO - COMPRA: 2024-12-19 | Preço base: R$ 23.29 | Preço exec c/ slippage: R$ 23.29 | Ações: 1200 | Custo: R$ 27977.34 | Prob: 0.791 | Fração: 89.7%
2025-09-22 22:13:31,713 - WARNING - COMPRA REJEITADA: Quantidade calculada = 0 (prob: 0.431, fração: 32.5%)
2025-09-22 22:13:31,713 - INFO - VENDA: 2024-12-23 | Preço base: R$ 22.86 | Preço exec c/ slippage: R$ 22.86 | Ações: 3900 | Valor líquido: R$ 89069.66 | Slippage: 0.7 bps
2025-09-22 22:13:31,714 - INFO - RESUMO FINAL DO BACKTESTING:
2025-09-22 22:13:31,714 - INFO -   Total de trades: 78
2025-09-22 22:13:31,714 - INFO -   Compras realizadas: 61
2025-09-22 22:13:31,714 - INFO -   Vendas realizadas: 17
2025-09-22 22:13:31,714 - INFO -   Capital inicial: R$ 100,000.00
2025-09-22 22:13:31,714 - INFO -   Capital final: R$ 93,088.21
2025-09-22 22:13:31,714 - INFO -   Cash final: R$ 93,088.21
2025-09-22 22:13:31,714 - INFO -   Ações finais: 0
2025-09-22 22:13:31,714 - INFO -   Retorno total: -6.91%
