2025-09-09 10:40:59,488 - INFO - THRESHOLD OTIMIZADO: 0.500
2025-09-09 10:40:59,489 - INFO - F1-SCORE VALIDAÇÃO: 1.000
2025-09-09 10:40:59,490 - INFO - PROBABILIDADES MÉDIAS: Alta=0.210, Baixa=0.790
2025-09-09 10:40:59,491 - INFO - ============================================================
2025-09-09 10:40:59,491 - INFO - INICIANDO BACKTESTING
2025-09-09 10:40:59,491 - INFO - ============================================================
2025-09-09 10:40:59,491 - INFO - Tamanho test_df: 251
2025-09-09 10:40:59,492 - INFO - Tamanho predictions: 251
2025-09-09 10:40:59,492 - INFO - Capital inicial: R$ 100,000.00
2025-09-09 10:40:59,495 - INFO - Custo de transação: 0.100%
2025-09-09 10:40:59,495 - INFO - DISTRIBUIÇÃO DAS PREDIÇÕES:
2025-09-09 10:40:59,496 - INFO -   - Total: 251
2025-09-09 10:40:59,497 - INFO -   - Predições de alta (1): 32
2025-09-09 10:40:59,497 - INFO -   - Predições de baixa (0): 219
2025-09-09 10:40:59,497 - INFO -   - Percentual de alta: 12.7%
2025-09-09 10:40:59,497 - INFO - EXECUÇÃO DOS TRADES:
2025-09-09 10:40:59,497 - INFO - PROGRESSO: Data 2024-01-02 | Pred: 0 | Cash: R$ 100,000.00 | Ações: 0
2025-09-09 10:40:59,498 - WARNING - COMPRA REJEITADA: Cash insuficiente (R$ 100000.00 < R$ 100000.00)
2025-09-09 10:40:59,499 - INFO - COMPRA: 2024-01-09 | Preço: R$ 22.78 | Ações: 4386 | Custo: R$ 100000.00
2025-09-09 10:40:59,499 - INFO - VENDA: 2024-01-10 | Preço: R$ 23.03 | Ações: 4386 | Valor líquido: R$ 100896.25
2025-09-09 10:40:59,499 - INFO - COMPRA: 2024-01-11 | Preço: R$ 22.82 | Ações: 4416 | Custo: R$ 100896.25
2025-09-09 10:40:59,500 - INFO - VENDA: 2024-01-12 | Preço: R$ 23.08 | Ações: 4416 | Valor líquido: R$ 101838.46
2025-09-09 10:40:59,502 - WARNING - COMPRA REJEITADA: Cash insuficiente (R$ 101838.46 < R$ 101838.46)
2025-09-09 10:40:59,504 - WARNING - COMPRA REJEITADA: Cash insuficiente (R$ 101838.46 < R$ 101838.46)
2025-09-09 10:40:59,506 - WARNING - COMPRA REJEITADA: Cash insuficiente (R$ 101838.46 < R$ 101838.46)
2025-09-09 10:40:59,506 - INFO - PROGRESSO: Data 2024-03-14 | Pred: 1 | Cash: R$ 101,838.46 | Ações: 0
2025-09-09 10:40:59,506 - WARNING - COMPRA REJEITADA: Cash insuficiente (R$ 101838.46 < R$ 101838.46)
2025-09-09 10:40:59,507 - INFO - COMPRA: 2024-03-15 | Preço: R$ 23.80 | Ações: 4275 | Custo: R$ 101838.46
2025-09-09 10:40:59,507 - INFO - VENDA: 2024-03-18 | Preço: R$ 23.56 | Ações: 4275 | Valor líquido: R$ 100624.84
2025-09-09 10:40:59,508 - INFO - COMPRA: 2024-03-21 | Preço: R$ 23.33 | Ações: 4309 | Custo: R$ 100624.84
2025-09-09 10:40:59,508 - INFO - VENDA: 2024-03-22 | Preço: R$ 23.47 | Ações: 4309 | Valor líquido: R$ 101030.74
2025-09-09 10:40:59,510 - INFO - COMPRA: 2024-04-15 | Preço: R$ 22.50 | Ações: 4485 | Custo: R$ 101030.74
2025-09-09 10:40:59,510 - INFO - VENDA: 2024-04-16 | Preço: R$ 22.65 | Ações: 4485 | Valor líquido: R$ 101474.28
2025-09-09 10:40:59,511 - INFO - COMPRA: 2024-04-25 | Preço: R$ 22.22 | Ações: 4563 | Custo: R$ 101474.28
2025-09-09 10:40:59,512 - INFO - VENDA: 2024-04-26 | Preço: R$ 22.30 | Ações: 4563 | Valor líquido: R$ 101631.63
2025-09-09 10:40:59,513 - INFO - COMPRA: 2024-05-21 | Preço: R$ 21.08 | Ações: 4816 | Custo: R$ 101631.63
2025-09-09 10:40:59,513 - INFO - VENDA: 2024-05-22 | Preço: R$ 21.32 | Ações: 4816 | Valor líquido: R$ 102574.27
2025-09-09 10:40:59,514 - INFO - PROGRESSO: Data 2024-05-27 | Pred: 0 | Cash: R$ 102,574.27 | Ações: 0
2025-09-09 10:40:59,515 - INFO - COMPRA: 2024-06-07 | Preço: R$ 20.98 | Ações: 4885 | Custo: R$ 102574.27
2025-09-09 10:40:59,515 - INFO - VENDA: 2024-06-10 | Preço: R$ 20.83 | Ações: 4885 | Valor líquido: R$ 101640.24
2025-09-09 10:40:59,516 - INFO - COMPRA: 2024-06-14 | Preço: R$ 20.86 | Ações: 4868 | Custo: R$ 101640.24
2025-09-09 10:40:59,516 - INFO - VENDA: 2024-06-17 | Preço: R$ 20.64 | Ações: 4868 | Valor líquido: R$ 100369.88
2025-09-09 10:40:59,517 - INFO - COMPRA: 2024-07-08 | Preço: R$ 21.74 | Ações: 4613 | Custo: R$ 100369.88
2025-09-09 10:40:59,518 - INFO - VENDA: 2024-07-09 | Preço: R$ 21.92 | Ações: 4613 | Valor líquido: R$ 100988.83
2025-09-09 10:40:59,519 - INFO - COMPRA: 2024-07-12 | Preço: R$ 23.22 | Ações: 4345 | Custo: R$ 100988.83
2025-09-09 10:40:59,520 - INFO - VENDA: 2024-07-18 | Preço: R$ 23.04 | Ações: 4345 | Valor líquido: R$ 100035.36
2025-09-09 10:40:59,523 - INFO - PROGRESSO: Data 2024-08-06 | Pred: 1 | Cash: R$ 100,035.36 | Ações: 0
2025-09-09 10:40:59,524 - WARNING - COMPRA REJEITADA: Cash insuficiente (R$ 100035.36 < R$ 100035.36)
2025-09-09 10:40:59,524 - INFO - COMPRA: 2024-08-13 | Preço: R$ 24.07 | Ações: 4152 | Custo: R$ 100035.36
2025-09-09 10:40:59,525 - INFO - VENDA: 2024-08-14 | Preço: R$ 24.36 | Ações: 4152 | Valor líquido: R$ 101048.95
2025-09-09 10:40:59,528 - INFO - COMPRA: 2024-09-13 | Preço: R$ 26.00 | Ações: 3882 | Custo: R$ 101048.95
2025-09-09 10:40:59,529 - INFO - VENDA: 2024-09-16 | Preço: R$ 26.39 | Ações: 3882 | Valor líquido: R$ 102373.08
2025-09-09 10:40:59,530 - INFO - COMPRA: 2024-09-17 | Preço: R$ 26.18 | Ações: 3906 | Custo: R$ 102373.08
2025-09-09 10:40:59,530 - INFO - COMPRA: 2024-09-18 | Preço: R$ 26.50 | Ações: 0 | Custo: R$ 0.00
2025-09-09 10:40:59,531 - INFO - COMPRA: 2024-09-19 | Preço: R$ 26.02 | Ações: 0 | Custo: R$ 0.00
2025-09-09 10:40:59,531 - INFO - VENDA: 2024-09-20 | Preço: R$ 26.07 | Ações: 3906 | Valor líquido: R$ 101743.06
2025-09-09 10:40:59,532 - INFO - COMPRA: 2024-10-03 | Preço: R$ 25.70 | Ações: 3955 | Custo: R$ 101743.06
2025-09-09 10:40:59,532 - INFO - VENDA: 2024-10-07 | Preço: R$ 25.76 | Ações: 3955 | Valor líquido: R$ 101802.00
2025-09-09 10:40:59,532 - INFO - COMPRA: 2024-10-11 | Preço: R$ 24.95 | Ações: 4076 | Custo: R$ 101802.00
2025-09-09 10:40:59,532 - INFO - VENDA: 2024-10-14 | Preço: R$ 25.24 | Ações: 4076 | Valor líquido: R$ 102775.94
2025-09-09 10:40:59,534 - INFO - PROGRESSO: Data 2024-10-15 | Pred: 0 | Cash: R$ 102,775.94 | Ações: 0
2025-09-09 10:40:59,535 - INFO - COMPRA: 2024-10-29 | Preço: R$ 24.59 | Ações: 4175 | Custo: R$ 102775.94
2025-09-09 10:40:59,536 - INFO - VENDA: 2024-10-30 | Preço: R$ 24.82 | Ações: 4175 | Valor líquido: R$ 103519.58
2025-09-09 10:40:59,537 - INFO - COMPRA: 2024-11-12 | Preço: R$ 24.71 | Ações: 4185 | Custo: R$ 103519.58
2025-09-09 10:40:59,537 - INFO - VENDA: 2024-11-13 | Preço: R$ 24.68 | Ações: 4185 | Valor líquido: R$ 103174.01
2025-09-09 10:40:59,539 - INFO - COMPRA: 2024-11-29 | Preço: R$ 23.29 | Ações: 4426 | Custo: R$ 103174.01
2025-09-09 10:40:59,539 - INFO - VENDA: 2024-12-02 | Preço: R$ 23.49 | Ações: 4426 | Valor líquido: R$ 103869.08
2025-09-09 10:40:59,539 - INFO - COMPRA: 2024-12-16 | Preço: R$ 23.37 | Ações: 4440 | Custo: R$ 103869.08
2025-09-09 10:40:59,541 - INFO - VENDA: 2024-12-17 | Preço: R$ 23.21 | Ações: 4440 | Valor líquido: R$ 102946.64
2025-09-09 10:40:59,541 - INFO - RESUMO FINAL DO BACKTESTING:
2025-09-09 10:40:59,541 - INFO -   Total de trades: 42
2025-09-09 10:40:59,541 - INFO -   Compras realizadas: 22
2025-09-09 10:40:59,541 - INFO -   Vendas realizadas: 20
2025-09-09 10:40:59,542 - INFO -   Capital inicial: R$ 100,000.00
2025-09-09 10:40:59,542 - INFO -   Capital final: R$ 102,946.64
2025-09-09 10:40:59,542 - INFO -   Cash final: R$ 102,946.64
2025-09-09 10:40:59,542 - INFO -   Ações finais: 0
2025-09-09 10:40:59,542 - INFO -   Retorno total: +2.95%
