2025-09-04 10:42:29,600 - INFO - THRESHOLD OTIMIZADO: 0.500
2025-09-04 10:42:29,601 - INFO - F1-SCORE VALIDAÇÃO: 0.174
2025-09-04 10:42:29,601 - INFO - PROBABILIDADES MÉDIAS: Alta=0.050, Baixa=0.950
2025-09-04 10:42:29,603 - INFO - ============================================================
2025-09-04 10:42:29,603 - INFO - INICIANDO BACKTESTING
2025-09-04 10:42:29,603 - INFO - ============================================================
2025-09-04 10:42:29,603 - INFO - Tamanho test_df: 251
2025-09-04 10:42:29,603 - INFO - Tamanho predictions: 251
2025-09-04 10:42:29,603 - INFO - Capital inicial: R$ 100,000.00
2025-09-04 10:42:29,607 - INFO - Custo de transação: 0.100%
2025-09-04 10:42:29,607 - INFO - DISTRIBUIÇÃO DAS PREDIÇÕES:
2025-09-04 10:42:29,607 - INFO -   - Total: 251
2025-09-04 10:42:29,607 - INFO -   - Predições de alta (1): 0
2025-09-04 10:42:29,607 - INFO -   - Predições de baixa (0): 251
2025-09-04 10:42:29,607 - INFO -   - Percentual de alta: 0.0%
2025-09-04 10:42:29,607 - INFO - EXECUÇÃO DOS TRADES:
2025-09-04 10:42:29,607 - INFO - PROGRESSO: Data 2024-01-02 | Pred: 0 | Cash: R$ 100,000.00 | Ações: 0
2025-09-04 10:42:29,614 - INFO - PROGRESSO: Data 2024-03-14 | Pred: 0 | Cash: R$ 100,000.00 | Ações: 0
2025-09-04 10:42:29,618 - INFO - PROGRESSO: Data 2024-05-27 | Pred: 0 | Cash: R$ 100,000.00 | Ações: 0
2025-09-04 10:42:29,624 - INFO - PROGRESSO: Data 2024-08-06 | Pred: 0 | Cash: R$ 100,000.00 | Ações: 0
2025-09-04 10:42:29,629 - INFO - PROGRESSO: Data 2024-10-15 | Pred: 0 | Cash: R$ 100,000.00 | Ações: 0
2025-09-04 10:42:29,633 - INFO - RESUMO FINAL DO BACKTESTING:
2025-09-04 10:42:29,633 - INFO -   Total de trades: 0
2025-09-04 10:42:29,633 - INFO -   Compras realizadas: 0
2025-09-04 10:42:29,633 - INFO -   Vendas realizadas: 0
2025-09-04 10:42:29,633 - INFO -   Capital inicial: R$ 100,000.00
2025-09-04 10:42:29,633 - INFO -   Capital final: R$ 100,000.00
2025-09-04 10:42:29,633 - INFO -   Cash final: R$ 100,000.00
2025-09-04 10:42:29,635 - INFO -   Ações finais: 0
2025-09-04 10:42:29,635 - INFO -   Retorno total: +0.00%
2025-09-04 10:42:29,635 - WARNING - AVISO: Nenhum trade foi executado!
2025-09-04 10:42:29,635 - WARNING -   - Verificar se há predições de alta (1) nas predições
2025-09-04 10:42:29,635 - WARNING -   - Verificar se há predições de baixa (0) quando há ações
2025-09-04 10:42:29,635 - WARNING -   - Verificar se os dados têm variação suficiente
