2025-09-17 14:18:53,629 - INFO - THRESHOLDS FINANCEIROS: buy=0.70 sell=0.15 hold_min_days=3
2025-09-17 14:18:53,631 - INFO - PROBABILIDADE MÉDIA: 0.296
2025-09-17 14:18:53,631 - INFO - ============================================================
2025-09-17 14:18:53,631 - INFO - INICIANDO BACKTESTING REALISTA
2025-09-17 14:18:53,632 - INFO - ============================================================
2025-09-17 14:18:53,632 - INFO - Tamanho test_df: 251
2025-09-17 14:18:53,632 - INFO - Tamanho predictions: 251
2025-09-17 14:18:53,632 - INFO - Tamanho probabilities: 251
2025-09-17 14:18:53,635 - INFO - Capital inicial: R$ 100,000.00
2025-09-17 14:18:53,636 - INFO - Custo de transação: 0.100%
2025-09-17 14:18:53,647 - INFO - CDI real carregado: 253 dias disponíveis
2025-09-17 14:18:53,648 - INFO - Slippage Dinâmico: 0.2-2.0 bps | Lote: 100 | CDI: Real
2025-09-17 14:18:53,652 - INFO - DISTRIBUIÇÃO DAS PREDIÇÕES:
2025-09-17 14:18:53,652 - INFO -   - Total: 251
2025-09-17 14:18:53,653 - INFO -   - Predições de alta (1): 44
2025-09-17 14:18:53,653 - INFO -   - Predições de baixa (0): 207
2025-09-17 14:18:53,653 - INFO -   - Percentual de alta: 17.5%
2025-09-17 14:18:53,653 - INFO - EXECUÇÃO DOS TRADES:
2025-09-17 14:18:53,653 - INFO - PROGRESSO: Data 2024-01-02 | Pred: 0 | Cash: R$ 100,000.00 | Ações: 0
2025-09-17 14:18:53,655 - INFO - COMPRA: 2024-01-05 | Preço base: R$ 22.86 | Preço exec c/ slippage: R$ 22.86 | Ações: 3700 | Custo: R$ 84672.41 | Prob: 0.751 | Fração: 85.5%
2025-09-17 14:18:53,656 - INFO - COMPRA: 2024-01-08 | Preço base: R$ 22.71 | Preço exec c/ slippage: R$ 22.71 | Ações: 100 | Custo: R$ 2272.94 | Prob: 0.340 | Fração: 25.5%
2025-09-17 14:18:53,657 - INFO - COMPRA: 2024-01-09 | Preço base: R$ 22.78 | Preço exec c/ slippage: R$ 22.78 | Ações: 200 | Custo: R$ 4560.45 | Prob: 0.482 | Fração: 38.8%
2025-09-17 14:18:53,658 - WARNING - COMPRA REJEITADA: Quantidade calculada = 0 (prob: 0.309, fração: 24.1%)
2025-09-17 14:18:53,659 - INFO - COMPRA: 2024-01-11 | Preço base: R$ 22.82 | Preço exec c/ slippage: R$ 22.82 | Ações: 100 | Custo: R$ 2284.78 | Prob: 0.484 | Fração: 39.1%
2025-09-17 14:18:53,659 - INFO - VENDA: 2024-01-12 | Preço base: R$ 23.08 | Preço exec c/ slippage: R$ 23.08 | Ações: 4100 | Valor líquido: R$ 94537.60 | Slippage: 0.7 bps
2025-09-17 14:18:53,666 - INFO - PROGRESSO: Data 2024-03-14 | Pred: 0 | Cash: R$ 102,720.25 | Ações: 0
2025-09-17 14:18:53,667 - INFO - COMPRA: 2024-03-28 | Preço base: R$ 23.06 | Preço exec c/ slippage: R$ 23.06 | Ações: 3600 | Custo: R$ 83091.90 | Prob: 0.719 | Fração: 81.4%
2025-09-17 14:18:53,669 - INFO - COMPRA: 2024-04-01 | Preço base: R$ 23.21 | Preço exec c/ slippage: R$ 23.21 | Ações: 300 | Custo: R$ 6970.86 | Prob: 0.528 | Fração: 46.2%
2025-09-17 14:18:53,669 - INFO - COMPRA: 2024-04-02 | Preço base: R$ 23.12 | Preço exec c/ slippage: R$ 23.13 | Ações: 100 | Custo: R$ 2314.94 | Prob: 0.302 | Fração: 23.9%
2025-09-17 14:18:53,669 - INFO - COMPRA: 2024-04-03 | Preço base: R$ 23.34 | Preço exec c/ slippage: R$ 23.35 | Ações: 400 | Custo: R$ 9347.50 | Prob: 0.854 | Fração: 94.2%
2025-09-17 14:18:53,670 - WARNING - COMPRA REJEITADA: Quantidade calculada = 0 (prob: 0.168, fração: 21.1%)
2025-09-17 14:18:53,670 - INFO - VENDA: 2024-04-05 | Preço base: R$ 23.49 | Preço exec c/ slippage: R$ 23.49 | Ações: 4400 | Valor líquido: R$ 103264.77 | Slippage: 0.8 bps
2025-09-17 14:18:53,672 - INFO - COMPRA: 2024-04-24 | Preço base: R$ 22.32 | Preço exec c/ slippage: R$ 22.32 | Ações: 4200 | Custo: R$ 93858.15 | Prob: 0.804 | Fração: 90.8%
2025-09-17 14:18:53,673 - INFO - COMPRA: 2024-04-25 | Preço base: R$ 22.22 | Preço exec c/ slippage: R$ 22.22 | Ações: 200 | Custo: R$ 4447.99 | Prob: 0.539 | Fração: 48.1%
2025-09-17 14:18:53,673 - INFO - COMPRA: 2024-04-26 | Preço base: R$ 22.30 | Preço exec c/ slippage: R$ 22.30 | Ações: 200 | Custo: R$ 4463.81 | Prob: 0.849 | Fração: 93.9%
2025-09-17 14:18:53,673 - WARNING - COMPRA REJEITADA: Quantidade calculada = 0 (prob: 0.321, fração: 24.6%)
2025-09-17 14:18:53,674 - WARNING - COMPRA REJEITADA: Quantidade calculada = 0 (prob: 0.444, fração: 33.9%)
2025-09-17 14:18:53,674 - WARNING - COMPRA REJEITADA: Quantidade calculada = 0 (prob: 0.157, fração: 20.9%)
2025-09-17 14:18:53,674 - WARNING - COMPRA REJEITADA: Quantidade calculada = 0 (prob: 0.181, fração: 21.2%)
2025-09-17 14:18:53,675 - INFO - VENDA: 2024-05-06 | Preço base: R$ 23.53 | Preço exec c/ slippage: R$ 23.53 | Ações: 4600 | Valor líquido: R$ 108134.62 | Slippage: 0.7 bps
2025-09-17 14:18:53,676 - INFO - COMPRA: 2024-05-21 | Preço base: R$ 21.08 | Preço exec c/ slippage: R$ 21.08 | Ações: 4300 | Custo: R$ 90747.64 | Prob: 0.730 | Fração: 82.8%
2025-09-17 14:18:53,676 - INFO - COMPRA: 2024-05-22 | Preço base: R$ 21.32 | Preço exec c/ slippage: R$ 21.32 | Ações: 200 | Custo: R$ 4268.45 | Prob: 0.198 | Fração: 21.4%
2025-09-17 14:18:53,677 - INFO - COMPRA: 2024-05-23 | Preço base: R$ 21.38 | Preço exec c/ slippage: R$ 21.38 | Ações: 400 | Custo: R$ 8561.22 | Prob: 0.595 | Fração: 58.9%
2025-09-17 14:18:53,677 - INFO - COMPRA: 2024-05-24 | Preço base: R$ 21.43 | Preço exec c/ slippage: R$ 21.43 | Ações: 100 | Custo: R$ 2145.44 | Prob: 0.504 | Fração: 42.1%
2025-09-17 14:18:53,677 - INFO - PROGRESSO: Data 2024-05-27 | Pred: 1 | Cash: R$ 5,404.72 | Ações: 5000
2025-09-17 14:18:53,678 - WARNING - COMPRA REJEITADA: Quantidade calculada = 0 (prob: 0.167, fração: 21.0%)
2025-09-17 14:18:53,678 - INFO - COMPRA: 2024-05-28 | Preço base: R$ 21.10 | Preço exec c/ slippage: R$ 21.10 | Ações: 200 | Custo: R$ 4223.58 | Prob: 0.703 | Fração: 78.9%
2025-09-17 14:18:53,678 - WARNING - COMPRA REJEITADA: Quantidade calculada = 0 (prob: 0.392, fração: 28.9%)
2025-09-17 14:18:53,678 - WARNING - COMPRA REJEITADA: Quantidade calculada = 0 (prob: 0.506, fração: 42.4%)
2025-09-17 14:18:53,679 - WARNING - COMPRA REJEITADA: Quantidade calculada = 0 (prob: 0.297, fração: 23.7%)
2025-09-17 14:18:53,679 - INFO - VENDA: 2024-06-04 | Preço base: R$ 21.03 | Preço exec c/ slippage: R$ 21.02 | Ações: 5200 | Valor líquido: R$ 109214.95 | Slippage: 0.7 bps
2025-09-17 14:18:53,682 - INFO - COMPRA: 2024-07-23 | Preço base: R$ 22.73 | Preço exec c/ slippage: R$ 22.73 | Ações: 4400 | Custo: R$ 100122.22 | Prob: 0.794 | Fração: 89.9%
2025-09-17 14:18:53,683 - INFO - COMPRA: 2024-07-24 | Preço base: R$ 22.96 | Preço exec c/ slippage: R$ 22.97 | Ações: 100 | Custo: R$ 2298.91 | Prob: 0.236 | Fração: 22.1%
2025-09-17 14:18:53,683 - WARNING - COMPRA REJEITADA: Quantidade calculada = 0 (prob: 0.140, fração: 20.8%)
2025-09-17 14:18:53,684 - INFO - COMPRA: 2024-07-26 | Preço base: R$ 22.70 | Preço exec c/ slippage: R$ 22.70 | Ações: 100 | Custo: R$ 2272.39 | Prob: 0.381 | Fração: 28.0%
2025-09-17 14:18:53,685 - WARNING - COMPRA REJEITADA: Quantidade calculada = 0 (prob: 0.245, fração: 22.2%)
2025-09-17 14:18:53,685 - INFO - COMPRA: 2024-07-30 | Preço base: R$ 22.27 | Preço exec c/ slippage: R$ 22.27 | Ações: 100 | Custo: R$ 2229.40 | Prob: 0.521 | Fração: 44.9%
2025-09-17 14:18:53,685 - INFO - VENDA: 2024-07-31 | Preço base: R$ 23.02 | Preço exec c/ slippage: R$ 23.01 | Ações: 4700 | Valor líquido: R$ 108058.53 | Slippage: 0.7 bps
2025-09-17 14:18:53,686 - INFO - PROGRESSO: Data 2024-08-06 | Pred: 0 | Cash: R$ 113,260.77 | Ações: 0
2025-09-17 14:18:53,690 - INFO - PROGRESSO: Data 2024-10-15 | Pred: 0 | Cash: R$ 115,524.84 | Ações: 0
2025-09-17 14:18:53,693 - INFO - COMPRA: 2024-11-28 | Preço base: R$ 23.39 | Preço exec c/ slippage: R$ 23.39 | Ações: 4400 | Custo: R$ 103022.64 | Prob: 0.792 | Fração: 89.8%
2025-09-17 14:18:53,693 - INFO - COMPRA: 2024-11-29 | Preço base: R$ 23.29 | Preço exec c/ slippage: R$ 23.29 | Ações: 300 | Custo: R$ 6994.30 | Prob: 0.629 | Fração: 65.8%
2025-09-17 14:18:53,694 - WARNING - COMPRA REJEITADA: Quantidade calculada = 0 (prob: 0.307, fração: 24.1%)
2025-09-17 14:18:53,694 - WARNING - COMPRA REJEITADA: Quantidade calculada = 0 (prob: 0.078, fração: 20.4%)
2025-09-17 14:18:53,695 - INFO - COMPRA: 2024-12-04 | Preço base: R$ 24.42 | Preço exec c/ slippage: R$ 24.42 | Ações: 100 | Custo: R$ 2444.85 | Prob: 0.527 | Fração: 46.1%
2025-09-17 14:18:53,695 - WARNING - COMPRA REJEITADA: Quantidade calculada = 0 (prob: 0.338, fração: 25.4%)
2025-09-17 14:18:53,695 - WARNING - COMPRA REJEITADA: Quantidade calculada = 0 (prob: 0.248, fração: 22.3%)
2025-09-17 14:18:53,696 - INFO - VENDA: 2024-12-09 | Preço base: R$ 24.32 | Preço exec c/ slippage: R$ 24.32 | Ações: 4800 | Valor líquido: R$ 116602.19 | Slippage: 0.7 bps
2025-09-17 14:18:53,697 - INFO - COMPRA: 2024-12-17 | Preço base: R$ 23.21 | Preço exec c/ slippage: R$ 23.21 | Ações: 4800 | Custo: R$ 111522.63 | Prob: 0.819 | Fração: 92.0%
2025-09-17 14:18:53,697 - INFO - COMPRA: 2024-12-18 | Preço base: R$ 23.25 | Preço exec c/ slippage: R$ 23.25 | Ações: 400 | Custo: R$ 9310.55 | Prob: 0.889 | Fração: 95.8%
2025-09-17 14:18:53,697 - WARNING - COMPRA REJEITADA: Quantidade calculada = 0 (prob: 0.869, fração: 94.9%)
2025-09-17 14:18:53,698 - WARNING - COMPRA REJEITADA: Quantidade calculada = 0 (prob: 0.711, fração: 80.2%)
2025-09-17 14:18:53,698 - WARNING - COMPRA REJEITADA: Quantidade calculada = 0 (prob: 0.563, fração: 52.6%)
2025-09-17 14:18:53,698 - INFO - VENDA: 2024-12-26 | Preço base: R$ 23.21 | Preço exec c/ slippage: R$ 23.21 | Ações: 5200 | Valor líquido: R$ 120571.61 | Slippage: 0.8 bps
2025-09-17 14:18:53,698 - INFO - RESUMO FINAL DO BACKTESTING:
2025-09-17 14:18:53,699 - INFO -   Total de trades: 32
2025-09-17 14:18:53,699 - INFO -   Compras realizadas: 25
2025-09-17 14:18:53,699 - INFO -   Vendas realizadas: 7
2025-09-17 14:18:53,699 - INFO -   Capital inicial: R$ 100,000.00
2025-09-17 14:18:53,699 - INFO -   Capital final: R$ 121,285.48
2025-09-17 14:18:53,699 - INFO -   Cash final: R$ 121,285.48
2025-09-17 14:18:53,699 - INFO -   Ações finais: 0
2025-09-17 14:18:53,699 - INFO -   Retorno total: +21.29%
