2025-09-22 22:46:40,583 - INFO - THRESHOLDS FINANCEIROS: buy=0.50 sell=0.45 hold_min_days=3
2025-09-22 22:46:40,585 - INFO - SCORE MÉDIO: 0.066
2025-09-22 22:46:40,585 - INFO - ============================================================
2025-09-22 22:46:40,587 - INFO - INICIANDO BACKTESTING REALISTA
2025-09-22 22:46:40,587 - INFO - ============================================================
2025-09-22 22:46:40,587 - INFO - Tamanho test_df: 251
2025-09-22 22:46:40,587 - INFO - Tamanho predictions: 251
2025-09-22 22:46:40,587 - INFO - Tamanho probabilities: 251
2025-09-22 22:46:40,592 - INFO - Capital inicial: R$ 100,000.00
2025-09-22 22:46:40,592 - INFO - Custo de transação: 0.100%
2025-09-22 22:46:40,609 - INFO - CDI real carregado: 253 dias disponíveis
2025-09-22 22:46:40,610 - INFO - Slippage Dinâmico: 0.2-2.0 bps | Lote: 100 | CDI: Real
2025-09-22 22:46:40,617 - INFO - DISTRIBUIÇÃO DAS PREDIÇÕES:
2025-09-22 22:46:40,617 - INFO -   - Total: 251
2025-09-22 22:46:40,618 - INFO -   - Predições de alta (1): 88
2025-09-22 22:46:40,618 - INFO -   - Predições de baixa (0): 163
2025-09-22 22:46:40,619 - INFO -   - Percentual de alta: 35.1%
2025-09-22 22:46:40,619 - INFO - EXECUÇÃO DOS TRADES:
2025-09-22 22:46:40,620 - INFO - PROGRESSO: Data 2024-01-02 | Pred: 0 | Cash: R$ 100,000.00 | Ações: 0
2025-09-22 22:46:40,625 - INFO - COMPRA: 2024-01-17 | Preço base: R$ 23.18 | Preço exec c/ slippage: R$ 23.18 | Ações: 2200 | Custo: R$ 51046.92 | Prob: 0.559 | Fração: 51.9%
2025-09-22 22:46:40,626 - INFO - COMPRA: 2024-01-18 | Preço base: R$ 23.02 | Preço exec c/ slippage: R$ 23.02 | Ações: 400 | Custo: R$ 9217.43 | Prob: -0.017 | Fração: 20.2%
2025-09-22 22:46:40,627 - INFO - COMPRA: 2024-01-19 | Preço base: R$ 23.14 | Preço exec c/ slippage: R$ 23.14 | Ações: 300 | Custo: R$ 6948.59 | Prob: 0.109 | Fração: 20.6%
2025-09-22 22:46:40,629 - INFO - COMPRA: 2024-01-22 | Preço base: R$ 23.21 | Preço exec c/ slippage: R$ 23.21 | Ações: 200 | Custo: R$ 4646.96 | Prob: 0.134 | Fração: 20.8%
2025-09-22 22:46:40,630 - INFO - VENDA: 2024-01-23 | Preço base: R$ 23.33 | Preço exec c/ slippage: R$ 23.33 | Ações: 3100 | Valor líquido: R$ 72254.33 | Slippage: 0.7 bps
2025-09-22 22:46:40,633 - INFO - COMPRA: 2024-01-31 | Preço base: R$ 23.36 | Preço exec c/ slippage: R$ 23.36 | Ações: 2900 | Custo: R$ 67817.37 | Prob: 0.646 | Fração: 69.0%
2025-09-22 22:46:40,634 - INFO - COMPRA: 2024-02-01 | Preço base: R$ 23.85 | Preço exec c/ slippage: R$ 23.85 | Ações: 300 | Custo: R$ 7163.04 | Prob: 0.250 | Fração: 22.4%
2025-09-22 22:46:40,635 - INFO - COMPRA: 2024-02-02 | Preço base: R$ 23.96 | Preço exec c/ slippage: R$ 23.96 | Ações: 200 | Custo: R$ 4796.30 | Prob: 0.230 | Fração: 21.9%
2025-09-22 22:46:40,636 - INFO - COMPRA: 2024-02-05 | Preço base: R$ 24.05 | Preço exec c/ slippage: R$ 24.05 | Ações: 200 | Custo: R$ 4815.43 | Prob: 0.307 | Fração: 24.1%
2025-09-22 22:46:40,637 - INFO - COMPRA: 2024-02-06 | Preço base: R$ 24.32 | Preço exec c/ slippage: R$ 24.33 | Ações: 500 | Custo: R$ 12175.19 | Prob: 0.716 | Fração: 80.9%
2025-09-22 22:46:40,637 - INFO - VENDA: 2024-02-07 | Preço base: R$ 24.52 | Preço exec c/ slippage: R$ 24.52 | Ações: 4100 | Valor líquido: R$ 100424.07 | Slippage: 0.7 bps
2025-09-22 22:46:40,642 - INFO - COMPRA: 2024-02-22 | Preço base: R$ 25.64 | Preço exec c/ slippage: R$ 25.65 | Ações: 3300 | Custo: R$ 84714.29 | Prob: 0.715 | Fração: 80.8%
2025-09-22 22:46:40,642 - INFO - COMPRA: 2024-02-23 | Preço base: R$ 25.10 | Preço exec c/ slippage: R$ 25.10 | Ações: 100 | Custo: R$ 2512.89 | Prob: 0.246 | Fração: 22.2%
2025-09-22 22:46:40,645 - INFO - COMPRA: 2024-02-26 | Preço base: R$ 25.02 | Preço exec c/ slippage: R$ 25.02 | Ações: 100 | Custo: R$ 2504.24 | Prob: -0.577 | Fração: 20.0%
2025-09-22 22:46:40,646 - INFO - COMPRA: 2024-02-27 | Preço base: R$ 25.43 | Preço exec c/ slippage: R$ 25.43 | Ações: 100 | Custo: R$ 2545.22 | Prob: 0.196 | Fração: 21.4%
2025-09-22 22:46:40,647 - INFO - VENDA: 2024-02-28 | Preço base: R$ 25.32 | Preço exec c/ slippage: R$ 25.31 | Ações: 3600 | Valor líquido: R$ 91039.60 | Slippage: 0.7 bps
2025-09-22 22:46:40,650 - INFO - COMPRA: 2024-03-07 | Preço base: R$ 23.91 | Preço exec c/ slippage: R$ 23.91 | Ações: 3100 | Custo: R$ 74188.21 | Prob: 0.660 | Fração: 71.6%
2025-09-22 22:46:40,651 - INFO - COMPRA: 2024-03-08 | Preço base: R$ 23.62 | Preço exec c/ slippage: R$ 23.62 | Ações: 200 | Custo: R$ 4728.92 | Prob: -0.021 | Fração: 20.2%
2025-09-22 22:46:40,652 - INFO - COMPRA: 2024-03-11 | Preço base: R$ 23.77 | Preço exec c/ slippage: R$ 23.77 | Ações: 200 | Custo: R$ 4758.97 | Prob: -0.100 | Fração: 20.1%
2025-09-22 22:46:40,653 - INFO - COMPRA: 2024-03-12 | Preço base: R$ 23.58 | Preço exec c/ slippage: R$ 23.58 | Ações: 100 | Custo: R$ 2360.81 | Prob: -0.071 | Fração: 20.1%
2025-09-22 22:46:40,654 - INFO - VENDA: 2024-03-13 | Preço base: R$ 23.63 | Preço exec c/ slippage: R$ 23.63 | Ações: 3600 | Valor líquido: R$ 84971.42 | Slippage: 0.7 bps
2025-09-22 22:46:40,655 - INFO - PROGRESSO: Data 2024-03-14 | Pred: 0 | Cash: R$ 103,376.31 | Ações: 0
2025-09-22 22:46:40,659 - INFO - COMPRA: 2024-04-01 | Preço base: R$ 23.21 | Preço exec c/ slippage: R$ 23.21 | Ações: 2400 | Custo: R$ 55767.43 | Prob: 0.578 | Fração: 55.6%
2025-09-22 22:46:40,660 - INFO - COMPRA: 2024-04-02 | Preço base: R$ 23.12 | Preço exec c/ slippage: R$ 23.13 | Ações: 400 | Custo: R$ 9259.77 | Prob: -0.084 | Fração: 20.1%
2025-09-22 22:46:40,660 - INFO - COMPRA: 2024-04-03 | Preço base: R$ 23.34 | Preço exec c/ slippage: R$ 23.35 | Ações: 1300 | Custo: R$ 30379.55 | Prob: 0.701 | Fração: 78.6%
2025-09-22 22:46:40,662 - WARNING - COMPRA REJEITADA: Quantidade calculada = 0 (prob: 0.075, fração: 20.4%)
2025-09-22 22:46:40,662 - INFO - VENDA: 2024-04-05 | Preço base: R$ 23.49 | Preço exec c/ slippage: R$ 23.49 | Ações: 4100 | Valor líquido: R$ 96223.99 | Slippage: 0.8 bps
2025-09-22 22:46:40,670 - INFO - COMPRA: 2024-05-02 | Preço base: R$ 23.28 | Preço exec c/ slippage: R$ 23.28 | Ações: 3600 | Custo: R$ 83900.36 | Prob: 0.713 | Fração: 80.4%
2025-09-22 22:46:40,670 - INFO - COMPRA: 2024-05-03 | Preço base: R$ 23.39 | Preço exec c/ slippage: R$ 23.39 | Ações: 200 | Custo: R$ 4683.52 | Prob: 0.300 | Fração: 23.8%
2025-09-22 22:46:40,672 - INFO - COMPRA: 2024-05-06 | Preço base: R$ 23.53 | Preço exec c/ slippage: R$ 23.53 | Ações: 300 | Custo: R$ 7067.35 | Prob: 0.517 | Fração: 44.3%
2025-09-22 22:46:40,672 - WARNING - COMPRA REJEITADA: Quantidade calculada = 0 (prob: 0.189, fração: 21.3%)
2025-09-22 22:46:40,674 - INFO - VENDA: 2024-05-08 | Preço base: R$ 21.67 | Preço exec c/ slippage: R$ 21.67 | Ações: 4100 | Valor líquido: R$ 88750.82 | Slippage: 0.7 bps
2025-09-22 22:46:40,676 - INFO - COMPRA: 2024-05-16 | Preço base: R$ 21.62 | Preço exec c/ slippage: R$ 21.62 | Ações: 3000 | Custo: R$ 64938.98 | Prob: 0.639 | Fração: 67.7%
2025-09-22 22:46:40,678 - INFO - COMPRA: 2024-05-17 | Preço base: R$ 21.66 | Preço exec c/ slippage: R$ 21.66 | Ações: 300 | Custo: R$ 6505.05 | Prob: -0.140 | Fração: 20.0%
2025-09-22 22:46:40,680 - INFO - COMPRA: 2024-05-20 | Preço base: R$ 21.27 | Preço exec c/ slippage: R$ 21.27 | Ações: 200 | Custo: R$ 4259.10 | Prob: -0.643 | Fração: 20.0%
2025-09-22 22:46:40,680 - INFO - COMPRA: 2024-05-21 | Preço base: R$ 21.08 | Preço exec c/ slippage: R$ 21.08 | Ações: 200 | Custo: R$ 4220.77 | Prob: -0.066 | Fração: 20.1%
2025-09-22 22:46:40,682 - INFO - COMPRA: 2024-05-22 | Preço base: R$ 21.32 | Preço exec c/ slippage: R$ 21.32 | Ações: 600 | Custo: R$ 12805.39 | Prob: 0.639 | Fração: 67.7%
2025-09-22 22:46:40,682 - INFO - VENDA: 2024-05-23 | Preço base: R$ 21.38 | Preço exec c/ slippage: R$ 21.38 | Ações: 4300 | Valor líquido: R$ 91836.56 | Slippage: 0.7 bps
2025-09-22 22:46:40,684 - INFO - PROGRESSO: Data 2024-05-27 | Pred: 0 | Cash: R$ 98,045.38 | Ações: 0
2025-09-22 22:46:40,688 - INFO - COMPRA: 2024-06-04 | Preço base: R$ 21.03 | Preço exec c/ slippage: R$ 21.03 | Ações: 3600 | Custo: R$ 75772.81 | Prob: 0.694 | Fração: 77.6%
2025-09-22 22:46:40,688 - INFO - COMPRA: 2024-06-05 | Preço base: R$ 21.10 | Preço exec c/ slippage: R$ 21.10 | Ações: 200 | Custo: R$ 4224.51 | Prob: 0.119 | Fração: 20.6%
2025-09-22 22:46:40,688 - INFO - COMPRA: 2024-06-06 | Preço base: R$ 21.10 | Preço exec c/ slippage: R$ 21.10 | Ações: 100 | Custo: R$ 2111.79 | Prob: 0.279 | Fração: 23.1%
2025-09-22 22:46:40,688 - INFO - COMPRA: 2024-06-07 | Preço base: R$ 20.98 | Preço exec c/ slippage: R$ 20.98 | Ações: 100 | Custo: R$ 2100.10 | Prob: 0.077 | Fração: 20.4%
2025-09-22 22:46:40,688 - INFO - VENDA: 2024-06-10 | Preço base: R$ 20.83 | Preço exec c/ slippage: R$ 20.83 | Ações: 4000 | Valor líquido: R$ 83227.83 | Slippage: 0.7 bps
2025-09-22 22:46:40,688 - INFO - COMPRA: 2024-06-14 | Preço base: R$ 20.86 | Preço exec c/ slippage: R$ 20.86 | Ações: 3700 | Custo: R$ 77255.04 | Prob: 0.707 | Fração: 79.6%
2025-09-22 22:46:40,688 - INFO - COMPRA: 2024-06-17 | Preço base: R$ 20.64 | Preço exec c/ slippage: R$ 20.64 | Ações: 100 | Custo: R$ 2065.98 | Prob: 0.001 | Fração: 20.2%
2025-09-22 22:46:40,688 - INFO - COMPRA: 2024-06-18 | Preço base: R$ 20.61 | Preço exec c/ slippage: R$ 20.61 | Ações: 100 | Custo: R$ 2063.18 | Prob: 0.106 | Fração: 20.6%
2025-09-22 22:46:40,688 - INFO - COMPRA: 2024-06-19 | Preço base: R$ 20.76 | Preço exec c/ slippage: R$ 20.76 | Ações: 100 | Custo: R$ 2078.14 | Prob: 0.054 | Fração: 20.3%
2025-09-22 22:46:40,688 - INFO - COMPRA: 2024-06-20 | Preço base: R$ 20.73 | Preço exec c/ slippage: R$ 20.73 | Ações: 300 | Custo: R$ 6226.01 | Prob: 0.581 | Fração: 56.2%
2025-09-22 22:46:40,688 - INFO - VENDA: 2024-06-21 | Preço base: R$ 20.85 | Preço exec c/ slippage: R$ 20.85 | Ações: 4300 | Valor líquido: R$ 89550.20 | Slippage: 0.7 bps
2025-09-22 22:46:40,688 - INFO - COMPRA: 2024-07-04 | Preço base: R$ 21.60 | Preço exec c/ slippage: R$ 21.60 | Ações: 3600 | Custo: R$ 77836.79 | Prob: 0.723 | Fração: 81.9%
2025-09-22 22:46:40,688 - INFO - COMPRA: 2024-07-05 | Preço base: R$ 21.67 | Preço exec c/ slippage: R$ 21.67 | Ações: 200 | Custo: R$ 4339.20 | Prob: 0.303 | Fração: 23.9%
2025-09-22 22:46:40,688 - INFO - COMPRA: 2024-07-08 | Preço base: R$ 21.74 | Preço exec c/ slippage: R$ 21.74 | Ações: 100 | Custo: R$ 2176.16 | Prob: 0.307 | Fração: 24.1%
2025-09-22 22:46:40,688 - INFO - COMPRA: 2024-07-09 | Preço base: R$ 21.92 | Preço exec c/ slippage: R$ 21.92 | Ações: 100 | Custo: R$ 2193.96 | Prob: 0.307 | Fração: 24.1%
2025-09-22 22:46:40,688 - INFO - COMPRA: 2024-07-10 | Preço base: R$ 22.48 | Preço exec c/ slippage: R$ 22.48 | Ações: 300 | Custo: R$ 6751.95 | Prob: 0.707 | Fração: 79.6%
2025-09-22 22:46:40,688 - INFO - VENDA: 2024-07-11 | Preço base: R$ 22.84 | Preço exec c/ slippage: R$ 22.84 | Ações: 4300 | Valor líquido: R$ 98099.07 | Slippage: 0.7 bps
2025-09-22 22:46:40,692 - INFO - COMPRA: 2024-07-22 | Preço base: R$ 23.19 | Preço exec c/ slippage: R$ 23.19 | Ações: 3500 | Custo: R$ 81249.76 | Prob: 0.709 | Fração: 79.8%
2025-09-22 22:46:40,692 - INFO - COMPRA: 2024-07-23 | Preço base: R$ 22.73 | Preço exec c/ slippage: R$ 22.73 | Ações: 200 | Custo: R$ 4550.96 | Prob: 0.196 | Fração: 21.4%
2025-09-22 22:46:40,692 - INFO - COMPRA: 2024-07-24 | Preço base: R$ 22.96 | Preço exec c/ slippage: R$ 22.97 | Ações: 500 | Custo: R$ 11494.56 | Prob: 0.658 | Fração: 71.3%
2025-09-22 22:46:40,692 - WARNING - COMPRA REJEITADA: Quantidade calculada = 0 (prob: 0.150, fração: 20.9%)
2025-09-22 22:46:40,692 - INFO - VENDA: 2024-07-26 | Preço base: R$ 22.70 | Preço exec c/ slippage: R$ 22.70 | Ações: 4200 | Valor líquido: R$ 95236.49 | Slippage: 0.7 bps
2025-09-22 22:46:40,692 - INFO - COMPRA: 2024-08-01 | Preço base: R$ 23.87 | Preço exec c/ slippage: R$ 23.88 | Ações: 3400 | Custo: R$ 81260.75 | Prob: 0.715 | Fração: 80.8%
2025-09-22 22:46:40,692 - INFO - COMPRA: 2024-08-02 | Preço base: R$ 23.30 | Preço exec c/ slippage: R$ 23.30 | Ações: 100 | Custo: R$ 2332.37 | Prob: 0.207 | Fração: 21.5%
2025-09-22 22:46:40,692 - INFO - COMPRA: 2024-08-05 | Preço base: R$ 23.12 | Preço exec c/ slippage: R$ 23.12 | Ações: 100 | Custo: R$ 2314.42 | Prob: -0.620 | Fração: 20.0%
2025-09-22 22:46:40,692 - INFO - PROGRESSO: Data 2024-08-06 | Pred: 1 | Cash: R$ 15,013.88 | Ações: 3600
2025-09-22 22:46:40,692 - INFO - COMPRA: 2024-08-06 | Preço base: R$ 23.24 | Preço exec c/ slippage: R$ 23.24 | Ações: 100 | Custo: R$ 2326.23 | Prob: 0.068 | Fração: 20.4%
2025-09-22 22:46:40,692 - INFO - COMPRA: 2024-08-07 | Preço base: R$ 23.45 | Preço exec c/ slippage: R$ 23.45 | Ações: 400 | Custo: R$ 9388.09 | Prob: 0.691 | Fração: 77.1%
2025-09-22 22:46:40,692 - INFO - VENDA: 2024-08-08 | Preço base: R$ 24.06 | Preço exec c/ slippage: R$ 24.06 | Ações: 4100 | Valor líquido: R$ 98534.30 | Slippage: 0.8 bps
2025-09-22 22:46:40,692 - INFO - COMPRA: 2024-08-23 | Preço base: R$ 25.09 | Preço exec c/ slippage: R$ 25.09 | Ações: 3200 | Custo: R$ 80365.32 | Prob: 0.715 | Fração: 80.8%
2025-09-22 22:46:40,692 - INFO - COMPRA: 2024-08-26 | Preço base: R$ 24.75 | Preço exec c/ slippage: R$ 24.76 | Ações: 100 | Custo: R$ 2478.07 | Prob: 0.194 | Fração: 21.4%
2025-09-22 22:46:40,692 - INFO - COMPRA: 2024-08-27 | Preço base: R$ 24.47 | Preço exec c/ slippage: R$ 24.47 | Ações: 100 | Custo: R$ 2449.12 | Prob: -0.388 | Fração: 20.0%
2025-09-22 22:46:40,692 - INFO - COMPRA: 2024-08-28 | Preço base: R$ 24.49 | Preço exec c/ slippage: R$ 24.49 | Ações: 100 | Custo: R$ 2451.49 | Prob: 0.148 | Fração: 20.9%
2025-09-22 22:46:40,692 - INFO - VENDA: 2024-08-29 | Preço base: R$ 24.49 | Preço exec c/ slippage: R$ 24.49 | Ações: 3500 | Valor líquido: R$ 85619.00 | Slippage: 0.7 bps
2025-09-22 22:46:40,692 - INFO - COMPRA: 2024-09-04 | Preço base: R$ 25.79 | Preço exec c/ slippage: R$ 25.79 | Ações: 3100 | Custo: R$ 80042.56 | Prob: 0.715 | Fração: 80.8%
2025-09-22 22:46:40,692 - INFO - COMPRA: 2024-09-05 | Preço base: R$ 26.07 | Preço exec c/ slippage: R$ 26.07 | Ações: 100 | Custo: R$ 2609.99 | Prob: 0.241 | Fração: 22.2%
2025-09-22 22:46:40,692 - INFO - COMPRA: 2024-09-06 | Preço base: R$ 26.12 | Preço exec c/ slippage: R$ 26.12 | Ações: 100 | Custo: R$ 2614.73 | Prob: 0.046 | Fração: 20.3%
2025-09-22 22:46:40,692 - INFO - COMPRA: 2024-09-09 | Preço base: R$ 25.69 | Preço exec c/ slippage: R$ 25.69 | Ações: 100 | Custo: R$ 2571.55 | Prob: 0.226 | Fração: 21.9%
2025-09-22 22:46:40,692 - INFO - COMPRA: 2024-09-10 | Preço base: R$ 25.72 | Preço exec c/ slippage: R$ 25.72 | Ações: 100 | Custo: R$ 2574.40 | Prob: 0.481 | Fração: 38.7%
2025-09-22 22:46:40,692 - INFO - VENDA: 2024-09-11 | Preço base: R$ 25.74 | Preço exec c/ slippage: R$ 25.74 | Ações: 3500 | Valor líquido: R$ 89994.41 | Slippage: 0.7 bps
2025-09-22 22:46:40,692 - INFO - COMPRA: 2024-09-24 | Preço base: R$ 26.22 | Preço exec c/ slippage: R$ 26.23 | Ações: 2100 | Custo: R$ 55129.32 | Prob: 0.576 | Fração: 55.2%
2025-09-22 22:46:40,692 - INFO - COMPRA: 2024-09-25 | Preço base: R$ 26.41 | Preço exec c/ slippage: R$ 26.42 | Ações: 300 | Custo: R$ 7932.48 | Prob: 0.181 | Fração: 21.2%
2025-09-22 22:46:40,692 - INFO - COMPRA: 2024-09-26 | Preço base: R$ 26.14 | Preço exec c/ slippage: R$ 26.14 | Ações: 200 | Custo: R$ 5234.22 | Prob: -0.500 | Fração: 20.0%
2025-09-22 22:46:40,692 - INFO - COMPRA: 2024-09-27 | Preço base: R$ 26.39 | Preço exec c/ slippage: R$ 26.39 | Ações: 200 | Custo: R$ 5282.62 | Prob: 0.129 | Fração: 20.7%
2025-09-22 22:46:40,692 - INFO - COMPRA: 2024-09-30 | Preço base: R$ 26.57 | Preço exec c/ slippage: R$ 26.57 | Ações: 300 | Custo: R$ 7978.03 | Prob: 0.481 | Fração: 38.7%
2025-09-22 22:46:40,692 - INFO - VENDA: 2024-10-01 | Preço base: R$ 26.85 | Preço exec c/ slippage: R$ 26.85 | Ações: 3100 | Valor líquido: R$ 83159.06 | Slippage: 0.7 bps
2025-09-22 22:46:40,692 - INFO - COMPRA: 2024-10-08 | Preço base: R$ 25.52 | Preço exec c/ slippage: R$ 25.52 | Ações: 1700 | Custo: R$ 43426.35 | Prob: 0.509 | Fração: 42.9%
2025-09-22 22:46:40,692 - INFO - COMPRA: 2024-10-09 | Preço base: R$ 25.61 | Preço exec c/ slippage: R$ 25.61 | Ações: 400 | Custo: R$ 10255.86 | Prob: -0.011 | Fração: 20.2%
2025-09-22 22:46:40,692 - INFO - COMPRA: 2024-10-10 | Preço base: R$ 25.42 | Preço exec c/ slippage: R$ 25.42 | Ações: 300 | Custo: R$ 7634.95 | Prob: -0.110 | Fração: 20.1%
2025-09-22 22:46:40,692 - INFO - COMPRA: 2024-10-11 | Preço base: R$ 24.95 | Preço exec c/ slippage: R$ 24.96 | Ações: 300 | Custo: R$ 7494.00 | Prob: -0.164 | Fração: 20.0%
2025-09-22 22:46:40,692 - INFO - COMPRA: 2024-10-14 | Preço base: R$ 25.24 | Preço exec c/ slippage: R$ 25.24 | Ações: 800 | Custo: R$ 20215.61 | Prob: 0.636 | Fração: 67.2%
2025-09-22 22:46:40,692 - INFO - PROGRESSO: Data 2024-10-15 | Pred: 0 | Cash: R$ 13,232.56 | Ações: 3500
2025-09-22 22:46:40,692 - INFO - VENDA: 2024-10-15 | Preço base: R$ 25.20 | Preço exec c/ slippage: R$ 25.19 | Ações: 3500 | Valor líquido: R$ 88088.46 | Slippage: 0.7 bps
2025-09-22 22:46:40,692 - INFO - COMPRA: 2024-10-28 | Preço base: R$ 25.50 | Preço exec c/ slippage: R$ 25.51 | Ações: 2400 | Custo: R$ 61273.88 | Prob: 0.602 | Fração: 60.5%
2025-09-22 22:46:40,692 - INFO - COMPRA: 2024-10-29 | Preço base: R$ 24.59 | Preço exec c/ slippage: R$ 24.59 | Ações: 300 | Custo: R$ 7385.79 | Prob: -0.126 | Fração: 20.1%
2025-09-22 22:46:40,692 - INFO - COMPRA: 2024-10-30 | Preço base: R$ 24.82 | Preço exec c/ slippage: R$ 24.82 | Ações: 900 | Custo: R$ 22362.47 | Prob: 0.647 | Fração: 69.2%
2025-09-22 22:46:40,692 - WARNING - COMPRA REJEITADA: Quantidade calculada = 0 (prob: -0.070, fração: 20.1%)
2025-09-22 22:46:40,692 - INFO - VENDA: 2024-11-01 | Preço base: R$ 25.07 | Preço exec c/ slippage: R$ 25.07 | Ações: 3600 | Valor líquido: R$ 90162.04 | Slippage: 0.7 bps
2025-09-22 22:46:40,692 - INFO - COMPRA: 2024-11-07 | Preço base: R$ 24.99 | Preço exec c/ slippage: R$ 24.99 | Ações: 2400 | Custo: R$ 60032.33 | Prob: 0.602 | Fração: 60.5%
2025-09-22 22:46:40,692 - INFO - COMPRA: 2024-11-08 | Preço base: R$ 24.60 | Preço exec c/ slippage: R$ 24.60 | Ações: 300 | Custo: R$ 7388.65 | Prob: -0.127 | Fração: 20.1%
2025-09-22 22:46:40,692 - INFO - COMPRA: 2024-11-11 | Preço base: R$ 24.90 | Preço exec c/ slippage: R$ 24.90 | Ações: 1000 | Custo: R$ 24927.91 | Prob: 0.701 | Fração: 78.6%
2025-09-22 22:46:40,692 - WARNING - COMPRA REJEITADA: Quantidade calculada = 0 (prob: 0.127, fração: 20.7%)
2025-09-22 22:46:40,692 - INFO - VENDA: 2024-11-13 | Preço base: R$ 24.68 | Preço exec c/ slippage: R$ 24.68 | Ações: 3700 | Valor líquido: R$ 91212.27 | Slippage: 0.7 bps
2025-09-22 22:46:40,692 - INFO - COMPRA: 2024-12-03 | Preço base: R$ 24.12 | Preço exec c/ slippage: R$ 24.12 | Ações: 3300 | Custo: R$ 79678.57 | Prob: 0.707 | Fração: 79.6%
2025-09-22 22:46:40,692 - INFO - COMPRA: 2024-12-04 | Preço base: R$ 24.42 | Preço exec c/ slippage: R$ 24.42 | Ações: 100 | Custo: R$ 2444.85 | Prob: 0.027 | Fração: 20.3%
2025-09-22 22:46:40,692 - INFO - COMPRA: 2024-12-05 | Preço base: R$ 24.61 | Preço exec c/ slippage: R$ 24.61 | Ações: 500 | Custo: R$ 12319.16 | Prob: 0.711 | Fração: 80.2%
2025-09-22 22:46:40,692 - WARNING - COMPRA REJEITADA: Quantidade calculada = 0 (prob: 0.136, fração: 20.8%)
2025-09-22 22:46:40,692 - INFO - VENDA: 2024-12-09 | Preço base: R$ 24.32 | Preço exec c/ slippage: R$ 24.32 | Ações: 3900 | Valor líquido: R$ 94739.28 | Slippage: 0.7 bps
2025-09-22 22:46:40,692 - INFO - COMPRA: 2024-12-19 | Preço base: R$ 23.29 | Preço exec c/ slippage: R$ 23.29 | Ações: 2500 | Custo: R$ 58286.41 | Prob: 0.599 | Fração: 59.8%
2025-09-22 22:46:40,692 - INFO - COMPRA: 2024-12-20 | Preço base: R$ 23.19 | Preço exec c/ slippage: R$ 23.19 | Ações: 300 | Custo: R$ 6964.40 | Prob: 0.001 | Fração: 20.2%
2025-09-22 22:46:40,692 - INFO - COMPRA: 2024-12-23 | Preço base: R$ 22.86 | Preço exec c/ slippage: R$ 22.86 | Ações: 300 | Custo: R$ 6866.17 | Prob: -0.643 | Fração: 20.0%
2025-09-22 22:46:40,692 - INFO - COMPRA: 2024-12-26 | Preço base: R$ 23.21 | Preço exec c/ slippage: R$ 23.21 | Ações: 200 | Custo: R$ 4647.31 | Prob: -0.166 | Fração: 20.0%
2025-09-22 22:46:40,692 - INFO - VENDA: 2024-12-27 | Preço base: R$ 22.72 | Preço exec c/ slippage: R$ 22.71 | Ações: 3300 | Valor líquido: R$ 74882.24 | Slippage: 0.8 bps
2025-09-22 22:46:40,692 - INFO - RESUMO FINAL DO BACKTESTING:
2025-09-22 22:46:40,692 - INFO -   Total de trades: 102
2025-09-22 22:46:40,692 - INFO -   Compras realizadas: 82
2025-09-22 22:46:40,692 - INFO -   Vendas realizadas: 20
2025-09-22 22:46:40,692 - INFO -   Capital inicial: R$ 100,000.00
2025-09-22 22:46:40,692 - INFO -   Capital final: R$ 99,332.42
2025-09-22 22:46:40,692 - INFO -   Cash final: R$ 99,332.42
2025-09-22 22:46:40,692 - INFO -   Ações finais: 0
2025-09-22 22:46:40,692 - INFO -   Retorno total: -0.67%
