2025-09-17 16:49:54,706 - INFO - THRESHOLDS FINANCEIROS: buy=0.60 sell=0.35 hold_min_days=3
2025-09-17 16:49:54,706 - INFO - PROBABILIDADE MÉDIA: 0.282
2025-09-17 16:49:54,706 - INFO - ============================================================
2025-09-17 16:49:54,707 - INFO - INICIANDO BACKTESTING REALISTA
2025-09-17 16:49:54,707 - INFO - ============================================================
2025-09-17 16:49:54,707 - INFO - Tamanho test_df: 251
2025-09-17 16:49:54,708 - INFO - Tamanho predictions: 251
2025-09-17 16:49:54,708 - INFO - Tamanho probabilities: 251
2025-09-17 16:49:54,711 - INFO - Capital inicial: R$ 100,000.00
2025-09-17 16:49:54,711 - INFO - Custo de transação: 0.100%
2025-09-17 16:49:54,725 - INFO - CDI real carregado: 253 dias disponíveis
2025-09-17 16:49:54,725 - INFO - Slippage Dinâmico: 0.2-2.0 bps | Lote: 100 | CDI: Real
2025-09-17 16:49:54,733 - INFO - DISTRIBUIÇÃO DAS PREDIÇÕES:
2025-09-17 16:49:54,733 - INFO -   - Total: 251
2025-09-17 16:49:54,734 - INFO -   - Predições de alta (1): 68
2025-09-17 16:49:54,734 - INFO -   - Predições de baixa (0): 183
2025-09-17 16:49:54,735 - INFO -   - Percentual de alta: 27.1%
2025-09-17 16:49:54,735 - INFO - EXECUÇÃO DOS TRADES:
2025-09-17 16:49:54,735 - INFO - PROGRESSO: Data 2024-01-02 | Pred: 0 | Cash: R$ 100,000.00 | Ações: 0
2025-09-17 16:49:54,738 - INFO - COMPRA: 2024-01-11 | Preço base: R$ 22.82 | Preço exec c/ slippage: R$ 22.83 | Ações: 3000 | Custo: R$ 68544.12 | Prob: 0.647 | Fração: 69.2%
2025-09-17 16:49:54,740 - INFO - COMPRA: 2024-01-12 | Preço base: R$ 23.08 | Preço exec c/ slippage: R$ 23.08 | Ações: 700 | Custo: R$ 16175.17 | Prob: 0.586 | Fração: 57.2%
2025-09-17 16:49:54,740 - INFO - COMPRA: 2024-01-15 | Preço base: R$ 22.85 | Preço exec c/ slippage: R$ 22.85 | Ações: 200 | Custo: R$ 4574.13 | Prob: 0.453 | Fração: 34.9%
2025-09-17 16:49:54,740 - INFO - COMPRA: 2024-01-16 | Preço base: R$ 23.01 | Preço exec c/ slippage: R$ 23.01 | Ações: 300 | Custo: R$ 6908.97 | Prob: 0.619 | Fração: 63.8%
2025-09-17 16:49:54,742 - WARNING - COMPRA REJEITADA: Quantidade calculada = 0 (prob: 0.557, fração: 51.5%)
2025-09-17 16:49:54,742 - WARNING - COMPRA REJEITADA: Quantidade calculada = 0 (prob: 0.453, fração: 35.0%)
2025-09-17 16:49:54,742 - INFO - VENDA: 2024-01-19 | Preço base: R$ 23.14 | Preço exec c/ slippage: R$ 23.14 | Ações: 4200 | Valor líquido: R$ 97072.30 | Slippage: 0.8 bps
2025-09-17 16:49:54,746 - INFO - COMPRA: 2024-02-02 | Preço base: R$ 23.96 | Preço exec c/ slippage: R$ 23.96 | Ações: 3300 | Custo: R$ 79139.79 | Prob: 0.701 | Fração: 78.7%
2025-09-17 16:49:54,746 - INFO - COMPRA: 2024-02-05 | Preço base: R$ 24.05 | Preço exec c/ slippage: R$ 24.05 | Ações: 300 | Custo: R$ 7223.15 | Prob: 0.492 | Fração: 40.3%
2025-09-17 16:49:54,746 - INFO - COMPRA: 2024-02-06 | Preço base: R$ 24.32 | Preço exec c/ slippage: R$ 24.33 | Ações: 400 | Custo: R$ 9740.15 | Prob: 0.664 | Fração: 72.3%
2025-09-17 16:49:54,748 - INFO - COMPRA: 2024-02-07 | Preço base: R$ 24.52 | Preço exec c/ slippage: R$ 24.52 | Ações: 100 | Custo: R$ 2454.61 | Prob: 0.644 | Fração: 68.6%
2025-09-17 16:49:54,748 - WARNING - COMPRA REJEITADA: Quantidade calculada = 0 (prob: 0.437, fração: 33.1%)
2025-09-17 16:49:54,748 - INFO - VENDA: 2024-02-09 | Preço base: R$ 24.38 | Preço exec c/ slippage: R$ 24.38 | Ações: 4100 | Valor líquido: R$ 99846.33 | Slippage: 0.8 bps
2025-09-17 16:49:54,751 - INFO - COMPRA: 2024-02-22 | Preço base: R$ 25.64 | Preço exec c/ slippage: R$ 25.65 | Ações: 3300 | Custo: R$ 84714.29 | Prob: 0.739 | Fração: 84.1%
2025-09-17 16:49:54,751 - INFO - COMPRA: 2024-02-23 | Preço base: R$ 25.10 | Preço exec c/ slippage: R$ 25.10 | Ações: 100 | Custo: R$ 2512.89 | Prob: 0.099 | Fração: 20.5%
2025-09-17 16:49:54,753 - INFO - COMPRA: 2024-02-26 | Preço base: R$ 25.02 | Preço exec c/ slippage: R$ 25.02 | Ações: 100 | Custo: R$ 2504.24 | Prob: 0.089 | Fração: 20.5%
2025-09-17 16:49:54,753 - INFO - COMPRA: 2024-02-27 | Preço base: R$ 25.43 | Preço exec c/ slippage: R$ 25.43 | Ações: 100 | Custo: R$ 2545.22 | Prob: 0.230 | Fração: 21.9%
2025-09-17 16:49:54,753 - INFO - VENDA: 2024-02-28 | Preço base: R$ 25.32 | Preço exec c/ slippage: R$ 25.31 | Ações: 3600 | Valor líquido: R$ 91039.60 | Slippage: 0.7 bps
2025-09-17 16:49:54,756 - INFO - PROGRESSO: Data 2024-03-14 | Pred: 0 | Cash: R$ 102,521.13 | Ações: 0
2025-09-17 16:49:54,757 - INFO - COMPRA: 2024-03-18 | Preço base: R$ 23.56 | Preço exec c/ slippage: R$ 23.56 | Ações: 3800 | Custo: R$ 89625.57 | Prob: 0.776 | Fração: 88.2%
2025-09-17 16:49:54,758 - INFO - COMPRA: 2024-03-19 | Preço base: R$ 23.34 | Preço exec c/ slippage: R$ 23.34 | Ações: 400 | Custo: R$ 9344.95 | Prob: 0.701 | Fração: 78.6%
2025-09-17 16:49:54,758 - INFO - COMPRA: 2024-03-20 | Preço base: R$ 23.25 | Preço exec c/ slippage: R$ 23.25 | Ações: 100 | Custo: R$ 2327.13 | Prob: 0.654 | Fração: 70.5%
2025-09-17 16:49:54,759 - WARNING - COMPRA REJEITADA: Quantidade calculada = 0 (prob: 0.572, fração: 54.5%)
2025-09-17 16:49:54,759 - WARNING - COMPRA REJEITADA: Quantidade calculada = 0 (prob: 0.625, fração: 65.1%)
2025-09-17 16:49:54,759 - INFO - VENDA: 2024-03-25 | Preço base: R$ 22.85 | Preço exec c/ slippage: R$ 22.85 | Ações: 4300 | Valor líquido: R$ 98152.92 | Slippage: 0.7 bps
2025-09-17 16:49:54,763 - INFO - COMPRA: 2024-05-02 | Preço base: R$ 23.28 | Preço exec c/ slippage: R$ 23.28 | Ações: 2800 | Custo: R$ 65255.84 | Prob: 0.634 | Fração: 66.7%
2025-09-17 16:49:54,764 - INFO - COMPRA: 2024-05-03 | Preço base: R$ 23.39 | Preço exec c/ slippage: R$ 23.39 | Ações: 1300 | Custo: R$ 30443.06 | Prob: 0.778 | Fração: 88.4%
2025-09-17 16:49:54,765 - WARNING - COMPRA REJEITADA: Quantidade calculada = 0 (prob: 0.516, fração: 44.1%)
2025-09-17 16:49:54,765 - WARNING - COMPRA REJEITADA: Quantidade calculada = 0 (prob: 0.240, fração: 22.1%)
2025-09-17 16:49:54,766 - INFO - VENDA: 2024-05-08 | Preço base: R$ 21.67 | Preço exec c/ slippage: R$ 21.67 | Ações: 4100 | Valor líquido: R$ 88750.82 | Slippage: 0.7 bps
2025-09-17 16:49:54,767 - INFO - COMPRA: 2024-05-15 | Preço base: R$ 21.59 | Preço exec c/ slippage: R$ 21.59 | Ações: 3800 | Custo: R$ 82113.87 | Prob: 0.775 | Fração: 88.1%
2025-09-17 16:49:54,767 - INFO - COMPRA: 2024-05-16 | Preço base: R$ 21.62 | Preço exec c/ slippage: R$ 21.62 | Ações: 400 | Custo: R$ 8658.45 | Prob: 0.805 | Fração: 90.9%
2025-09-17 16:49:54,768 - INFO - COMPRA: 2024-05-17 | Preço base: R$ 21.66 | Preço exec c/ slippage: R$ 21.66 | Ações: 100 | Custo: R$ 2168.35 | Prob: 0.685 | Fração: 76.1%
2025-09-17 16:49:54,768 - WARNING - COMPRA REJEITADA: Quantidade calculada = 0 (prob: 0.299, fração: 23.8%)
2025-09-17 16:49:54,768 - WARNING - COMPRA REJEITADA: Quantidade calculada = 0 (prob: 0.542, fração: 48.8%)
2025-09-17 16:49:54,769 - WARNING - COMPRA REJEITADA: Quantidade calculada = 0 (prob: 0.519, fração: 44.6%)
2025-09-17 16:49:54,769 - WARNING - COMPRA REJEITADA: Quantidade calculada = 0 (prob: 0.431, fração: 32.4%)
2025-09-17 16:49:54,769 - WARNING - COMPRA REJEITADA: Quantidade calculada = 0 (prob: 0.439, fração: 33.3%)
2025-09-17 16:49:54,769 - INFO - PROGRESSO: Data 2024-05-27 | Pred: 0 | Cash: R$ 838.84 | Ações: 4300
2025-09-17 16:49:54,769 - INFO - VENDA: 2024-05-27 | Preço base: R$ 21.57 | Preço exec c/ slippage: R$ 21.57 | Ações: 4300 | Valor líquido: R$ 92658.53 | Slippage: 0.8 bps
2025-09-17 16:49:54,771 - INFO - COMPRA: 2024-06-03 | Preço base: R$ 20.44 | Preço exec c/ slippage: R$ 20.44 | Ações: 4300 | Custo: R$ 87973.95 | Prob: 0.854 | Fração: 94.1%
2025-09-17 16:49:54,771 - INFO - COMPRA: 2024-06-04 | Preço base: R$ 21.03 | Preço exec c/ slippage: R$ 21.03 | Ações: 200 | Custo: R$ 4209.55 | Prob: 0.913 | Fração: 96.6%
2025-09-17 16:49:54,771 - WARNING - COMPRA REJEITADA: Quantidade calculada = 0 (prob: 0.605, fração: 60.9%)
2025-09-17 16:49:54,771 - WARNING - COMPRA REJEITADA: Quantidade calculada = 0 (prob: 0.509, fração: 43.0%)
2025-09-17 16:49:54,772 - INFO - VENDA: 2024-06-07 | Preço base: R$ 20.98 | Preço exec c/ slippage: R$ 20.98 | Ações: 4500 | Valor líquido: R$ 94302.99 | Slippage: 0.7 bps
2025-09-17 16:49:54,773 - INFO - COMPRA: 2024-06-14 | Preço base: R$ 20.86 | Preço exec c/ slippage: R$ 20.86 | Ações: 4300 | Custo: R$ 89782.89 | Prob: 0.886 | Fração: 95.7%
2025-09-17 16:49:54,773 - WARNING - COMPRA REJEITADA: Quantidade calculada = 0 (prob: 0.207, fração: 21.5%)
2025-09-17 16:49:54,774 - WARNING - COMPRA REJEITADA: Quantidade calculada = 0 (prob: 0.194, fração: 21.4%)
2025-09-17 16:49:54,774 - INFO - COMPRA: 2024-06-19 | Preço base: R$ 20.76 | Preço exec c/ slippage: R$ 20.76 | Ações: 100 | Custo: R$ 2078.14 | Prob: 0.558 | Fração: 51.8%
2025-09-17 16:49:54,774 - WARNING - COMPRA REJEITADA: Quantidade calculada = 0 (prob: 0.465, fração: 36.5%)
2025-09-17 16:49:54,775 - WARNING - COMPRA REJEITADA: Quantidade calculada = 0 (prob: 0.460, fração: 35.9%)
2025-09-17 16:49:54,775 - WARNING - COMPRA REJEITADA: Quantidade calculada = 0 (prob: 0.543, fração: 48.9%)
2025-09-17 16:49:54,776 - WARNING - COMPRA REJEITADA: Quantidade calculada = 0 (prob: 0.425, fração: 31.8%)
2025-09-17 16:49:54,777 - INFO - VENDA: 2024-06-26 | Preço base: R$ 21.40 | Preço exec c/ slippage: R$ 21.40 | Ações: 4400 | Valor líquido: R$ 94044.99 | Slippage: 0.7 bps
2025-09-17 16:49:54,778 - INFO - COMPRA: 2024-07-05 | Preço base: R$ 21.67 | Preço exec c/ slippage: R$ 21.67 | Ações: 3400 | Custo: R$ 73767.16 | Prob: 0.681 | Fração: 75.3%
2025-09-17 16:49:54,778 - INFO - COMPRA: 2024-07-08 | Preço base: R$ 21.74 | Preço exec c/ slippage: R$ 21.74 | Ações: 500 | Custo: R$ 10880.81 | Prob: 0.543 | Fração: 48.9%
2025-09-17 16:49:54,778 - INFO - COMPRA: 2024-07-09 | Preço base: R$ 21.92 | Preço exec c/ slippage: R$ 21.92 | Ações: 200 | Custo: R$ 4387.92 | Prob: 0.454 | Fração: 35.1%
2025-09-17 16:49:54,779 - WARNING - COMPRA REJEITADA: Quantidade calculada = 0 (prob: 0.291, fração: 23.5%)
2025-09-17 16:49:54,779 - INFO - COMPRA: 2024-07-11 | Preço base: R$ 22.84 | Preço exec c/ slippage: R$ 22.84 | Ações: 200 | Custo: R$ 4572.51 | Prob: 0.568 | Fração: 53.6%
2025-09-17 16:49:54,779 - INFO - COMPRA: 2024-07-12 | Preço base: R$ 23.22 | Preço exec c/ slippage: R$ 23.22 | Ações: 100 | Custo: R$ 2324.20 | Prob: 0.808 | Fração: 91.1%
2025-09-17 16:49:54,780 - INFO - VENDA: 2024-07-15 | Preço base: R$ 22.98 | Preço exec c/ slippage: R$ 22.98 | Ações: 4400 | Valor líquido: R$ 100997.44 | Slippage: 0.7 bps
2025-09-17 16:49:54,781 - INFO - COMPRA: 2024-08-01 | Preço base: R$ 23.87 | Preço exec c/ slippage: R$ 23.88 | Ações: 2800 | Custo: R$ 66920.62 | Prob: 0.630 | Fração: 65.9%
2025-09-17 16:49:54,782 - INFO - COMPRA: 2024-08-02 | Preço base: R$ 23.30 | Preço exec c/ slippage: R$ 23.30 | Ações: 300 | Custo: R$ 6997.12 | Prob: 0.075 | Fração: 20.4%
2025-09-17 16:49:54,782 - INFO - COMPRA: 2024-08-05 | Preço base: R$ 23.12 | Preço exec c/ slippage: R$ 23.12 | Ações: 200 | Custo: R$ 4628.85 | Prob: 0.163 | Fração: 21.0%
2025-09-17 16:49:54,782 - INFO - PROGRESSO: Data 2024-08-06 | Pred: 1 | Cash: R$ 25,535.15 | Ações: 3300
2025-09-17 16:49:54,782 - INFO - COMPRA: 2024-08-06 | Preço base: R$ 23.24 | Preço exec c/ slippage: R$ 23.24 | Ações: 200 | Custo: R$ 4652.47 | Prob: 0.074 | Fração: 20.4%
2025-09-17 16:49:54,783 - INFO - VENDA: 2024-08-07 | Preço base: R$ 23.45 | Preço exec c/ slippage: R$ 23.44 | Ações: 3500 | Valor líquido: R$ 81970.12 | Slippage: 0.8 bps
2025-09-17 16:49:54,785 - INFO - COMPRA: 2024-09-05 | Preço base: R$ 26.07 | Preço exec c/ slippage: R$ 26.07 | Ações: 3100 | Custo: R$ 80910.52 | Prob: 0.712 | Fração: 80.3%
2025-09-17 16:49:54,785 - INFO - COMPRA: 2024-09-06 | Preço base: R$ 26.12 | Preço exec c/ slippage: R$ 26.12 | Ações: 200 | Custo: R$ 5229.47 | Prob: 0.356 | Fração: 26.4%
2025-09-17 16:49:54,786 - INFO - COMPRA: 2024-09-09 | Preço base: R$ 25.69 | Preço exec c/ slippage: R$ 25.69 | Ações: 100 | Custo: R$ 2571.55 | Prob: 0.081 | Fração: 20.4%
2025-09-17 16:49:54,786 - INFO - COMPRA: 2024-09-10 | Preço base: R$ 25.72 | Preço exec c/ slippage: R$ 25.72 | Ações: 100 | Custo: R$ 2574.40 | Prob: 0.108 | Fração: 20.6%
2025-09-17 16:49:54,786 - INFO - COMPRA: 2024-09-11 | Preço base: R$ 25.74 | Preço exec c/ slippage: R$ 25.74 | Ações: 100 | Custo: R$ 2576.77 | Prob: 0.383 | Fração: 28.2%
2025-09-17 16:49:54,786 - INFO - VENDA: 2024-09-12 | Preço base: R$ 26.02 | Preço exec c/ slippage: R$ 26.02 | Ações: 3600 | Valor líquido: R$ 93571.42 | Slippage: 0.7 bps
2025-09-17 16:49:54,789 - INFO - PROGRESSO: Data 2024-10-15 | Pred: 0 | Cash: R$ 104,407.15 | Ações: 0
2025-09-17 16:49:54,791 - INFO - COMPRA: 2024-11-06 | Preço base: R$ 24.86 | Preço exec c/ slippage: R$ 24.87 | Ações: 3100 | Custo: R$ 77159.19 | Prob: 0.674 | Fração: 74.2%
2025-09-17 16:49:54,791 - INFO - COMPRA: 2024-11-07 | Preço base: R$ 24.99 | Preço exec c/ slippage: R$ 24.99 | Ações: 500 | Custo: R$ 12506.62 | Prob: 0.558 | Fração: 51.7%
2025-09-17 16:49:54,791 - INFO - COMPRA: 2024-11-08 | Preço base: R$ 24.60 | Preço exec c/ slippage: R$ 24.60 | Ações: 100 | Custo: R$ 2462.88 | Prob: 0.149 | Fração: 20.9%
2025-09-17 16:49:54,791 - INFO - COMPRA: 2024-11-11 | Preço base: R$ 24.90 | Preço exec c/ slippage: R$ 24.90 | Ações: 100 | Custo: R$ 2492.78 | Prob: 0.170 | Fração: 21.1%
2025-09-17 16:49:54,791 - INFO - COMPRA: 2024-11-12 | Preço base: R$ 24.71 | Preço exec c/ slippage: R$ 24.71 | Ações: 100 | Custo: R$ 2473.79 | Prob: 0.505 | Fração: 42.4%
2025-09-17 16:49:54,791 - INFO - VENDA: 2024-11-13 | Preço base: R$ 24.68 | Preço exec c/ slippage: R$ 24.68 | Ações: 3900 | Valor líquido: R$ 96142.67 | Slippage: 0.7 bps
2025-09-17 16:49:54,793 - INFO - COMPRA: 2024-12-03 | Preço base: R$ 24.12 | Preço exec c/ slippage: R$ 24.12 | Ações: 2900 | Custo: R$ 70020.56 | Prob: 0.639 | Fração: 67.6%
2025-09-17 16:49:54,793 - INFO - COMPRA: 2024-12-04 | Preço base: R$ 24.42 | Preço exec c/ slippage: R$ 24.42 | Ações: 600 | Custo: R$ 14669.12 | Prob: 0.518 | Fração: 44.5%
2025-09-17 16:49:54,795 - INFO - COMPRA: 2024-12-05 | Preço base: R$ 24.61 | Preço exec c/ slippage: R$ 24.61 | Ações: 200 | Custo: R$ 4927.65 | Prob: 0.362 | Fração: 26.8%
2025-09-17 16:49:54,795 - INFO - COMPRA: 2024-12-06 | Preço base: R$ 24.46 | Preço exec c/ slippage: R$ 24.46 | Ações: 200 | Custo: R$ 4896.34 | Prob: 0.463 | Fração: 36.2%
2025-09-17 16:49:54,796 - INFO - VENDA: 2024-12-09 | Preço base: R$ 24.32 | Preço exec c/ slippage: R$ 24.32 | Ações: 3900 | Valor líquido: R$ 94739.28 | Slippage: 0.7 bps
2025-09-17 16:49:54,796 - INFO - RESUMO FINAL DO BACKTESTING:
2025-09-17 16:49:54,796 - INFO -   Total de trades: 60
2025-09-17 16:49:54,796 - INFO -   Compras realizadas: 47
2025-09-17 16:49:54,796 - INFO -   Vendas realizadas: 13
2025-09-17 16:49:54,798 - INFO -   Capital inicial: R$ 100,000.00
2025-09-17 16:49:54,798 - INFO -   Capital final: R$ 105,554.62
2025-09-17 16:49:54,798 - INFO -   Cash final: R$ 105,554.62
2025-09-17 16:49:54,798 - INFO -   Ações finais: 0
2025-09-17 16:49:54,798 - INFO -   Retorno total: +5.55%
