2025-09-10 10:52:18,270 - INFO - THRESHOLDS FINANCEIROS: buy=0.85 sell=0.30 hold_min_days=3
2025-09-10 10:52:18,270 - INFO - PROBABILIDADE MÉDIA: 0.352
2025-09-10 10:52:18,271 - INFO - ============================================================
2025-09-10 10:52:18,271 - INFO - INICIANDO BACKTESTING
2025-09-10 10:52:18,271 - INFO - ============================================================
2025-09-10 10:52:18,271 - INFO - Tamanho test_df: 251
2025-09-10 10:52:18,271 - INFO - Tamanho predictions: 251
2025-09-10 10:52:18,271 - INFO - Capital inicial: R$ 100,000.00
2025-09-10 10:52:18,274 - INFO - Custo de transação: 0.100%
2025-09-10 10:52:18,274 - INFO - DISTRIBUIÇÃO DAS PREDIÇÕES:
2025-09-10 10:52:18,274 - INFO -   - Total: 251
2025-09-10 10:52:18,274 - INFO -   - Predições de alta (1): 21
2025-09-10 10:52:18,274 - INFO -   - Predições de baixa (0): 230
2025-09-10 10:52:18,274 - INFO -   - Percentual de alta: 8.4%
2025-09-10 10:52:18,274 - INFO - EXECUÇÃO DOS TRADES:
2025-09-10 10:52:18,276 - INFO - PROGRESSO: Data 2024-01-02 | Pred: 0 | Cash: R$ 100,000.00 | Ações: 0
2025-09-10 10:52:18,276 - INFO - COMPRA: 2024-01-04 | Preço: R$ 23.09 | Ações: 4326 | Custo: R$ 100000.00
2025-09-10 10:52:18,279 - INFO - VENDA: 2024-01-15 | Preço: R$ 22.85 | Ações: 4326 | Valor líquido: R$ 98738.71
2025-09-10 10:52:18,284 - INFO - PROGRESSO: Data 2024-03-14 | Pred: 0 | Cash: R$ 98,738.71 | Ações: 0
2025-09-10 10:52:18,289 - INFO - COMPRA: 2024-05-10 | Preço: R$ 21.06 | Ações: 4683 | Custo: R$ 98738.71
2025-09-10 10:52:18,291 - INFO - VENDA: 2024-05-24 | Preço: R$ 21.43 | Ações: 4683 | Valor líquido: R$ 100267.17
2025-09-10 10:52:18,291 - INFO - PROGRESSO: Data 2024-05-27 | Pred: 0 | Cash: R$ 100,267.17 | Ações: 0
2025-09-10 10:52:18,297 - INFO - PROGRESSO: Data 2024-08-06 | Pred: 0 | Cash: R$ 100,267.17 | Ações: 0
2025-09-10 10:52:18,303 - INFO - PROGRESSO: Data 2024-10-15 | Pred: 0 | Cash: R$ 100,267.17 | Ações: 0
2025-09-10 10:52:18,307 - INFO - COMPRA: 2024-11-29 | Preço: R$ 23.29 | Ações: 4301 | Custo: R$ 100267.17
2025-09-10 10:52:18,307 - INFO - COMPRA: 2024-12-02 | Preço: R$ 23.49 | Ações: 0 | Custo: R$ 0.00
2025-09-10 10:52:18,309 - INFO - VENDA: 2024-12-05 | Preço: R$ 24.61 | Ações: 4301 | Valor líquido: R$ 105749.44
2025-09-10 10:52:18,309 - INFO - RESUMO FINAL DO BACKTESTING:
2025-09-10 10:52:18,309 - INFO -   Total de trades: 7
2025-09-10 10:52:18,309 - INFO -   Compras realizadas: 4
2025-09-10 10:52:18,311 - INFO -   Vendas realizadas: 3
2025-09-10 10:52:18,311 - INFO -   Capital inicial: R$ 100,000.00
2025-09-10 10:52:18,311 - INFO -   Capital final: R$ 105,749.44
2025-09-10 10:52:18,311 - INFO -   Cash final: R$ 105,749.44
2025-09-10 10:52:18,311 - INFO -   Ações finais: 0
2025-09-10 10:52:18,311 - INFO -   Retorno total: +5.75%
