2025-09-10 11:12:45,966 - INFO - THRESHOLDS FINANCEIROS: buy=0.50 sell=0.50 hold_min_days=3
2025-09-10 11:12:45,966 - INFO - PROBABILIDADE MÉDIA: 0.314
2025-09-10 11:12:45,966 - INFO - ============================================================
2025-09-10 11:12:45,968 - INFO - INICIANDO BACKTESTING
2025-09-10 11:12:45,968 - INFO - ============================================================
2025-09-10 11:12:45,968 - INFO - Tamanho test_df: 251
2025-09-10 11:12:45,968 - INFO - Tamanho predictions: 251
2025-09-10 11:12:45,968 - INFO - Capital inicial: R$ 100,000.00
2025-09-10 11:12:45,970 - INFO - Custo de transação: 0.100%
2025-09-10 11:12:45,970 - INFO - DISTRIBUIÇÃO DAS PREDIÇÕES:
2025-09-10 11:12:45,972 - INFO -   - Total: 251
2025-09-10 11:12:45,972 - INFO -   - Predições de alta (1): 0
2025-09-10 11:12:45,972 - INFO -   - Predições de baixa (0): 251
2025-09-10 11:12:45,972 - INFO -   - Percentual de alta: 0.0%
2025-09-10 11:12:45,972 - INFO - EXECUÇÃO DOS TRADES:
2025-09-10 11:12:45,972 - INFO - PROGRESSO: Data 2024-01-02 | Pred: 0 | Cash: R$ 100,000.00 | Ações: 0
2025-09-10 11:12:45,977 - INFO - PROGRESSO: Data 2024-03-14 | Pred: 0 | Cash: R$ 100,000.00 | Ações: 0
2025-09-10 11:12:45,983 - INFO - PROGRESSO: Data 2024-05-27 | Pred: 0 | Cash: R$ 100,000.00 | Ações: 0
2025-09-10 11:12:45,988 - INFO - PROGRESSO: Data 2024-08-06 | Pred: 0 | Cash: R$ 100,000.00 | Ações: 0
2025-09-10 11:12:45,995 - INFO - PROGRESSO: Data 2024-10-15 | Pred: 0 | Cash: R$ 100,000.00 | Ações: 0
2025-09-10 11:12:46,002 - INFO - RESUMO FINAL DO BACKTESTING:
2025-09-10 11:12:46,002 - INFO -   Total de trades: 0
2025-09-10 11:12:46,002 - INFO -   Compras realizadas: 0
2025-09-10 11:12:46,002 - INFO -   Vendas realizadas: 0
2025-09-10 11:12:46,002 - INFO -   Capital inicial: R$ 100,000.00
2025-09-10 11:12:46,002 - INFO -   Capital final: R$ 100,000.00
2025-09-10 11:12:46,002 - INFO -   Cash final: R$ 100,000.00
2025-09-10 11:12:46,002 - INFO -   Ações finais: 0
2025-09-10 11:12:46,002 - INFO -   Retorno total: +0.00%
2025-09-10 11:12:46,004 - WARNING - AVISO: Nenhum trade foi executado!
2025-09-10 11:12:46,004 - WARNING -   - Verificar se há predições de alta (1) nas predições
2025-09-10 11:12:46,004 - WARNING -   - Verificar se há predições de baixa (0) quando há ações
2025-09-10 11:12:46,004 - WARNING -   - Verificar se os dados têm variação suficiente
