2025-08-19 01:18:05,157 - INFO - Iniciando processo de download de dados...
2025-08-19 01:18:05,157 - INFO - Carregando configurações de: C:\Users\Arthur\Desktop\XGBoost-NeuralNetworkLSTM\config.yaml
2025-08-19 01:18:05,159 - INFO - Processando 8 tickers...
2025-08-19 01:18:05,160 - INFO - Período: 2017-01-01 até 2025-08-18
2025-08-19 01:18:05,160 - INFO - Diretório de destino: data/01_raw/
2025-08-19 01:18:05,160 - INFO - Processando PETR4.SA (1/8)...
2025-08-19 01:18:05,179 - INFO - Arquivo PETR4.SA.csv já existe e é válido. Pulando download.
2025-08-19 01:18:05,181 - INFO - Processando VALE3.SA (2/8)...
2025-08-19 01:18:05,189 - INFO - Arquivo VALE3.SA.csv já existe e é válido. Pulando download.
2025-08-19 01:18:05,190 - INFO - Processando BBDC4.SA (3/8)...
2025-08-19 01:18:05,201 - INFO - Arquivo BBDC4.SA.csv já existe e é válido. Pulando download.
2025-08-19 01:18:05,203 - INFO - Processando ITUB4.SA (4/8)...
2025-08-19 01:18:05,205 - INFO - Arquivo ITUB4.SA.csv já existe e é válido. Pulando download.
2025-08-19 01:18:05,207 - INFO - Processando BBAS3.SA (5/8)...
2025-08-19 01:18:05,215 - INFO - Arquivo BBAS3.SA.csv já existe e é válido. Pulando download.
2025-08-19 01:18:05,217 - INFO - Processando B3SA3.SA (6/8)...
2025-08-19 01:18:05,226 - INFO - Arquivo B3SA3.SA.csv já existe e é válido. Pulando download.
2025-08-19 01:18:05,228 - INFO - Processando ABEV3.SA (7/8)...
2025-08-19 01:18:05,230 - INFO - Arquivo ABEV3.SA.csv já existe e é válido. Pulando download.
2025-08-19 01:18:05,232 - INFO - Processando VIVT3.SA (8/8)...
2025-08-19 01:18:05,233 - INFO - Arquivo VIVT3.SA.csv já existe e é válido. Pulando download.
2025-08-19 01:18:05,235 - INFO - ==================================================
2025-08-19 01:18:05,235 - INFO - RELATÓRIO FINAL:
2025-08-19 01:18:05,236 - INFO - Total de tickers processados: 8
2025-08-19 01:18:05,236 - INFO - Downloads bem-sucedidos: 0
2025-08-19 01:18:05,236 - INFO - Arquivos já existentes (pulados): 8
2025-08-19 01:18:05,236 - INFO - Downloads com falha: 0
2025-08-19 01:18:05,236 - INFO - ==================================================
2025-08-19 01:18:05,236 - INFO - Todos os dados foram processados com sucesso!
2025-08-19 01:18:19,405 - INFO - Iniciando processo de download de dados...
2025-08-19 01:18:19,405 - INFO - Carregando configurações de: C:\Users\Arthur\Desktop\XGBoost-NeuralNetworkLSTM\config.yaml
2025-08-19 01:18:19,408 - INFO - Processando 8 tickers...
2025-08-19 01:18:19,408 - INFO - Período: 2017-01-01 até 2025-08-18
2025-08-19 01:18:19,408 - INFO - Diretório de destino: data/01_raw/
2025-08-19 01:18:19,408 - INFO - Processando PETR4.SA (1/8)...
2025-08-19 01:18:19,409 - INFO - Iniciando download dos dados para PETR4.SA...
2025-08-19 01:18:22,593 - ERROR - 
1 Failed download:
2025-08-19 01:18:22,594 - ERROR - ['PETR4.SA']: YFRateLimitError('Too Many Requests. Rate limited. Try after a while.')
2025-08-19 01:18:22,597 - ERROR - Erro ao baixar dados para PETR4.SA: Nenhum dado foi retornado para o ticker PETR4.SA
2025-08-19 01:18:22,598 - INFO - Processando VALE3.SA (2/8)...
2025-08-19 01:18:22,598 - INFO - Iniciando download dos dados para VALE3.SA...
2025-08-19 01:18:24,016 - ERROR - 
1 Failed download:
2025-08-19 01:18:24,016 - ERROR - ['VALE3.SA']: YFRateLimitError('Too Many Requests. Rate limited. Try after a while.')
2025-08-19 01:18:24,018 - ERROR - Erro ao baixar dados para VALE3.SA: Nenhum dado foi retornado para o ticker VALE3.SA
2025-08-19 01:18:24,019 - INFO - Processando BBDC4.SA (3/8)...
2025-08-19 01:18:24,019 - INFO - Iniciando download dos dados para BBDC4.SA...
2025-08-19 01:18:25,374 - ERROR - 
1 Failed download:
2025-08-19 01:18:25,374 - ERROR - ['BBDC4.SA']: YFRateLimitError('Too Many Requests. Rate limited. Try after a while.')
2025-08-19 01:18:25,376 - ERROR - Erro ao baixar dados para BBDC4.SA: Nenhum dado foi retornado para o ticker BBDC4.SA
2025-08-19 01:18:25,377 - INFO - Processando ITUB4.SA (4/8)...
2025-08-19 01:18:25,377 - INFO - Iniciando download dos dados para ITUB4.SA...
2025-08-19 01:18:26,749 - ERROR - 
1 Failed download:
2025-08-19 01:18:26,749 - ERROR - ['ITUB4.SA']: YFRateLimitError('Too Many Requests. Rate limited. Try after a while.')
2025-08-19 01:18:26,752 - ERROR - Erro ao baixar dados para ITUB4.SA: Nenhum dado foi retornado para o ticker ITUB4.SA
2025-08-19 01:18:26,753 - INFO - Processando BBAS3.SA (5/8)...
2025-08-19 01:18:26,753 - INFO - Iniciando download dos dados para BBAS3.SA...
2025-08-19 01:18:28,118 - ERROR - 
1 Failed download:
2025-08-19 01:18:28,118 - ERROR - ['BBAS3.SA']: YFRateLimitError('Too Many Requests. Rate limited. Try after a while.')
2025-08-19 01:18:28,120 - ERROR - Erro ao baixar dados para BBAS3.SA: Nenhum dado foi retornado para o ticker BBAS3.SA
2025-08-19 01:18:28,121 - INFO - Processando B3SA3.SA (6/8)...
2025-08-19 01:18:28,121 - INFO - Iniciando download dos dados para B3SA3.SA...
2025-08-19 01:18:29,564 - ERROR - 
1 Failed download:
2025-08-19 01:18:29,564 - ERROR - ['B3SA3.SA']: YFRateLimitError('Too Many Requests. Rate limited. Try after a while.')
2025-08-19 01:18:29,567 - ERROR - Erro ao baixar dados para B3SA3.SA: Nenhum dado foi retornado para o ticker B3SA3.SA
2025-08-19 01:18:29,567 - INFO - Processando ABEV3.SA (7/8)...
2025-08-19 01:18:29,568 - INFO - Iniciando download dos dados para ABEV3.SA...
2025-08-19 01:18:31,142 - ERROR - 
1 Failed download:
2025-08-19 01:18:31,142 - ERROR - ['ABEV3.SA']: YFRateLimitError('Too Many Requests. Rate limited. Try after a while.')
2025-08-19 01:18:31,144 - ERROR - Erro ao baixar dados para ABEV3.SA: Nenhum dado foi retornado para o ticker ABEV3.SA
2025-08-19 01:18:31,145 - INFO - Processando VIVT3.SA (8/8)...
2025-08-19 01:18:31,145 - INFO - Iniciando download dos dados para VIVT3.SA...
2025-08-19 01:18:32,593 - ERROR - 
1 Failed download:
2025-08-19 01:18:32,593 - ERROR - ['VIVT3.SA']: YFRateLimitError('Too Many Requests. Rate limited. Try after a while.')
2025-08-19 01:18:32,596 - ERROR - Erro ao baixar dados para VIVT3.SA: Nenhum dado foi retornado para o ticker VIVT3.SA
2025-08-19 01:18:32,596 - INFO - ==================================================
2025-08-19 01:18:32,596 - INFO - RELATÓRIO FINAL:
2025-08-19 01:18:32,596 - INFO - Total de tickers processados: 8
2025-08-19 01:18:32,596 - INFO - Downloads bem-sucedidos: 0
2025-08-19 01:18:32,597 - INFO - Arquivos já existentes (pulados): 0
2025-08-19 01:18:32,597 - INFO - Downloads com falha: 8
2025-08-19 01:18:32,597 - INFO - ==================================================
2025-08-19 01:18:32,597 - WARNING - Atenção: 8 downloads falharam. Verifique os logs acima.
2025-08-19 10:47:55,142 - INFO - Iniciando processo de download de dados...
2025-08-19 10:47:55,142 - INFO - Carregando configurações de: C:\Users\arthu\Desktop\XGBoostWavelet-NeuralNetworkLSTM\XGBoost-NeuralNetworkLSTM\config.yaml
2025-08-19 10:47:55,147 - INFO - Processando 8 tickers...
2025-08-19 10:47:55,147 - INFO - Período: 2017-01-01 até 2025-08-18
2025-08-19 10:47:55,147 - INFO - Diretório de destino: data/01_raw/
2025-08-19 10:47:55,147 - INFO - Processando PETR4.SA (1/8)...
2025-08-19 10:47:55,147 - INFO - Iniciando download dos dados para PETR4.SA...
2025-08-19 10:48:10,485 - INFO - Download concluído com sucesso para PETR4.SA
2025-08-19 10:48:10,501 - INFO - Processando VALE3.SA (2/8)...
2025-08-19 10:48:10,502 - INFO - Iniciando download dos dados para VALE3.SA...
2025-08-19 10:48:12,190 - INFO - Download concluído com sucesso para VALE3.SA
2025-08-19 10:48:12,203 - INFO - Processando BBDC4.SA (3/8)...
2025-08-19 10:48:12,203 - INFO - Iniciando download dos dados para BBDC4.SA...
2025-08-19 10:48:13,059 - INFO - Download concluído com sucesso para BBDC4.SA
2025-08-19 10:48:13,076 - INFO - Processando ITUB4.SA (4/8)...
2025-08-19 10:48:13,076 - INFO - Iniciando download dos dados para ITUB4.SA...
2025-08-19 10:48:13,804 - INFO - Download concluído com sucesso para ITUB4.SA
2025-08-19 10:48:13,822 - INFO - Processando BBAS3.SA (5/8)...
2025-08-19 10:48:13,826 - INFO - Iniciando download dos dados para BBAS3.SA...
2025-08-19 10:48:14,437 - INFO - Download concluído com sucesso para BBAS3.SA
2025-08-19 10:48:14,440 - INFO - Processando B3SA3.SA (6/8)...
2025-08-19 10:48:14,440 - INFO - Iniciando download dos dados para B3SA3.SA...
2025-08-19 10:48:15,459 - INFO - Download concluído com sucesso para B3SA3.SA
2025-08-19 10:48:15,464 - INFO - Processando ABEV3.SA (7/8)...
2025-08-19 10:48:15,464 - INFO - Iniciando download dos dados para ABEV3.SA...
2025-08-19 10:48:16,176 - INFO - Download concluído com sucesso para ABEV3.SA
2025-08-19 10:48:16,197 - INFO - Processando VIVT3.SA (8/8)...
2025-08-19 10:48:16,199 - INFO - Iniciando download dos dados para VIVT3.SA...
2025-08-19 10:48:18,096 - INFO - Download concluído com sucesso para VIVT3.SA
2025-08-19 10:48:18,112 - INFO - ==================================================
2025-08-19 10:48:18,115 - INFO - RELATÓRIO FINAL:
2025-08-19 10:48:18,115 - INFO - Total de tickers processados: 8
2025-08-19 10:48:18,117 - INFO - Downloads bem-sucedidos: 0
2025-08-19 10:48:18,117 - INFO - Arquivos já existentes (pulados): 8
2025-08-19 10:48:18,118 - INFO - Downloads com falha: 0
2025-08-19 10:48:18,119 - INFO - ==================================================
2025-08-19 10:48:18,119 - INFO - Todos os dados foram processados com sucesso!
